[ 2014-08-22T02:32:33+08:00 ] 42.120.145.160 /
INFO: [ app_init ] --START--
INFO: Run Behavior\BuildLiteBehavior [ RunTime:0.000016s ]
INFO: [ app_init ] --END-- [ RunTime:0.000127s ]
INFO: [ app_begin ] --START--
INFO: Run Behavior\ReadHtmlCacheBehavior [ RunTime:0.000460s ]
INFO: [ app_begin ] --END-- [ RunTime:0.000516s ]
NOTIC: [8] Undefined index: think_loginInfo /opt/nginx/html/www_wprc365_com/Application/Home/Controller/CommonController.class.php 第 41 行.
NOTIC: [8] Undefined index: think_loginInfo /opt/nginx/html/www_wprc365_com/Application/Home/Controller/CommonController.class.php 第 41 行.
SQL: SHOW COLUMNS FROM `think_user` [ RunTime:0.002337s ]
SQL: select * from think_user as u left join think_user_info as i on u.id=i.uid where u.id= [ RunTime:0.000127s ]
ERR: 1064:You have an error in your SQL syntax; check the manual that corresponds to your MySQL server version for the right syntax to use near '' at line 1
 [ SQL语句 ] : select * from think_user as u left join think_user_info as i on u.id=i.uid where u.id=
SQL: SHOW COLUMNS FROM `think_review` [ RunTime:0.000756s ]
SQL: SELECT COUNT(*) AS tp_count FROM `think_review` WHERE ( uid= ) LIMIT 1   [ RunTime:0.000112s ]
ERR: 1064:You have an error in your SQL syntax; check the manual that corresponds to your MySQL server version for the right syntax to use near ') LIMIT 1' at line 1
 [ SQL语句 ] : SELECT COUNT(*) AS tp_count FROM `think_review` WHERE ( uid= ) LIMIT 1  
SQL: SHOW COLUMNS FROM `think_review` [ RunTime:0.000810s ]
SQL: SELECT r.*,p.name,u.name as uname,i.image as touxiang FROM think_review as r INNER JOIN think_product_category as p on r.product_category_id=p.id INNER JOIN think_user as u on r.uid=u.id INNER JOIN think_user_info as i on i.uid=r.uid  WHERE ( r.checked=1 ) ORDER BY  comment_count desc,time desc  LIMIT 0,5   [ RunTime:0.002807s ]
SQL: SHOW COLUMNS FROM `think_review` [ RunTime:0.000827s ]
SQL: SELECT r.*,p.name,u.name as uname,i.image as touxiang FROM think_review as r INNER JOIN think_product_category as p on r.product_category_id=p.id INNER JOIN think_user as u on r.uid=u.id INNER JOIN think_user_info as i on i.uid=r.uid  WHERE ( r.checked=1 ) ORDER BY  time desc  LIMIT 0,5   [ RunTime:0.002175s ]
SQL: select `thumb_img` from think_review_img where rid=215 [ RunTime:0.000252s ]
SQL: select `thumb_img` from think_review_img where rid=218 [ RunTime:0.000204s ]
SQL: select `thumb_img` from think_review_img where rid=225 [ RunTime:0.000201s ]
SQL: select `thumb_img` from think_review_img where rid=216 [ RunTime:0.000276s ]
SQL: select `thumb_img` from think_review_img where rid=234 [ RunTime:0.000200s ]
SQL: select `thumb_img` from think_review_img where rid=242 [ RunTime:0.000195s ]
SQL: select `thumb_img` from think_review_img where rid=241 [ RunTime:0.000254s ]
SQL: select `thumb_img` from think_review_img where rid=240 [ RunTime:0.000196s ]
SQL: select `thumb_img` from think_review_img where rid=239 [ RunTime:0.000193s ]
SQL: select `thumb_img` from think_review_img where rid=238 [ RunTime:0.000203s ]
INFO: [ view_parse ] --START--
INFO: [ template_filter ] --START--
INFO: Run Behavior\ContentReplaceBehavior [ RunTime:0.000173s ]
INFO: [ template_filter ] --END-- [ RunTime:0.000234s ]
NOTIC: [8] Undefined variable: name /opt/nginx/html/www_wprc365_com/Runtime/Cache/Home/4ecb4d80ad15ce616466b3a831676d8e.php 第 270 行.
INFO: Run Behavior\ParseTemplateBehavior [ RunTime:0.019893s ]
INFO: [ view_parse ] --END-- [ RunTime:0.019944s ]
INFO: [ view_filter ] --START--
INFO: Run Behavior\WriteHtmlCacheBehavior [ RunTime:0.000149s ]
INFO: [ view_filter ] --END-- [ RunTime:0.000201s ]
INFO: [ app_end ] --START--
INFO: Run Behavior\ShowPageTraceBehavior [ RunTime:0.000514s ]
INFO: [ app_end ] --END-- [ RunTime:0.000571s ]

[ 2014-08-22T02:32:33+08:00 ] 42.120.145.160 /
INFO: [ app_init ] --START--
INFO: Run Behavior\BuildLiteBehavior [ RunTime:0.000012s ]
INFO: [ app_init ] --END-- [ RunTime:0.000089s ]
INFO: [ app_begin ] --START--
INFO: Run Behavior\ReadHtmlCacheBehavior [ RunTime:0.000450s ]
INFO: [ app_begin ] --END-- [ RunTime:0.000506s ]
NOTIC: [8] Undefined index: think_loginInfo /opt/nginx/html/www_wprc365_com/Application/Home/Controller/CommonController.class.php 第 41 行.
NOTIC: [8] Undefined index: think_loginInfo /opt/nginx/html/www_wprc365_com/Application/Home/Controller/CommonController.class.php 第 41 行.
SQL: SHOW COLUMNS FROM `think_user` [ RunTime:0.010269s ]
SQL: select * from think_user as u left join think_user_info as i on u.id=i.uid where u.id= [ RunTime:0.000153s ]
ERR: 1064:You have an error in your SQL syntax; check the manual that corresponds to your MySQL server version for the right syntax to use near '' at line 1
 [ SQL语句 ] : select * from think_user as u left join think_user_info as i on u.id=i.uid where u.id=
SQL: SHOW COLUMNS FROM `think_review` [ RunTime:0.001000s ]
SQL: SELECT COUNT(*) AS tp_count FROM `think_review` WHERE ( uid= ) LIMIT 1   [ RunTime:0.000113s ]
ERR: 1064:You have an error in your SQL syntax; check the manual that corresponds to your MySQL server version for the right syntax to use near ') LIMIT 1' at line 1
 [ SQL语句 ] : SELECT COUNT(*) AS tp_count FROM `think_review` WHERE ( uid= ) LIMIT 1  
SQL: SHOW COLUMNS FROM `think_review` [ RunTime:0.000772s ]
SQL: SELECT r.*,p.name,u.name as uname,i.image as touxiang FROM think_review as r INNER JOIN think_product_category as p on r.product_category_id=p.id INNER JOIN think_user as u on r.uid=u.id INNER JOIN think_user_info as i on i.uid=r.uid  WHERE ( r.checked=1 ) ORDER BY  comment_count desc,time desc  LIMIT 0,5   [ RunTime:0.002325s ]
SQL: SHOW COLUMNS FROM `think_review` [ RunTime:0.000800s ]
SQL: SELECT r.*,p.name,u.name as uname,i.image as touxiang FROM think_review as r INNER JOIN think_product_category as p on r.product_category_id=p.id INNER JOIN think_user as u on r.uid=u.id INNER JOIN think_user_info as i on i.uid=r.uid  WHERE ( r.checked=1 ) ORDER BY  time desc  LIMIT 0,5   [ RunTime:0.002183s ]
SQL: select `thumb_img` from think_review_img where rid=215 [ RunTime:0.000229s ]
SQL: select `thumb_img` from think_review_img where rid=218 [ RunTime:0.000204s ]
SQL: select `thumb_img` from think_review_img where rid=225 [ RunTime:0.000202s ]
SQL: select `thumb_img` from think_review_img where rid=216 [ RunTime:0.000203s ]
SQL: select `thumb_img` from think_review_img where rid=234 [ RunTime:0.000197s ]
SQL: select `thumb_img` from think_review_img where rid=242 [ RunTime:0.000196s ]
SQL: select `thumb_img` from think_review_img where rid=241 [ RunTime:0.000219s ]
SQL: select `thumb_img` from think_review_img where rid=240 [ RunTime:0.000193s ]
SQL: select `thumb_img` from think_review_img where rid=239 [ RunTime:0.000210s ]
SQL: select `thumb_img` from think_review_img where rid=238 [ RunTime:0.000234s ]
INFO: [ view_parse ] --START--
INFO: [ template_filter ] --START--
INFO: Run Behavior\ContentReplaceBehavior [ RunTime:0.000173s ]
INFO: [ template_filter ] --END-- [ RunTime:0.000234s ]
NOTIC: [8] Undefined variable: name /opt/nginx/html/www_wprc365_com/Runtime/Cache/Home/4ecb4d80ad15ce616466b3a831676d8e.php 第 270 行.
INFO: Run Behavior\ParseTemplateBehavior [ RunTime:0.020795s ]
INFO: [ view_parse ] --END-- [ RunTime:0.020909s ]
INFO: [ view_filter ] --START--
INFO: Run Behavior\WriteHtmlCacheBehavior [ RunTime:0.000151s ]
INFO: [ view_filter ] --END-- [ RunTime:0.000199s ]
INFO: [ app_end ] --START--
INFO: Run Behavior\ShowPageTraceBehavior [ RunTime:0.000494s ]
INFO: [ app_end ] --END-- [ RunTime:0.000554s ]

[ 2014-08-22T04:50:46+08:00 ] 183.136.190.62 /
INFO: [ app_init ] --START--
INFO: Run Behavior\BuildLiteBehavior [ RunTime:0.000016s ]
INFO: [ app_init ] --END-- [ RunTime:0.000114s ]
INFO: [ app_begin ] --START--
INFO: Run Behavior\ReadHtmlCacheBehavior [ RunTime:0.002085s ]
INFO: [ app_begin ] --END-- [ RunTime:0.002166s ]
NOTIC: [8] Undefined index: think_loginInfo /opt/nginx/html/www_wprc365_com/Application/Home/Controller/CommonController.class.php 第 41 行.
NOTIC: [8] Undefined index: think_loginInfo /opt/nginx/html/www_wprc365_com/Application/Home/Controller/CommonController.class.php 第 41 行.
SQL: SHOW COLUMNS FROM `think_user` [ RunTime:0.002398s ]
SQL: select * from think_user as u left join think_user_info as i on u.id=i.uid where u.id= [ RunTime:0.000131s ]
ERR: 1064:You have an error in your SQL syntax; check the manual that corresponds to your MySQL server version for the right syntax to use near '' at line 1
 [ SQL语句 ] : select * from think_user as u left join think_user_info as i on u.id=i.uid where u.id=
SQL: SHOW COLUMNS FROM `think_review` [ RunTime:0.000841s ]
SQL: SELECT COUNT(*) AS tp_count FROM `think_review` WHERE ( uid= ) LIMIT 1   [ RunTime:0.000113s ]
ERR: 1064:You have an error in your SQL syntax; check the manual that corresponds to your MySQL server version for the right syntax to use near ') LIMIT 1' at line 1
 [ SQL语句 ] : SELECT COUNT(*) AS tp_count FROM `think_review` WHERE ( uid= ) LIMIT 1  
SQL: SHOW COLUMNS FROM `think_review` [ RunTime:0.000847s ]
SQL: SELECT r.*,p.name,u.name as uname,i.image as touxiang FROM think_review as r INNER JOIN think_product_category as p on r.product_category_id=p.id INNER JOIN think_user as u on r.uid=u.id INNER JOIN think_user_info as i on i.uid=r.uid  WHERE ( r.checked=1 ) ORDER BY  comment_count desc,time desc  LIMIT 0,5   [ RunTime:0.002302s ]
SQL: SHOW COLUMNS FROM `think_review` [ RunTime:0.000869s ]
SQL: SELECT r.*,p.name,u.name as uname,i.image as touxiang FROM think_review as r INNER JOIN think_product_category as p on r.product_category_id=p.id INNER JOIN think_user as u on r.uid=u.id INNER JOIN think_user_info as i on i.uid=r.uid  WHERE ( r.checked=1 ) ORDER BY  time desc  LIMIT 0,5   [ RunTime:0.002298s ]
SQL: select `thumb_img` from think_review_img where rid=215 [ RunTime:0.000244s ]
SQL: select `thumb_img` from think_review_img where rid=218 [ RunTime:0.000220s ]
SQL: select `thumb_img` from think_review_img where rid=225 [ RunTime:0.000209s ]
SQL: select `thumb_img` from think_review_img where rid=216 [ RunTime:0.000260s ]
SQL: select `thumb_img` from think_review_img where rid=234 [ RunTime:0.000210s ]
SQL: select `thumb_img` from think_review_img where rid=242 [ RunTime:0.000210s ]
SQL: select `thumb_img` from think_review_img where rid=241 [ RunTime:0.000210s ]
SQL: select `thumb_img` from think_review_img where rid=240 [ RunTime:0.000205s ]
SQL: select `thumb_img` from think_review_img where rid=239 [ RunTime:0.000210s ]
SQL: select `thumb_img` from think_review_img where rid=238 [ RunTime:0.000209s ]
INFO: [ view_parse ] --START--
INFO: [ template_filter ] --START--
INFO: Run Behavior\ContentReplaceBehavior [ RunTime:0.000195s ]
INFO: [ template_filter ] --END-- [ RunTime:0.000264s ]
NOTIC: [8] Undefined variable: name /opt/nginx/html/www_wprc365_com/Runtime/Cache/Home/4ecb4d80ad15ce616466b3a831676d8e.php 第 270 行.
INFO: Run Behavior\ParseTemplateBehavior [ RunTime:0.053987s ]
INFO: [ view_parse ] --END-- [ RunTime:0.054058s ]
INFO: [ view_filter ] --START--
INFO: Run Behavior\WriteHtmlCacheBehavior [ RunTime:0.002436s ]
INFO: [ view_filter ] --END-- [ RunTime:0.002510s ]
INFO: [ app_end ] --START--
INFO: Run Behavior\ShowPageTraceBehavior [ RunTime:0.057257s ]
INFO: [ app_end ] --END-- [ RunTime:0.057351s ]

[ 2014-08-22T04:50:46+08:00 ] 183.136.190.62 /
INFO: [ app_init ] --START--
INFO: Run Behavior\BuildLiteBehavior [ RunTime:0.000012s ]
INFO: [ app_init ] --END-- [ RunTime:0.000075s ]
INFO: [ app_begin ] --START--
INFO: Run Behavior\ReadHtmlCacheBehavior [ RunTime:0.000469s ]
INFO: [ app_begin ] --END-- [ RunTime:0.000523s ]
NOTIC: [8] Undefined index: think_loginInfo /opt/nginx/html/www_wprc365_com/Application/Home/Controller/CommonController.class.php 第 41 行.
NOTIC: [8] Undefined index: think_loginInfo /opt/nginx/html/www_wprc365_com/Application/Home/Controller/CommonController.class.php 第 41 行.
SQL: SHOW COLUMNS FROM `think_user` [ RunTime:0.000930s ]
SQL: select * from think_user as u left join think_user_info as i on u.id=i.uid where u.id= [ RunTime:0.000124s ]
ERR: 1064:You have an error in your SQL syntax; check the manual that corresponds to your MySQL server version for the right syntax to use near '' at line 1
 [ SQL语句 ] : select * from think_user as u left join think_user_info as i on u.id=i.uid where u.id=
SQL: SHOW COLUMNS FROM `think_review` [ RunTime:0.000818s ]
SQL: SELECT COUNT(*) AS tp_count FROM `think_review` WHERE ( uid= ) LIMIT 1   [ RunTime:0.000139s ]
ERR: 1064:You have an error in your SQL syntax; check the manual that corresponds to your MySQL server version for the right syntax to use near ') LIMIT 1' at line 1
 [ SQL语句 ] : SELECT COUNT(*) AS tp_count FROM `think_review` WHERE ( uid= ) LIMIT 1  
SQL: SHOW COLUMNS FROM `think_review` [ RunTime:0.000793s ]
SQL: SELECT r.*,p.name,u.name as uname,i.image as touxiang FROM think_review as r INNER JOIN think_product_category as p on r.product_category_id=p.id INNER JOIN think_user as u on r.uid=u.id INNER JOIN think_user_info as i on i.uid=r.uid  WHERE ( r.checked=1 ) ORDER BY  comment_count desc,time desc  LIMIT 0,5   [ RunTime:0.002209s ]
SQL: SHOW COLUMNS FROM `think_review` [ RunTime:0.000879s ]
SQL: SELECT r.*,p.name,u.name as uname,i.image as touxiang FROM think_review as r INNER JOIN think_product_category as p on r.product_category_id=p.id INNER JOIN think_user as u on r.uid=u.id INNER JOIN think_user_info as i on i.uid=r.uid  WHERE ( r.checked=1 ) ORDER BY  time desc  LIMIT 0,5   [ RunTime:0.002069s ]
SQL: select `thumb_img` from think_review_img where rid=215 [ RunTime:0.000218s ]
SQL: select `thumb_img` from think_review_img where rid=218 [ RunTime:0.000202s ]
SQL: select `thumb_img` from think_review_img where rid=225 [ RunTime:0.000197s ]
SQL: select `thumb_img` from think_review_img where rid=216 [ RunTime:0.000221s ]
SQL: select `thumb_img` from think_review_img where rid=234 [ RunTime:0.000195s ]
SQL: select `thumb_img` from think_review_img where rid=242 [ RunTime:0.000193s ]
SQL: select `thumb_img` from think_review_img where rid=241 [ RunTime:0.000216s ]
SQL: select `thumb_img` from think_review_img where rid=240 [ RunTime:0.000193s ]
SQL: select `thumb_img` from think_review_img where rid=239 [ RunTime:0.000191s ]
SQL: select `thumb_img` from think_review_img where rid=238 [ RunTime:0.000190s ]
INFO: [ view_parse ] --START--
INFO: [ template_filter ] --START--
INFO: Run Behavior\ContentReplaceBehavior [ RunTime:0.000179s ]
INFO: [ template_filter ] --END-- [ RunTime:0.000262s ]
NOTIC: [8] Undefined variable: name /opt/nginx/html/www_wprc365_com/Runtime/Cache/Home/4ecb4d80ad15ce616466b3a831676d8e.php 第 270 行.
INFO: Run Behavior\ParseTemplateBehavior [ RunTime:0.020197s ]
INFO: [ view_parse ] --END-- [ RunTime:0.020247s ]
INFO: [ view_filter ] --START--
INFO: Run Behavior\WriteHtmlCacheBehavior [ RunTime:0.000148s ]
INFO: [ view_filter ] --END-- [ RunTime:0.000192s ]
INFO: [ app_end ] --START--
INFO: Run Behavior\ShowPageTraceBehavior [ RunTime:0.000513s ]
INFO: [ app_end ] --END-- [ RunTime:0.000568s ]

[ 2014-08-22T04:50:47+08:00 ] 183.136.190.62 /
INFO: [ app_init ] --START--
INFO: Run Behavior\BuildLiteBehavior [ RunTime:0.000014s ]
INFO: [ app_init ] --END-- [ RunTime:0.000119s ]
INFO: [ app_begin ] --START--
INFO: Run Behavior\ReadHtmlCacheBehavior [ RunTime:0.000419s ]
INFO: [ app_begin ] --END-- [ RunTime:0.000473s ]
NOTIC: [8] Undefined index: think_loginInfo /opt/nginx/html/www_wprc365_com/Application/Home/Controller/CommonController.class.php 第 41 行.
NOTIC: [8] Undefined index: think_loginInfo /opt/nginx/html/www_wprc365_com/Application/Home/Controller/CommonController.class.php 第 41 行.
SQL: SHOW COLUMNS FROM `think_user` [ RunTime:0.000860s ]
SQL: select * from think_user as u left join think_user_info as i on u.id=i.uid where u.id= [ RunTime:0.000122s ]
ERR: 1064:You have an error in your SQL syntax; check the manual that corresponds to your MySQL server version for the right syntax to use near '' at line 1
 [ SQL语句 ] : select * from think_user as u left join think_user_info as i on u.id=i.uid where u.id=
SQL: SHOW COLUMNS FROM `think_review` [ RunTime:0.000838s ]
SQL: SELECT COUNT(*) AS tp_count FROM `think_review` WHERE ( uid= ) LIMIT 1   [ RunTime:0.000108s ]
ERR: 1064:You have an error in your SQL syntax; check the manual that corresponds to your MySQL server version for the right syntax to use near ') LIMIT 1' at line 1
 [ SQL语句 ] : SELECT COUNT(*) AS tp_count FROM `think_review` WHERE ( uid= ) LIMIT 1  
SQL: SHOW COLUMNS FROM `think_review` [ RunTime:0.000797s ]
SQL: SELECT r.*,p.name,u.name as uname,i.image as touxiang FROM think_review as r INNER JOIN think_product_category as p on r.product_category_id=p.id INNER JOIN think_user as u on r.uid=u.id INNER JOIN think_user_info as i on i.uid=r.uid  WHERE ( r.checked=1 ) ORDER BY  comment_count desc,time desc  LIMIT 0,5   [ RunTime:0.002273s ]
SQL: SHOW COLUMNS FROM `think_review` [ RunTime:0.000838s ]
SQL: SELECT r.*,p.name,u.name as uname,i.image as touxiang FROM think_review as r INNER JOIN think_product_category as p on r.product_category_id=p.id INNER JOIN think_user as u on r.uid=u.id INNER JOIN think_user_info as i on i.uid=r.uid  WHERE ( r.checked=1 ) ORDER BY  time desc  LIMIT 0,5   [ RunTime:0.002127s ]
SQL: select `thumb_img` from think_review_img where rid=215 [ RunTime:0.000266s ]
SQL: select `thumb_img` from think_review_img where rid=218 [ RunTime:0.000215s ]
SQL: select `thumb_img` from think_review_img where rid=225 [ RunTime:0.000204s ]
SQL: select `thumb_img` from think_review_img where rid=216 [ RunTime:0.000207s ]
SQL: select `thumb_img` from think_review_img where rid=234 [ RunTime:0.000207s ]
SQL: select `thumb_img` from think_review_img where rid=242 [ RunTime:0.000195s ]
SQL: select `thumb_img` from think_review_img where rid=241 [ RunTime:0.000194s ]
SQL: select `thumb_img` from think_review_img where rid=240 [ RunTime:0.000245s ]
SQL: select `thumb_img` from think_review_img where rid=239 [ RunTime:0.000192s ]
SQL: select `thumb_img` from think_review_img where rid=238 [ RunTime:0.000191s ]
INFO: [ view_parse ] --START--
INFO: [ template_filter ] --START--
INFO: Run Behavior\ContentReplaceBehavior [ RunTime:0.000172s ]
INFO: [ template_filter ] --END-- [ RunTime:0.000230s ]
NOTIC: [8] Undefined variable: name /opt/nginx/html/www_wprc365_com/Runtime/Cache/Home/4ecb4d80ad15ce616466b3a831676d8e.php 第 270 行.
INFO: Run Behavior\ParseTemplateBehavior [ RunTime:0.019726s ]
INFO: [ view_parse ] --END-- [ RunTime:0.019772s ]
INFO: [ view_filter ] --START--
INFO: Run Behavior\WriteHtmlCacheBehavior [ RunTime:0.000140s ]
INFO: [ view_filter ] --END-- [ RunTime:0.000183s ]
INFO: [ app_end ] --START--
INFO: Run Behavior\ShowPageTraceBehavior [ RunTime:0.000455s ]
INFO: [ app_end ] --END-- [ RunTime:0.000510s ]

[ 2014-08-22T05:08:16+08:00 ] 183.136.190.62 /
INFO: [ app_init ] --START--
INFO: Run Behavior\BuildLiteBehavior [ RunTime:0.000017s ]
INFO: [ app_init ] --END-- [ RunTime:0.000117s ]
INFO: [ app_begin ] --START--
INFO: Run Behavior\ReadHtmlCacheBehavior [ RunTime:0.000447s ]
INFO: [ app_begin ] --END-- [ RunTime:0.000510s ]
NOTIC: [8] Undefined index: think_loginInfo /opt/nginx/html/www_wprc365_com/Application/Home/Controller/CommonController.class.php 第 41 行.
NOTIC: [8] Undefined index: think_loginInfo /opt/nginx/html/www_wprc365_com/Application/Home/Controller/CommonController.class.php 第 41 行.
SQL: SHOW COLUMNS FROM `think_user` [ RunTime:0.001025s ]
SQL: select * from think_user as u left join think_user_info as i on u.id=i.uid where u.id= [ RunTime:0.000129s ]
ERR: 1064:You have an error in your SQL syntax; check the manual that corresponds to your MySQL server version for the right syntax to use near '' at line 1
 [ SQL语句 ] : select * from think_user as u left join think_user_info as i on u.id=i.uid where u.id=
SQL: SHOW COLUMNS FROM `think_review` [ RunTime:0.000820s ]
SQL: SELECT COUNT(*) AS tp_count FROM `think_review` WHERE ( uid= ) LIMIT 1   [ RunTime:0.000111s ]
ERR: 1064:You have an error in your SQL syntax; check the manual that corresponds to your MySQL server version for the right syntax to use near ') LIMIT 1' at line 1
 [ SQL语句 ] : SELECT COUNT(*) AS tp_count FROM `think_review` WHERE ( uid= ) LIMIT 1  
SQL: SHOW COLUMNS FROM `think_review` [ RunTime:0.000871s ]
SQL: SELECT r.*,p.name,u.name as uname,i.image as touxiang FROM think_review as r INNER JOIN think_product_category as p on r.product_category_id=p.id INNER JOIN think_user as u on r.uid=u.id INNER JOIN think_user_info as i on i.uid=r.uid  WHERE ( r.checked=1 ) ORDER BY  comment_count desc,time desc  LIMIT 0,5   [ RunTime:0.002459s ]
SQL: SHOW COLUMNS FROM `think_review` [ RunTime:0.000842s ]
SQL: SELECT r.*,p.name,u.name as uname,i.image as touxiang FROM think_review as r INNER JOIN think_product_category as p on r.product_category_id=p.id INNER JOIN think_user as u on r.uid=u.id INNER JOIN think_user_info as i on i.uid=r.uid  WHERE ( r.checked=1 ) ORDER BY  time desc  LIMIT 0,5   [ RunTime:0.002211s ]
SQL: select `thumb_img` from think_review_img where rid=215 [ RunTime:0.000225s ]
SQL: select `thumb_img` from think_review_img where rid=218 [ RunTime:0.000212s ]
SQL: select `thumb_img` from think_review_img where rid=225 [ RunTime:0.000216s ]
SQL: select `thumb_img` from think_review_img where rid=216 [ RunTime:0.000296s ]
SQL: select `thumb_img` from think_review_img where rid=234 [ RunTime:0.000220s ]
SQL: select `thumb_img` from think_review_img where rid=242 [ RunTime:0.000212s ]
SQL: select `thumb_img` from think_review_img where rid=241 [ RunTime:0.000215s ]
SQL: select `thumb_img` from think_review_img where rid=240 [ RunTime:0.000204s ]
SQL: select `thumb_img` from think_review_img where rid=239 [ RunTime:0.000225s ]
SQL: select `thumb_img` from think_review_img where rid=238 [ RunTime:0.000198s ]
INFO: [ view_parse ] --START--
INFO: [ template_filter ] --START--
INFO: Run Behavior\ContentReplaceBehavior [ RunTime:0.000175s ]
INFO: [ template_filter ] --END-- [ RunTime:0.000242s ]
NOTIC: [8] Undefined variable: name /opt/nginx/html/www_wprc365_com/Runtime/Cache/Home/4ecb4d80ad15ce616466b3a831676d8e.php 第 270 行.
INFO: Run Behavior\ParseTemplateBehavior [ RunTime:0.020872s ]
INFO: [ view_parse ] --END-- [ RunTime:0.020975s ]
INFO: [ view_filter ] --START--
INFO: Run Behavior\WriteHtmlCacheBehavior [ RunTime:0.000152s ]
INFO: [ view_filter ] --END-- [ RunTime:0.000225s ]
INFO: [ app_end ] --START--
INFO: Run Behavior\ShowPageTraceBehavior [ RunTime:0.000524s ]
INFO: [ app_end ] --END-- [ RunTime:0.000610s ]

[ 2014-08-22T15:02:01+08:00 ] 112.94.200.177 /
INFO: [ app_init ] --START--
INFO: Run Behavior\BuildLiteBehavior [ RunTime:0.000015s ]
INFO: [ app_init ] --END-- [ RunTime:0.004195s ]
INFO: [ app_begin ] --START--
INFO: Run Behavior\ReadHtmlCacheBehavior [ RunTime:0.002100s ]
INFO: [ app_begin ] --END-- [ RunTime:0.002175s ]
NOTIC: [8] Undefined index: think_loginInfo /opt/nginx/html/www_wprc365_com/Application/Home/Controller/CommonController.class.php 第 41 行.
NOTIC: [8] Undefined index: think_loginInfo /opt/nginx/html/www_wprc365_com/Application/Home/Controller/CommonController.class.php 第 41 行.
SQL: SHOW COLUMNS FROM `think_user` [ RunTime:0.247530s ]
SQL: select * from think_user as u left join think_user_info as i on u.id=i.uid where u.id= [ RunTime:0.000144s ]
ERR: 1064:You have an error in your SQL syntax; check the manual that corresponds to your MySQL server version for the right syntax to use near '' at line 1
 [ SQL语句 ] : select * from think_user as u left join think_user_info as i on u.id=i.uid where u.id=
SQL: SHOW COLUMNS FROM `think_review` [ RunTime:0.021461s ]
SQL: SELECT COUNT(*) AS tp_count FROM `think_review` WHERE ( uid= ) LIMIT 1   [ RunTime:0.000220s ]
ERR: 1064:You have an error in your SQL syntax; check the manual that corresponds to your MySQL server version for the right syntax to use near ') LIMIT 1' at line 1
 [ SQL语句 ] : SELECT COUNT(*) AS tp_count FROM `think_review` WHERE ( uid= ) LIMIT 1  
SQL: SHOW COLUMNS FROM `think_review` [ RunTime:0.001301s ]
SQL: SELECT r.*,p.name,u.name as uname,i.image as touxiang FROM think_review as r INNER JOIN think_product_category as p on r.product_category_id=p.id INNER JOIN think_user as u on r.uid=u.id INNER JOIN think_user_info as i on i.uid=r.uid  WHERE ( r.checked=1 ) ORDER BY  comment_count desc,time desc  LIMIT 0,5   [ RunTime:0.023784s ]
SQL: SHOW COLUMNS FROM `think_review` [ RunTime:0.001112s ]
SQL: SELECT r.*,p.name,u.name as uname,i.image as touxiang FROM think_review as r INNER JOIN think_product_category as p on r.product_category_id=p.id INNER JOIN think_user as u on r.uid=u.id INNER JOIN think_user_info as i on i.uid=r.uid  WHERE ( r.checked=1 ) ORDER BY  time desc  LIMIT 0,5   [ RunTime:0.002565s ]
SQL: select `thumb_img` from think_review_img where rid=215 [ RunTime:0.002213s ]
SQL: select `thumb_img` from think_review_img where rid=218 [ RunTime:0.000230s ]
SQL: select `thumb_img` from think_review_img where rid=225 [ RunTime:0.000321s ]
SQL: select `thumb_img` from think_review_img where rid=216 [ RunTime:0.000260s ]
SQL: select `thumb_img` from think_review_img where rid=234 [ RunTime:0.000251s ]
SQL: select `thumb_img` from think_review_img where rid=242 [ RunTime:0.000206s ]
SQL: select `thumb_img` from think_review_img where rid=241 [ RunTime:0.000260s ]
SQL: select `thumb_img` from think_review_img where rid=240 [ RunTime:0.000339s ]
SQL: select `thumb_img` from think_review_img where rid=239 [ RunTime:0.000208s ]
SQL: select `thumb_img` from think_review_img where rid=238 [ RunTime:0.000210s ]
INFO: [ view_parse ] --START--
INFO: [ template_filter ] --START--
INFO: Run Behavior\ContentReplaceBehavior [ RunTime:0.000187s ]
INFO: [ template_filter ] --END-- [ RunTime:0.000267s ]
NOTIC: [8] Undefined variable: name /opt/nginx/html/www_wprc365_com/Runtime/Cache/Home/4ecb4d80ad15ce616466b3a831676d8e.php 第 270 行.
INFO: Run Behavior\ParseTemplateBehavior [ RunTime:0.131586s ]
INFO: [ view_parse ] --END-- [ RunTime:0.131691s ]
INFO: [ view_filter ] --START--
INFO: Run Behavior\WriteHtmlCacheBehavior [ RunTime:0.005005s ]
INFO: [ view_filter ] --END-- [ RunTime:0.005082s ]
INFO: [ app_end ] --START--
INFO: Run Behavior\ShowPageTraceBehavior [ RunTime:0.017464s ]
INFO: [ app_end ] --END-- [ RunTime:0.017582s ]

[ 2014-08-22T15:08:48+08:00 ] 64.246.165.50 /
INFO: [ app_init ] --START--
INFO: Run Behavior\BuildLiteBehavior [ RunTime:0.000013s ]
INFO: [ app_init ] --END-- [ RunTime:0.000096s ]
INFO: [ app_begin ] --START--
INFO: Run Behavior\ReadHtmlCacheBehavior [ RunTime:0.000475s ]
INFO: [ app_begin ] --END-- [ RunTime:0.000529s ]
NOTIC: [8] Undefined index: think_loginInfo /opt/nginx/html/www_wprc365_com/Application/Home/Controller/CommonController.class.php 第 41 行.
NOTIC: [8] Undefined index: think_loginInfo /opt/nginx/html/www_wprc365_com/Application/Home/Controller/CommonController.class.php 第 41 行.
SQL: SHOW COLUMNS FROM `think_user` [ RunTime:0.002165s ]
SQL: select * from think_user as u left join think_user_info as i on u.id=i.uid where u.id= [ RunTime:0.000125s ]
ERR: 1064:You have an error in your SQL syntax; check the manual that corresponds to your MySQL server version for the right syntax to use near '' at line 1
 [ SQL语句 ] : select * from think_user as u left join think_user_info as i on u.id=i.uid where u.id=
SQL: SHOW COLUMNS FROM `think_review` [ RunTime:0.000899s ]
SQL: SELECT COUNT(*) AS tp_count FROM `think_review` WHERE ( uid= ) LIMIT 1   [ RunTime:0.000111s ]
ERR: 1064:You have an error in your SQL syntax; check the manual that corresponds to your MySQL server version for the right syntax to use near ') LIMIT 1' at line 1
 [ SQL语句 ] : SELECT COUNT(*) AS tp_count FROM `think_review` WHERE ( uid= ) LIMIT 1  
SQL: SHOW COLUMNS FROM `think_review` [ RunTime:0.000774s ]
SQL: SELECT r.*,p.name,u.name as uname,i.image as touxiang FROM think_review as r INNER JOIN think_product_category as p on r.product_category_id=p.id INNER JOIN think_user as u on r.uid=u.id INNER JOIN think_user_info as i on i.uid=r.uid  WHERE ( r.checked=1 ) ORDER BY  comment_count desc,time desc  LIMIT 0,5   [ RunTime:0.002403s ]
SQL: SHOW COLUMNS FROM `think_review` [ RunTime:0.000821s ]
SQL: SELECT r.*,p.name,u.name as uname,i.image as touxiang FROM think_review as r INNER JOIN think_product_category as p on r.product_category_id=p.id INNER JOIN think_user as u on r.uid=u.id INNER JOIN think_user_info as i on i.uid=r.uid  WHERE ( r.checked=1 ) ORDER BY  time desc  LIMIT 0,5   [ RunTime:0.002231s ]
SQL: select `thumb_img` from think_review_img where rid=215 [ RunTime:0.000226s ]
SQL: select `thumb_img` from think_review_img where rid=218 [ RunTime:0.000210s ]
SQL: select `thumb_img` from think_review_img where rid=225 [ RunTime:0.000239s ]
SQL: select `thumb_img` from think_review_img where rid=216 [ RunTime:0.000202s ]
SQL: select `thumb_img` from think_review_img where rid=234 [ RunTime:0.000207s ]
SQL: select `thumb_img` from think_review_img where rid=242 [ RunTime:0.000199s ]
SQL: select `thumb_img` from think_review_img where rid=241 [ RunTime:0.000200s ]
SQL: select `thumb_img` from think_review_img where rid=240 [ RunTime:0.000204s ]
SQL: select `thumb_img` from think_review_img where rid=239 [ RunTime:0.000195s ]
SQL: select `thumb_img` from think_review_img where rid=238 [ RunTime:0.000233s ]
INFO: [ view_parse ] --START--
INFO: [ template_filter ] --START--
INFO: Run Behavior\ContentReplaceBehavior [ RunTime:0.000180s ]
INFO: [ template_filter ] --END-- [ RunTime:0.000240s ]
NOTIC: [8] Undefined variable: name /opt/nginx/html/www_wprc365_com/Runtime/Cache/Home/4ecb4d80ad15ce616466b3a831676d8e.php 第 270 行.
INFO: Run Behavior\ParseTemplateBehavior [ RunTime:0.021780s ]
INFO: [ view_parse ] --END-- [ RunTime:0.021829s ]
INFO: [ view_filter ] --START--
INFO: Run Behavior\WriteHtmlCacheBehavior [ RunTime:0.000153s ]
INFO: [ view_filter ] --END-- [ RunTime:0.000198s ]
INFO: [ app_end ] --START--
INFO: Run Behavior\ShowPageTraceBehavior [ RunTime:0.000521s ]
INFO: [ app_end ] --END-- [ RunTime:0.000582s ]

[ 2014-08-22T16:09:10+08:00 ] 66.249.64.211 /home/act/saveAdd?store_type=
INFO: [ app_init ] --START--
INFO: Run Behavior\BuildLiteBehavior [ RunTime:0.000017s ]
INFO: [ app_init ] --END-- [ RunTime:0.000133s ]
INFO: [ app_begin ] --START--
INFO: Run Behavior\ReadHtmlCacheBehavior [ RunTime:0.000486s ]
INFO: [ app_begin ] --END-- [ RunTime:0.000541s ]
NOTIC: [8] Undefined index: think_loginInfo /opt/nginx/html/www_wprc365_com/Application/Home/Controller/CommonController.class.php 第 41 行.
NOTIC: [8] Undefined index: think_loginInfo /opt/nginx/html/www_wprc365_com/Application/Home/Controller/CommonController.class.php 第 41 行.
SQL: SHOW COLUMNS FROM `think_user` [ RunTime:0.003152s ]
SQL: select * from think_user as u left join think_user_info as i on u.id=i.uid where u.id= [ RunTime:0.000185s ]
ERR: 1064:You have an error in your SQL syntax; check the manual that corresponds to your MySQL server version for the right syntax to use near '' at line 1
 [ SQL语句 ] : select * from think_user as u left join think_user_info as i on u.id=i.uid where u.id=
SQL: SHOW COLUMNS FROM `think_review` [ RunTime:0.000923s ]
SQL: SELECT COUNT(*) AS tp_count FROM `think_review` WHERE ( uid= ) LIMIT 1   [ RunTime:0.000112s ]
ERR: 1064:You have an error in your SQL syntax; check the manual that corresponds to your MySQL server version for the right syntax to use near ') LIMIT 1' at line 1
 [ SQL语句 ] : SELECT COUNT(*) AS tp_count FROM `think_review` WHERE ( uid= ) LIMIT 1  
NOTIC: [8] Undefined index: think_loginInfo /opt/nginx/html/www_wprc365_com/Application/Home/Controller/CommonController.class.php 第 41 行.
NOTIC: [8] Undefined index: think_loginInfo /opt/nginx/html/www_wprc365_com/Application/Home/Controller/CommonController.class.php 第 41 行.
NOTIC: [8] Undefined variable: fileUpload /opt/nginx/html/www_wprc365_com/Application/Home/Controller/ActController.class.php 第 46 行.

[ 2014-08-22T16:53:09+08:00 ] 64.246.161.42 /
INFO: [ app_init ] --START--
INFO: Run Behavior\BuildLiteBehavior [ RunTime:0.000013s ]
INFO: [ app_init ] --END-- [ RunTime:0.000106s ]
INFO: [ app_begin ] --START--
INFO: Run Behavior\ReadHtmlCacheBehavior [ RunTime:0.002062s ]
INFO: [ app_begin ] --END-- [ RunTime:0.002135s ]
NOTIC: [8] Undefined index: think_loginInfo /opt/nginx/html/www_wprc365_com/Application/Home/Controller/CommonController.class.php 第 41 行.
NOTIC: [8] Undefined index: think_loginInfo /opt/nginx/html/www_wprc365_com/Application/Home/Controller/CommonController.class.php 第 41 行.
SQL: SHOW COLUMNS FROM `think_user` [ RunTime:0.002707s ]
SQL: select * from think_user as u left join think_user_info as i on u.id=i.uid where u.id= [ RunTime:0.000122s ]
ERR: 1064:You have an error in your SQL syntax; check the manual that corresponds to your MySQL server version for the right syntax to use near '' at line 1
 [ SQL语句 ] : select * from think_user as u left join think_user_info as i on u.id=i.uid where u.id=
SQL: SHOW COLUMNS FROM `think_review` [ RunTime:0.000799s ]
SQL: SELECT COUNT(*) AS tp_count FROM `think_review` WHERE ( uid= ) LIMIT 1   [ RunTime:0.000110s ]
ERR: 1064:You have an error in your SQL syntax; check the manual that corresponds to your MySQL server version for the right syntax to use near ') LIMIT 1' at line 1
 [ SQL语句 ] : SELECT COUNT(*) AS tp_count FROM `think_review` WHERE ( uid= ) LIMIT 1  
SQL: SHOW COLUMNS FROM `think_review` [ RunTime:0.000832s ]
SQL: SELECT r.*,p.name,u.name as uname,i.image as touxiang FROM think_review as r INNER JOIN think_product_category as p on r.product_category_id=p.id INNER JOIN think_user as u on r.uid=u.id INNER JOIN think_user_info as i on i.uid=r.uid  WHERE ( r.checked=1 ) ORDER BY  comment_count desc,time desc  LIMIT 0,5   [ RunTime:0.015241s ]
SQL: SHOW COLUMNS FROM `think_review` [ RunTime:0.000919s ]
SQL: SELECT r.*,p.name,u.name as uname,i.image as touxiang FROM think_review as r INNER JOIN think_product_category as p on r.product_category_id=p.id INNER JOIN think_user as u on r.uid=u.id INNER JOIN think_user_info as i on i.uid=r.uid  WHERE ( r.checked=1 ) ORDER BY  time desc  LIMIT 0,5   [ RunTime:0.002292s ]
SQL: select `thumb_img` from think_review_img where rid=215 [ RunTime:0.000223s ]
SQL: select `thumb_img` from think_review_img where rid=218 [ RunTime:0.000219s ]
SQL: select `thumb_img` from think_review_img where rid=225 [ RunTime:0.000206s ]
SQL: select `thumb_img` from think_review_img where rid=216 [ RunTime:0.000199s ]
SQL: select `thumb_img` from think_review_img where rid=234 [ RunTime:0.000241s ]
SQL: select `thumb_img` from think_review_img where rid=242 [ RunTime:0.000211s ]
SQL: select `thumb_img` from think_review_img where rid=241 [ RunTime:0.000196s ]
SQL: select `thumb_img` from think_review_img where rid=240 [ RunTime:0.000235s ]
SQL: select `thumb_img` from think_review_img where rid=239 [ RunTime:0.000217s ]
SQL: select `thumb_img` from think_review_img where rid=238 [ RunTime:0.000194s ]
INFO: [ view_parse ] --START--
INFO: [ template_filter ] --START--
INFO: Run Behavior\ContentReplaceBehavior [ RunTime:0.000201s ]
INFO: [ template_filter ] --END-- [ RunTime:0.000261s ]
NOTIC: [8] Undefined variable: name /opt/nginx/html/www_wprc365_com/Runtime/Cache/Home/4ecb4d80ad15ce616466b3a831676d8e.php 第 270 行.
INFO: Run Behavior\ParseTemplateBehavior [ RunTime:0.065964s ]
INFO: [ view_parse ] --END-- [ RunTime:0.066017s ]
INFO: [ view_filter ] --START--
INFO: Run Behavior\WriteHtmlCacheBehavior [ RunTime:0.002938s ]
INFO: [ view_filter ] --END-- [ RunTime:0.003014s ]
INFO: [ app_end ] --START--
INFO: Run Behavior\ShowPageTraceBehavior [ RunTime:0.030602s ]
INFO: [ app_end ] --END-- [ RunTime:0.030707s ]

[ 2014-08-22T17:41:38+08:00 ] 64.246.161.190 /
INFO: [ app_init ] --START--
INFO: Run Behavior\BuildLiteBehavior [ RunTime:0.000018s ]
INFO: [ app_init ] --END-- [ RunTime:0.000134s ]
INFO: [ app_begin ] --START--
INFO: Run Behavior\ReadHtmlCacheBehavior [ RunTime:0.000493s ]
INFO: [ app_begin ] --END-- [ RunTime:0.000553s ]
NOTIC: [8] Undefined index: think_loginInfo /opt/nginx/html/www_wprc365_com/Application/Home/Controller/CommonController.class.php 第 41 行.
NOTIC: [8] Undefined index: think_loginInfo /opt/nginx/html/www_wprc365_com/Application/Home/Controller/CommonController.class.php 第 41 行.
SQL: SHOW COLUMNS FROM `think_user` [ RunTime:0.000936s ]
SQL: select * from think_user as u left join think_user_info as i on u.id=i.uid where u.id= [ RunTime:0.000134s ]
ERR: 1064:You have an error in your SQL syntax; check the manual that corresponds to your MySQL server version for the right syntax to use near '' at line 1
 [ SQL语句 ] : select * from think_user as u left join think_user_info as i on u.id=i.uid where u.id=
SQL: SHOW COLUMNS FROM `think_review` [ RunTime:0.000845s ]
SQL: SELECT COUNT(*) AS tp_count FROM `think_review` WHERE ( uid= ) LIMIT 1   [ RunTime:0.000109s ]
ERR: 1064:You have an error in your SQL syntax; check the manual that corresponds to your MySQL server version for the right syntax to use near ') LIMIT 1' at line 1
 [ SQL语句 ] : SELECT COUNT(*) AS tp_count FROM `think_review` WHERE ( uid= ) LIMIT 1  
SQL: SHOW COLUMNS FROM `think_review` [ RunTime:0.000832s ]
SQL: SELECT r.*,p.name,u.name as uname,i.image as touxiang FROM think_review as r INNER JOIN think_product_category as p on r.product_category_id=p.id INNER JOIN think_user as u on r.uid=u.id INNER JOIN think_user_info as i on i.uid=r.uid  WHERE ( r.checked=1 ) ORDER BY  comment_count desc,time desc  LIMIT 0,5   [ RunTime:0.002238s ]
SQL: SHOW COLUMNS FROM `think_review` [ RunTime:0.000824s ]
SQL: SELECT r.*,p.name,u.name as uname,i.image as touxiang FROM think_review as r INNER JOIN think_product_category as p on r.product_category_id=p.id INNER JOIN think_user as u on r.uid=u.id INNER JOIN think_user_info as i on i.uid=r.uid  WHERE ( r.checked=1 ) ORDER BY  time desc  LIMIT 0,5   [ RunTime:0.002156s ]
SQL: select `thumb_img` from think_review_img where rid=215 [ RunTime:0.000227s ]
SQL: select `thumb_img` from think_review_img where rid=218 [ RunTime:0.000210s ]
SQL: select `thumb_img` from think_review_img where rid=225 [ RunTime:0.000206s ]
SQL: select `thumb_img` from think_review_img where rid=216 [ RunTime:0.000204s ]
SQL: select `thumb_img` from think_review_img where rid=234 [ RunTime:0.000257s ]
SQL: select `thumb_img` from think_review_img where rid=242 [ RunTime:0.000198s ]
SQL: select `thumb_img` from think_review_img where rid=241 [ RunTime:0.000198s ]
SQL: select `thumb_img` from think_review_img where rid=240 [ RunTime:0.000254s ]
SQL: select `thumb_img` from think_review_img where rid=239 [ RunTime:0.000197s ]
SQL: select `thumb_img` from think_review_img where rid=238 [ RunTime:0.000197s ]
INFO: [ view_parse ] --START--
INFO: [ template_filter ] --START--
INFO: Run Behavior\ContentReplaceBehavior [ RunTime:0.000160s ]
INFO: [ template_filter ] --END-- [ RunTime:0.000215s ]
NOTIC: [8] Undefined variable: name /opt/nginx/html/www_wprc365_com/Runtime/Cache/Home/4ecb4d80ad15ce616466b3a831676d8e.php 第 270 行.
INFO: Run Behavior\ParseTemplateBehavior [ RunTime:0.020045s ]
INFO: [ view_parse ] --END-- [ RunTime:0.020094s ]
INFO: [ view_filter ] --START--
INFO: Run Behavior\WriteHtmlCacheBehavior [ RunTime:0.000178s ]
INFO: [ view_filter ] --END-- [ RunTime:0.000224s ]
INFO: [ app_end ] --START--
INFO: Run Behavior\ShowPageTraceBehavior [ RunTime:0.000478s ]
INFO: [ app_end ] --END-- [ RunTime:0.000529s ]

[ 2014-08-22T18:09:35+08:00 ] 61.135.190.102 /
INFO: [ app_init ] --START--
INFO: Run Behavior\BuildLiteBehavior [ RunTime:0.000015s ]
INFO: [ app_init ] --END-- [ RunTime:0.000082s ]
INFO: [ app_begin ] --START--
INFO: Run Behavior\ReadHtmlCacheBehavior [ RunTime:0.000438s ]
INFO: [ app_begin ] --END-- [ RunTime:0.000502s ]
NOTIC: [8] Undefined index: think_loginInfo /opt/nginx/html/www_wprc365_com/Application/Home/Controller/CommonController.class.php 第 41 行.
NOTIC: [8] Undefined index: think_loginInfo /opt/nginx/html/www_wprc365_com/Application/Home/Controller/CommonController.class.php 第 41 行.
SQL: SHOW COLUMNS FROM `think_user` [ RunTime:0.002877s ]
SQL: select * from think_user as u left join think_user_info as i on u.id=i.uid where u.id= [ RunTime:0.000161s ]
ERR: 1064:You have an error in your SQL syntax; check the manual that corresponds to your MySQL server version for the right syntax to use near '' at line 1
 [ SQL语句 ] : select * from think_user as u left join think_user_info as i on u.id=i.uid where u.id=
SQL: SHOW COLUMNS FROM `think_review` [ RunTime:0.000818s ]
SQL: SELECT COUNT(*) AS tp_count FROM `think_review` WHERE ( uid= ) LIMIT 1   [ RunTime:0.000125s ]
ERR: 1064:You have an error in your SQL syntax; check the manual that corresponds to your MySQL server version for the right syntax to use near ') LIMIT 1' at line 1
 [ SQL语句 ] : SELECT COUNT(*) AS tp_count FROM `think_review` WHERE ( uid= ) LIMIT 1  
SQL: SHOW COLUMNS FROM `think_review` [ RunTime:0.000929s ]
SQL: SELECT r.*,p.name,u.name as uname,i.image as touxiang FROM think_review as r INNER JOIN think_product_category as p on r.product_category_id=p.id INNER JOIN think_user as u on r.uid=u.id INNER JOIN think_user_info as i on i.uid=r.uid  WHERE ( r.checked=1 ) ORDER BY  comment_count desc,time desc  LIMIT 0,5   [ RunTime:0.002796s ]
SQL: SHOW COLUMNS FROM `think_review` [ RunTime:0.000979s ]
SQL: SELECT r.*,p.name,u.name as uname,i.image as touxiang FROM think_review as r INNER JOIN think_product_category as p on r.product_category_id=p.id INNER JOIN think_user as u on r.uid=u.id INNER JOIN think_user_info as i on i.uid=r.uid  WHERE ( r.checked=1 ) ORDER BY  time desc  LIMIT 0,5   [ RunTime:0.002977s ]
SQL: select `thumb_img` from think_review_img where rid=215 [ RunTime:0.000339s ]
SQL: select `thumb_img` from think_review_img where rid=218 [ RunTime:0.000238s ]
SQL: select `thumb_img` from think_review_img where rid=225 [ RunTime:0.000213s ]
SQL: select `thumb_img` from think_review_img where rid=216 [ RunTime:0.000236s ]
SQL: select `thumb_img` from think_review_img where rid=234 [ RunTime:0.000271s ]
SQL: select `thumb_img` from think_review_img where rid=242 [ RunTime:0.000240s ]
SQL: select `thumb_img` from think_review_img where rid=241 [ RunTime:0.000220s ]
SQL: select `thumb_img` from think_review_img where rid=240 [ RunTime:0.000351s ]
SQL: select `thumb_img` from think_review_img where rid=239 [ RunTime:0.000297s ]
SQL: select `thumb_img` from think_review_img where rid=238 [ RunTime:0.000229s ]
INFO: [ view_parse ] --START--
INFO: [ template_filter ] --START--
INFO: Run Behavior\ContentReplaceBehavior [ RunTime:0.000179s ]
INFO: [ template_filter ] --END-- [ RunTime:0.000242s ]
NOTIC: [8] Undefined variable: name /opt/nginx/html/www_wprc365_com/Runtime/Cache/Home/4ecb4d80ad15ce616466b3a831676d8e.php 第 270 行.
INFO: Run Behavior\ParseTemplateBehavior [ RunTime:0.021057s ]
INFO: [ view_parse ] --END-- [ RunTime:0.021110s ]
INFO: [ view_filter ] --START--
INFO: Run Behavior\WriteHtmlCacheBehavior [ RunTime:0.000159s ]
INFO: [ view_filter ] --END-- [ RunTime:0.000239s ]
INFO: [ app_end ] --START--
INFO: Run Behavior\ShowPageTraceBehavior [ RunTime:0.000527s ]
INFO: [ app_end ] --END-- [ RunTime:0.000579s ]

[ 2014-08-22T18:23:18+08:00 ] 157.55.39.229 /
INFO: [ app_init ] --START--
INFO: Run Behavior\BuildLiteBehavior [ RunTime:0.000013s ]
INFO: [ app_init ] --END-- [ RunTime:0.000105s ]
INFO: [ app_begin ] --START--
INFO: Run Behavior\ReadHtmlCacheBehavior [ RunTime:0.000442s ]
INFO: [ app_begin ] --END-- [ RunTime:0.000505s ]
NOTIC: [8] Undefined index: think_loginInfo /opt/nginx/html/www_wprc365_com/Application/Home/Controller/CommonController.class.php 第 41 行.
NOTIC: [8] Undefined index: think_loginInfo /opt/nginx/html/www_wprc365_com/Application/Home/Controller/CommonController.class.php 第 41 行.
SQL: SHOW COLUMNS FROM `think_user` [ RunTime:0.002659s ]
SQL: select * from think_user as u left join think_user_info as i on u.id=i.uid where u.id= [ RunTime:0.000515s ]
ERR: 1064:You have an error in your SQL syntax; check the manual that corresponds to your MySQL server version for the right syntax to use near '' at line 1
 [ SQL语句 ] : select * from think_user as u left join think_user_info as i on u.id=i.uid where u.id=
SQL: SHOW COLUMNS FROM `think_review` [ RunTime:0.001080s ]
SQL: SELECT COUNT(*) AS tp_count FROM `think_review` WHERE ( uid= ) LIMIT 1   [ RunTime:0.000112s ]
ERR: 1064:You have an error in your SQL syntax; check the manual that corresponds to your MySQL server version for the right syntax to use near ') LIMIT 1' at line 1
 [ SQL语句 ] : SELECT COUNT(*) AS tp_count FROM `think_review` WHERE ( uid= ) LIMIT 1  
SQL: SHOW COLUMNS FROM `think_review` [ RunTime:0.000777s ]
SQL: SELECT r.*,p.name,u.name as uname,i.image as touxiang FROM think_review as r INNER JOIN think_product_category as p on r.product_category_id=p.id INNER JOIN think_user as u on r.uid=u.id INNER JOIN think_user_info as i on i.uid=r.uid  WHERE ( r.checked=1 ) ORDER BY  comment_count desc,time desc  LIMIT 0,5   [ RunTime:0.002296s ]
SQL: SHOW COLUMNS FROM `think_review` [ RunTime:0.000846s ]
SQL: SELECT r.*,p.name,u.name as uname,i.image as touxiang FROM think_review as r INNER JOIN think_product_category as p on r.product_category_id=p.id INNER JOIN think_user as u on r.uid=u.id INNER JOIN think_user_info as i on i.uid=r.uid  WHERE ( r.checked=1 ) ORDER BY  time desc  LIMIT 0,5   [ RunTime:0.002410s ]
SQL: select `thumb_img` from think_review_img where rid=215 [ RunTime:0.000227s ]
SQL: select `thumb_img` from think_review_img where rid=218 [ RunTime:0.000213s ]
SQL: select `thumb_img` from think_review_img where rid=225 [ RunTime:0.000262s ]
SQL: select `thumb_img` from think_review_img where rid=216 [ RunTime:0.000211s ]
SQL: select `thumb_img` from think_review_img where rid=234 [ RunTime:0.000205s ]
SQL: select `thumb_img` from think_review_img where rid=242 [ RunTime:0.000251s ]
SQL: select `thumb_img` from think_review_img where rid=241 [ RunTime:0.000204s ]
SQL: select `thumb_img` from think_review_img where rid=240 [ RunTime:0.000201s ]
SQL: select `thumb_img` from think_review_img where rid=239 [ RunTime:0.000215s ]
SQL: select `thumb_img` from think_review_img where rid=238 [ RunTime:0.000203s ]
INFO: [ view_parse ] --START--
INFO: [ template_filter ] --START--
INFO: Run Behavior\ContentReplaceBehavior [ RunTime:0.000179s ]
INFO: [ template_filter ] --END-- [ RunTime:0.000252s ]
NOTIC: [8] Undefined variable: name /opt/nginx/html/www_wprc365_com/Runtime/Cache/Home/4ecb4d80ad15ce616466b3a831676d8e.php 第 270 行.
INFO: Run Behavior\ParseTemplateBehavior [ RunTime:0.021971s ]
INFO: [ view_parse ] --END-- [ RunTime:0.022020s ]
INFO: [ view_filter ] --START--
INFO: Run Behavior\WriteHtmlCacheBehavior [ RunTime:0.000152s ]
INFO: [ view_filter ] --END-- [ RunTime:0.000197s ]
INFO: [ app_end ] --START--
INFO: Run Behavior\ShowPageTraceBehavior [ RunTime:0.000483s ]
INFO: [ app_end ] --END-- [ RunTime:0.000546s ]

[ 2014-08-22T20:35:30+08:00 ] 180.153.206.35 /
INFO: [ app_init ] --START--
INFO: Run Behavior\BuildLiteBehavior [ RunTime:0.000017s ]
INFO: [ app_init ] --END-- [ RunTime:0.000108s ]
INFO: [ app_begin ] --START--
INFO: Run Behavior\ReadHtmlCacheBehavior [ RunTime:0.000433s ]
INFO: [ app_begin ] --END-- [ RunTime:0.000624s ]
NOTIC: [8] Undefined index: think_loginInfo /opt/nginx/html/www_wprc365_com/Application/Home/Controller/CommonController.class.php 第 41 行.
NOTIC: [8] Undefined index: think_loginInfo /opt/nginx/html/www_wprc365_com/Application/Home/Controller/CommonController.class.php 第 41 行.
SQL: SHOW COLUMNS FROM `think_user` [ RunTime:0.002397s ]
SQL: select * from think_user as u left join think_user_info as i on u.id=i.uid where u.id= [ RunTime:0.000149s ]
ERR: 1064:You have an error in your SQL syntax; check the manual that corresponds to your MySQL server version for the right syntax to use near '' at line 1
 [ SQL语句 ] : select * from think_user as u left join think_user_info as i on u.id=i.uid where u.id=
SQL: SHOW COLUMNS FROM `think_review` [ RunTime:0.000905s ]
SQL: SELECT COUNT(*) AS tp_count FROM `think_review` WHERE ( uid= ) LIMIT 1   [ RunTime:0.000111s ]
ERR: 1064:You have an error in your SQL syntax; check the manual that corresponds to your MySQL server version for the right syntax to use near ') LIMIT 1' at line 1
 [ SQL语句 ] : SELECT COUNT(*) AS tp_count FROM `think_review` WHERE ( uid= ) LIMIT 1  
SQL: SHOW COLUMNS FROM `think_review` [ RunTime:0.000879s ]
SQL: SELECT r.*,p.name,u.name as uname,i.image as touxiang FROM think_review as r INNER JOIN think_product_category as p on r.product_category_id=p.id INNER JOIN think_user as u on r.uid=u.id INNER JOIN think_user_info as i on i.uid=r.uid  WHERE ( r.checked=1 ) ORDER BY  comment_count desc,time desc  LIMIT 0,5   [ RunTime:0.002279s ]
SQL: SHOW COLUMNS FROM `think_review` [ RunTime:0.000828s ]
SQL: SELECT r.*,p.name,u.name as uname,i.image as touxiang FROM think_review as r INNER JOIN think_product_category as p on r.product_category_id=p.id INNER JOIN think_user as u on r.uid=u.id INNER JOIN think_user_info as i on i.uid=r.uid  WHERE ( r.checked=1 ) ORDER BY  time desc  LIMIT 0,5   [ RunTime:0.002186s ]
SQL: select `thumb_img` from think_review_img where rid=215 [ RunTime:0.000230s ]
SQL: select `thumb_img` from think_review_img where rid=218 [ RunTime:0.000255s ]
SQL: select `thumb_img` from think_review_img where rid=225 [ RunTime:0.000207s ]
SQL: select `thumb_img` from think_review_img where rid=216 [ RunTime:0.000475s ]
SQL: select `thumb_img` from think_review_img where rid=234 [ RunTime:0.000221s ]
SQL: select `thumb_img` from think_review_img where rid=242 [ RunTime:0.000206s ]
SQL: select `thumb_img` from think_review_img where rid=241 [ RunTime:0.000204s ]
SQL: select `thumb_img` from think_review_img where rid=240 [ RunTime:0.000202s ]
SQL: select `thumb_img` from think_review_img where rid=239 [ RunTime:0.000245s ]
SQL: select `thumb_img` from think_review_img where rid=238 [ RunTime:0.000200s ]
INFO: [ view_parse ] --START--
INFO: [ template_filter ] --START--
INFO: Run Behavior\ContentReplaceBehavior [ RunTime:0.000182s ]
INFO: [ template_filter ] --END-- [ RunTime:0.000244s ]
NOTIC: [8] Undefined variable: name /opt/nginx/html/www_wprc365_com/Runtime/Cache/Home/4ecb4d80ad15ce616466b3a831676d8e.php 第 270 行.
INFO: Run Behavior\ParseTemplateBehavior [ RunTime:0.021244s ]
INFO: [ view_parse ] --END-- [ RunTime:0.021319s ]
INFO: [ view_filter ] --START--
INFO: Run Behavior\WriteHtmlCacheBehavior [ RunTime:0.000257s ]
INFO: [ view_filter ] --END-- [ RunTime:0.000313s ]
INFO: [ app_end ] --START--
INFO: Run Behavior\ShowPageTraceBehavior [ RunTime:0.000757s ]
INFO: [ app_end ] --END-- [ RunTime:0.000813s ]

[ 2014-08-22T20:44:27+08:00 ] 101.226.89.69 /
INFO: [ app_init ] --START--
INFO: Run Behavior\BuildLiteBehavior [ RunTime:0.000027s ]
INFO: [ app_init ] --END-- [ RunTime:0.000180s ]
INFO: [ app_begin ] --START--
INFO: Run Behavior\ReadHtmlCacheBehavior [ RunTime:0.000525s ]
INFO: [ app_begin ] --END-- [ RunTime:0.000589s ]
NOTIC: [8] Undefined index: think_loginInfo /opt/nginx/html/www_wprc365_com/Application/Home/Controller/CommonController.class.php 第 41 行.
NOTIC: [8] Undefined index: think_loginInfo /opt/nginx/html/www_wprc365_com/Application/Home/Controller/CommonController.class.php 第 41 行.
SQL: SHOW COLUMNS FROM `think_user` [ RunTime:0.000951s ]
SQL: select * from think_user as u left join think_user_info as i on u.id=i.uid where u.id= [ RunTime:0.000124s ]
ERR: 1064:You have an error in your SQL syntax; check the manual that corresponds to your MySQL server version for the right syntax to use near '' at line 1
 [ SQL语句 ] : select * from think_user as u left join think_user_info as i on u.id=i.uid where u.id=
SQL: SHOW COLUMNS FROM `think_review` [ RunTime:0.000798s ]
SQL: SELECT COUNT(*) AS tp_count FROM `think_review` WHERE ( uid= ) LIMIT 1   [ RunTime:0.000112s ]
ERR: 1064:You have an error in your SQL syntax; check the manual that corresponds to your MySQL server version for the right syntax to use near ') LIMIT 1' at line 1
 [ SQL语句 ] : SELECT COUNT(*) AS tp_count FROM `think_review` WHERE ( uid= ) LIMIT 1  
SQL: SHOW COLUMNS FROM `think_review` [ RunTime:0.000838s ]
SQL: SELECT r.*,p.name,u.name as uname,i.image as touxiang FROM think_review as r INNER JOIN think_product_category as p on r.product_category_id=p.id INNER JOIN think_user as u on r.uid=u.id INNER JOIN think_user_info as i on i.uid=r.uid  WHERE ( r.checked=1 ) ORDER BY  comment_count desc,time desc  LIMIT 0,5   [ RunTime:0.002354s ]
SQL: SHOW COLUMNS FROM `think_review` [ RunTime:0.000779s ]
SQL: SELECT r.*,p.name,u.name as uname,i.image as touxiang FROM think_review as r INNER JOIN think_product_category as p on r.product_category_id=p.id INNER JOIN think_user as u on r.uid=u.id INNER JOIN think_user_info as i on i.uid=r.uid  WHERE ( r.checked=1 ) ORDER BY  time desc  LIMIT 0,5   [ RunTime:0.002177s ]
SQL: select `thumb_img` from think_review_img where rid=215 [ RunTime:0.000221s ]
SQL: select `thumb_img` from think_review_img where rid=218 [ RunTime:0.000258s ]
SQL: select `thumb_img` from think_review_img where rid=225 [ RunTime:0.000206s ]
SQL: select `thumb_img` from think_review_img where rid=216 [ RunTime:0.000201s ]
SQL: select `thumb_img` from think_review_img where rid=234 [ RunTime:0.000244s ]
SQL: select `thumb_img` from think_review_img where rid=242 [ RunTime:0.000206s ]
SQL: select `thumb_img` from think_review_img where rid=241 [ RunTime:0.000198s ]
SQL: select `thumb_img` from think_review_img where rid=240 [ RunTime:0.000196s ]
SQL: select `thumb_img` from think_review_img where rid=239 [ RunTime:0.000204s ]
SQL: select `thumb_img` from think_review_img where rid=238 [ RunTime:0.000195s ]
INFO: [ view_parse ] --START--
INFO: [ template_filter ] --START--
INFO: Run Behavior\ContentReplaceBehavior [ RunTime:0.000178s ]
INFO: [ template_filter ] --END-- [ RunTime:0.000237s ]
NOTIC: [8] Undefined variable: name /opt/nginx/html/www_wprc365_com/Runtime/Cache/Home/4ecb4d80ad15ce616466b3a831676d8e.php 第 270 行.
INFO: Run Behavior\ParseTemplateBehavior [ RunTime:0.020057s ]
INFO: [ view_parse ] --END-- [ RunTime:0.020108s ]
INFO: [ view_filter ] --START--
INFO: Run Behavior\WriteHtmlCacheBehavior [ RunTime:0.000147s ]
INFO: [ view_filter ] --END-- [ RunTime:0.000193s ]
INFO: [ app_end ] --START--
INFO: Run Behavior\ShowPageTraceBehavior [ RunTime:0.000464s ]
INFO: [ app_end ] --END-- [ RunTime:0.000518s ]

