[ 2014-06-22T00:04:21+08:00 ] 66.249.79.105 /home/act/reviewInfo?id=215
INFO: [ app_init ] --START--
INFO: Run Behavior\BuildLiteBehavior [ RunTime:0.000000s ]
INFO: [ app_init ] --END-- [ RunTime:0.000000s ]
INFO: [ app_begin ] --START--
INFO: Run Behavior\ReadHtmlCacheBehavior [ RunTime:0.015625s ]
INFO: [ app_begin ] --END-- [ RunTime:0.015625s ]
NOTIC: [8] Undefined index: think_loginInfo E:\www.wprc365.com\Application\Home\Controller\CommonController.class.php 第 32 行.
SQL: SHOW COLUMNS FROM `think_review` [ RunTime:0.000000s ]
SQL: SHOW COLUMNS FROM `think_reply` [ RunTime:0.000000s ]
SQL: SELECT COUNT(*) AS tp_count FROM `think_reply` WHERE ( rid=215 and pid=0 ) LIMIT 1   [ RunTime:0.000000s ]
NOTIC: [2] Division by zero E:\www.wprc365.com\Application\Lib\Page.class.php 第 52 行.
NOTIC: [8] Undefined index: P E:\www.wprc365.com\Application\Lib\Page.class.php 第 54 行.
SQL: select think_user_info.*,think_review.*,think_product_category.name as pname,think_user.* from think_review inner join think_product_category on think_review.product_category_id=think_product_category.id inner join think_user on think_review.uid=think_user.id inner join think_user_info on think_review.uid=think_user_info.uid where think_review.id=215 and think_review.checked=1 limit 1 [ RunTime:0.000000s ]
SQL: select think_reply.*,think_user.name,think_user_info.image from think_reply inner join think_user on think_reply.uid=think_user.id inner join think_user_info on think_reply.uid=think_user_info.uid where think_reply.rid=215 and think_reply.pid=0 order by think_reply.time asc limit 0,10 [ RunTime:0.000000s ]
SQL: select think_reply.*,think_user.name,think_user_info.image from think_reply inner join think_user on think_reply.uid=think_user.id inner join think_user_info on think_reply.uid=think_user_info.uid where think_reply.rid=215 and think_reply.pid in (57,58,59,61,70) order by think_reply.time asc [ RunTime:0.000000s ]
SQL: select name as `rename` from think_user where id=48 [ RunTime:0.000000s ]
SQL: select name as `rename` from think_user where id=51 [ RunTime:0.000000s ]
SQL: SHOW COLUMNS FROM `think_review_img` [ RunTime:0.000000s ]
SQL: SELECT * FROM `think_review_img` WHERE ( rid=215 )  [ RunTime:0.000000s ]
NOTIC: [8] Undefined index: think_loginInfo E:\www.wprc365.com\Application\Home\Controller\CommonController.class.php 第 32 行.
SQL: SHOW COLUMNS FROM `think_follow` [ RunTime:0.015625s ]
SQL: SELECT * FROM `think_follow` WHERE ( flollow_id= and uid=49 )  [ RunTime:0.000000s ]
ERR: 1064:You have an error in your SQL syntax; check the manual that corresponds to your MySQL server version for the right syntax to use near 'and uid=49 )' at line 1
 [ SQL语句 ] : SELECT * FROM `think_follow` WHERE ( flollow_id= and uid=49 ) 
SQL: SHOW COLUMNS FROM `think_user_info` [ RunTime:0.000000s ]
SQL: SELECT * FROM `think_user_info` WHERE ( uid= ) LIMIT 1   [ RunTime:0.000000s ]
ERR: 1064:You have an error in your SQL syntax; check the manual that corresponds to your MySQL server version for the right syntax to use near ') LIMIT 1' at line 1
 [ SQL语句 ] : SELECT * FROM `think_user_info` WHERE ( uid= ) LIMIT 1  
NOTIC: [2] Division by zero E:\www.wprc365.com\Application\Lib\Page.class.php 第 90 行.
INFO: [ view_parse ] --START--
INFO: [ template_filter ] --START--
INFO: Run Behavior\ContentReplaceBehavior [ RunTime:0.000000s ]
INFO: [ template_filter ] --END-- [ RunTime:0.000000s ]
NOTIC: [8] Undefined index: list E:\www.wprc365.com\Runtime\Cache\Home\9b9bfc4f3028d7e9b3f80aa9355ffb61.php 第 117 行.
NOTIC: [8] Undefined index: list E:\www.wprc365.com\Runtime\Cache\Home\9b9bfc4f3028d7e9b3f80aa9355ffb61.php 第 117 行.
NOTIC: [8] Undefined index: list E:\www.wprc365.com\Runtime\Cache\Home\9b9bfc4f3028d7e9b3f80aa9355ffb61.php 第 117 行.
NOTIC: [8] Undefined index: loginInfo E:\www.wprc365.com\Runtime\Cache\Home\9b9bfc4f3028d7e9b3f80aa9355ffb61.php 第 370 行.
NOTIC: [8] Undefined index: think_loginInfo E:\www.wprc365.com\Runtime\Cache\Home\9b9bfc4f3028d7e9b3f80aa9355ffb61.php 第 370 行.
INFO: Run Behavior\ParseTemplateBehavior [ RunTime:0.046875s ]
INFO: [ view_parse ] --END-- [ RunTime:0.046875s ]
INFO: [ view_filter ] --START--
INFO: Run Behavior\WriteHtmlCacheBehavior [ RunTime:0.000000s ]
INFO: [ view_filter ] --END-- [ RunTime:0.000000s ]
INFO: [ app_end ] --START--
INFO: Run Behavior\ShowPageTraceBehavior [ RunTime:0.015625s ]
INFO: [ app_end ] --END-- [ RunTime:0.015625s ]

[ 2014-06-22T00:28:44+08:00 ] 66.249.79.105 /home/act/reviewInfo?id=224&P=1
INFO: [ app_init ] --START--
INFO: Run Behavior\BuildLiteBehavior [ RunTime:0.000000s ]
INFO: [ app_init ] --END-- [ RunTime:0.000000s ]
INFO: [ app_begin ] --START--
INFO: Run Behavior\ReadHtmlCacheBehavior [ RunTime:0.000000s ]
INFO: [ app_begin ] --END-- [ RunTime:0.000000s ]
NOTIC: [8] Undefined index: think_loginInfo E:\www.wprc365.com\Application\Home\Controller\CommonController.class.php 第 32 行.
SQL: SHOW COLUMNS FROM `think_review` [ RunTime:0.000000s ]
SQL: SHOW COLUMNS FROM `think_reply` [ RunTime:0.000000s ]
SQL: SELECT COUNT(*) AS tp_count FROM `think_reply` WHERE ( rid=224 and pid=0 ) LIMIT 1   [ RunTime:0.000000s ]
NOTIC: [2] Division by zero E:\www.wprc365.com\Application\Lib\Page.class.php 第 52 行.
NOTIC: [8] Undefined index: P E:\www.wprc365.com\Application\Lib\Page.class.php 第 54 行.
SQL: select think_user_info.*,think_review.*,think_product_category.name as pname,think_user.* from think_review inner join think_product_category on think_review.product_category_id=think_product_category.id inner join think_user on think_review.uid=think_user.id inner join think_user_info on think_review.uid=think_user_info.uid where think_review.id=224 and think_review.checked=1 limit 1 [ RunTime:0.000000s ]
SQL: select think_reply.*,think_user.name,think_user_info.image from think_reply inner join think_user on think_reply.uid=think_user.id inner join think_user_info on think_reply.uid=think_user_info.uid where think_reply.rid=224 and think_reply.pid=0 order by think_reply.time asc limit 0,10 [ RunTime:0.000000s ]
SQL: select think_reply.*,think_user.name,think_user_info.image from think_reply inner join think_user on think_reply.uid=think_user.id inner join think_user_info on think_reply.uid=think_user_info.uid where think_reply.rid=224 and think_reply.pid in (73) order by think_reply.time asc [ RunTime:0.000000s ]
SQL: SHOW COLUMNS FROM `think_review_img` [ RunTime:0.000000s ]
SQL: SELECT * FROM `think_review_img` WHERE ( rid=224 )  [ RunTime:0.000000s ]
NOTIC: [8] Undefined index: think_loginInfo E:\www.wprc365.com\Application\Home\Controller\CommonController.class.php 第 32 行.
SQL: SHOW COLUMNS FROM `think_follow` [ RunTime:0.015625s ]
SQL: SELECT * FROM `think_follow` WHERE ( flollow_id= and uid=49 )  [ RunTime:0.000000s ]
ERR: 1064:You have an error in your SQL syntax; check the manual that corresponds to your MySQL server version for the right syntax to use near 'and uid=49 )' at line 1
 [ SQL语句 ] : SELECT * FROM `think_follow` WHERE ( flollow_id= and uid=49 ) 
SQL: SHOW COLUMNS FROM `think_user_info` [ RunTime:0.000000s ]
SQL: SELECT * FROM `think_user_info` WHERE ( uid= ) LIMIT 1   [ RunTime:0.000000s ]
ERR: 1064:You have an error in your SQL syntax; check the manual that corresponds to your MySQL server version for the right syntax to use near ') LIMIT 1' at line 1
 [ SQL语句 ] : SELECT * FROM `think_user_info` WHERE ( uid= ) LIMIT 1  
NOTIC: [2] Division by zero E:\www.wprc365.com\Application\Lib\Page.class.php 第 90 行.
INFO: [ view_parse ] --START--
INFO: [ template_filter ] --START--
INFO: Run Behavior\ContentReplaceBehavior [ RunTime:0.000000s ]
INFO: [ template_filter ] --END-- [ RunTime:0.000000s ]
NOTIC: [8] Undefined index: list E:\www.wprc365.com\Runtime\Cache\Home\9b9bfc4f3028d7e9b3f80aa9355ffb61.php 第 117 行.
NOTIC: [8] Undefined index: loginInfo E:\www.wprc365.com\Runtime\Cache\Home\9b9bfc4f3028d7e9b3f80aa9355ffb61.php 第 370 行.
NOTIC: [8] Undefined index: think_loginInfo E:\www.wprc365.com\Runtime\Cache\Home\9b9bfc4f3028d7e9b3f80aa9355ffb61.php 第 370 行.
INFO: Run Behavior\ParseTemplateBehavior [ RunTime:0.046875s ]
INFO: [ view_parse ] --END-- [ RunTime:0.046875s ]
INFO: [ view_filter ] --START--
INFO: Run Behavior\WriteHtmlCacheBehavior [ RunTime:0.000000s ]
INFO: [ view_filter ] --END-- [ RunTime:0.000000s ]
INFO: [ app_end ] --START--
INFO: Run Behavior\ShowPageTraceBehavior [ RunTime:0.015625s ]
INFO: [ app_end ] --END-- [ RunTime:0.015625s ]

[ 2014-06-22T01:19:36+08:00 ] 66.249.79.79 /
INFO: [ app_init ] --START--
INFO: Run Behavior\BuildLiteBehavior [ RunTime:0.000000s ]
INFO: [ app_init ] --END-- [ RunTime:0.000000s ]
INFO: [ app_begin ] --START--
INFO: Run Behavior\ReadHtmlCacheBehavior [ RunTime:0.000000s ]
INFO: [ app_begin ] --END-- [ RunTime:0.000000s ]
NOTIC: [8] Undefined index: think_loginInfo E:\www.wprc365.com\Application\Home\Controller\CommonController.class.php 第 32 行.
SQL: SHOW COLUMNS FROM `think_review` [ RunTime:0.000000s ]
SQL: SELECT r.*,p.name,u.name as uname,i.image as touxiang FROM think_review as r INNER JOIN think_product_category as p on r.product_category_id=p.id INNER JOIN think_user as u on r.uid=u.id INNER JOIN think_user_info as i on i.uid=r.uid  WHERE ( r.checked=1 ) ORDER BY  comment_count desc,time desc  LIMIT 0,5   [ RunTime:0.000000s ]
SQL: SHOW COLUMNS FROM `think_review` [ RunTime:0.000000s ]
SQL: SELECT r.*,p.name,u.name as uname,i.image as touxiang FROM think_review as r INNER JOIN think_product_category as p on r.product_category_id=p.id INNER JOIN think_user as u on r.uid=u.id INNER JOIN think_user_info as i on i.uid=r.uid  WHERE ( r.checked=1 ) ORDER BY  time desc  LIMIT 0,5   [ RunTime:0.000000s ]
SQL: select `thumb_img` from think_review_img where rid=215 [ RunTime:0.000000s ]
SQL: select `thumb_img` from think_review_img where rid=218 [ RunTime:0.000000s ]
SQL: select `thumb_img` from think_review_img where rid=216 [ RunTime:0.000000s ]
SQL: select `thumb_img` from think_review_img where rid=204 [ RunTime:0.000000s ]
SQL: select `thumb_img` from think_review_img where rid=225 [ RunTime:0.000000s ]
SQL: select `thumb_img` from think_review_img where rid=225 [ RunTime:0.000000s ]
SQL: select `thumb_img` from think_review_img where rid=224 [ RunTime:0.000000s ]
SQL: select `thumb_img` from think_review_img where rid=223 [ RunTime:0.000000s ]
SQL: select `thumb_img` from think_review_img where rid=218 [ RunTime:0.000000s ]
SQL: select `thumb_img` from think_review_img where rid=216 [ RunTime:0.000000s ]
INFO: [ view_parse ] --START--
INFO: [ template_filter ] --START--
INFO: Run Behavior\ContentReplaceBehavior [ RunTime:0.000000s ]
INFO: [ template_filter ] --END-- [ RunTime:0.000000s ]
NOTIC: [8] Undefined index: loginInfo E:\www.wprc365.com\Runtime\Cache\Home\769e70f2e46f34ceb60619bbda5e4691.php 第 243 行.
NOTIC: [8] Undefined index: think_loginInfo E:\www.wprc365.com\Runtime\Cache\Home\769e70f2e46f34ceb60619bbda5e4691.php 第 243 行.
INFO: Run Behavior\ParseTemplateBehavior [ RunTime:0.046876s ]
INFO: [ view_parse ] --END-- [ RunTime:0.046876s ]
INFO: [ view_filter ] --START--
INFO: Run Behavior\WriteHtmlCacheBehavior [ RunTime:0.000000s ]
INFO: [ view_filter ] --END-- [ RunTime:0.000000s ]
INFO: [ app_end ] --START--
INFO: Run Behavior\ShowPageTraceBehavior [ RunTime:0.000000s ]
INFO: [ app_end ] --END-- [ RunTime:0.000000s ]

[ 2014-06-22T03:22:52+08:00 ] 66.249.65.188 /
INFO: [ app_init ] --START--
INFO: Run Behavior\BuildLiteBehavior [ RunTime:0.000000s ]
INFO: [ app_init ] --END-- [ RunTime:0.000000s ]
INFO: [ app_begin ] --START--
INFO: Run Behavior\ReadHtmlCacheBehavior [ RunTime:0.000000s ]
INFO: [ app_begin ] --END-- [ RunTime:0.000000s ]
NOTIC: [8] Undefined index: think_loginInfo E:\www.wprc365.com\Application\Home\Controller\CommonController.class.php 第 32 行.
SQL: SHOW COLUMNS FROM `think_review` [ RunTime:0.000000s ]
SQL: SELECT r.*,p.name,u.name as uname,i.image as touxiang FROM think_review as r INNER JOIN think_product_category as p on r.product_category_id=p.id INNER JOIN think_user as u on r.uid=u.id INNER JOIN think_user_info as i on i.uid=r.uid  WHERE ( r.checked=1 ) ORDER BY  comment_count desc,time desc  LIMIT 0,5   [ RunTime:0.015625s ]
SQL: SHOW COLUMNS FROM `think_review` [ RunTime:0.000000s ]
SQL: SELECT r.*,p.name,u.name as uname,i.image as touxiang FROM think_review as r INNER JOIN think_product_category as p on r.product_category_id=p.id INNER JOIN think_user as u on r.uid=u.id INNER JOIN think_user_info as i on i.uid=r.uid  WHERE ( r.checked=1 ) ORDER BY  time desc  LIMIT 0,5   [ RunTime:0.000000s ]
SQL: select `thumb_img` from think_review_img where rid=215 [ RunTime:0.000000s ]
SQL: select `thumb_img` from think_review_img where rid=218 [ RunTime:0.000000s ]
SQL: select `thumb_img` from think_review_img where rid=216 [ RunTime:0.000000s ]
SQL: select `thumb_img` from think_review_img where rid=204 [ RunTime:0.000000s ]
SQL: select `thumb_img` from think_review_img where rid=225 [ RunTime:0.000000s ]
SQL: select `thumb_img` from think_review_img where rid=225 [ RunTime:0.000000s ]
SQL: select `thumb_img` from think_review_img where rid=224 [ RunTime:0.000000s ]
SQL: select `thumb_img` from think_review_img where rid=223 [ RunTime:0.000000s ]
SQL: select `thumb_img` from think_review_img where rid=218 [ RunTime:0.000000s ]
SQL: select `thumb_img` from think_review_img where rid=216 [ RunTime:0.000000s ]
INFO: [ view_parse ] --START--
INFO: [ template_filter ] --START--
INFO: Run Behavior\ContentReplaceBehavior [ RunTime:0.000000s ]
INFO: [ template_filter ] --END-- [ RunTime:0.000000s ]
NOTIC: [8] Undefined index: loginInfo E:\www.wprc365.com\Runtime\Cache\Home\769e70f2e46f34ceb60619bbda5e4691.php 第 243 行.
NOTIC: [8] Undefined index: think_loginInfo E:\www.wprc365.com\Runtime\Cache\Home\769e70f2e46f34ceb60619bbda5e4691.php 第 243 行.
INFO: Run Behavior\ParseTemplateBehavior [ RunTime:0.046876s ]
INFO: [ view_parse ] --END-- [ RunTime:0.046876s ]
INFO: [ view_filter ] --START--
INFO: Run Behavior\WriteHtmlCacheBehavior [ RunTime:0.000000s ]
INFO: [ view_filter ] --END-- [ RunTime:0.015626s ]
INFO: [ app_end ] --START--
INFO: Run Behavior\ShowPageTraceBehavior [ RunTime:0.000000s ]
INFO: [ app_end ] --END-- [ RunTime:0.000000s ]

[ 2014-06-22T03:23:09+08:00 ] 66.249.65.79 /
INFO: [ app_init ] --START--
INFO: Run Behavior\BuildLiteBehavior [ RunTime:0.000000s ]
INFO: [ app_init ] --END-- [ RunTime:0.000000s ]
INFO: [ app_begin ] --START--
INFO: Run Behavior\ReadHtmlCacheBehavior [ RunTime:0.000000s ]
INFO: [ app_begin ] --END-- [ RunTime:0.000000s ]
NOTIC: [8] Undefined index: think_loginInfo E:\www.wprc365.com\Application\Home\Controller\CommonController.class.php 第 32 行.
SQL: SHOW COLUMNS FROM `think_review` [ RunTime:0.015625s ]
SQL: SELECT r.*,p.name,u.name as uname,i.image as touxiang FROM think_review as r INNER JOIN think_product_category as p on r.product_category_id=p.id INNER JOIN think_user as u on r.uid=u.id INNER JOIN think_user_info as i on i.uid=r.uid  WHERE ( r.checked=1 ) ORDER BY  comment_count desc,time desc  LIMIT 0,5   [ RunTime:0.000000s ]
SQL: SHOW COLUMNS FROM `think_review` [ RunTime:0.000000s ]
SQL: SELECT r.*,p.name,u.name as uname,i.image as touxiang FROM think_review as r INNER JOIN think_product_category as p on r.product_category_id=p.id INNER JOIN think_user as u on r.uid=u.id INNER JOIN think_user_info as i on i.uid=r.uid  WHERE ( r.checked=1 ) ORDER BY  time desc  LIMIT 0,5   [ RunTime:0.000000s ]
SQL: select `thumb_img` from think_review_img where rid=215 [ RunTime:0.000000s ]
SQL: select `thumb_img` from think_review_img where rid=218 [ RunTime:0.000000s ]
SQL: select `thumb_img` from think_review_img where rid=216 [ RunTime:0.000000s ]
SQL: select `thumb_img` from think_review_img where rid=204 [ RunTime:0.000000s ]
SQL: select `thumb_img` from think_review_img where rid=225 [ RunTime:0.000000s ]
SQL: select `thumb_img` from think_review_img where rid=225 [ RunTime:0.000000s ]
SQL: select `thumb_img` from think_review_img where rid=224 [ RunTime:0.000000s ]
SQL: select `thumb_img` from think_review_img where rid=223 [ RunTime:0.000000s ]
SQL: select `thumb_img` from think_review_img where rid=218 [ RunTime:0.000000s ]
SQL: select `thumb_img` from think_review_img where rid=216 [ RunTime:0.000000s ]
INFO: [ view_parse ] --START--
INFO: [ template_filter ] --START--
INFO: Run Behavior\ContentReplaceBehavior [ RunTime:0.000000s ]
INFO: [ template_filter ] --END-- [ RunTime:0.000000s ]
NOTIC: [8] Undefined index: loginInfo E:\www.wprc365.com\Runtime\Cache\Home\769e70f2e46f34ceb60619bbda5e4691.php 第 243 行.
NOTIC: [8] Undefined index: think_loginInfo E:\www.wprc365.com\Runtime\Cache\Home\769e70f2e46f34ceb60619bbda5e4691.php 第 243 行.
INFO: Run Behavior\ParseTemplateBehavior [ RunTime:0.031251s ]
INFO: [ view_parse ] --END-- [ RunTime:0.031251s ]
INFO: [ view_filter ] --START--
INFO: Run Behavior\WriteHtmlCacheBehavior [ RunTime:0.000000s ]
INFO: [ view_filter ] --END-- [ RunTime:0.000000s ]
INFO: [ app_end ] --START--
INFO: Run Behavior\ShowPageTraceBehavior [ RunTime:0.000000s ]
INFO: [ app_end ] --END-- [ RunTime:0.000000s ]

[ 2014-06-22T04:00:58+08:00 ] 66.249.65.105 /home/user/login
INFO: [ app_init ] --START--
INFO: Run Behavior\BuildLiteBehavior [ RunTime:0.000000s ]
INFO: [ app_init ] --END-- [ RunTime:0.000000s ]
INFO: [ app_begin ] --START--
INFO: Run Behavior\ReadHtmlCacheBehavior [ RunTime:0.015625s ]
INFO: [ app_begin ] --END-- [ RunTime:0.015625s ]
NOTIC: [8] Undefined index: think_loginInfo E:\www.wprc365.com\Application\Home\Controller\CommonController.class.php 第 32 行.
NOTIC: [8] Undefined index: think_loginInfo E:\www.wprc365.com\Application\Home\Controller\UserController.class.php 第 35 行.
INFO: [ view_parse ] --START--
INFO: [ template_filter ] --START--
INFO: Run Behavior\ContentReplaceBehavior [ RunTime:0.000000s ]
INFO: [ template_filter ] --END-- [ RunTime:0.000000s ]
NOTIC: [8] Undefined variable: name E:\www.wprc365.com\Runtime\Cache\Home\b171d71961885d3bf0f7a9b2e0867b01.php 第 61 行.
INFO: Run Behavior\ParseTemplateBehavior [ RunTime:0.031251s ]
INFO: [ view_parse ] --END-- [ RunTime:0.031251s ]
INFO: [ view_filter ] --START--
INFO: Run Behavior\WriteHtmlCacheBehavior [ RunTime:0.000000s ]
INFO: [ view_filter ] --END-- [ RunTime:0.000000s ]
INFO: [ app_end ] --START--
INFO: Run Behavior\ShowPageTraceBehavior [ RunTime:0.000000s ]
INFO: [ app_end ] --END-- [ RunTime:0.000000s ]

[ 2014-06-22T05:04:40+08:00 ] 66.249.65.92 /home/act/reviewInfo?id=216
INFO: [ app_init ] --START--
INFO: Run Behavior\BuildLiteBehavior [ RunTime:0.000000s ]
INFO: [ app_init ] --END-- [ RunTime:0.000000s ]
INFO: [ app_begin ] --START--
INFO: Run Behavior\ReadHtmlCacheBehavior [ RunTime:0.000000s ]
INFO: [ app_begin ] --END-- [ RunTime:0.000000s ]
NOTIC: [8] Undefined index: think_loginInfo E:\www.wprc365.com\Application\Home\Controller\CommonController.class.php 第 32 行.
SQL: SHOW COLUMNS FROM `think_review` [ RunTime:0.000000s ]
SQL: SHOW COLUMNS FROM `think_reply` [ RunTime:0.000000s ]
SQL: SELECT COUNT(*) AS tp_count FROM `think_reply` WHERE ( rid=216 and pid=0 ) LIMIT 1   [ RunTime:0.000000s ]
NOTIC: [2] Division by zero E:\www.wprc365.com\Application\Lib\Page.class.php 第 52 行.
NOTIC: [8] Undefined index: P E:\www.wprc365.com\Application\Lib\Page.class.php 第 54 行.
SQL: select think_user_info.*,think_review.*,think_product_category.name as pname,think_user.* from think_review inner join think_product_category on think_review.product_category_id=think_product_category.id inner join think_user on think_review.uid=think_user.id inner join think_user_info on think_review.uid=think_user_info.uid where think_review.id=216 and think_review.checked=1 limit 1 [ RunTime:0.000000s ]
SQL: select think_reply.*,think_user.name,think_user_info.image from think_reply inner join think_user on think_reply.uid=think_user.id inner join think_user_info on think_reply.uid=think_user_info.uid where think_reply.rid=216 and think_reply.pid=0 order by think_reply.time asc limit 0,10 [ RunTime:0.000000s ]
SQL: select think_reply.*,think_user.name,think_user_info.image from think_reply inner join think_user on think_reply.uid=think_user.id inner join think_user_info on think_reply.uid=think_user_info.uid where think_reply.rid=216 and think_reply.pid in (64,68,74) order by think_reply.time asc [ RunTime:0.000000s ]
SQL: select name as `rename` from think_user where id=51 [ RunTime:0.000000s ]
SQL: SHOW COLUMNS FROM `think_review_img` [ RunTime:0.000000s ]
SQL: SELECT * FROM `think_review_img` WHERE ( rid=216 )  [ RunTime:0.000000s ]
NOTIC: [8] Undefined index: think_loginInfo E:\www.wprc365.com\Application\Home\Controller\CommonController.class.php 第 32 行.
SQL: SHOW COLUMNS FROM `think_follow` [ RunTime:0.000000s ]
SQL: SELECT * FROM `think_follow` WHERE ( flollow_id= and uid=48 )  [ RunTime:0.000000s ]
ERR: 1064:You have an error in your SQL syntax; check the manual that corresponds to your MySQL server version for the right syntax to use near 'and uid=48 )' at line 1
 [ SQL语句 ] : SELECT * FROM `think_follow` WHERE ( flollow_id= and uid=48 ) 
SQL: SHOW COLUMNS FROM `think_user_info` [ RunTime:0.015625s ]
SQL: SELECT * FROM `think_user_info` WHERE ( uid= ) LIMIT 1   [ RunTime:0.000000s ]
ERR: 1064:You have an error in your SQL syntax; check the manual that corresponds to your MySQL server version for the right syntax to use near ') LIMIT 1' at line 1
 [ SQL语句 ] : SELECT * FROM `think_user_info` WHERE ( uid= ) LIMIT 1  
NOTIC: [2] Division by zero E:\www.wprc365.com\Application\Lib\Page.class.php 第 90 行.
INFO: [ view_parse ] --START--
INFO: [ template_filter ] --START--
INFO: Run Behavior\ContentReplaceBehavior [ RunTime:0.000000s ]
INFO: [ template_filter ] --END-- [ RunTime:0.000000s ]
NOTIC: [8] Undefined index: list E:\www.wprc365.com\Runtime\Cache\Home\9b9bfc4f3028d7e9b3f80aa9355ffb61.php 第 117 行.
NOTIC: [8] Undefined index: list E:\www.wprc365.com\Runtime\Cache\Home\9b9bfc4f3028d7e9b3f80aa9355ffb61.php 第 117 行.
NOTIC: [8] Undefined index: loginInfo E:\www.wprc365.com\Runtime\Cache\Home\9b9bfc4f3028d7e9b3f80aa9355ffb61.php 第 370 行.
NOTIC: [8] Undefined index: think_loginInfo E:\www.wprc365.com\Runtime\Cache\Home\9b9bfc4f3028d7e9b3f80aa9355ffb61.php 第 370 行.
INFO: Run Behavior\ParseTemplateBehavior [ RunTime:0.046876s ]
INFO: [ view_parse ] --END-- [ RunTime:0.046876s ]
INFO: [ view_filter ] --START--
INFO: Run Behavior\WriteHtmlCacheBehavior [ RunTime:0.000000s ]
INFO: [ view_filter ] --END-- [ RunTime:0.000000s ]
INFO: [ app_end ] --START--
INFO: Run Behavior\ShowPageTraceBehavior [ RunTime:0.000000s ]
INFO: [ app_end ] --END-- [ RunTime:0.000000s ]

[ 2014-06-22T06:22:23+08:00 ] 66.249.65.105 /home/act/reviewInfo?id=214
INFO: [ app_init ] --START--
INFO: Run Behavior\BuildLiteBehavior [ RunTime:0.000000s ]
INFO: [ app_init ] --END-- [ RunTime:0.000000s ]
INFO: [ app_begin ] --START--
INFO: Run Behavior\ReadHtmlCacheBehavior [ RunTime:0.000000s ]
INFO: [ app_begin ] --END-- [ RunTime:0.000000s ]
NOTIC: [8] Undefined index: think_loginInfo E:\www.wprc365.com\Application\Home\Controller\CommonController.class.php 第 32 行.
SQL: SHOW COLUMNS FROM `think_review` [ RunTime:0.000000s ]
SQL: SHOW COLUMNS FROM `think_reply` [ RunTime:0.000000s ]
SQL: SELECT COUNT(*) AS tp_count FROM `think_reply` WHERE ( rid=214 and pid=0 ) LIMIT 1   [ RunTime:0.000000s ]
NOTIC: [2] Division by zero E:\www.wprc365.com\Application\Lib\Page.class.php 第 52 行.
NOTIC: [8] Undefined index: P E:\www.wprc365.com\Application\Lib\Page.class.php 第 54 行.
SQL: select think_user_info.*,think_review.*,think_product_category.name as pname,think_user.* from think_review inner join think_product_category on think_review.product_category_id=think_product_category.id inner join think_user on think_review.uid=think_user.id inner join think_user_info on think_review.uid=think_user_info.uid where think_review.id=214 and think_review.checked=1 limit 1 [ RunTime:0.000000s ]
SQL: select think_reply.*,think_user.name,think_user_info.image from think_reply inner join think_user on think_reply.uid=think_user.id inner join think_user_info on think_reply.uid=think_user_info.uid where think_reply.rid=214 and think_reply.pid=0 order by think_reply.time asc limit 0,10 [ RunTime:0.000000s ]
SQL: select think_reply.*,think_user.name,think_user_info.image from think_reply inner join think_user on think_reply.uid=think_user.id inner join think_user_info on think_reply.uid=think_user_info.uid where think_reply.rid=214 and think_reply.pid in () order by think_reply.time asc [ RunTime:0.000000s ]
ERR: 1064:You have an error in your SQL syntax; check the manual that corresponds to your MySQL server version for the right syntax to use near ') order by think_reply.time asc' at line 1
 [ SQL语句 ] : select think_reply.*,think_user.name,think_user_info.image from think_reply inner join think_user on think_reply.uid=think_user.id inner join think_user_info on think_reply.uid=think_user_info.uid where think_reply.rid=214 and think_reply.pid in () order by think_reply.time asc
NOTIC: [2] Invalid argument supplied for foreach() E:\www.wprc365.com\Application\Home\Model\ReviewModel.class.php 第 65 行.
SQL: SHOW COLUMNS FROM `think_review_img` [ RunTime:0.000000s ]
SQL: SELECT * FROM `think_review_img` WHERE ( rid=214 )  [ RunTime:0.000000s ]
NOTIC: [8] Undefined index: think_loginInfo E:\www.wprc365.com\Application\Home\Controller\CommonController.class.php 第 32 行.
SQL: SHOW COLUMNS FROM `think_follow` [ RunTime:0.000000s ]
SQL: SELECT * FROM `think_follow` WHERE ( flollow_id= and uid=48 )  [ RunTime:0.015625s ]
ERR: 1064:You have an error in your SQL syntax; check the manual that corresponds to your MySQL server version for the right syntax to use near 'and uid=48 )' at line 1
 [ SQL语句 ] : SELECT * FROM `think_follow` WHERE ( flollow_id= and uid=48 ) 
SQL: SHOW COLUMNS FROM `think_user_info` [ RunTime:0.000000s ]
SQL: SELECT * FROM `think_user_info` WHERE ( uid= ) LIMIT 1   [ RunTime:0.000000s ]
ERR: 1064:You have an error in your SQL syntax; check the manual that corresponds to your MySQL server version for the right syntax to use near ') LIMIT 1' at line 1
 [ SQL语句 ] : SELECT * FROM `think_user_info` WHERE ( uid= ) LIMIT 1  
INFO: [ view_parse ] --START--
INFO: [ template_filter ] --START--
INFO: Run Behavior\ContentReplaceBehavior [ RunTime:0.000000s ]
INFO: [ template_filter ] --END-- [ RunTime:0.000000s ]
NOTIC: [8] Undefined index: loginInfo E:\www.wprc365.com\Runtime\Cache\Home\9b9bfc4f3028d7e9b3f80aa9355ffb61.php 第 370 行.
NOTIC: [8] Undefined index: think_loginInfo E:\www.wprc365.com\Runtime\Cache\Home\9b9bfc4f3028d7e9b3f80aa9355ffb61.php 第 370 行.
INFO: Run Behavior\ParseTemplateBehavior [ RunTime:0.046875s ]
INFO: [ view_parse ] --END-- [ RunTime:0.046875s ]
INFO: [ view_filter ] --START--
INFO: Run Behavior\WriteHtmlCacheBehavior [ RunTime:0.000000s ]
INFO: [ view_filter ] --END-- [ RunTime:0.000000s ]
INFO: [ app_end ] --START--
INFO: Run Behavior\ShowPageTraceBehavior [ RunTime:0.000000s ]
INFO: [ app_end ] --END-- [ RunTime:0.000000s ]

[ 2014-06-22T07:32:18+08:00 ] 66.249.65.79 /home/act/reviewInfo?id=214
INFO: [ app_init ] --START--
INFO: Run Behavior\BuildLiteBehavior [ RunTime:0.000000s ]
INFO: [ app_init ] --END-- [ RunTime:0.000000s ]
INFO: [ app_begin ] --START--
INFO: Run Behavior\ReadHtmlCacheBehavior [ RunTime:0.000000s ]
INFO: [ app_begin ] --END-- [ RunTime:0.000000s ]
NOTIC: [8] Undefined index: think_loginInfo E:\www.wprc365.com\Application\Home\Controller\CommonController.class.php 第 32 行.
SQL: SHOW COLUMNS FROM `think_review` [ RunTime:0.000000s ]
SQL: SHOW COLUMNS FROM `think_reply` [ RunTime:0.000000s ]
SQL: SELECT COUNT(*) AS tp_count FROM `think_reply` WHERE ( rid=214 and pid=0 ) LIMIT 1   [ RunTime:0.000000s ]
NOTIC: [2] Division by zero E:\www.wprc365.com\Application\Lib\Page.class.php 第 52 行.
NOTIC: [8] Undefined index: P E:\www.wprc365.com\Application\Lib\Page.class.php 第 54 行.
SQL: select think_user_info.*,think_review.*,think_product_category.name as pname,think_user.* from think_review inner join think_product_category on think_review.product_category_id=think_product_category.id inner join think_user on think_review.uid=think_user.id inner join think_user_info on think_review.uid=think_user_info.uid where think_review.id=214 and think_review.checked=1 limit 1 [ RunTime:0.000000s ]
SQL: select think_reply.*,think_user.name,think_user_info.image from think_reply inner join think_user on think_reply.uid=think_user.id inner join think_user_info on think_reply.uid=think_user_info.uid where think_reply.rid=214 and think_reply.pid=0 order by think_reply.time asc limit 0,10 [ RunTime:0.000000s ]
SQL: select think_reply.*,think_user.name,think_user_info.image from think_reply inner join think_user on think_reply.uid=think_user.id inner join think_user_info on think_reply.uid=think_user_info.uid where think_reply.rid=214 and think_reply.pid in () order by think_reply.time asc [ RunTime:0.000000s ]
ERR: 1064:You have an error in your SQL syntax; check the manual that corresponds to your MySQL server version for the right syntax to use near ') order by think_reply.time asc' at line 1
 [ SQL语句 ] : select think_reply.*,think_user.name,think_user_info.image from think_reply inner join think_user on think_reply.uid=think_user.id inner join think_user_info on think_reply.uid=think_user_info.uid where think_reply.rid=214 and think_reply.pid in () order by think_reply.time asc
NOTIC: [2] Invalid argument supplied for foreach() E:\www.wprc365.com\Application\Home\Model\ReviewModel.class.php 第 65 行.
SQL: SHOW COLUMNS FROM `think_review_img` [ RunTime:0.015625s ]
SQL: SELECT * FROM `think_review_img` WHERE ( rid=214 )  [ RunTime:0.000000s ]
NOTIC: [8] Undefined index: think_loginInfo E:\www.wprc365.com\Application\Home\Controller\CommonController.class.php 第 32 行.
SQL: SHOW COLUMNS FROM `think_follow` [ RunTime:0.000000s ]
SQL: SELECT * FROM `think_follow` WHERE ( flollow_id= and uid=48 )  [ RunTime:0.000000s ]
ERR: 1064:You have an error in your SQL syntax; check the manual that corresponds to your MySQL server version for the right syntax to use near 'and uid=48 )' at line 1
 [ SQL语句 ] : SELECT * FROM `think_follow` WHERE ( flollow_id= and uid=48 ) 
SQL: SHOW COLUMNS FROM `think_user_info` [ RunTime:0.000000s ]
SQL: SELECT * FROM `think_user_info` WHERE ( uid= ) LIMIT 1   [ RunTime:0.000000s ]
ERR: 1064:You have an error in your SQL syntax; check the manual that corresponds to your MySQL server version for the right syntax to use near ') LIMIT 1' at line 1
 [ SQL语句 ] : SELECT * FROM `think_user_info` WHERE ( uid= ) LIMIT 1  
INFO: [ view_parse ] --START--
INFO: [ template_filter ] --START--
INFO: Run Behavior\ContentReplaceBehavior [ RunTime:0.000000s ]
INFO: [ template_filter ] --END-- [ RunTime:0.000000s ]
NOTIC: [8] Undefined index: loginInfo E:\www.wprc365.com\Runtime\Cache\Home\9b9bfc4f3028d7e9b3f80aa9355ffb61.php 第 370 行.
NOTIC: [8] Undefined index: think_loginInfo E:\www.wprc365.com\Runtime\Cache\Home\9b9bfc4f3028d7e9b3f80aa9355ffb61.php 第 370 行.
INFO: Run Behavior\ParseTemplateBehavior [ RunTime:0.046875s ]
INFO: [ view_parse ] --END-- [ RunTime:0.046875s ]
INFO: [ view_filter ] --START--
INFO: Run Behavior\WriteHtmlCacheBehavior [ RunTime:0.000000s ]
INFO: [ view_filter ] --END-- [ RunTime:0.000000s ]
INFO: [ app_end ] --START--
INFO: Run Behavior\ShowPageTraceBehavior [ RunTime:0.000000s ]
INFO: [ app_end ] --END-- [ RunTime:0.000000s ]

[ 2014-06-22T08:44:16+08:00 ] 66.249.65.92 /home/act/reviewInfo?id=216
INFO: [ app_init ] --START--
INFO: Run Behavior\BuildLiteBehavior [ RunTime:0.000000s ]
INFO: [ app_init ] --END-- [ RunTime:0.000000s ]
INFO: [ app_begin ] --START--
INFO: Run Behavior\ReadHtmlCacheBehavior [ RunTime:0.000000s ]
INFO: [ app_begin ] --END-- [ RunTime:0.000000s ]
NOTIC: [8] Undefined index: think_loginInfo E:\www.wprc365.com\Application\Home\Controller\CommonController.class.php 第 32 行.
SQL: SHOW COLUMNS FROM `think_review` [ RunTime:0.000000s ]
SQL: SHOW COLUMNS FROM `think_reply` [ RunTime:0.015625s ]
SQL: SELECT COUNT(*) AS tp_count FROM `think_reply` WHERE ( rid=216 and pid=0 ) LIMIT 1   [ RunTime:0.000000s ]
NOTIC: [2] Division by zero E:\www.wprc365.com\Application\Lib\Page.class.php 第 52 行.
NOTIC: [8] Undefined index: P E:\www.wprc365.com\Application\Lib\Page.class.php 第 54 行.
SQL: select think_user_info.*,think_review.*,think_product_category.name as pname,think_user.* from think_review inner join think_product_category on think_review.product_category_id=think_product_category.id inner join think_user on think_review.uid=think_user.id inner join think_user_info on think_review.uid=think_user_info.uid where think_review.id=216 and think_review.checked=1 limit 1 [ RunTime:0.000000s ]
SQL: select think_reply.*,think_user.name,think_user_info.image from think_reply inner join think_user on think_reply.uid=think_user.id inner join think_user_info on think_reply.uid=think_user_info.uid where think_reply.rid=216 and think_reply.pid=0 order by think_reply.time asc limit 0,10 [ RunTime:0.000000s ]
SQL: select think_reply.*,think_user.name,think_user_info.image from think_reply inner join think_user on think_reply.uid=think_user.id inner join think_user_info on think_reply.uid=think_user_info.uid where think_reply.rid=216 and think_reply.pid in (64,68,74) order by think_reply.time asc [ RunTime:0.000000s ]
SQL: select name as `rename` from think_user where id=51 [ RunTime:0.000000s ]
SQL: SHOW COLUMNS FROM `think_review_img` [ RunTime:0.000000s ]
SQL: SELECT * FROM `think_review_img` WHERE ( rid=216 )  [ RunTime:0.000000s ]
NOTIC: [8] Undefined index: think_loginInfo E:\www.wprc365.com\Application\Home\Controller\CommonController.class.php 第 32 行.
SQL: SHOW COLUMNS FROM `think_follow` [ RunTime:0.000000s ]
SQL: SELECT * FROM `think_follow` WHERE ( flollow_id= and uid=48 )  [ RunTime:0.000000s ]
ERR: 1064:You have an error in your SQL syntax; check the manual that corresponds to your MySQL server version for the right syntax to use near 'and uid=48 )' at line 1
 [ SQL语句 ] : SELECT * FROM `think_follow` WHERE ( flollow_id= and uid=48 ) 
SQL: SHOW COLUMNS FROM `think_user_info` [ RunTime:0.000000s ]
SQL: SELECT * FROM `think_user_info` WHERE ( uid= ) LIMIT 1   [ RunTime:0.000000s ]
ERR: 1064:You have an error in your SQL syntax; check the manual that corresponds to your MySQL server version for the right syntax to use near ') LIMIT 1' at line 1
 [ SQL语句 ] : SELECT * FROM `think_user_info` WHERE ( uid= ) LIMIT 1  
NOTIC: [2] Division by zero E:\www.wprc365.com\Application\Lib\Page.class.php 第 90 行.
INFO: [ view_parse ] --START--
INFO: [ template_filter ] --START--
INFO: Run Behavior\ContentReplaceBehavior [ RunTime:0.000000s ]
INFO: [ template_filter ] --END-- [ RunTime:0.000000s ]
NOTIC: [8] Undefined index: list E:\www.wprc365.com\Runtime\Cache\Home\9b9bfc4f3028d7e9b3f80aa9355ffb61.php 第 117 行.
NOTIC: [8] Undefined index: list E:\www.wprc365.com\Runtime\Cache\Home\9b9bfc4f3028d7e9b3f80aa9355ffb61.php 第 117 行.
NOTIC: [8] Undefined index: loginInfo E:\www.wprc365.com\Runtime\Cache\Home\9b9bfc4f3028d7e9b3f80aa9355ffb61.php 第 370 行.
NOTIC: [8] Undefined index: think_loginInfo E:\www.wprc365.com\Runtime\Cache\Home\9b9bfc4f3028d7e9b3f80aa9355ffb61.php 第 370 行.
INFO: Run Behavior\ParseTemplateBehavior [ RunTime:0.031251s ]
INFO: [ view_parse ] --END-- [ RunTime:0.031251s ]
INFO: [ view_filter ] --START--
INFO: Run Behavior\WriteHtmlCacheBehavior [ RunTime:0.015625s ]
INFO: [ view_filter ] --END-- [ RunTime:0.015625s ]
INFO: [ app_end ] --START--
INFO: Run Behavior\ShowPageTraceBehavior [ RunTime:0.000000s ]
INFO: [ app_end ] --END-- [ RunTime:0.000000s ]

[ 2014-06-22T13:14:07+08:00 ] 218.241.97.200 /
INFO: [ app_init ] --START--
INFO: Run Behavior\BuildLiteBehavior [ RunTime:0.000000s ]
INFO: [ app_init ] --END-- [ RunTime:0.000000s ]
INFO: [ app_begin ] --START--
INFO: Run Behavior\ReadHtmlCacheBehavior [ RunTime:0.000000s ]
INFO: [ app_begin ] --END-- [ RunTime:0.000000s ]
NOTIC: [8] Undefined index: think_loginInfo E:\www.wprc365.com\Application\Home\Controller\CommonController.class.php 第 32 行.
SQL: SHOW COLUMNS FROM `think_review` [ RunTime:0.000000s ]
SQL: SELECT r.*,p.name,u.name as uname,i.image as touxiang FROM think_review as r INNER JOIN think_product_category as p on r.product_category_id=p.id INNER JOIN think_user as u on r.uid=u.id INNER JOIN think_user_info as i on i.uid=r.uid  WHERE ( r.checked=1 ) ORDER BY  comment_count desc,time desc  LIMIT 0,5   [ RunTime:0.000000s ]
SQL: SHOW COLUMNS FROM `think_review` [ RunTime:0.000000s ]
SQL: SELECT r.*,p.name,u.name as uname,i.image as touxiang FROM think_review as r INNER JOIN think_product_category as p on r.product_category_id=p.id INNER JOIN think_user as u on r.uid=u.id INNER JOIN think_user_info as i on i.uid=r.uid  WHERE ( r.checked=1 ) ORDER BY  time desc  LIMIT 0,5   [ RunTime:0.000000s ]
SQL: select `thumb_img` from think_review_img where rid=215 [ RunTime:0.000000s ]
SQL: select `thumb_img` from think_review_img where rid=218 [ RunTime:0.000000s ]
SQL: select `thumb_img` from think_review_img where rid=216 [ RunTime:0.000000s ]
SQL: select `thumb_img` from think_review_img where rid=204 [ RunTime:0.000000s ]
SQL: select `thumb_img` from think_review_img where rid=225 [ RunTime:0.000000s ]
SQL: select `thumb_img` from think_review_img where rid=225 [ RunTime:0.000000s ]
SQL: select `thumb_img` from think_review_img where rid=224 [ RunTime:0.000000s ]
SQL: select `thumb_img` from think_review_img where rid=223 [ RunTime:0.000000s ]
SQL: select `thumb_img` from think_review_img where rid=218 [ RunTime:0.000000s ]
SQL: select `thumb_img` from think_review_img where rid=216 [ RunTime:0.000000s ]
INFO: [ view_parse ] --START--
INFO: [ template_filter ] --START--
INFO: Run Behavior\ContentReplaceBehavior [ RunTime:0.000000s ]
INFO: [ template_filter ] --END-- [ RunTime:0.000000s ]
NOTIC: [8] Undefined index: loginInfo E:\www.wprc365.com\Runtime\Cache\Home\769e70f2e46f34ceb60619bbda5e4691.php 第 243 行.
NOTIC: [8] Undefined index: think_loginInfo E:\www.wprc365.com\Runtime\Cache\Home\769e70f2e46f34ceb60619bbda5e4691.php 第 243 行.
INFO: Run Behavior\ParseTemplateBehavior [ RunTime:0.062501s ]
INFO: [ view_parse ] --END-- [ RunTime:0.062501s ]
INFO: [ view_filter ] --START--
INFO: Run Behavior\WriteHtmlCacheBehavior [ RunTime:0.000000s ]
INFO: [ view_filter ] --END-- [ RunTime:0.000000s ]
INFO: [ app_end ] --START--
INFO: Run Behavior\ShowPageTraceBehavior [ RunTime:0.000000s ]
INFO: [ app_end ] --END-- [ RunTime:0.000000s ]

[ 2014-06-22T16:47:33+08:00 ] 66.249.65.105 /home/act/reviewInfo?id=214
INFO: [ app_init ] --START--
INFO: Run Behavior\BuildLiteBehavior [ RunTime:0.000000s ]
INFO: [ app_init ] --END-- [ RunTime:0.000000s ]
INFO: [ app_begin ] --START--
INFO: Run Behavior\ReadHtmlCacheBehavior [ RunTime:0.000000s ]
INFO: [ app_begin ] --END-- [ RunTime:0.000000s ]
NOTIC: [8] Undefined index: think_loginInfo E:\www.wprc365.com\Application\Home\Controller\CommonController.class.php 第 32 行.
SQL: SHOW COLUMNS FROM `think_review` [ RunTime:0.000000s ]
SQL: SHOW COLUMNS FROM `think_reply` [ RunTime:0.000000s ]
SQL: SELECT COUNT(*) AS tp_count FROM `think_reply` WHERE ( rid=214 and pid=0 ) LIMIT 1   [ RunTime:0.000000s ]
NOTIC: [2] Division by zero E:\www.wprc365.com\Application\Lib\Page.class.php 第 52 行.
NOTIC: [8] Undefined index: P E:\www.wprc365.com\Application\Lib\Page.class.php 第 54 行.
SQL: select think_user_info.*,think_review.*,think_product_category.name as pname,think_user.* from think_review inner join think_product_category on think_review.product_category_id=think_product_category.id inner join think_user on think_review.uid=think_user.id inner join think_user_info on think_review.uid=think_user_info.uid where think_review.id=214 and think_review.checked=1 limit 1 [ RunTime:0.000000s ]
SQL: select think_reply.*,think_user.name,think_user_info.image from think_reply inner join think_user on think_reply.uid=think_user.id inner join think_user_info on think_reply.uid=think_user_info.uid where think_reply.rid=214 and think_reply.pid=0 order by think_reply.time asc limit 0,10 [ RunTime:0.000000s ]
SQL: select think_reply.*,think_user.name,think_user_info.image from think_reply inner join think_user on think_reply.uid=think_user.id inner join think_user_info on think_reply.uid=think_user_info.uid where think_reply.rid=214 and think_reply.pid in () order by think_reply.time asc [ RunTime:0.000000s ]
ERR: 1064:You have an error in your SQL syntax; check the manual that corresponds to your MySQL server version for the right syntax to use near ') order by think_reply.time asc' at line 1
 [ SQL语句 ] : select think_reply.*,think_user.name,think_user_info.image from think_reply inner join think_user on think_reply.uid=think_user.id inner join think_user_info on think_reply.uid=think_user_info.uid where think_reply.rid=214 and think_reply.pid in () order by think_reply.time asc
NOTIC: [2] Invalid argument supplied for foreach() E:\www.wprc365.com\Application\Home\Model\ReviewModel.class.php 第 65 行.
SQL: SHOW COLUMNS FROM `think_review_img` [ RunTime:0.000000s ]
SQL: SELECT * FROM `think_review_img` WHERE ( rid=214 )  [ RunTime:0.000000s ]
NOTIC: [8] Undefined index: think_loginInfo E:\www.wprc365.com\Application\Home\Controller\CommonController.class.php 第 32 行.
SQL: SHOW COLUMNS FROM `think_follow` [ RunTime:0.015625s ]
SQL: SELECT * FROM `think_follow` WHERE ( flollow_id= and uid=48 )  [ RunTime:0.000000s ]
ERR: 1064:You have an error in your SQL syntax; check the manual that corresponds to your MySQL server version for the right syntax to use near 'and uid=48 )' at line 1
 [ SQL语句 ] : SELECT * FROM `think_follow` WHERE ( flollow_id= and uid=48 ) 
SQL: SHOW COLUMNS FROM `think_user_info` [ RunTime:0.000000s ]
SQL: SELECT * FROM `think_user_info` WHERE ( uid= ) LIMIT 1   [ RunTime:0.000000s ]
ERR: 1064:You have an error in your SQL syntax; check the manual that corresponds to your MySQL server version for the right syntax to use near ') LIMIT 1' at line 1
 [ SQL语句 ] : SELECT * FROM `think_user_info` WHERE ( uid= ) LIMIT 1  
INFO: [ view_parse ] --START--
INFO: [ template_filter ] --START--
INFO: Run Behavior\ContentReplaceBehavior [ RunTime:0.000000s ]
INFO: [ template_filter ] --END-- [ RunTime:0.000000s ]
NOTIC: [8] Undefined index: loginInfo E:\www.wprc365.com\Runtime\Cache\Home\9b9bfc4f3028d7e9b3f80aa9355ffb61.php 第 370 行.
NOTIC: [8] Undefined index: think_loginInfo E:\www.wprc365.com\Runtime\Cache\Home\9b9bfc4f3028d7e9b3f80aa9355ffb61.php 第 370 行.
INFO: Run Behavior\ParseTemplateBehavior [ RunTime:0.046876s ]
INFO: [ view_parse ] --END-- [ RunTime:0.046876s ]
INFO: [ view_filter ] --START--
INFO: Run Behavior\WriteHtmlCacheBehavior [ RunTime:0.000000s ]
INFO: [ view_filter ] --END-- [ RunTime:0.000000s ]
INFO: [ app_end ] --START--
INFO: Run Behavior\ShowPageTraceBehavior [ RunTime:0.000000s ]
INFO: [ app_end ] --END-- [ RunTime:0.000000s ]

[ 2014-06-22T16:54:46+08:00 ] 66.249.65.105 /home/act/reviewInfo?id=216
INFO: [ app_init ] --START--
INFO: Run Behavior\BuildLiteBehavior [ RunTime:0.000000s ]
INFO: [ app_init ] --END-- [ RunTime:0.000000s ]
INFO: [ app_begin ] --START--
INFO: Run Behavior\ReadHtmlCacheBehavior [ RunTime:0.015626s ]
INFO: [ app_begin ] --END-- [ RunTime:0.015626s ]
NOTIC: [8] Undefined index: think_loginInfo E:\www.wprc365.com\Application\Home\Controller\CommonController.class.php 第 32 行.
SQL: SHOW COLUMNS FROM `think_review` [ RunTime:0.000000s ]
SQL: SHOW COLUMNS FROM `think_reply` [ RunTime:0.000000s ]
SQL: SELECT COUNT(*) AS tp_count FROM `think_reply` WHERE ( rid=216 and pid=0 ) LIMIT 1   [ RunTime:0.000000s ]
NOTIC: [2] Division by zero E:\www.wprc365.com\Application\Lib\Page.class.php 第 52 行.
NOTIC: [8] Undefined index: P E:\www.wprc365.com\Application\Lib\Page.class.php 第 54 行.
SQL: select think_user_info.*,think_review.*,think_product_category.name as pname,think_user.* from think_review inner join think_product_category on think_review.product_category_id=think_product_category.id inner join think_user on think_review.uid=think_user.id inner join think_user_info on think_review.uid=think_user_info.uid where think_review.id=216 and think_review.checked=1 limit 1 [ RunTime:0.000000s ]
SQL: select think_reply.*,think_user.name,think_user_info.image from think_reply inner join think_user on think_reply.uid=think_user.id inner join think_user_info on think_reply.uid=think_user_info.uid where think_reply.rid=216 and think_reply.pid=0 order by think_reply.time asc limit 0,10 [ RunTime:0.000000s ]
SQL: select think_reply.*,think_user.name,think_user_info.image from think_reply inner join think_user on think_reply.uid=think_user.id inner join think_user_info on think_reply.uid=think_user_info.uid where think_reply.rid=216 and think_reply.pid in (64,68,74) order by think_reply.time asc [ RunTime:0.015625s ]
SQL: select name as `rename` from think_user where id=51 [ RunTime:0.000000s ]
SQL: SHOW COLUMNS FROM `think_review_img` [ RunTime:0.000000s ]
SQL: SELECT * FROM `think_review_img` WHERE ( rid=216 )  [ RunTime:0.000000s ]
NOTIC: [8] Undefined index: think_loginInfo E:\www.wprc365.com\Application\Home\Controller\CommonController.class.php 第 32 行.
SQL: SHOW COLUMNS FROM `think_follow` [ RunTime:0.000000s ]
SQL: SELECT * FROM `think_follow` WHERE ( flollow_id= and uid=48 )  [ RunTime:0.000000s ]
ERR: 1064:You have an error in your SQL syntax; check the manual that corresponds to your MySQL server version for the right syntax to use near 'and uid=48 )' at line 1
 [ SQL语句 ] : SELECT * FROM `think_follow` WHERE ( flollow_id= and uid=48 ) 
SQL: SHOW COLUMNS FROM `think_user_info` [ RunTime:0.000000s ]
SQL: SELECT * FROM `think_user_info` WHERE ( uid= ) LIMIT 1   [ RunTime:0.000000s ]
ERR: 1064:You have an error in your SQL syntax; check the manual that corresponds to your MySQL server version for the right syntax to use near ') LIMIT 1' at line 1
 [ SQL语句 ] : SELECT * FROM `think_user_info` WHERE ( uid= ) LIMIT 1  
NOTIC: [2] Division by zero E:\www.wprc365.com\Application\Lib\Page.class.php 第 90 行.
INFO: [ view_parse ] --START--
INFO: [ template_filter ] --START--
INFO: Run Behavior\ContentReplaceBehavior [ RunTime:0.000000s ]
INFO: [ template_filter ] --END-- [ RunTime:0.000000s ]
NOTIC: [8] Undefined index: list E:\www.wprc365.com\Runtime\Cache\Home\9b9bfc4f3028d7e9b3f80aa9355ffb61.php 第 117 行.
NOTIC: [8] Undefined index: list E:\www.wprc365.com\Runtime\Cache\Home\9b9bfc4f3028d7e9b3f80aa9355ffb61.php 第 117 行.
NOTIC: [8] Undefined index: loginInfo E:\www.wprc365.com\Runtime\Cache\Home\9b9bfc4f3028d7e9b3f80aa9355ffb61.php 第 370 行.
NOTIC: [8] Undefined index: think_loginInfo E:\www.wprc365.com\Runtime\Cache\Home\9b9bfc4f3028d7e9b3f80aa9355ffb61.php 第 370 行.
INFO: Run Behavior\ParseTemplateBehavior [ RunTime:0.046876s ]
INFO: [ view_parse ] --END-- [ RunTime:0.046876s ]
INFO: [ view_filter ] --START--
INFO: Run Behavior\WriteHtmlCacheBehavior [ RunTime:0.015626s ]
INFO: [ view_filter ] --END-- [ RunTime:0.015626s ]
INFO: [ app_end ] --START--
INFO: Run Behavior\ShowPageTraceBehavior [ RunTime:0.000000s ]
INFO: [ app_end ] --END-- [ RunTime:0.000000s ]

[ 2014-06-22T20:14:51+08:00 ] 61.155.4.78 /
INFO: [ app_init ] --START--
INFO: Run Behavior\BuildLiteBehavior [ RunTime:0.000000s ]
INFO: [ app_init ] --END-- [ RunTime:0.000000s ]
INFO: [ app_begin ] --START--
INFO: Run Behavior\ReadHtmlCacheBehavior [ RunTime:0.000000s ]
INFO: [ app_begin ] --END-- [ RunTime:0.000000s ]
NOTIC: [8] Undefined index: think_loginInfo E:\www.wprc365.com\Application\Home\Controller\CommonController.class.php 第 32 行.
SQL: SHOW COLUMNS FROM `think_review` [ RunTime:0.000000s ]
SQL: SELECT r.*,p.name,u.name as uname,i.image as touxiang FROM think_review as r INNER JOIN think_product_category as p on r.product_category_id=p.id INNER JOIN think_user as u on r.uid=u.id INNER JOIN think_user_info as i on i.uid=r.uid  WHERE ( r.checked=1 ) ORDER BY  comment_count desc,time desc  LIMIT 0,5   [ RunTime:0.000000s ]
SQL: SHOW COLUMNS FROM `think_review` [ RunTime:0.015625s ]
SQL: SELECT r.*,p.name,u.name as uname,i.image as touxiang FROM think_review as r INNER JOIN think_product_category as p on r.product_category_id=p.id INNER JOIN think_user as u on r.uid=u.id INNER JOIN think_user_info as i on i.uid=r.uid  WHERE ( r.checked=1 ) ORDER BY  time desc  LIMIT 0,5   [ RunTime:0.000000s ]
SQL: select `thumb_img` from think_review_img where rid=215 [ RunTime:0.000000s ]
SQL: select `thumb_img` from think_review_img where rid=218 [ RunTime:0.000000s ]
SQL: select `thumb_img` from think_review_img where rid=216 [ RunTime:0.000000s ]
SQL: select `thumb_img` from think_review_img where rid=204 [ RunTime:0.000000s ]
SQL: select `thumb_img` from think_review_img where rid=225 [ RunTime:0.000000s ]
SQL: select `thumb_img` from think_review_img where rid=225 [ RunTime:0.000000s ]
SQL: select `thumb_img` from think_review_img where rid=224 [ RunTime:0.000000s ]
SQL: select `thumb_img` from think_review_img where rid=223 [ RunTime:0.000000s ]
SQL: select `thumb_img` from think_review_img where rid=218 [ RunTime:0.000000s ]
SQL: select `thumb_img` from think_review_img where rid=216 [ RunTime:0.000000s ]
INFO: [ view_parse ] --START--
INFO: [ template_filter ] --START--
INFO: Run Behavior\ContentReplaceBehavior [ RunTime:0.000000s ]
INFO: [ template_filter ] --END-- [ RunTime:0.000000s ]
NOTIC: [8] Undefined index: loginInfo E:\www.wprc365.com\Runtime\Cache\Home\769e70f2e46f34ceb60619bbda5e4691.php 第 243 行.
NOTIC: [8] Undefined index: think_loginInfo E:\www.wprc365.com\Runtime\Cache\Home\769e70f2e46f34ceb60619bbda5e4691.php 第 243 行.
INFO: Run Behavior\ParseTemplateBehavior [ RunTime:0.062501s ]
INFO: [ view_parse ] --END-- [ RunTime:0.062501s ]
INFO: [ view_filter ] --START--
INFO: Run Behavior\WriteHtmlCacheBehavior [ RunTime:0.015625s ]
INFO: [ view_filter ] --END-- [ RunTime:0.015625s ]
INFO: [ app_end ] --START--
INFO: Run Behavior\ShowPageTraceBehavior [ RunTime:0.000000s ]
INFO: [ app_end ] --END-- [ RunTime:0.000000s ]

[ 2014-06-22T20:14:51+08:00 ] 61.155.4.78 /
INFO: [ app_init ] --START--
INFO: Run Behavior\BuildLiteBehavior [ RunTime:0.000000s ]
INFO: [ app_init ] --END-- [ RunTime:0.000000s ]
INFO: [ app_begin ] --START--
INFO: Run Behavior\ReadHtmlCacheBehavior [ RunTime:0.015625s ]
INFO: [ app_begin ] --END-- [ RunTime:0.015625s ]
NOTIC: [8] Undefined index: think_loginInfo E:\www.wprc365.com\Application\Home\Controller\CommonController.class.php 第 32 行.
SQL: SHOW COLUMNS FROM `think_review` [ RunTime:0.000000s ]
SQL: SELECT r.*,p.name,u.name as uname,i.image as touxiang FROM think_review as r INNER JOIN think_product_category as p on r.product_category_id=p.id INNER JOIN think_user as u on r.uid=u.id INNER JOIN think_user_info as i on i.uid=r.uid  WHERE ( r.checked=1 ) ORDER BY  comment_count desc,time desc  LIMIT 0,5   [ RunTime:0.000000s ]
SQL: SHOW COLUMNS FROM `think_review` [ RunTime:0.000000s ]
SQL: SELECT r.*,p.name,u.name as uname,i.image as touxiang FROM think_review as r INNER JOIN think_product_category as p on r.product_category_id=p.id INNER JOIN think_user as u on r.uid=u.id INNER JOIN think_user_info as i on i.uid=r.uid  WHERE ( r.checked=1 ) ORDER BY  time desc  LIMIT 0,5   [ RunTime:0.000000s ]
SQL: select `thumb_img` from think_review_img where rid=215 [ RunTime:0.000000s ]
SQL: select `thumb_img` from think_review_img where rid=218 [ RunTime:0.000000s ]
SQL: select `thumb_img` from think_review_img where rid=216 [ RunTime:0.000000s ]
SQL: select `thumb_img` from think_review_img where rid=204 [ RunTime:0.000000s ]
SQL: select `thumb_img` from think_review_img where rid=225 [ RunTime:0.000000s ]
SQL: select `thumb_img` from think_review_img where rid=225 [ RunTime:0.000000s ]
SQL: select `thumb_img` from think_review_img where rid=224 [ RunTime:0.000000s ]
SQL: select `thumb_img` from think_review_img where rid=223 [ RunTime:0.000000s ]
SQL: select `thumb_img` from think_review_img where rid=218 [ RunTime:0.000000s ]
SQL: select `thumb_img` from think_review_img where rid=216 [ RunTime:0.000000s ]
INFO: [ view_parse ] --START--
INFO: [ template_filter ] --START--
INFO: Run Behavior\ContentReplaceBehavior [ RunTime:0.000000s ]
INFO: [ template_filter ] --END-- [ RunTime:0.000000s ]
NOTIC: [8] Undefined index: loginInfo E:\www.wprc365.com\Runtime\Cache\Home\769e70f2e46f34ceb60619bbda5e4691.php 第 243 行.
NOTIC: [8] Undefined index: think_loginInfo E:\www.wprc365.com\Runtime\Cache\Home\769e70f2e46f34ceb60619bbda5e4691.php 第 243 行.
INFO: Run Behavior\ParseTemplateBehavior [ RunTime:0.062501s ]
INFO: [ view_parse ] --END-- [ RunTime:0.062501s ]
INFO: [ view_filter ] --START--
INFO: Run Behavior\WriteHtmlCacheBehavior [ RunTime:0.015625s ]
INFO: [ view_filter ] --END-- [ RunTime:0.015625s ]
INFO: [ app_end ] --START--
INFO: Run Behavior\ShowPageTraceBehavior [ RunTime:0.000000s ]
INFO: [ app_end ] --END-- [ RunTime:0.000000s ]

