[ 2014-05-04T10:24:50+08:00 ] 113.105.95.122 /
INFO: [ app_init ] --START--
INFO: Run Behavior\BuildLiteBehavior [ RunTime:0.000000s ]
INFO: [ app_init ] --END-- [ RunTime:0.000000s ]
INFO: [ app_begin ] --START--
INFO: Run Behavior\ReadHtmlCacheBehavior [ RunTime:0.000000s ]
INFO: [ app_begin ] --END-- [ RunTime:0.000000s ]
NOTIC: [8] Undefined index: think_loginInfo E:\wap.sjbmall.net\Application\Home\Controller\CommonController.class.php 第 27 行.
SQL: SHOW COLUMNS FROM `think_review` [ RunTime:0.000000s ]
SQL: SELECT r.*,p.name FROM think_review as r INNER JOIN think_product_category as p on r.product_category_id=p.id  ORDER BY  time desc  LIMIT 0,5   [ RunTime:0.000000s ]
NOTIC: [8] Undefined variable: page E:\wap.sjbmall.net\Application\Home\Controller\IndexController.class.php 第 25 行.
NOTIC: [8] Trying to get property of non-object E:\wap.sjbmall.net\Application\Home\Controller\IndexController.class.php 第 25 行.
NOTIC: [8] Undefined variable: limit E:\wap.sjbmall.net\Application\Home\Controller\IndexController.class.php 第 25 行.
NOTIC: [8] Trying to get property of non-object E:\wap.sjbmall.net\Application\Home\Controller\IndexController.class.php 第 25 行.
SQL: SHOW COLUMNS FROM `think_review` [ RunTime:0.000000s ]
SQL: SELECT r.*,p.name FROM think_review as r INNER JOIN think_product_category as p on r.product_category_id=p.id  ORDER BY  comment_count desc   [ RunTime:0.000000s ]
INFO: [ view_parse ] --START--
INFO: [ template_filter ] --START--
INFO: Run Behavior\ContentReplaceBehavior [ RunTime:0.000000s ]
INFO: [ template_filter ] --END-- [ RunTime:0.000000s ]
NOTIC: [8] Undefined property: Think\Storage\Driver\File::$isLogin E:\wap.sjbmall.net\Runtime\Cache\Home\769e70f2e46f34ceb60619bbda5e4691.php 第 16 行.
INFO: Run Behavior\ParseTemplateBehavior [ RunTime:0.015625s ]
INFO: [ view_parse ] --END-- [ RunTime:0.015625s ]
INFO: [ view_filter ] --START--
INFO: Run Behavior\WriteHtmlCacheBehavior [ RunTime:0.000000s ]
INFO: [ view_filter ] --END-- [ RunTime:0.000000s ]
INFO: [ app_end ] --START--
INFO: Run Behavior\ShowPageTraceBehavior [ RunTime:0.000000s ]
INFO: [ app_end ] --END-- [ RunTime:0.000000s ]

