[ 2014-07-30T00:43:14+08:00 ] 113.66.190.154 /home/user/login.html
INFO: [ app_init ] --START--
INFO: Run Behavior\BuildLiteBehavior [ RunTime:0.000048s ]
INFO: [ app_init ] --END-- [ RunTime:0.000206s ]
INFO: [ app_begin ] --START--
INFO: Run Behavior\ReadHtmlCacheBehavior [ RunTime:0.000734s ]
INFO: [ app_begin ] --END-- [ RunTime:0.000819s ]
NOTIC: [8] Undefined index: think_loginInfo /opt/nginx/html/www_wprc365_com/Application/Home/Controller/CommonController.class.php 第 41 行.
NOTIC: [8] Undefined index: think_loginInfo /opt/nginx/html/www_wprc365_com/Application/Home/Controller/CommonController.class.php 第 41 行.
SQL: SHOW COLUMNS FROM `think_user` [ RunTime:0.001343s ]
SQL: select * from think_user as u left join think_user_info as i on u.id=i.uid where u.id= [ RunTime:0.000132s ]
ERR: 1064:You have an error in your SQL syntax; check the manual that corresponds to your MySQL server version for the right syntax to use near '' at line 1
 [ SQL语句 ] : select * from think_user as u left join think_user_info as i on u.id=i.uid where u.id=
SQL: SHOW COLUMNS FROM `think_review` [ RunTime:0.001094s ]
SQL: SELECT COUNT(*) AS tp_count FROM `think_review` WHERE ( uid= ) LIMIT 1   [ RunTime:0.000136s ]
ERR: 1064:You have an error in your SQL syntax; check the manual that corresponds to your MySQL server version for the right syntax to use near ') LIMIT 1' at line 1
 [ SQL语句 ] : SELECT COUNT(*) AS tp_count FROM `think_review` WHERE ( uid= ) LIMIT 1  
NOTIC: [8] Undefined index: think_loginInfo /opt/nginx/html/www_wprc365_com/Application/Home/Controller/UserController.class.php 第 35 行.
INFO: [ view_parse ] --START--
INFO: [ template_filter ] --START--
INFO: Run Behavior\ContentReplaceBehavior [ RunTime:0.000181s ]
INFO: [ template_filter ] --END-- [ RunTime:0.000293s ]
NOTIC: [8] Undefined variable: name /opt/nginx/html/www_wprc365_com/Runtime/Cache/Home/b171d71961885d3bf0f7a9b2e0867b01.php 第 61 行.
INFO: Run Behavior\ParseTemplateBehavior [ RunTime:0.080998s ]
INFO: [ view_parse ] --END-- [ RunTime:0.081068s ]
INFO: [ view_filter ] --START--
INFO: Run Behavior\WriteHtmlCacheBehavior [ RunTime:0.017001s ]
INFO: [ view_filter ] --END-- [ RunTime:0.017074s ]
INFO: [ app_end ] --START--
INFO: Run Behavior\ShowPageTraceBehavior [ RunTime:0.044331s ]
INFO: [ app_end ] --END-- [ RunTime:0.044471s ]

[ 2014-07-30T01:54:46+08:00 ] 66.249.74.122 /home
INFO: [ app_init ] --START--
INFO: Run Behavior\BuildLiteBehavior [ RunTime:0.000020s ]
INFO: [ app_init ] --END-- [ RunTime:0.000151s ]
INFO: [ app_begin ] --START--
INFO: Run Behavior\ReadHtmlCacheBehavior [ RunTime:0.000762s ]
INFO: [ app_begin ] --END-- [ RunTime:0.000860s ]
NOTIC: [8] Undefined index: think_loginInfo /opt/nginx/html/www_wprc365_com/Application/Home/Controller/CommonController.class.php 第 41 行.
NOTIC: [8] Undefined index: think_loginInfo /opt/nginx/html/www_wprc365_com/Application/Home/Controller/CommonController.class.php 第 41 行.
SQL: SHOW COLUMNS FROM `think_user` [ RunTime:0.002219s ]
SQL: select * from think_user as u left join think_user_info as i on u.id=i.uid where u.id= [ RunTime:0.000200s ]
ERR: 1064:You have an error in your SQL syntax; check the manual that corresponds to your MySQL server version for the right syntax to use near '' at line 1
 [ SQL语句 ] : select * from think_user as u left join think_user_info as i on u.id=i.uid where u.id=
SQL: SHOW COLUMNS FROM `think_review` [ RunTime:0.001698s ]
SQL: SELECT COUNT(*) AS tp_count FROM `think_review` WHERE ( uid= ) LIMIT 1   [ RunTime:0.000179s ]
ERR: 1064:You have an error in your SQL syntax; check the manual that corresponds to your MySQL server version for the right syntax to use near ') LIMIT 1' at line 1
 [ SQL语句 ] : SELECT COUNT(*) AS tp_count FROM `think_review` WHERE ( uid= ) LIMIT 1  
SQL: SHOW COLUMNS FROM `think_review` [ RunTime:0.001718s ]
SQL: SELECT r.*,p.name,u.name as uname,i.image as touxiang FROM think_review as r INNER JOIN think_product_category as p on r.product_category_id=p.id INNER JOIN think_user as u on r.uid=u.id INNER JOIN think_user_info as i on i.uid=r.uid  WHERE ( r.checked=1 ) ORDER BY  comment_count desc,time desc  LIMIT 0,5   [ RunTime:0.003868s ]
SQL: SHOW COLUMNS FROM `think_review` [ RunTime:0.001749s ]
SQL: SELECT r.*,p.name,u.name as uname,i.image as touxiang FROM think_review as r INNER JOIN think_product_category as p on r.product_category_id=p.id INNER JOIN think_user as u on r.uid=u.id INNER JOIN think_user_info as i on i.uid=r.uid  WHERE ( r.checked=1 ) ORDER BY  time desc  LIMIT 0,5   [ RunTime:0.003636s ]
SQL: select `thumb_img` from think_review_img where rid=215 [ RunTime:0.000344s ]
SQL: select `thumb_img` from think_review_img where rid=218 [ RunTime:0.000335s ]
SQL: select `thumb_img` from think_review_img where rid=225 [ RunTime:0.000330s ]
SQL: select `thumb_img` from think_review_img where rid=216 [ RunTime:0.000327s ]
SQL: select `thumb_img` from think_review_img where rid=234 [ RunTime:0.000326s ]
SQL: select `thumb_img` from think_review_img where rid=242 [ RunTime:0.000320s ]
SQL: select `thumb_img` from think_review_img where rid=241 [ RunTime:0.000323s ]
SQL: select `thumb_img` from think_review_img where rid=240 [ RunTime:0.000296s ]
SQL: select `thumb_img` from think_review_img where rid=239 [ RunTime:0.000353s ]
SQL: select `thumb_img` from think_review_img where rid=238 [ RunTime:0.000322s ]
INFO: [ view_parse ] --START--
INFO: [ template_filter ] --START--
INFO: Run Behavior\ContentReplaceBehavior [ RunTime:0.000306s ]
INFO: [ template_filter ] --END-- [ RunTime:0.000417s ]
NOTIC: [8] Undefined variable: name /opt/nginx/html/www_wprc365_com/Runtime/Cache/Home/4ecb4d80ad15ce616466b3a831676d8e.php 第 270 行.
INFO: Run Behavior\ParseTemplateBehavior [ RunTime:0.069319s ]
INFO: [ view_parse ] --END-- [ RunTime:0.069458s ]
INFO: [ view_filter ] --START--
INFO: Run Behavior\WriteHtmlCacheBehavior [ RunTime:0.000323s ]
INFO: [ view_filter ] --END-- [ RunTime:0.000397s ]
INFO: [ app_end ] --START--
INFO: Run Behavior\ShowPageTraceBehavior [ RunTime:0.000852s ]
INFO: [ app_end ] --END-- [ RunTime:0.000947s ]

[ 2014-07-30T01:58:12+08:00 ] 66.249.74.114 /home/index/searchIndex
INFO: [ app_init ] --START--
INFO: Run Behavior\BuildLiteBehavior [ RunTime:0.000013s ]
INFO: [ app_init ] --END-- [ RunTime:0.000098s ]
INFO: [ app_begin ] --START--
INFO: Run Behavior\ReadHtmlCacheBehavior [ RunTime:0.000476s ]
INFO: [ app_begin ] --END-- [ RunTime:0.000531s ]
NOTIC: [8] Undefined index: think_loginInfo /opt/nginx/html/www_wprc365_com/Application/Home/Controller/CommonController.class.php 第 41 行.
NOTIC: [8] Undefined index: think_loginInfo /opt/nginx/html/www_wprc365_com/Application/Home/Controller/CommonController.class.php 第 41 行.
SQL: SHOW COLUMNS FROM `think_user` [ RunTime:0.001235s ]
SQL: select * from think_user as u left join think_user_info as i on u.id=i.uid where u.id= [ RunTime:0.000309s ]
ERR: 1064:You have an error in your SQL syntax; check the manual that corresponds to your MySQL server version for the right syntax to use near '' at line 1
 [ SQL语句 ] : select * from think_user as u left join think_user_info as i on u.id=i.uid where u.id=
SQL: SHOW COLUMNS FROM `think_review` [ RunTime:0.002326s ]
SQL: SELECT COUNT(*) AS tp_count FROM `think_review` WHERE ( uid= ) LIMIT 1   [ RunTime:0.000209s ]
ERR: 1064:You have an error in your SQL syntax; check the manual that corresponds to your MySQL server version for the right syntax to use near ') LIMIT 1' at line 1
 [ SQL语句 ] : SELECT COUNT(*) AS tp_count FROM `think_review` WHERE ( uid= ) LIMIT 1  
ERR: 模板不存在:./Application/Home/View/web/Index/searchindex.html

[ 2014-07-30T02:12:30+08:00 ] 66.249.74.122 /home/act/reviewInfo?id=218
INFO: [ app_init ] --START--
INFO: Run Behavior\BuildLiteBehavior [ RunTime:0.000025s ]
INFO: [ app_init ] --END-- [ RunTime:0.000179s ]
INFO: [ app_begin ] --START--
INFO: Run Behavior\ReadHtmlCacheBehavior [ RunTime:0.000804s ]
INFO: [ app_begin ] --END-- [ RunTime:0.000916s ]
NOTIC: [8] Undefined index: think_loginInfo /opt/nginx/html/www_wprc365_com/Application/Home/Controller/CommonController.class.php 第 41 行.
NOTIC: [8] Undefined index: think_loginInfo /opt/nginx/html/www_wprc365_com/Application/Home/Controller/CommonController.class.php 第 41 行.
SQL: SHOW COLUMNS FROM `think_user` [ RunTime:0.001995s ]
SQL: select * from think_user as u left join think_user_info as i on u.id=i.uid where u.id= [ RunTime:0.000185s ]
ERR: 1064:You have an error in your SQL syntax; check the manual that corresponds to your MySQL server version for the right syntax to use near '' at line 1
 [ SQL语句 ] : select * from think_user as u left join think_user_info as i on u.id=i.uid where u.id=
SQL: SHOW COLUMNS FROM `think_review` [ RunTime:0.001795s ]
SQL: SELECT COUNT(*) AS tp_count FROM `think_review` WHERE ( uid= ) LIMIT 1   [ RunTime:0.000174s ]
ERR: 1064:You have an error in your SQL syntax; check the manual that corresponds to your MySQL server version for the right syntax to use near ') LIMIT 1' at line 1
 [ SQL语句 ] : SELECT COUNT(*) AS tp_count FROM `think_review` WHERE ( uid= ) LIMIT 1  
SQL: SHOW COLUMNS FROM `think_review` [ RunTime:0.001867s ]
SQL: SHOW COLUMNS FROM `think_reply` [ RunTime:0.001603s ]
SQL: SELECT COUNT(*) AS tp_count FROM `think_reply` WHERE ( rid=218 and pid=0 ) LIMIT 1   [ RunTime:0.000458s ]
NOTIC: [2] Division by zero /opt/nginx/html/www_wprc365_com/Application/Lib/Page.class.php 第 52 行.
NOTIC: [8] Undefined index: P /opt/nginx/html/www_wprc365_com/Application/Lib/Page.class.php 第 54 行.
SQL: select think_user_info.*,think_review.*,think_product_category.name as pname,think_user.* from think_review inner join think_product_category on think_review.product_category_id=think_product_category.id inner join think_user on think_review.uid=think_user.id inner join think_user_info on think_review.uid=think_user_info.uid where think_review.id=218 and think_review.checked=1 limit 1 [ RunTime:0.000737s ]
SQL: select think_reply.*,think_user.name,think_user_info.image from think_reply inner join think_user on think_reply.uid=think_user.id inner join think_user_info on think_reply.uid=think_user_info.uid where think_reply.rid=218 and think_reply.pid=0 order by think_reply.time asc limit 0,10 [ RunTime:0.002165s ]
SQL: select think_reply.*,think_user.name,think_user_info.image from think_reply inner join think_user on think_reply.uid=think_user.id inner join think_user_info on think_reply.uid=think_user_info.uid where think_reply.rid=218 and think_reply.pid in (60,63,67,71,75,78) order by think_reply.time asc [ RunTime:0.002208s ]
SQL: SHOW COLUMNS FROM `think_review_img` [ RunTime:0.001572s ]
SQL: SELECT * FROM `think_review_img` WHERE ( rid=218 )  [ RunTime:0.000395s ]
NOTIC: [8] Undefined index: think_loginInfo /opt/nginx/html/www_wprc365_com/Application/Home/Controller/CommonController.class.php 第 41 行.
SQL: SHOW COLUMNS FROM `think_follow` [ RunTime:0.001502s ]
SQL: SELECT * FROM `think_follow` WHERE ( flollow_id= and uid=50 )  [ RunTime:0.000204s ]
ERR: 1064:You have an error in your SQL syntax; check the manual that corresponds to your MySQL server version for the right syntax to use near 'and uid=50 )' at line 1
 [ SQL语句 ] : SELECT * FROM `think_follow` WHERE ( flollow_id= and uid=50 ) 
SQL: SHOW COLUMNS FROM `think_user_info` [ RunTime:0.001755s ]
SQL: SELECT * FROM `think_user_info` WHERE ( uid= ) LIMIT 1   [ RunTime:0.000160s ]
ERR: 1064:You have an error in your SQL syntax; check the manual that corresponds to your MySQL server version for the right syntax to use near ') LIMIT 1' at line 1
 [ SQL语句 ] : SELECT * FROM `think_user_info` WHERE ( uid= ) LIMIT 1  
NOTIC: [2] Division by zero /opt/nginx/html/www_wprc365_com/Application/Lib/Page.class.php 第 90 行.
ERR: 模板不存在:./Application/Home/View/web/Act/reviewinfo.html

[ 2014-07-30T02:37:44+08:00 ] 123.125.71.17 /home/user/userIntro?uid=66
INFO: [ app_init ] --START--
INFO: Run Behavior\BuildLiteBehavior [ RunTime:0.000027s ]
INFO: [ app_init ] --END-- [ RunTime:0.000171s ]
INFO: [ app_begin ] --START--
INFO: Run Behavior\ReadHtmlCacheBehavior [ RunTime:0.000557s ]
INFO: [ app_begin ] --END-- [ RunTime:0.000681s ]
NOTIC: [8] Undefined index: think_loginInfo /opt/nginx/html/www_wprc365_com/Application/Home/Controller/CommonController.class.php 第 41 行.
NOTIC: [8] Undefined index: think_loginInfo /opt/nginx/html/www_wprc365_com/Application/Home/Controller/CommonController.class.php 第 41 行.
SQL: SHOW COLUMNS FROM `think_user` [ RunTime:0.001603s ]
SQL: select * from think_user as u left join think_user_info as i on u.id=i.uid where u.id= [ RunTime:0.000140s ]
ERR: 1064:You have an error in your SQL syntax; check the manual that corresponds to your MySQL server version for the right syntax to use near '' at line 1
 [ SQL语句 ] : select * from think_user as u left join think_user_info as i on u.id=i.uid where u.id=
SQL: SHOW COLUMNS FROM `think_review` [ RunTime:0.001142s ]
SQL: SELECT COUNT(*) AS tp_count FROM `think_review` WHERE ( uid= ) LIMIT 1   [ RunTime:0.000134s ]
ERR: 1064:You have an error in your SQL syntax; check the manual that corresponds to your MySQL server version for the right syntax to use near ') LIMIT 1' at line 1
 [ SQL语句 ] : SELECT COUNT(*) AS tp_count FROM `think_review` WHERE ( uid= ) LIMIT 1  
NOTIC: [8] Undefined index: think_loginInfo /opt/nginx/html/www_wprc365_com/Application/Home/Controller/CommonController.class.php 第 41 行.
SQL: SHOW COLUMNS FROM `think_follow` [ RunTime:0.000978s ]
SQL: SELECT * FROM `think_follow` WHERE ( uid=66 and flollow_id= ) LIMIT 1   [ RunTime:0.000110s ]
ERR: 1064:You have an error in your SQL syntax; check the manual that corresponds to your MySQL server version for the right syntax to use near ') LIMIT 1' at line 1
 [ SQL语句 ] : SELECT * FROM `think_follow` WHERE ( uid=66 and flollow_id= ) LIMIT 1  
SQL: select * from think_user as u left join think_user_info as i on u.id=i.uid where u.id=66 [ RunTime:0.000384s ]
SQL: SHOW COLUMNS FROM `think_review` [ RunTime:0.001276s ]
SQL: select * from think_review where uid=66 and checked=1 order by time desc limit 0,5 [ RunTime:0.000353s ]
SQL: select thumb_img,rid from think_review_img where rid in (select * from (select id from think_review where uid=66 and checked=1 order by time desc limit 0,5) as t) [ RunTime:0.000699s ]
ERR: 模板不存在:./Application/Home/View/web/User/userintro.html

[ 2014-07-30T03:58:02+08:00 ] 183.136.190.62 /
INFO: [ app_init ] --START--
INFO: Run Behavior\BuildLiteBehavior [ RunTime:0.000021s ]
INFO: [ app_init ] --END-- [ RunTime:0.000139s ]
INFO: [ app_begin ] --START--
INFO: Run Behavior\ReadHtmlCacheBehavior [ RunTime:0.001314s ]
INFO: [ app_begin ] --END-- [ RunTime:0.001432s ]
NOTIC: [8] Undefined index: think_loginInfo /opt/nginx/html/www_wprc365_com/Application/Home/Controller/CommonController.class.php 第 41 行.
NOTIC: [8] Undefined index: think_loginInfo /opt/nginx/html/www_wprc365_com/Application/Home/Controller/CommonController.class.php 第 41 行.
SQL: SHOW COLUMNS FROM `think_user` [ RunTime:0.002303s ]
SQL: select * from think_user as u left join think_user_info as i on u.id=i.uid where u.id= [ RunTime:0.000221s ]
ERR: 1064:You have an error in your SQL syntax; check the manual that corresponds to your MySQL server version for the right syntax to use near '' at line 1
 [ SQL语句 ] : select * from think_user as u left join think_user_info as i on u.id=i.uid where u.id=
SQL: SHOW COLUMNS FROM `think_review` [ RunTime:0.001750s ]
SQL: SELECT COUNT(*) AS tp_count FROM `think_review` WHERE ( uid= ) LIMIT 1   [ RunTime:0.000178s ]
ERR: 1064:You have an error in your SQL syntax; check the manual that corresponds to your MySQL server version for the right syntax to use near ') LIMIT 1' at line 1
 [ SQL语句 ] : SELECT COUNT(*) AS tp_count FROM `think_review` WHERE ( uid= ) LIMIT 1  
SQL: SHOW COLUMNS FROM `think_review` [ RunTime:0.001758s ]
SQL: SELECT r.*,p.name,u.name as uname,i.image as touxiang FROM think_review as r INNER JOIN think_product_category as p on r.product_category_id=p.id INNER JOIN think_user as u on r.uid=u.id INNER JOIN think_user_info as i on i.uid=r.uid  WHERE ( r.checked=1 ) ORDER BY  comment_count desc,time desc  LIMIT 0,5   [ RunTime:0.004691s ]
SQL: SHOW COLUMNS FROM `think_review` [ RunTime:0.001879s ]
SQL: SELECT r.*,p.name,u.name as uname,i.image as touxiang FROM think_review as r INNER JOIN think_product_category as p on r.product_category_id=p.id INNER JOIN think_user as u on r.uid=u.id INNER JOIN think_user_info as i on i.uid=r.uid  WHERE ( r.checked=1 ) ORDER BY  time desc  LIMIT 0,5   [ RunTime:0.003895s ]
SQL: select `thumb_img` from think_review_img where rid=215 [ RunTime:0.000476s ]
SQL: select `thumb_img` from think_review_img where rid=218 [ RunTime:0.000312s ]
SQL: select `thumb_img` from think_review_img where rid=225 [ RunTime:0.000323s ]
SQL: select `thumb_img` from think_review_img where rid=216 [ RunTime:0.000323s ]
SQL: select `thumb_img` from think_review_img where rid=234 [ RunTime:0.000325s ]
SQL: select `thumb_img` from think_review_img where rid=242 [ RunTime:0.000317s ]
SQL: select `thumb_img` from think_review_img where rid=241 [ RunTime:0.000325s ]
SQL: select `thumb_img` from think_review_img where rid=240 [ RunTime:0.000323s ]
SQL: select `thumb_img` from think_review_img where rid=239 [ RunTime:0.000309s ]
SQL: select `thumb_img` from think_review_img where rid=238 [ RunTime:0.000241s ]
INFO: [ view_parse ] --START--
INFO: [ template_filter ] --START--
INFO: Run Behavior\ContentReplaceBehavior [ RunTime:0.000170s ]
INFO: [ template_filter ] --END-- [ RunTime:0.000232s ]
NOTIC: [8] Undefined variable: name /opt/nginx/html/www_wprc365_com/Runtime/Cache/Home/4ecb4d80ad15ce616466b3a831676d8e.php 第 270 行.
INFO: Run Behavior\ParseTemplateBehavior [ RunTime:0.026191s ]
INFO: [ view_parse ] --END-- [ RunTime:0.026261s ]
INFO: [ view_filter ] --START--
INFO: Run Behavior\WriteHtmlCacheBehavior [ RunTime:0.000158s ]
INFO: [ view_filter ] --END-- [ RunTime:0.000202s ]
INFO: [ app_end ] --START--
INFO: Run Behavior\ShowPageTraceBehavior [ RunTime:0.000517s ]
INFO: [ app_end ] --END-- [ RunTime:0.000569s ]

[ 2014-07-30T05:09:05+08:00 ] 123.125.244.217 /
INFO: [ app_init ] --START--
INFO: Run Behavior\BuildLiteBehavior [ RunTime:0.000021s ]
INFO: [ app_init ] --END-- [ RunTime:0.000163s ]
INFO: [ app_begin ] --START--
INFO: Run Behavior\ReadHtmlCacheBehavior [ RunTime:0.000748s ]
INFO: [ app_begin ] --END-- [ RunTime:0.000836s ]
NOTIC: [8] Undefined index: think_loginInfo /opt/nginx/html/www_wprc365_com/Application/Home/Controller/CommonController.class.php 第 41 行.
NOTIC: [8] Undefined index: think_loginInfo /opt/nginx/html/www_wprc365_com/Application/Home/Controller/CommonController.class.php 第 41 行.
SQL: SHOW COLUMNS FROM `think_user` [ RunTime:0.001971s ]
SQL: select * from think_user as u left join think_user_info as i on u.id=i.uid where u.id= [ RunTime:0.000194s ]
ERR: 1064:You have an error in your SQL syntax; check the manual that corresponds to your MySQL server version for the right syntax to use near '' at line 1
 [ SQL语句 ] : select * from think_user as u left join think_user_info as i on u.id=i.uid where u.id=
SQL: SHOW COLUMNS FROM `think_review` [ RunTime:0.001791s ]
SQL: SELECT COUNT(*) AS tp_count FROM `think_review` WHERE ( uid= ) LIMIT 1   [ RunTime:0.000177s ]
ERR: 1064:You have an error in your SQL syntax; check the manual that corresponds to your MySQL server version for the right syntax to use near ') LIMIT 1' at line 1
 [ SQL语句 ] : SELECT COUNT(*) AS tp_count FROM `think_review` WHERE ( uid= ) LIMIT 1  
SQL: SHOW COLUMNS FROM `think_review` [ RunTime:0.002301s ]
SQL: SELECT r.*,p.name,u.name as uname,i.image as touxiang FROM think_review as r INNER JOIN think_product_category as p on r.product_category_id=p.id INNER JOIN think_user as u on r.uid=u.id INNER JOIN think_user_info as i on i.uid=r.uid  WHERE ( r.checked=1 ) ORDER BY  comment_count desc,time desc  LIMIT 0,5   [ RunTime:0.003982s ]
SQL: SHOW COLUMNS FROM `think_review` [ RunTime:0.001725s ]
SQL: SELECT r.*,p.name,u.name as uname,i.image as touxiang FROM think_review as r INNER JOIN think_product_category as p on r.product_category_id=p.id INNER JOIN think_user as u on r.uid=u.id INNER JOIN think_user_info as i on i.uid=r.uid  WHERE ( r.checked=1 ) ORDER BY  time desc  LIMIT 0,5   [ RunTime:0.003921s ]
SQL: select `thumb_img` from think_review_img where rid=215 [ RunTime:0.000352s ]
SQL: select `thumb_img` from think_review_img where rid=218 [ RunTime:0.000263s ]
SQL: select `thumb_img` from think_review_img where rid=225 [ RunTime:0.000208s ]
SQL: select `thumb_img` from think_review_img where rid=216 [ RunTime:0.000229s ]
SQL: select `thumb_img` from think_review_img where rid=234 [ RunTime:0.000205s ]
SQL: select `thumb_img` from think_review_img where rid=242 [ RunTime:0.000199s ]
SQL: select `thumb_img` from think_review_img where rid=241 [ RunTime:0.000196s ]
SQL: select `thumb_img` from think_review_img where rid=240 [ RunTime:0.000233s ]
SQL: select `thumb_img` from think_review_img where rid=239 [ RunTime:0.000198s ]
SQL: select `thumb_img` from think_review_img where rid=238 [ RunTime:0.000193s ]
INFO: [ view_parse ] --START--
INFO: [ template_filter ] --START--
INFO: Run Behavior\ContentReplaceBehavior [ RunTime:0.000165s ]
INFO: [ template_filter ] --END-- [ RunTime:0.000217s ]
NOTIC: [8] Undefined variable: name /opt/nginx/html/www_wprc365_com/Runtime/Cache/Home/4ecb4d80ad15ce616466b3a831676d8e.php 第 270 行.
INFO: Run Behavior\ParseTemplateBehavior [ RunTime:0.025657s ]
INFO: [ view_parse ] --END-- [ RunTime:0.025725s ]
INFO: [ view_filter ] --START--
INFO: Run Behavior\WriteHtmlCacheBehavior [ RunTime:0.000386s ]
INFO: [ view_filter ] --END-- [ RunTime:0.000451s ]
INFO: [ app_end ] --START--
INFO: Run Behavior\ShowPageTraceBehavior [ RunTime:0.000662s ]
INFO: [ app_end ] --END-- [ RunTime:0.000739s ]

[ 2014-07-30T06:16:00+08:00 ] 66.249.66.5 /home/index/searchIndex
INFO: [ app_init ] --START--
INFO: Run Behavior\BuildLiteBehavior [ RunTime:0.000022s ]
INFO: [ app_init ] --END-- [ RunTime:0.000167s ]
INFO: [ app_begin ] --START--
INFO: Run Behavior\ReadHtmlCacheBehavior [ RunTime:0.000743s ]
INFO: [ app_begin ] --END-- [ RunTime:0.000868s ]
NOTIC: [8] Undefined index: think_loginInfo /opt/nginx/html/www_wprc365_com/Application/Home/Controller/CommonController.class.php 第 41 行.
NOTIC: [8] Undefined index: think_loginInfo /opt/nginx/html/www_wprc365_com/Application/Home/Controller/CommonController.class.php 第 41 行.
SQL: SHOW COLUMNS FROM `think_user` [ RunTime:0.002221s ]
SQL: select * from think_user as u left join think_user_info as i on u.id=i.uid where u.id= [ RunTime:0.000268s ]
ERR: 1064:You have an error in your SQL syntax; check the manual that corresponds to your MySQL server version for the right syntax to use near '' at line 1
 [ SQL语句 ] : select * from think_user as u left join think_user_info as i on u.id=i.uid where u.id=
SQL: SHOW COLUMNS FROM `think_review` [ RunTime:0.001730s ]
SQL: SELECT COUNT(*) AS tp_count FROM `think_review` WHERE ( uid= ) LIMIT 1   [ RunTime:0.000181s ]
ERR: 1064:You have an error in your SQL syntax; check the manual that corresponds to your MySQL server version for the right syntax to use near ') LIMIT 1' at line 1
 [ SQL语句 ] : SELECT COUNT(*) AS tp_count FROM `think_review` WHERE ( uid= ) LIMIT 1  
ERR: 模板不存在:./Application/Home/View/web/Index/searchindex.html

[ 2014-07-30T06:17:28+08:00 ] 66.249.66.7 /home/act/reviewInfo?id=215
INFO: [ app_init ] --START--
INFO: Run Behavior\BuildLiteBehavior [ RunTime:0.000013s ]
INFO: [ app_init ] --END-- [ RunTime:0.000094s ]
INFO: [ app_begin ] --START--
INFO: Run Behavior\ReadHtmlCacheBehavior [ RunTime:0.000426s ]
INFO: [ app_begin ] --END-- [ RunTime:0.000480s ]
NOTIC: [8] Undefined index: think_loginInfo /opt/nginx/html/www_wprc365_com/Application/Home/Controller/CommonController.class.php 第 41 行.
NOTIC: [8] Undefined index: think_loginInfo /opt/nginx/html/www_wprc365_com/Application/Home/Controller/CommonController.class.php 第 41 行.
SQL: SHOW COLUMNS FROM `think_user` [ RunTime:0.001865s ]
SQL: select * from think_user as u left join think_user_info as i on u.id=i.uid where u.id= [ RunTime:0.000235s ]
ERR: 1064:You have an error in your SQL syntax; check the manual that corresponds to your MySQL server version for the right syntax to use near '' at line 1
 [ SQL语句 ] : select * from think_user as u left join think_user_info as i on u.id=i.uid where u.id=
SQL: SHOW COLUMNS FROM `think_review` [ RunTime:0.001744s ]
SQL: SELECT COUNT(*) AS tp_count FROM `think_review` WHERE ( uid= ) LIMIT 1   [ RunTime:0.000167s ]
ERR: 1064:You have an error in your SQL syntax; check the manual that corresponds to your MySQL server version for the right syntax to use near ') LIMIT 1' at line 1
 [ SQL语句 ] : SELECT COUNT(*) AS tp_count FROM `think_review` WHERE ( uid= ) LIMIT 1  
SQL: SHOW COLUMNS FROM `think_review` [ RunTime:0.001761s ]
SQL: SHOW COLUMNS FROM `think_reply` [ RunTime:0.001570s ]
SQL: SELECT COUNT(*) AS tp_count FROM `think_reply` WHERE ( rid=215 and pid=0 ) LIMIT 1   [ RunTime:0.000535s ]
NOTIC: [2] Division by zero /opt/nginx/html/www_wprc365_com/Application/Lib/Page.class.php 第 52 行.
NOTIC: [8] Undefined index: P /opt/nginx/html/www_wprc365_com/Application/Lib/Page.class.php 第 54 行.
SQL: select think_user_info.*,think_review.*,think_product_category.name as pname,think_user.* from think_review inner join think_product_category on think_review.product_category_id=think_product_category.id inner join think_user on think_review.uid=think_user.id inner join think_user_info on think_review.uid=think_user_info.uid where think_review.id=215 and think_review.checked=1 limit 1 [ RunTime:0.000718s ]
SQL: select think_reply.*,think_user.name,think_user_info.image from think_reply inner join think_user on think_reply.uid=think_user.id inner join think_user_info on think_reply.uid=think_user_info.uid where think_reply.rid=215 and think_reply.pid=0 order by think_reply.time asc limit 0,10 [ RunTime:0.002103s ]
SQL: select think_reply.*,think_user.name,think_user_info.image from think_reply inner join think_user on think_reply.uid=think_user.id inner join think_user_info on think_reply.uid=think_user_info.uid where think_reply.rid=215 and think_reply.pid in (57,58,59,61,70,81,92) order by think_reply.time asc [ RunTime:0.002174s ]
SQL: select name as `rename` from think_user where id=48 [ RunTime:0.000285s ]
SQL: select name as `rename` from think_user where id=51 [ RunTime:0.000262s ]
SQL: select name as `rename` from think_user where id=58 [ RunTime:0.000310s ]
SQL: select name as `rename` from think_user where id=54 [ RunTime:0.000257s ]
SQL: SHOW COLUMNS FROM `think_review_img` [ RunTime:0.001518s ]
SQL: SELECT * FROM `think_review_img` WHERE ( rid=215 )  [ RunTime:0.000351s ]
NOTIC: [8] Undefined index: think_loginInfo /opt/nginx/html/www_wprc365_com/Application/Home/Controller/CommonController.class.php 第 41 行.
SQL: SHOW COLUMNS FROM `think_follow` [ RunTime:0.001438s ]
SQL: SELECT * FROM `think_follow` WHERE ( flollow_id= and uid=49 )  [ RunTime:0.000254s ]
ERR: 1064:You have an error in your SQL syntax; check the manual that corresponds to your MySQL server version for the right syntax to use near 'and uid=49 )' at line 1
 [ SQL语句 ] : SELECT * FROM `think_follow` WHERE ( flollow_id= and uid=49 ) 
SQL: SHOW COLUMNS FROM `think_user_info` [ RunTime:0.001689s ]
SQL: SELECT * FROM `think_user_info` WHERE ( uid= ) LIMIT 1   [ RunTime:0.000157s ]
ERR: 1064:You have an error in your SQL syntax; check the manual that corresponds to your MySQL server version for the right syntax to use near ') LIMIT 1' at line 1
 [ SQL语句 ] : SELECT * FROM `think_user_info` WHERE ( uid= ) LIMIT 1  
NOTIC: [2] Division by zero /opt/nginx/html/www_wprc365_com/Application/Lib/Page.class.php 第 90 行.
ERR: 模板不存在:./Application/Home/View/web/Act/reviewinfo.html

[ 2014-07-30T08:20:48+08:00 ] 123.125.71.38 /
INFO: [ app_init ] --START--
INFO: Run Behavior\BuildLiteBehavior [ RunTime:0.000021s ]
INFO: [ app_init ] --END-- [ RunTime:0.000109s ]
INFO: [ app_begin ] --START--
INFO: Run Behavior\ReadHtmlCacheBehavior [ RunTime:0.000765s ]
INFO: [ app_begin ] --END-- [ RunTime:0.000850s ]
NOTIC: [8] Undefined index: think_loginInfo /opt/nginx/html/www_wprc365_com/Application/Home/Controller/CommonController.class.php 第 41 行.
NOTIC: [8] Undefined index: think_loginInfo /opt/nginx/html/www_wprc365_com/Application/Home/Controller/CommonController.class.php 第 41 行.
SQL: SHOW COLUMNS FROM `think_user` [ RunTime:0.001536s ]
SQL: select * from think_user as u left join think_user_info as i on u.id=i.uid where u.id= [ RunTime:0.000139s ]
ERR: 1064:You have an error in your SQL syntax; check the manual that corresponds to your MySQL server version for the right syntax to use near '' at line 1
 [ SQL语句 ] : select * from think_user as u left join think_user_info as i on u.id=i.uid where u.id=
SQL: SHOW COLUMNS FROM `think_review` [ RunTime:0.001147s ]
SQL: SELECT COUNT(*) AS tp_count FROM `think_review` WHERE ( uid= ) LIMIT 1   [ RunTime:0.000118s ]
ERR: 1064:You have an error in your SQL syntax; check the manual that corresponds to your MySQL server version for the right syntax to use near ') LIMIT 1' at line 1
 [ SQL语句 ] : SELECT COUNT(*) AS tp_count FROM `think_review` WHERE ( uid= ) LIMIT 1  
SQL: SHOW COLUMNS FROM `think_review` [ RunTime:0.001176s ]
SQL: SELECT r.*,p.name,u.name as uname,i.image as touxiang FROM think_review as r INNER JOIN think_product_category as p on r.product_category_id=p.id INNER JOIN think_user as u on r.uid=u.id INNER JOIN think_user_info as i on i.uid=r.uid  WHERE ( r.checked=1 ) ORDER BY  comment_count desc,time desc  LIMIT 0,5   [ RunTime:0.004754s ]
SQL: SHOW COLUMNS FROM `think_review` [ RunTime:0.002554s ]
SQL: SELECT r.*,p.name,u.name as uname,i.image as touxiang FROM think_review as r INNER JOIN think_product_category as p on r.product_category_id=p.id INNER JOIN think_user as u on r.uid=u.id INNER JOIN think_user_info as i on i.uid=r.uid  WHERE ( r.checked=1 ) ORDER BY  time desc  LIMIT 0,5   [ RunTime:0.003755s ]
SQL: select `thumb_img` from think_review_img where rid=215 [ RunTime:0.000356s ]
SQL: select `thumb_img` from think_review_img where rid=218 [ RunTime:0.000375s ]
SQL: select `thumb_img` from think_review_img where rid=225 [ RunTime:0.000322s ]
SQL: select `thumb_img` from think_review_img where rid=216 [ RunTime:0.000356s ]
SQL: select `thumb_img` from think_review_img where rid=234 [ RunTime:0.000256s ]
SQL: select `thumb_img` from think_review_img where rid=242 [ RunTime:0.000319s ]
SQL: select `thumb_img` from think_review_img where rid=241 [ RunTime:0.000321s ]
SQL: select `thumb_img` from think_review_img where rid=240 [ RunTime:0.000342s ]
SQL: select `thumb_img` from think_review_img where rid=239 [ RunTime:0.000317s ]
SQL: select `thumb_img` from think_review_img where rid=238 [ RunTime:0.000313s ]
INFO: [ view_parse ] --START--
INFO: [ template_filter ] --START--
INFO: Run Behavior\ContentReplaceBehavior [ RunTime:0.000308s ]
INFO: [ template_filter ] --END-- [ RunTime:0.000409s ]
NOTIC: [8] Undefined variable: name /opt/nginx/html/www_wprc365_com/Runtime/Cache/Home/4ecb4d80ad15ce616466b3a831676d8e.php 第 270 行.
INFO: Run Behavior\ParseTemplateBehavior [ RunTime:0.031264s ]
INFO: [ view_parse ] --END-- [ RunTime:0.031350s ]
INFO: [ view_filter ] --START--
INFO: Run Behavior\WriteHtmlCacheBehavior [ RunTime:0.000235s ]
INFO: [ view_filter ] --END-- [ RunTime:0.000307s ]
INFO: [ app_end ] --START--
INFO: Run Behavior\ShowPageTraceBehavior [ RunTime:0.000895s ]
INFO: [ app_end ] --END-- [ RunTime:0.000991s ]

[ 2014-07-30T12:01:02+08:00 ] 218.241.97.200 /
INFO: [ app_init ] --START--
INFO: Run Behavior\BuildLiteBehavior [ RunTime:0.000012s ]
INFO: [ app_init ] --END-- [ RunTime:0.000140s ]
INFO: [ app_begin ] --START--
INFO: Run Behavior\ReadHtmlCacheBehavior [ RunTime:0.000723s ]
INFO: [ app_begin ] --END-- [ RunTime:0.000809s ]
NOTIC: [8] Undefined index: think_loginInfo /opt/nginx/html/www_wprc365_com/Application/Home/Controller/CommonController.class.php 第 41 行.
NOTIC: [8] Undefined index: think_loginInfo /opt/nginx/html/www_wprc365_com/Application/Home/Controller/CommonController.class.php 第 41 行.
SQL: SHOW COLUMNS FROM `think_user` [ RunTime:0.001952s ]
SQL: select * from think_user as u left join think_user_info as i on u.id=i.uid where u.id= [ RunTime:0.000233s ]
ERR: 1064:You have an error in your SQL syntax; check the manual that corresponds to your MySQL server version for the right syntax to use near '' at line 1
 [ SQL语句 ] : select * from think_user as u left join think_user_info as i on u.id=i.uid where u.id=
SQL: SHOW COLUMNS FROM `think_review` [ RunTime:0.001755s ]
SQL: SELECT COUNT(*) AS tp_count FROM `think_review` WHERE ( uid= ) LIMIT 1   [ RunTime:0.000159s ]
ERR: 1064:You have an error in your SQL syntax; check the manual that corresponds to your MySQL server version for the right syntax to use near ') LIMIT 1' at line 1
 [ SQL语句 ] : SELECT COUNT(*) AS tp_count FROM `think_review` WHERE ( uid= ) LIMIT 1  
SQL: SHOW COLUMNS FROM `think_review` [ RunTime:0.001887s ]
SQL: SELECT r.*,p.name,u.name as uname,i.image as touxiang FROM think_review as r INNER JOIN think_product_category as p on r.product_category_id=p.id INNER JOIN think_user as u on r.uid=u.id INNER JOIN think_user_info as i on i.uid=r.uid  WHERE ( r.checked=1 ) ORDER BY  comment_count desc,time desc  LIMIT 0,5   [ RunTime:0.004150s ]
SQL: SHOW COLUMNS FROM `think_review` [ RunTime:0.001766s ]
SQL: SELECT r.*,p.name,u.name as uname,i.image as touxiang FROM think_review as r INNER JOIN think_product_category as p on r.product_category_id=p.id INNER JOIN think_user as u on r.uid=u.id INNER JOIN think_user_info as i on i.uid=r.uid  WHERE ( r.checked=1 ) ORDER BY  time desc  LIMIT 0,5   [ RunTime:0.003928s ]
SQL: select `thumb_img` from think_review_img where rid=215 [ RunTime:0.000349s ]
SQL: select `thumb_img` from think_review_img where rid=218 [ RunTime:0.000383s ]
SQL: select `thumb_img` from think_review_img where rid=225 [ RunTime:0.000321s ]
SQL: select `thumb_img` from think_review_img where rid=216 [ RunTime:0.000380s ]
SQL: select `thumb_img` from think_review_img where rid=234 [ RunTime:0.000315s ]
SQL: select `thumb_img` from think_review_img where rid=242 [ RunTime:0.000385s ]
SQL: select `thumb_img` from think_review_img where rid=241 [ RunTime:0.000323s ]
SQL: select `thumb_img` from think_review_img where rid=240 [ RunTime:0.000393s ]
SQL: select `thumb_img` from think_review_img where rid=239 [ RunTime:0.000395s ]
SQL: select `thumb_img` from think_review_img where rid=238 [ RunTime:0.000392s ]
INFO: [ view_parse ] --START--
INFO: [ template_filter ] --START--
INFO: Run Behavior\ContentReplaceBehavior [ RunTime:0.000278s ]
INFO: [ template_filter ] --END-- [ RunTime:0.000370s ]
NOTIC: [8] Undefined variable: name /opt/nginx/html/www_wprc365_com/Runtime/Cache/Home/4ecb4d80ad15ce616466b3a831676d8e.php 第 270 行.
INFO: Run Behavior\ParseTemplateBehavior [ RunTime:0.032090s ]
INFO: [ view_parse ] --END-- [ RunTime:0.032173s ]
INFO: [ view_filter ] --START--
INFO: Run Behavior\WriteHtmlCacheBehavior [ RunTime:0.000242s ]
INFO: [ view_filter ] --END-- [ RunTime:0.000315s ]
INFO: [ app_end ] --START--
INFO: Run Behavior\ShowPageTraceBehavior [ RunTime:0.000830s ]
INFO: [ app_end ] --END-- [ RunTime:0.000914s ]

[ 2014-07-30T22:04:47+08:00 ] 66.249.74.118 /home/act/reviewInfo?id=225
INFO: [ app_init ] --START--
INFO: Run Behavior\BuildLiteBehavior [ RunTime:0.000021s ]
INFO: [ app_init ] --END-- [ RunTime:0.000111s ]
INFO: [ app_begin ] --START--
INFO: Run Behavior\ReadHtmlCacheBehavior [ RunTime:0.003013s ]
INFO: [ app_begin ] --END-- [ RunTime:0.003157s ]
NOTIC: [8] Undefined index: think_loginInfo /opt/nginx/html/www_wprc365_com/Application/Home/Controller/CommonController.class.php 第 41 行.
NOTIC: [8] Undefined index: think_loginInfo /opt/nginx/html/www_wprc365_com/Application/Home/Controller/CommonController.class.php 第 41 行.
SQL: SHOW COLUMNS FROM `think_user` [ RunTime:0.002037s ]
SQL: select * from think_user as u left join think_user_info as i on u.id=i.uid where u.id= [ RunTime:0.000207s ]
ERR: 1064:You have an error in your SQL syntax; check the manual that corresponds to your MySQL server version for the right syntax to use near '' at line 1
 [ SQL语句 ] : select * from think_user as u left join think_user_info as i on u.id=i.uid where u.id=
SQL: SHOW COLUMNS FROM `think_review` [ RunTime:0.001799s ]
SQL: SELECT COUNT(*) AS tp_count FROM `think_review` WHERE ( uid= ) LIMIT 1   [ RunTime:0.000180s ]
ERR: 1064:You have an error in your SQL syntax; check the manual that corresponds to your MySQL server version for the right syntax to use near ') LIMIT 1' at line 1
 [ SQL语句 ] : SELECT COUNT(*) AS tp_count FROM `think_review` WHERE ( uid= ) LIMIT 1  
SQL: SHOW COLUMNS FROM `think_review` [ RunTime:0.001951s ]
SQL: SHOW COLUMNS FROM `think_reply` [ RunTime:0.001572s ]
SQL: SELECT COUNT(*) AS tp_count FROM `think_reply` WHERE ( rid=225 and pid=0 ) LIMIT 1   [ RunTime:0.007197s ]
NOTIC: [2] Division by zero /opt/nginx/html/www_wprc365_com/Application/Lib/Page.class.php 第 52 行.
NOTIC: [8] Undefined index: P /opt/nginx/html/www_wprc365_com/Application/Lib/Page.class.php 第 54 行.
SQL: select think_user_info.*,think_review.*,think_product_category.name as pname,think_user.* from think_review inner join think_product_category on think_review.product_category_id=think_product_category.id inner join think_user on think_review.uid=think_user.id inner join think_user_info on think_review.uid=think_user_info.uid where think_review.id=225 and think_review.checked=1 limit 1 [ RunTime:0.007885s ]
SQL: select think_reply.*,think_user.name,think_user_info.image from think_reply inner join think_user on think_reply.uid=think_user.id inner join think_user_info on think_reply.uid=think_user_info.uid where think_reply.rid=225 and think_reply.pid=0 order by think_reply.time asc limit 0,10 [ RunTime:0.002146s ]
SQL: select think_reply.*,think_user.name,think_user_info.image from think_reply inner join think_user on think_reply.uid=think_user.id inner join think_user_info on think_reply.uid=think_user_info.uid where think_reply.rid=225 and think_reply.pid in (72,76,77,82) order by think_reply.time asc [ RunTime:0.002176s ]
SQL: select name as `rename` from think_user where id=54 [ RunTime:0.000313s ]
SQL: SHOW COLUMNS FROM `think_review_img` [ RunTime:0.001629s ]
SQL: SELECT * FROM `think_review_img` WHERE ( rid=225 )  [ RunTime:0.002108s ]
NOTIC: [8] Undefined index: think_loginInfo /opt/nginx/html/www_wprc365_com/Application/Home/Controller/CommonController.class.php 第 41 行.
SQL: SHOW COLUMNS FROM `think_follow` [ RunTime:0.001482s ]
SQL: SELECT * FROM `think_follow` WHERE ( flollow_id= and uid=53 )  [ RunTime:0.000231s ]
ERR: 1064:You have an error in your SQL syntax; check the manual that corresponds to your MySQL server version for the right syntax to use near 'and uid=53 )' at line 1
 [ SQL语句 ] : SELECT * FROM `think_follow` WHERE ( flollow_id= and uid=53 ) 
SQL: SHOW COLUMNS FROM `think_user_info` [ RunTime:0.001669s ]
SQL: SELECT * FROM `think_user_info` WHERE ( uid= ) LIMIT 1   [ RunTime:0.000144s ]
ERR: 1064:You have an error in your SQL syntax; check the manual that corresponds to your MySQL server version for the right syntax to use near ') LIMIT 1' at line 1
 [ SQL语句 ] : SELECT * FROM `think_user_info` WHERE ( uid= ) LIMIT 1  
NOTIC: [2] Division by zero /opt/nginx/html/www_wprc365_com/Application/Lib/Page.class.php 第 90 行.
ERR: 模板不存在:./Application/Home/View/web/Act/reviewinfo.html

