[ 2014-05-13T01:57:31+08:00 ] 66.249.66.155 /
INFO: [ app_init ] --START--
INFO: Run Behavior\BuildLiteBehavior [ RunTime:0.000000s ]
INFO: [ app_init ] --END-- [ RunTime:0.000000s ]
INFO: [ app_begin ] --START--
INFO: Run Behavior\ReadHtmlCacheBehavior [ RunTime:0.000000s ]
INFO: [ app_begin ] --END-- [ RunTime:0.000000s ]
NOTIC: [8] Undefined index: think_loginInfo E:\wap.sjbmall.net\Application\Home\Controller\CommonController.class.php 第 28 行.
SQL: SHOW COLUMNS FROM `think_review` [ RunTime:0.000000s ]
SQL: SELECT r.*,p.name FROM think_review as r INNER JOIN think_product_category as p on r.product_category_id=p.id  ORDER BY  time desc  LIMIT 0,5   [ RunTime:0.000000s ]
NOTIC: [8] Undefined variable: page E:\wap.sjbmall.net\Application\Home\Controller\IndexController.class.php 第 25 行.
NOTIC: [8] Trying to get property of non-object E:\wap.sjbmall.net\Application\Home\Controller\IndexController.class.php 第 25 行.
NOTIC: [8] Undefined variable: limit E:\wap.sjbmall.net\Application\Home\Controller\IndexController.class.php 第 25 行.
NOTIC: [8] Trying to get property of non-object E:\wap.sjbmall.net\Application\Home\Controller\IndexController.class.php 第 25 行.
SQL: SHOW COLUMNS FROM `think_review` [ RunTime:0.000000s ]
SQL: SELECT r.*,p.name FROM think_review as r INNER JOIN think_product_category as p on r.product_category_id=p.id  ORDER BY  comment_count desc   [ RunTime:0.000000s ]
INFO: [ view_parse ] --START--
INFO: [ template_filter ] --START--
INFO: Run Behavior\ContentReplaceBehavior [ RunTime:0.000000s ]
INFO: [ template_filter ] --END-- [ RunTime:0.000000s ]
INFO: Run Behavior\ParseTemplateBehavior [ RunTime:0.015625s ]
INFO: [ view_parse ] --END-- [ RunTime:0.015625s ]
INFO: [ view_filter ] --START--
INFO: Run Behavior\WriteHtmlCacheBehavior [ RunTime:0.000000s ]
INFO: [ view_filter ] --END-- [ RunTime:0.000000s ]
INFO: [ app_end ] --START--
INFO: Run Behavior\ShowPageTraceBehavior [ RunTime:0.015625s ]
INFO: [ app_end ] --END-- [ RunTime:0.015625s ]

[ 2014-05-13T06:07:54+08:00 ] 66.249.66.151 /home/user/qqLogin
INFO: [ app_init ] --START--
INFO: Run Behavior\BuildLiteBehavior [ RunTime:0.000000s ]
INFO: [ app_init ] --END-- [ RunTime:0.000000s ]
INFO: [ app_begin ] --START--
INFO: Run Behavior\ReadHtmlCacheBehavior [ RunTime:0.000000s ]
INFO: [ app_begin ] --END-- [ RunTime:0.000000s ]
NOTIC: [8] Undefined index: think_loginInfo E:\wap.sjbmall.net\Application\Home\Controller\CommonController.class.php 第 28 行.
INFO: [ app_end ] --START--
INFO: Run Behavior\ShowPageTraceBehavior [ RunTime:0.000000s ]
INFO: [ app_end ] --END-- [ RunTime:0.000000s ]

[ 2014-05-13T06:08:43+08:00 ] 66.249.66.158 /home/user/checkLogin
INFO: [ app_init ] --START--
INFO: Run Behavior\BuildLiteBehavior [ RunTime:0.000000s ]
INFO: [ app_init ] --END-- [ RunTime:0.000000s ]
INFO: [ app_begin ] --START--
INFO: Run Behavior\ReadHtmlCacheBehavior [ RunTime:0.000000s ]
INFO: [ app_begin ] --END-- [ RunTime:0.000000s ]
NOTIC: [8] Undefined index: think_loginInfo E:\wap.sjbmall.net\Application\Home\Controller\CommonController.class.php 第 28 行.
NOTIC: [8] Undefined index: name E:\wap.sjbmall.net\Application\Home\Controller\UserController.class.php 第 42 行.
NOTIC: [8] Undefined index: password E:\wap.sjbmall.net\Application\Home\Controller\UserController.class.php 第 43 行.
SQL: SHOW COLUMNS FROM `think_user` [ RunTime:0.000000s ]
SQL: SELECT * FROM `think_user` WHERE (  `account`='' ) LIMIT 1   [ RunTime:0.000000s ]

