[ 2014-07-29T00:05:00+08:00 ] 220.181.108.104 /home/user/userIntro?uid=67
INFO: [ app_init ] --START--
INFO: Run Behavior\BuildLiteBehavior [ RunTime:0.000045s ]
INFO: [ app_init ] --END-- [ RunTime:0.000228s ]
INFO: [ app_begin ] --START--
INFO: Run Behavior\ReadHtmlCacheBehavior [ RunTime:0.000803s ]
INFO: [ app_begin ] --END-- [ RunTime:0.000883s ]
NOTIC: [8] Undefined index: think_loginInfo /opt/nginx/html/www_wprc365_com/Application/Home/Controller/CommonController.class.php 第 41 行.
NOTIC: [8] Undefined index: think_loginInfo /opt/nginx/html/www_wprc365_com/Application/Home/Controller/CommonController.class.php 第 41 行.
SQL: SHOW COLUMNS FROM `think_user` [ RunTime:0.002135s ]
SQL: select * from think_user as u left join think_user_info as i on u.id=i.uid where u.id= [ RunTime:0.000211s ]
ERR: 1064:You have an error in your SQL syntax; check the manual that corresponds to your MySQL server version for the right syntax to use near '' at line 1
 [ SQL语句 ] : select * from think_user as u left join think_user_info as i on u.id=i.uid where u.id=
SQL: SHOW COLUMNS FROM `think_review` [ RunTime:0.001855s ]
SQL: SELECT COUNT(*) AS tp_count FROM `think_review` WHERE ( uid= ) LIMIT 1   [ RunTime:0.000177s ]
ERR: 1064:You have an error in your SQL syntax; check the manual that corresponds to your MySQL server version for the right syntax to use near ') LIMIT 1' at line 1
 [ SQL语句 ] : SELECT COUNT(*) AS tp_count FROM `think_review` WHERE ( uid= ) LIMIT 1  
NOTIC: [8] Undefined index: think_loginInfo /opt/nginx/html/www_wprc365_com/Application/Home/Controller/CommonController.class.php 第 41 行.
SQL: SHOW COLUMNS FROM `think_follow` [ RunTime:0.001575s ]
SQL: SELECT * FROM `think_follow` WHERE ( uid=67 and flollow_id= ) LIMIT 1   [ RunTime:0.000165s ]
ERR: 1064:You have an error in your SQL syntax; check the manual that corresponds to your MySQL server version for the right syntax to use near ') LIMIT 1' at line 1
 [ SQL语句 ] : SELECT * FROM `think_follow` WHERE ( uid=67 and flollow_id= ) LIMIT 1  
SQL: select * from think_user as u left join think_user_info as i on u.id=i.uid where u.id=67 [ RunTime:0.000603s ]
SQL: SHOW COLUMNS FROM `think_review` [ RunTime:0.001867s ]
SQL: select * from think_review where uid=67 and checked=1 order by time desc limit 0,5 [ RunTime:0.000875s ]
SQL: select thumb_img,rid from think_review_img where rid in (select * from (select id from think_review where uid=67 and checked=1 order by time desc limit 0,5) as t) [ RunTime:0.057599s ]
ERR: 模板不存在:./Application/Home/View/web/User/userintro.html

[ 2014-07-29T01:38:51+08:00 ] 62.210.129.169 /
INFO: [ app_init ] --START--
INFO: Run Behavior\BuildLiteBehavior [ RunTime:0.000020s ]
INFO: [ app_init ] --END-- [ RunTime:0.000135s ]
INFO: [ app_begin ] --START--
INFO: Run Behavior\ReadHtmlCacheBehavior [ RunTime:0.000738s ]
INFO: [ app_begin ] --END-- [ RunTime:0.000823s ]
NOTIC: [8] Undefined index: think_loginInfo /opt/nginx/html/www_wprc365_com/Application/Home/Controller/CommonController.class.php 第 41 行.
NOTIC: [8] Undefined index: think_loginInfo /opt/nginx/html/www_wprc365_com/Application/Home/Controller/CommonController.class.php 第 41 行.
SQL: SHOW COLUMNS FROM `think_user` [ RunTime:0.001951s ]
SQL: select * from think_user as u left join think_user_info as i on u.id=i.uid where u.id= [ RunTime:0.000191s ]
ERR: 1064:You have an error in your SQL syntax; check the manual that corresponds to your MySQL server version for the right syntax to use near '' at line 1
 [ SQL语句 ] : select * from think_user as u left join think_user_info as i on u.id=i.uid where u.id=
SQL: SHOW COLUMNS FROM `think_review` [ RunTime:0.001818s ]
SQL: SELECT COUNT(*) AS tp_count FROM `think_review` WHERE ( uid= ) LIMIT 1   [ RunTime:0.000174s ]
ERR: 1064:You have an error in your SQL syntax; check the manual that corresponds to your MySQL server version for the right syntax to use near ') LIMIT 1' at line 1
 [ SQL语句 ] : SELECT COUNT(*) AS tp_count FROM `think_review` WHERE ( uid= ) LIMIT 1  
SQL: SHOW COLUMNS FROM `think_review` [ RunTime:0.001762s ]
SQL: SELECT r.*,p.name,u.name as uname,i.image as touxiang FROM think_review as r INNER JOIN think_product_category as p on r.product_category_id=p.id INNER JOIN think_user as u on r.uid=u.id INNER JOIN think_user_info as i on i.uid=r.uid  WHERE ( r.checked=1 ) ORDER BY  comment_count desc,time desc  LIMIT 0,5   [ RunTime:0.003976s ]
SQL: SHOW COLUMNS FROM `think_review` [ RunTime:0.001781s ]
SQL: SELECT r.*,p.name,u.name as uname,i.image as touxiang FROM think_review as r INNER JOIN think_product_category as p on r.product_category_id=p.id INNER JOIN think_user as u on r.uid=u.id INNER JOIN think_user_info as i on i.uid=r.uid  WHERE ( r.checked=1 ) ORDER BY  time desc  LIMIT 0,5   [ RunTime:0.003751s ]
SQL: select `thumb_img` from think_review_img where rid=215 [ RunTime:0.000346s ]
SQL: select `thumb_img` from think_review_img where rid=218 [ RunTime:0.000210s ]
SQL: select `thumb_img` from think_review_img where rid=225 [ RunTime:0.000304s ]
SQL: select `thumb_img` from think_review_img where rid=216 [ RunTime:0.000369s ]
SQL: select `thumb_img` from think_review_img where rid=234 [ RunTime:0.000275s ]
SQL: select `thumb_img` from think_review_img where rid=242 [ RunTime:0.000387s ]
SQL: select `thumb_img` from think_review_img where rid=241 [ RunTime:0.000531s ]
SQL: select `thumb_img` from think_review_img where rid=240 [ RunTime:0.000522s ]
SQL: select `thumb_img` from think_review_img where rid=239 [ RunTime:0.000421s ]
SQL: select `thumb_img` from think_review_img where rid=238 [ RunTime:0.000411s ]
INFO: [ view_parse ] --START--
INFO: [ template_filter ] --START--
INFO: Run Behavior\ContentReplaceBehavior [ RunTime:0.000207s ]
INFO: [ template_filter ] --END-- [ RunTime:0.000280s ]
NOTIC: [8] Undefined variable: name /opt/nginx/html/www_wprc365_com/Runtime/Cache/Home/4ecb4d80ad15ce616466b3a831676d8e.php 第 270 行.
INFO: Run Behavior\ParseTemplateBehavior [ RunTime:0.023158s ]
INFO: [ view_parse ] --END-- [ RunTime:0.023240s ]
INFO: [ view_filter ] --START--
INFO: Run Behavior\WriteHtmlCacheBehavior [ RunTime:0.000147s ]
INFO: [ view_filter ] --END-- [ RunTime:0.000192s ]
INFO: [ app_end ] --START--
INFO: Run Behavior\ShowPageTraceBehavior [ RunTime:0.000537s ]
INFO: [ app_end ] --END-- [ RunTime:0.000590s ]

[ 2014-07-29T04:15:08+08:00 ] 123.125.71.18 /home/user/userIntro?uid=50
INFO: [ app_init ] --START--
INFO: Run Behavior\BuildLiteBehavior [ RunTime:0.000021s ]
INFO: [ app_init ] --END-- [ RunTime:0.000204s ]
INFO: [ app_begin ] --START--
INFO: Run Behavior\ReadHtmlCacheBehavior [ RunTime:0.000737s ]
INFO: [ app_begin ] --END-- [ RunTime:0.000824s ]
NOTIC: [8] Undefined index: think_loginInfo /opt/nginx/html/www_wprc365_com/Application/Home/Controller/CommonController.class.php 第 41 行.
NOTIC: [8] Undefined index: think_loginInfo /opt/nginx/html/www_wprc365_com/Application/Home/Controller/CommonController.class.php 第 41 行.
SQL: SHOW COLUMNS FROM `think_user` [ RunTime:0.002467s ]
SQL: select * from think_user as u left join think_user_info as i on u.id=i.uid where u.id= [ RunTime:0.000224s ]
ERR: 1064:You have an error in your SQL syntax; check the manual that corresponds to your MySQL server version for the right syntax to use near '' at line 1
 [ SQL语句 ] : select * from think_user as u left join think_user_info as i on u.id=i.uid where u.id=
SQL: SHOW COLUMNS FROM `think_review` [ RunTime:0.001691s ]
SQL: SELECT COUNT(*) AS tp_count FROM `think_review` WHERE ( uid= ) LIMIT 1   [ RunTime:0.000178s ]
ERR: 1064:You have an error in your SQL syntax; check the manual that corresponds to your MySQL server version for the right syntax to use near ') LIMIT 1' at line 1
 [ SQL语句 ] : SELECT COUNT(*) AS tp_count FROM `think_review` WHERE ( uid= ) LIMIT 1  
NOTIC: [8] Undefined index: think_loginInfo /opt/nginx/html/www_wprc365_com/Application/Home/Controller/CommonController.class.php 第 41 行.
SQL: SHOW COLUMNS FROM `think_follow` [ RunTime:0.001543s ]
SQL: SELECT * FROM `think_follow` WHERE ( uid=50 and flollow_id= ) LIMIT 1   [ RunTime:0.000153s ]
ERR: 1064:You have an error in your SQL syntax; check the manual that corresponds to your MySQL server version for the right syntax to use near ') LIMIT 1' at line 1
 [ SQL语句 ] : SELECT * FROM `think_follow` WHERE ( uid=50 and flollow_id= ) LIMIT 1  
SQL: select * from think_user as u left join think_user_info as i on u.id=i.uid where u.id=50 [ RunTime:0.000577s ]
SQL: SHOW COLUMNS FROM `think_review` [ RunTime:0.002476s ]
SQL: select * from think_review where uid=50 and checked=1 order by time desc limit 0,5 [ RunTime:0.000626s ]
SQL: select thumb_img,rid from think_review_img where rid in (select * from (select id from think_review where uid=50 and checked=1 order by time desc limit 0,5) as t) [ RunTime:0.000905s ]
ERR: 模板不存在:./Application/Home/View/web/User/userintro.html

[ 2014-07-29T05:19:11+08:00 ] 42.120.145.186 /
INFO: [ app_init ] --START--
INFO: Run Behavior\BuildLiteBehavior [ RunTime:0.000023s ]
INFO: [ app_init ] --END-- [ RunTime:0.000193s ]
INFO: [ app_begin ] --START--
INFO: Run Behavior\ReadHtmlCacheBehavior [ RunTime:0.000788s ]
INFO: [ app_begin ] --END-- [ RunTime:0.000873s ]
NOTIC: [8] Undefined index: think_loginInfo /opt/nginx/html/www_wprc365_com/Application/Home/Controller/CommonController.class.php 第 41 行.
NOTIC: [8] Undefined index: think_loginInfo /opt/nginx/html/www_wprc365_com/Application/Home/Controller/CommonController.class.php 第 41 行.
SQL: SHOW COLUMNS FROM `think_user` [ RunTime:0.001311s ]
SQL: select * from think_user as u left join think_user_info as i on u.id=i.uid where u.id= [ RunTime:0.000126s ]
ERR: 1064:You have an error in your SQL syntax; check the manual that corresponds to your MySQL server version for the right syntax to use near '' at line 1
 [ SQL语句 ] : select * from think_user as u left join think_user_info as i on u.id=i.uid where u.id=
SQL: SHOW COLUMNS FROM `think_review` [ RunTime:0.001049s ]
SQL: SELECT COUNT(*) AS tp_count FROM `think_review` WHERE ( uid= ) LIMIT 1   [ RunTime:0.000111s ]
ERR: 1064:You have an error in your SQL syntax; check the manual that corresponds to your MySQL server version for the right syntax to use near ') LIMIT 1' at line 1
 [ SQL语句 ] : SELECT COUNT(*) AS tp_count FROM `think_review` WHERE ( uid= ) LIMIT 1  
SQL: SHOW COLUMNS FROM `think_review` [ RunTime:0.001051s ]
SQL: SELECT r.*,p.name,u.name as uname,i.image as touxiang FROM think_review as r INNER JOIN think_product_category as p on r.product_category_id=p.id INNER JOIN think_user as u on r.uid=u.id INNER JOIN think_user_info as i on i.uid=r.uid  WHERE ( r.checked=1 ) ORDER BY  comment_count desc,time desc  LIMIT 0,5   [ RunTime:0.002558s ]
SQL: SHOW COLUMNS FROM `think_review` [ RunTime:0.001076s ]
SQL: SELECT r.*,p.name,u.name as uname,i.image as touxiang FROM think_review as r INNER JOIN think_product_category as p on r.product_category_id=p.id INNER JOIN think_user as u on r.uid=u.id INNER JOIN think_user_info as i on i.uid=r.uid  WHERE ( r.checked=1 ) ORDER BY  time desc  LIMIT 0,5   [ RunTime:0.002381s ]
SQL: select `thumb_img` from think_review_img where rid=215 [ RunTime:0.000223s ]
SQL: select `thumb_img` from think_review_img where rid=218 [ RunTime:0.000205s ]
SQL: select `thumb_img` from think_review_img where rid=225 [ RunTime:0.000246s ]
SQL: select `thumb_img` from think_review_img where rid=216 [ RunTime:0.000198s ]
SQL: select `thumb_img` from think_review_img where rid=234 [ RunTime:0.000195s ]
SQL: select `thumb_img` from think_review_img where rid=242 [ RunTime:0.000242s ]
SQL: select `thumb_img` from think_review_img where rid=241 [ RunTime:0.000195s ]
SQL: select `thumb_img` from think_review_img where rid=240 [ RunTime:0.000193s ]
SQL: select `thumb_img` from think_review_img where rid=239 [ RunTime:0.000197s ]
SQL: select `thumb_img` from think_review_img where rid=238 [ RunTime:0.000194s ]
INFO: [ view_parse ] --START--
INFO: [ template_filter ] --START--
INFO: Run Behavior\ContentReplaceBehavior [ RunTime:0.000186s ]
INFO: [ template_filter ] --END-- [ RunTime:0.000246s ]
NOTIC: [8] Undefined variable: name /opt/nginx/html/www_wprc365_com/Runtime/Cache/Home/4ecb4d80ad15ce616466b3a831676d8e.php 第 270 行.
INFO: Run Behavior\ParseTemplateBehavior [ RunTime:0.018797s ]
INFO: [ view_parse ] --END-- [ RunTime:0.018859s ]
INFO: [ view_filter ] --START--
INFO: Run Behavior\WriteHtmlCacheBehavior [ RunTime:0.000138s ]
INFO: [ view_filter ] --END-- [ RunTime:0.000185s ]
INFO: [ app_end ] --START--
INFO: Run Behavior\ShowPageTraceBehavior [ RunTime:0.000496s ]
INFO: [ app_end ] --END-- [ RunTime:0.000546s ]

[ 2014-07-29T05:25:37+08:00 ] 123.125.71.19 /home/user/messageBox
INFO: [ app_init ] --START--
INFO: Run Behavior\BuildLiteBehavior [ RunTime:0.000021s ]
INFO: [ app_init ] --END-- [ RunTime:0.000180s ]
INFO: [ app_begin ] --START--
INFO: Run Behavior\ReadHtmlCacheBehavior [ RunTime:0.000864s ]
INFO: [ app_begin ] --END-- [ RunTime:0.000952s ]
NOTIC: [8] Undefined index: think_loginInfo /opt/nginx/html/www_wprc365_com/Application/Home/Controller/CommonController.class.php 第 41 行.
NOTIC: [8] Undefined index: think_loginInfo /opt/nginx/html/www_wprc365_com/Application/Home/Controller/CommonController.class.php 第 41 行.
SQL: SHOW COLUMNS FROM `think_user` [ RunTime:0.001865s ]
SQL: select * from think_user as u left join think_user_info as i on u.id=i.uid where u.id= [ RunTime:0.000210s ]
ERR: 1064:You have an error in your SQL syntax; check the manual that corresponds to your MySQL server version for the right syntax to use near '' at line 1
 [ SQL语句 ] : select * from think_user as u left join think_user_info as i on u.id=i.uid where u.id=
SQL: SHOW COLUMNS FROM `think_review` [ RunTime:0.001763s ]
SQL: SELECT COUNT(*) AS tp_count FROM `think_review` WHERE ( uid= ) LIMIT 1   [ RunTime:0.000218s ]
ERR: 1064:You have an error in your SQL syntax; check the manual that corresponds to your MySQL server version for the right syntax to use near ') LIMIT 1' at line 1
 [ SQL语句 ] : SELECT COUNT(*) AS tp_count FROM `think_review` WHERE ( uid= ) LIMIT 1  
NOTIC: [8] Undefined index: think_loginInfo /opt/nginx/html/www_wprc365_com/Application/Home/Controller/CommonController.class.php 第 41 行.
SQL: select DISTINCT x.time,x.sendId,x.saveId,x.content,u.image,n.image as iimage,y.name,f.name as uname from (select * from think_xinxi order by time desc) as x LEFT JOIN think_user_info as u on x.sendId=u.uid LEFT JOIN think_user_info as n on x.saveId=n.uid left join think_user as y on x.sendId=y.id left join think_user as f on x.saveId=f.id where x.sendId= or x.saveId= GROUP BY x.sendId,x.saveId ORDER BY x.time desc [ RunTime:0.055430s ]
ERR: 1064:You have an error in your SQL syntax; check the manual that corresponds to your MySQL server version for the right syntax to use near 'or x.saveId= GROUP BY x.sendId,x.saveId ORDER BY x.time desc' at line 1
 [ SQL语句 ] : select DISTINCT x.time,x.sendId,x.saveId,x.content,u.image,n.image as iimage,y.name,f.name as uname from (select * from think_xinxi order by time desc) as x LEFT JOIN think_user_info as u on x.sendId=u.uid LEFT JOIN think_user_info as n on x.saveId=n.uid left join think_user as y on x.sendId=y.id left join think_user as f on x.saveId=f.id where x.sendId= or x.saveId= GROUP BY x.sendId,x.saveId ORDER BY x.time desc
NOTIC: [2] Invalid argument supplied for foreach() /opt/nginx/html/www_wprc365_com/Application/Home/Model/UserModel.class.php 第 131 行.
SQL: select sendId,count(*) as num from think_xinxi where saveId= and isRead=0 group by sendId [ RunTime:0.000183s ]
ERR: 1064:You have an error in your SQL syntax; check the manual that corresponds to your MySQL server version for the right syntax to use near 'and isRead=0 group by sendId' at line 1
 [ SQL语句 ] : select sendId,count(*) as num from think_xinxi where saveId= and isRead=0 group by sendId
NOTIC: [2] Invalid argument supplied for foreach() /opt/nginx/html/www_wprc365_com/Application/Home/Model/UserModel.class.php 第 160 行.
ERR: 模板不存在:./Application/Home/View/web/User/messagebox.html

[ 2014-07-29T06:00:51+08:00 ] 183.136.190.62 /
INFO: [ app_init ] --START--
INFO: Run Behavior\BuildLiteBehavior [ RunTime:0.000021s ]
INFO: [ app_init ] --END-- [ RunTime:0.000145s ]
INFO: [ app_begin ] --START--
INFO: Run Behavior\ReadHtmlCacheBehavior [ RunTime:0.000708s ]
INFO: [ app_begin ] --END-- [ RunTime:0.000791s ]
NOTIC: [8] Undefined index: think_loginInfo /opt/nginx/html/www_wprc365_com/Application/Home/Controller/CommonController.class.php 第 41 行.
NOTIC: [8] Undefined index: think_loginInfo /opt/nginx/html/www_wprc365_com/Application/Home/Controller/CommonController.class.php 第 41 行.
SQL: SHOW COLUMNS FROM `think_user` [ RunTime:0.001998s ]
SQL: select * from think_user as u left join think_user_info as i on u.id=i.uid where u.id= [ RunTime:0.000201s ]
ERR: 1064:You have an error in your SQL syntax; check the manual that corresponds to your MySQL server version for the right syntax to use near '' at line 1
 [ SQL语句 ] : select * from think_user as u left join think_user_info as i on u.id=i.uid where u.id=
SQL: SHOW COLUMNS FROM `think_review` [ RunTime:0.001708s ]
SQL: SELECT COUNT(*) AS tp_count FROM `think_review` WHERE ( uid= ) LIMIT 1   [ RunTime:0.000178s ]
ERR: 1064:You have an error in your SQL syntax; check the manual that corresponds to your MySQL server version for the right syntax to use near ') LIMIT 1' at line 1
 [ SQL语句 ] : SELECT COUNT(*) AS tp_count FROM `think_review` WHERE ( uid= ) LIMIT 1  
SQL: SHOW COLUMNS FROM `think_review` [ RunTime:0.001707s ]
SQL: SELECT r.*,p.name,u.name as uname,i.image as touxiang FROM think_review as r INNER JOIN think_product_category as p on r.product_category_id=p.id INNER JOIN think_user as u on r.uid=u.id INNER JOIN think_user_info as i on i.uid=r.uid  WHERE ( r.checked=1 ) ORDER BY  comment_count desc,time desc  LIMIT 0,5   [ RunTime:0.003922s ]
SQL: SHOW COLUMNS FROM `think_review` [ RunTime:0.001719s ]
SQL: SELECT r.*,p.name,u.name as uname,i.image as touxiang FROM think_review as r INNER JOIN think_product_category as p on r.product_category_id=p.id INNER JOIN think_user as u on r.uid=u.id INNER JOIN think_user_info as i on i.uid=r.uid  WHERE ( r.checked=1 ) ORDER BY  time desc  LIMIT 0,5   [ RunTime:0.003903s ]
SQL: select `thumb_img` from think_review_img where rid=215 [ RunTime:0.000368s ]
SQL: select `thumb_img` from think_review_img where rid=218 [ RunTime:0.000391s ]
SQL: select `thumb_img` from think_review_img where rid=225 [ RunTime:0.000328s ]
SQL: select `thumb_img` from think_review_img where rid=216 [ RunTime:0.000393s ]
SQL: select `thumb_img` from think_review_img where rid=234 [ RunTime:0.000386s ]
SQL: select `thumb_img` from think_review_img where rid=242 [ RunTime:0.000366s ]
SQL: select `thumb_img` from think_review_img where rid=241 [ RunTime:0.000329s ]
SQL: select `thumb_img` from think_review_img where rid=240 [ RunTime:0.000470s ]
SQL: select `thumb_img` from think_review_img where rid=239 [ RunTime:0.000756s ]
SQL: select `thumb_img` from think_review_img where rid=238 [ RunTime:0.000359s ]
INFO: [ view_parse ] --START--
INFO: [ template_filter ] --START--
INFO: Run Behavior\ContentReplaceBehavior [ RunTime:0.000265s ]
INFO: [ template_filter ] --END-- [ RunTime:0.000358s ]
NOTIC: [8] Undefined variable: name /opt/nginx/html/www_wprc365_com/Runtime/Cache/Home/4ecb4d80ad15ce616466b3a831676d8e.php 第 270 行.
INFO: Run Behavior\ParseTemplateBehavior [ RunTime:0.029389s ]
INFO: [ view_parse ] --END-- [ RunTime:0.029477s ]
INFO: [ view_filter ] --START--
INFO: Run Behavior\WriteHtmlCacheBehavior [ RunTime:0.000243s ]
INFO: [ view_filter ] --END-- [ RunTime:0.000297s ]
INFO: [ app_end ] --START--
INFO: Run Behavior\ShowPageTraceBehavior [ RunTime:0.000840s ]
INFO: [ app_end ] --END-- [ RunTime:0.000944s ]

[ 2014-07-29T07:05:50+08:00 ] 50.19.53.86 /
INFO: [ app_init ] --START--
INFO: Run Behavior\BuildLiteBehavior [ RunTime:0.000022s ]
INFO: [ app_init ] --END-- [ RunTime:0.000155s ]
INFO: [ app_begin ] --START--
INFO: Run Behavior\ReadHtmlCacheBehavior [ RunTime:0.000785s ]
INFO: [ app_begin ] --END-- [ RunTime:0.000841s ]
NOTIC: [8] Undefined index: think_loginInfo /opt/nginx/html/www_wprc365_com/Application/Home/Controller/CommonController.class.php 第 41 行.
NOTIC: [8] Undefined index: think_loginInfo /opt/nginx/html/www_wprc365_com/Application/Home/Controller/CommonController.class.php 第 41 行.
SQL: SHOW COLUMNS FROM `think_user` [ RunTime:0.001896s ]
SQL: select * from think_user as u left join think_user_info as i on u.id=i.uid where u.id= [ RunTime:0.000194s ]
ERR: 1064:You have an error in your SQL syntax; check the manual that corresponds to your MySQL server version for the right syntax to use near '' at line 1
 [ SQL语句 ] : select * from think_user as u left join think_user_info as i on u.id=i.uid where u.id=
SQL: SHOW COLUMNS FROM `think_review` [ RunTime:0.001711s ]
SQL: SELECT COUNT(*) AS tp_count FROM `think_review` WHERE ( uid= ) LIMIT 1   [ RunTime:0.000233s ]
ERR: 1064:You have an error in your SQL syntax; check the manual that corresponds to your MySQL server version for the right syntax to use near ') LIMIT 1' at line 1
 [ SQL语句 ] : SELECT COUNT(*) AS tp_count FROM `think_review` WHERE ( uid= ) LIMIT 1  
SQL: SHOW COLUMNS FROM `think_review` [ RunTime:0.001701s ]
SQL: SELECT r.*,p.name,u.name as uname,i.image as touxiang FROM think_review as r INNER JOIN think_product_category as p on r.product_category_id=p.id INNER JOIN think_user as u on r.uid=u.id INNER JOIN think_user_info as i on i.uid=r.uid  WHERE ( r.checked=1 ) ORDER BY  comment_count desc,time desc  LIMIT 0,5   [ RunTime:0.004024s ]
SQL: SHOW COLUMNS FROM `think_review` [ RunTime:0.001748s ]
SQL: SELECT r.*,p.name,u.name as uname,i.image as touxiang FROM think_review as r INNER JOIN think_product_category as p on r.product_category_id=p.id INNER JOIN think_user as u on r.uid=u.id INNER JOIN think_user_info as i on i.uid=r.uid  WHERE ( r.checked=1 ) ORDER BY  time desc  LIMIT 0,5   [ RunTime:0.003825s ]
SQL: select `thumb_img` from think_review_img where rid=215 [ RunTime:0.000354s ]
SQL: select `thumb_img` from think_review_img where rid=218 [ RunTime:0.000368s ]
SQL: select `thumb_img` from think_review_img where rid=225 [ RunTime:0.000330s ]
SQL: select `thumb_img` from think_review_img where rid=216 [ RunTime:0.000379s ]
SQL: select `thumb_img` from think_review_img where rid=234 [ RunTime:0.000323s ]
SQL: select `thumb_img` from think_review_img where rid=242 [ RunTime:0.000317s ]
SQL: select `thumb_img` from think_review_img where rid=241 [ RunTime:0.000323s ]
SQL: select `thumb_img` from think_review_img where rid=240 [ RunTime:0.000315s ]
SQL: select `thumb_img` from think_review_img where rid=239 [ RunTime:0.000329s ]
SQL: select `thumb_img` from think_review_img where rid=238 [ RunTime:0.000313s ]
INFO: [ view_parse ] --START--
INFO: [ template_filter ] --START--
INFO: Run Behavior\ContentReplaceBehavior [ RunTime:0.000265s ]
INFO: [ template_filter ] --END-- [ RunTime:0.000352s ]
NOTIC: [8] Undefined variable: name /opt/nginx/html/www_wprc365_com/Runtime/Cache/Home/4ecb4d80ad15ce616466b3a831676d8e.php 第 270 行.
INFO: Run Behavior\ParseTemplateBehavior [ RunTime:0.030064s ]
INFO: [ view_parse ] --END-- [ RunTime:0.030130s ]
INFO: [ view_filter ] --START--
INFO: Run Behavior\WriteHtmlCacheBehavior [ RunTime:0.000224s ]
INFO: [ view_filter ] --END-- [ RunTime:0.000293s ]
INFO: [ app_end ] --START--
INFO: Run Behavior\ShowPageTraceBehavior [ RunTime:0.000839s ]
INFO: [ app_end ] --END-- [ RunTime:0.000991s ]

[ 2014-07-29T07:05:54+08:00 ] 50.19.53.86 /
INFO: [ app_init ] --START--
INFO: Run Behavior\BuildLiteBehavior [ RunTime:0.000019s ]
INFO: [ app_init ] --END-- [ RunTime:0.000101s ]
INFO: [ app_begin ] --START--
INFO: Run Behavior\ReadHtmlCacheBehavior [ RunTime:0.000451s ]
INFO: [ app_begin ] --END-- [ RunTime:0.000505s ]
NOTIC: [8] Undefined index: think_loginInfo /opt/nginx/html/www_wprc365_com/Application/Home/Controller/CommonController.class.php 第 41 行.
NOTIC: [8] Undefined index: think_loginInfo /opt/nginx/html/www_wprc365_com/Application/Home/Controller/CommonController.class.php 第 41 行.
SQL: SHOW COLUMNS FROM `think_user` [ RunTime:0.001931s ]
SQL: select * from think_user as u left join think_user_info as i on u.id=i.uid where u.id= [ RunTime:0.000202s ]
ERR: 1064:You have an error in your SQL syntax; check the manual that corresponds to your MySQL server version for the right syntax to use near '' at line 1
 [ SQL语句 ] : select * from think_user as u left join think_user_info as i on u.id=i.uid where u.id=
SQL: SHOW COLUMNS FROM `think_review` [ RunTime:0.001729s ]
SQL: SELECT COUNT(*) AS tp_count FROM `think_review` WHERE ( uid= ) LIMIT 1   [ RunTime:0.000213s ]
ERR: 1064:You have an error in your SQL syntax; check the manual that corresponds to your MySQL server version for the right syntax to use near ') LIMIT 1' at line 1
 [ SQL语句 ] : SELECT COUNT(*) AS tp_count FROM `think_review` WHERE ( uid= ) LIMIT 1  
SQL: SHOW COLUMNS FROM `think_review` [ RunTime:0.001699s ]
SQL: SELECT r.*,p.name,u.name as uname,i.image as touxiang FROM think_review as r INNER JOIN think_product_category as p on r.product_category_id=p.id INNER JOIN think_user as u on r.uid=u.id INNER JOIN think_user_info as i on i.uid=r.uid  WHERE ( r.checked=1 ) ORDER BY  comment_count desc,time desc  LIMIT 0,5   [ RunTime:0.004050s ]
SQL: SHOW COLUMNS FROM `think_review` [ RunTime:0.001587s ]
SQL: SELECT r.*,p.name,u.name as uname,i.image as touxiang FROM think_review as r INNER JOIN think_product_category as p on r.product_category_id=p.id INNER JOIN think_user as u on r.uid=u.id INNER JOIN think_user_info as i on i.uid=r.uid  WHERE ( r.checked=1 ) ORDER BY  time desc  LIMIT 0,5   [ RunTime:0.002480s ]
SQL: select `thumb_img` from think_review_img where rid=215 [ RunTime:0.000228s ]
SQL: select `thumb_img` from think_review_img where rid=218 [ RunTime:0.000210s ]
SQL: select `thumb_img` from think_review_img where rid=225 [ RunTime:0.000224s ]
SQL: select `thumb_img` from think_review_img where rid=216 [ RunTime:0.000202s ]
SQL: select `thumb_img` from think_review_img where rid=234 [ RunTime:0.000199s ]
SQL: select `thumb_img` from think_review_img where rid=242 [ RunTime:0.000196s ]
SQL: select `thumb_img` from think_review_img where rid=241 [ RunTime:0.000204s ]
SQL: select `thumb_img` from think_review_img where rid=240 [ RunTime:0.000201s ]
SQL: select `thumb_img` from think_review_img where rid=239 [ RunTime:0.000193s ]
SQL: select `thumb_img` from think_review_img where rid=238 [ RunTime:0.000218s ]
INFO: [ view_parse ] --START--
INFO: [ template_filter ] --START--
INFO: Run Behavior\ContentReplaceBehavior [ RunTime:0.000191s ]
INFO: [ template_filter ] --END-- [ RunTime:0.000260s ]
NOTIC: [8] Undefined variable: name /opt/nginx/html/www_wprc365_com/Runtime/Cache/Home/4ecb4d80ad15ce616466b3a831676d8e.php 第 270 行.
INFO: Run Behavior\ParseTemplateBehavior [ RunTime:0.019100s ]
INFO: [ view_parse ] --END-- [ RunTime:0.019148s ]
INFO: [ view_filter ] --START--
INFO: Run Behavior\WriteHtmlCacheBehavior [ RunTime:0.000136s ]
INFO: [ view_filter ] --END-- [ RunTime:0.000182s ]
INFO: [ app_end ] --START--
INFO: Run Behavior\ShowPageTraceBehavior [ RunTime:0.000531s ]
INFO: [ app_end ] --END-- [ RunTime:0.000585s ]

[ 2014-07-29T10:20:08+08:00 ] 107.178.200.198 /
INFO: [ app_init ] --START--
INFO: Run Behavior\BuildLiteBehavior [ RunTime:0.000021s ]
INFO: [ app_init ] --END-- [ RunTime:0.000140s ]
INFO: [ app_begin ] --START--
INFO: Run Behavior\ReadHtmlCacheBehavior [ RunTime:0.000677s ]
INFO: [ app_begin ] --END-- [ RunTime:0.000765s ]
NOTIC: [8] Undefined index: think_loginInfo /opt/nginx/html/www_wprc365_com/Application/Home/Controller/CommonController.class.php 第 41 行.
NOTIC: [8] Undefined index: think_loginInfo /opt/nginx/html/www_wprc365_com/Application/Home/Controller/CommonController.class.php 第 41 行.
SQL: SHOW COLUMNS FROM `think_user` [ RunTime:0.002033s ]
SQL: select * from think_user as u left join think_user_info as i on u.id=i.uid where u.id= [ RunTime:0.000199s ]
ERR: 1064:You have an error in your SQL syntax; check the manual that corresponds to your MySQL server version for the right syntax to use near '' at line 1
 [ SQL语句 ] : select * from think_user as u left join think_user_info as i on u.id=i.uid where u.id=
SQL: SHOW COLUMNS FROM `think_review` [ RunTime:0.001863s ]
SQL: SELECT COUNT(*) AS tp_count FROM `think_review` WHERE ( uid= ) LIMIT 1   [ RunTime:0.000176s ]
ERR: 1064:You have an error in your SQL syntax; check the manual that corresponds to your MySQL server version for the right syntax to use near ') LIMIT 1' at line 1
 [ SQL语句 ] : SELECT COUNT(*) AS tp_count FROM `think_review` WHERE ( uid= ) LIMIT 1  
SQL: SHOW COLUMNS FROM `think_review` [ RunTime:0.001769s ]
SQL: SELECT r.*,p.name,u.name as uname,i.image as touxiang FROM think_review as r INNER JOIN think_product_category as p on r.product_category_id=p.id INNER JOIN think_user as u on r.uid=u.id INNER JOIN think_user_info as i on i.uid=r.uid  WHERE ( r.checked=1 ) ORDER BY  comment_count desc,time desc  LIMIT 0,5   [ RunTime:0.004256s ]
SQL: SHOW COLUMNS FROM `think_review` [ RunTime:0.001881s ]
SQL: SELECT r.*,p.name,u.name as uname,i.image as touxiang FROM think_review as r INNER JOIN think_product_category as p on r.product_category_id=p.id INNER JOIN think_user as u on r.uid=u.id INNER JOIN think_user_info as i on i.uid=r.uid  WHERE ( r.checked=1 ) ORDER BY  time desc  LIMIT 0,5   [ RunTime:0.004002s ]
SQL: select `thumb_img` from think_review_img where rid=215 [ RunTime:0.000360s ]
SQL: select `thumb_img` from think_review_img where rid=218 [ RunTime:0.000385s ]
SQL: select `thumb_img` from think_review_img where rid=225 [ RunTime:0.000327s ]
SQL: select `thumb_img` from think_review_img where rid=216 [ RunTime:0.000382s ]
SQL: select `thumb_img` from think_review_img where rid=234 [ RunTime:0.000320s ]
SQL: select `thumb_img` from think_review_img where rid=242 [ RunTime:0.000368s ]
SQL: select `thumb_img` from think_review_img where rid=241 [ RunTime:0.000316s ]
SQL: select `thumb_img` from think_review_img where rid=240 [ RunTime:0.000372s ]
SQL: select `thumb_img` from think_review_img where rid=239 [ RunTime:0.000314s ]
SQL: select `thumb_img` from think_review_img where rid=238 [ RunTime:0.000362s ]
INFO: [ view_parse ] --START--
INFO: [ template_filter ] --START--
INFO: Run Behavior\ContentReplaceBehavior [ RunTime:0.000270s ]
INFO: [ template_filter ] --END-- [ RunTime:0.000356s ]
NOTIC: [8] Undefined variable: name /opt/nginx/html/www_wprc365_com/Runtime/Cache/Home/4ecb4d80ad15ce616466b3a831676d8e.php 第 270 行.
INFO: Run Behavior\ParseTemplateBehavior [ RunTime:0.032823s ]
INFO: [ view_parse ] --END-- [ RunTime:0.032904s ]
INFO: [ view_filter ] --START--
INFO: Run Behavior\WriteHtmlCacheBehavior [ RunTime:0.000265s ]
INFO: [ view_filter ] --END-- [ RunTime:0.000345s ]
INFO: [ app_end ] --START--
INFO: Run Behavior\ShowPageTraceBehavior [ RunTime:0.000868s ]
INFO: [ app_end ] --END-- [ RunTime:0.001027s ]

[ 2014-07-29T10:23:24+08:00 ] 183.1.62.13 /
INFO: [ app_init ] --START--
INFO: Run Behavior\BuildLiteBehavior [ RunTime:0.000022s ]
INFO: [ app_init ] --END-- [ RunTime:0.000116s ]
INFO: [ app_begin ] --START--
INFO: Run Behavior\ReadHtmlCacheBehavior [ RunTime:0.000447s ]
INFO: [ app_begin ] --END-- [ RunTime:0.000500s ]
NOTIC: [8] Undefined index: think_loginInfo /opt/nginx/html/www_wprc365_com/Application/Home/Controller/CommonController.class.php 第 41 行.
NOTIC: [8] Undefined index: think_loginInfo /opt/nginx/html/www_wprc365_com/Application/Home/Controller/CommonController.class.php 第 41 行.
SQL: SHOW COLUMNS FROM `think_user` [ RunTime:0.001290s ]
SQL: select * from think_user as u left join think_user_info as i on u.id=i.uid where u.id= [ RunTime:0.000123s ]
ERR: 1064:You have an error in your SQL syntax; check the manual that corresponds to your MySQL server version for the right syntax to use near '' at line 1
 [ SQL语句 ] : select * from think_user as u left join think_user_info as i on u.id=i.uid where u.id=
SQL: SHOW COLUMNS FROM `think_review` [ RunTime:0.001076s ]
SQL: SELECT COUNT(*) AS tp_count FROM `think_review` WHERE ( uid= ) LIMIT 1   [ RunTime:0.000140s ]
ERR: 1064:You have an error in your SQL syntax; check the manual that corresponds to your MySQL server version for the right syntax to use near ') LIMIT 1' at line 1
 [ SQL语句 ] : SELECT COUNT(*) AS tp_count FROM `think_review` WHERE ( uid= ) LIMIT 1  
SQL: SHOW COLUMNS FROM `think_review` [ RunTime:0.001094s ]
SQL: SELECT r.*,p.name,u.name as uname,i.image as touxiang FROM think_review as r INNER JOIN think_product_category as p on r.product_category_id=p.id INNER JOIN think_user as u on r.uid=u.id INNER JOIN think_user_info as i on i.uid=r.uid  WHERE ( r.checked=1 ) ORDER BY  comment_count desc,time desc  LIMIT 0,5   [ RunTime:0.002556s ]
SQL: SHOW COLUMNS FROM `think_review` [ RunTime:0.001099s ]
SQL: SELECT r.*,p.name,u.name as uname,i.image as touxiang FROM think_review as r INNER JOIN think_product_category as p on r.product_category_id=p.id INNER JOIN think_user as u on r.uid=u.id INNER JOIN think_user_info as i on i.uid=r.uid  WHERE ( r.checked=1 ) ORDER BY  time desc  LIMIT 0,5   [ RunTime:0.002447s ]
SQL: select `thumb_img` from think_review_img where rid=215 [ RunTime:0.000397s ]
SQL: select `thumb_img` from think_review_img where rid=218 [ RunTime:0.000369s ]
SQL: select `thumb_img` from think_review_img where rid=225 [ RunTime:0.000331s ]
SQL: select `thumb_img` from think_review_img where rid=216 [ RunTime:0.000360s ]
SQL: select `thumb_img` from think_review_img where rid=234 [ RunTime:0.000318s ]
SQL: select `thumb_img` from think_review_img where rid=242 [ RunTime:0.000377s ]
SQL: select `thumb_img` from think_review_img where rid=241 [ RunTime:0.000311s ]
SQL: select `thumb_img` from think_review_img where rid=240 [ RunTime:0.000344s ]
SQL: select `thumb_img` from think_review_img where rid=239 [ RunTime:0.000310s ]
SQL: select `thumb_img` from think_review_img where rid=238 [ RunTime:0.000629s ]
INFO: [ view_parse ] --START--
INFO: [ template_filter ] --START--
INFO: Run Behavior\ContentReplaceBehavior [ RunTime:0.000315s ]
INFO: [ template_filter ] --END-- [ RunTime:0.000412s ]
NOTIC: [8] Undefined variable: name /opt/nginx/html/www_wprc365_com/Runtime/Cache/Home/4ecb4d80ad15ce616466b3a831676d8e.php 第 270 行.
INFO: Run Behavior\ParseTemplateBehavior [ RunTime:0.030540s ]
INFO: [ view_parse ] --END-- [ RunTime:0.030640s ]
INFO: [ view_filter ] --START--
INFO: Run Behavior\WriteHtmlCacheBehavior [ RunTime:0.000218s ]
INFO: [ view_filter ] --END-- [ RunTime:0.000303s ]
INFO: [ app_end ] --START--
INFO: Run Behavior\ShowPageTraceBehavior [ RunTime:0.000848s ]
INFO: [ app_end ] --END-- [ RunTime:0.000936s ]

[ 2014-07-29T11:10:33+08:00 ] 109.120.182.26 /
INFO: [ app_init ] --START--
INFO: Run Behavior\BuildLiteBehavior [ RunTime:0.000020s ]
INFO: [ app_init ] --END-- [ RunTime:0.000171s ]
INFO: [ app_begin ] --START--
INFO: Run Behavior\ReadHtmlCacheBehavior [ RunTime:0.000708s ]
INFO: [ app_begin ] --END-- [ RunTime:0.000828s ]
NOTIC: [8] Undefined index: think_loginInfo /opt/nginx/html/www_wprc365_com/Application/Home/Controller/CommonController.class.php 第 41 行.
NOTIC: [8] Undefined index: think_loginInfo /opt/nginx/html/www_wprc365_com/Application/Home/Controller/CommonController.class.php 第 41 行.
SQL: SHOW COLUMNS FROM `think_user` [ RunTime:0.001874s ]
SQL: select * from think_user as u left join think_user_info as i on u.id=i.uid where u.id= [ RunTime:0.000197s ]
ERR: 1064:You have an error in your SQL syntax; check the manual that corresponds to your MySQL server version for the right syntax to use near '' at line 1
 [ SQL语句 ] : select * from think_user as u left join think_user_info as i on u.id=i.uid where u.id=
SQL: SHOW COLUMNS FROM `think_review` [ RunTime:0.001867s ]
SQL: SELECT COUNT(*) AS tp_count FROM `think_review` WHERE ( uid= ) LIMIT 1   [ RunTime:0.000182s ]
ERR: 1064:You have an error in your SQL syntax; check the manual that corresponds to your MySQL server version for the right syntax to use near ') LIMIT 1' at line 1
 [ SQL语句 ] : SELECT COUNT(*) AS tp_count FROM `think_review` WHERE ( uid= ) LIMIT 1  
SQL: SHOW COLUMNS FROM `think_review` [ RunTime:0.001780s ]
SQL: SELECT r.*,p.name,u.name as uname,i.image as touxiang FROM think_review as r INNER JOIN think_product_category as p on r.product_category_id=p.id INNER JOIN think_user as u on r.uid=u.id INNER JOIN think_user_info as i on i.uid=r.uid  WHERE ( r.checked=1 ) ORDER BY  comment_count desc,time desc  LIMIT 0,5   [ RunTime:0.004043s ]
SQL: SHOW COLUMNS FROM `think_review` [ RunTime:0.002025s ]
SQL: SELECT r.*,p.name,u.name as uname,i.image as touxiang FROM think_review as r INNER JOIN think_product_category as p on r.product_category_id=p.id INNER JOIN think_user as u on r.uid=u.id INNER JOIN think_user_info as i on i.uid=r.uid  WHERE ( r.checked=1 ) ORDER BY  time desc  LIMIT 0,5   [ RunTime:0.004587s ]
SQL: select `thumb_img` from think_review_img where rid=215 [ RunTime:0.000441s ]
SQL: select `thumb_img` from think_review_img where rid=218 [ RunTime:0.000332s ]
SQL: select `thumb_img` from think_review_img where rid=225 [ RunTime:0.000358s ]
SQL: select `thumb_img` from think_review_img where rid=216 [ RunTime:0.000322s ]
SQL: select `thumb_img` from think_review_img where rid=234 [ RunTime:0.000352s ]
SQL: select `thumb_img` from think_review_img where rid=242 [ RunTime:0.000314s ]
SQL: select `thumb_img` from think_review_img where rid=241 [ RunTime:0.000346s ]
SQL: select `thumb_img` from think_review_img where rid=240 [ RunTime:0.000322s ]
SQL: select `thumb_img` from think_review_img where rid=239 [ RunTime:0.000347s ]
SQL: select `thumb_img` from think_review_img where rid=238 [ RunTime:0.000316s ]
INFO: [ view_parse ] --START--
INFO: [ template_filter ] --START--
INFO: Run Behavior\ContentReplaceBehavior [ RunTime:0.000295s ]
INFO: [ template_filter ] --END-- [ RunTime:0.000396s ]
NOTIC: [8] Undefined variable: name /opt/nginx/html/www_wprc365_com/Runtime/Cache/Home/4ecb4d80ad15ce616466b3a831676d8e.php 第 270 行.
INFO: Run Behavior\ParseTemplateBehavior [ RunTime:0.031429s ]
INFO: [ view_parse ] --END-- [ RunTime:0.031506s ]
INFO: [ view_filter ] --START--
INFO: Run Behavior\WriteHtmlCacheBehavior [ RunTime:0.000240s ]
INFO: [ view_filter ] --END-- [ RunTime:0.000314s ]
INFO: [ app_end ] --START--
INFO: Run Behavior\ShowPageTraceBehavior [ RunTime:0.000820s ]
INFO: [ app_end ] --END-- [ RunTime:0.000903s ]

[ 2014-07-29T12:34:15+08:00 ] 64.246.165.140 /
INFO: [ app_init ] --START--
INFO: Run Behavior\BuildLiteBehavior [ RunTime:0.000023s ]
INFO: [ app_init ] --END-- [ RunTime:0.000157s ]
INFO: [ app_begin ] --START--
INFO: Run Behavior\ReadHtmlCacheBehavior [ RunTime:0.001082s ]
INFO: [ app_begin ] --END-- [ RunTime:0.001192s ]
NOTIC: [8] Undefined index: think_loginInfo /opt/nginx/html/www_wprc365_com/Application/Home/Controller/CommonController.class.php 第 41 行.
NOTIC: [8] Undefined index: think_loginInfo /opt/nginx/html/www_wprc365_com/Application/Home/Controller/CommonController.class.php 第 41 行.
SQL: SHOW COLUMNS FROM `think_user` [ RunTime:0.001886s ]
SQL: select * from think_user as u left join think_user_info as i on u.id=i.uid where u.id= [ RunTime:0.000194s ]
ERR: 1064:You have an error in your SQL syntax; check the manual that corresponds to your MySQL server version for the right syntax to use near '' at line 1
 [ SQL语句 ] : select * from think_user as u left join think_user_info as i on u.id=i.uid where u.id=
SQL: SHOW COLUMNS FROM `think_review` [ RunTime:0.001949s ]
SQL: SELECT COUNT(*) AS tp_count FROM `think_review` WHERE ( uid= ) LIMIT 1   [ RunTime:0.000190s ]
ERR: 1064:You have an error in your SQL syntax; check the manual that corresponds to your MySQL server version for the right syntax to use near ') LIMIT 1' at line 1
 [ SQL语句 ] : SELECT COUNT(*) AS tp_count FROM `think_review` WHERE ( uid= ) LIMIT 1  
SQL: SHOW COLUMNS FROM `think_review` [ RunTime:0.001769s ]
SQL: SELECT r.*,p.name,u.name as uname,i.image as touxiang FROM think_review as r INNER JOIN think_product_category as p on r.product_category_id=p.id INNER JOIN think_user as u on r.uid=u.id INNER JOIN think_user_info as i on i.uid=r.uid  WHERE ( r.checked=1 ) ORDER BY  comment_count desc,time desc  LIMIT 0,5   [ RunTime:0.013470s ]
SQL: SHOW COLUMNS FROM `think_review` [ RunTime:0.001740s ]
SQL: SELECT r.*,p.name,u.name as uname,i.image as touxiang FROM think_review as r INNER JOIN think_product_category as p on r.product_category_id=p.id INNER JOIN think_user as u on r.uid=u.id INNER JOIN think_user_info as i on i.uid=r.uid  WHERE ( r.checked=1 ) ORDER BY  time desc  LIMIT 0,5   [ RunTime:0.004001s ]
SQL: select `thumb_img` from think_review_img where rid=215 [ RunTime:0.000353s ]
SQL: select `thumb_img` from think_review_img where rid=218 [ RunTime:0.000343s ]
SQL: select `thumb_img` from think_review_img where rid=225 [ RunTime:0.000426s ]
SQL: select `thumb_img` from think_review_img where rid=216 [ RunTime:0.000455s ]
SQL: select `thumb_img` from think_review_img where rid=234 [ RunTime:0.000362s ]
SQL: select `thumb_img` from think_review_img where rid=242 [ RunTime:0.000341s ]
SQL: select `thumb_img` from think_review_img where rid=241 [ RunTime:0.000327s ]
SQL: select `thumb_img` from think_review_img where rid=240 [ RunTime:0.000336s ]
SQL: select `thumb_img` from think_review_img where rid=239 [ RunTime:0.000339s ]
SQL: select `thumb_img` from think_review_img where rid=238 [ RunTime:0.000338s ]
INFO: [ view_parse ] --START--
INFO: [ template_filter ] --START--
INFO: Run Behavior\ContentReplaceBehavior [ RunTime:0.000313s ]
INFO: [ template_filter ] --END-- [ RunTime:0.000506s ]
NOTIC: [8] Undefined variable: name /opt/nginx/html/www_wprc365_com/Runtime/Cache/Home/4ecb4d80ad15ce616466b3a831676d8e.php 第 270 行.
INFO: Run Behavior\ParseTemplateBehavior [ RunTime:0.053976s ]
INFO: [ view_parse ] --END-- [ RunTime:0.054058s ]
INFO: [ view_filter ] --START--
INFO: Run Behavior\WriteHtmlCacheBehavior [ RunTime:0.000228s ]
INFO: [ view_filter ] --END-- [ RunTime:0.000305s ]
INFO: [ app_end ] --START--
INFO: Run Behavior\ShowPageTraceBehavior [ RunTime:0.000772s ]
INFO: [ app_end ] --END-- [ RunTime:0.000857s ]

[ 2014-07-29T12:47:10+08:00 ] 64.246.165.150 /
INFO: [ app_init ] --START--
INFO: Run Behavior\BuildLiteBehavior [ RunTime:0.000028s ]
INFO: [ app_init ] --END-- [ RunTime:0.000215s ]
INFO: [ app_begin ] --START--
INFO: Run Behavior\ReadHtmlCacheBehavior [ RunTime:0.000783s ]
INFO: [ app_begin ] --END-- [ RunTime:0.000871s ]
NOTIC: [8] Undefined index: think_loginInfo /opt/nginx/html/www_wprc365_com/Application/Home/Controller/CommonController.class.php 第 41 行.
NOTIC: [8] Undefined index: think_loginInfo /opt/nginx/html/www_wprc365_com/Application/Home/Controller/CommonController.class.php 第 41 行.
SQL: SHOW COLUMNS FROM `think_user` [ RunTime:0.001985s ]
SQL: select * from think_user as u left join think_user_info as i on u.id=i.uid where u.id= [ RunTime:0.000201s ]
ERR: 1064:You have an error in your SQL syntax; check the manual that corresponds to your MySQL server version for the right syntax to use near '' at line 1
 [ SQL语句 ] : select * from think_user as u left join think_user_info as i on u.id=i.uid where u.id=
SQL: SHOW COLUMNS FROM `think_review` [ RunTime:0.001699s ]
SQL: SELECT COUNT(*) AS tp_count FROM `think_review` WHERE ( uid= ) LIMIT 1   [ RunTime:0.000185s ]
ERR: 1064:You have an error in your SQL syntax; check the manual that corresponds to your MySQL server version for the right syntax to use near ') LIMIT 1' at line 1
 [ SQL语句 ] : SELECT COUNT(*) AS tp_count FROM `think_review` WHERE ( uid= ) LIMIT 1  
SQL: SHOW COLUMNS FROM `think_review` [ RunTime:0.001747s ]
SQL: SELECT r.*,p.name,u.name as uname,i.image as touxiang FROM think_review as r INNER JOIN think_product_category as p on r.product_category_id=p.id INNER JOIN think_user as u on r.uid=u.id INNER JOIN think_user_info as i on i.uid=r.uid  WHERE ( r.checked=1 ) ORDER BY  comment_count desc,time desc  LIMIT 0,5   [ RunTime:0.004456s ]
SQL: SHOW COLUMNS FROM `think_review` [ RunTime:0.001794s ]
SQL: SELECT r.*,p.name,u.name as uname,i.image as touxiang FROM think_review as r INNER JOIN think_product_category as p on r.product_category_id=p.id INNER JOIN think_user as u on r.uid=u.id INNER JOIN think_user_info as i on i.uid=r.uid  WHERE ( r.checked=1 ) ORDER BY  time desc  LIMIT 0,5   [ RunTime:0.004055s ]
SQL: select `thumb_img` from think_review_img where rid=215 [ RunTime:0.000426s ]
SQL: select `thumb_img` from think_review_img where rid=218 [ RunTime:0.000332s ]
SQL: select `thumb_img` from think_review_img where rid=225 [ RunTime:0.000406s ]
SQL: select `thumb_img` from think_review_img where rid=216 [ RunTime:0.000318s ]
SQL: select `thumb_img` from think_review_img where rid=234 [ RunTime:0.000375s ]
SQL: select `thumb_img` from think_review_img where rid=242 [ RunTime:0.000366s ]
SQL: select `thumb_img` from think_review_img where rid=241 [ RunTime:0.000385s ]
SQL: select `thumb_img` from think_review_img where rid=240 [ RunTime:0.000395s ]
SQL: select `thumb_img` from think_review_img where rid=239 [ RunTime:0.000406s ]
SQL: select `thumb_img` from think_review_img where rid=238 [ RunTime:0.000357s ]
INFO: [ view_parse ] --START--
INFO: [ template_filter ] --START--
INFO: Run Behavior\ContentReplaceBehavior [ RunTime:0.000172s ]
INFO: [ template_filter ] --END-- [ RunTime:0.000236s ]
NOTIC: [8] Undefined variable: name /opt/nginx/html/www_wprc365_com/Runtime/Cache/Home/4ecb4d80ad15ce616466b3a831676d8e.php 第 270 行.
INFO: Run Behavior\ParseTemplateBehavior [ RunTime:0.027515s ]
INFO: [ view_parse ] --END-- [ RunTime:0.027590s ]
INFO: [ view_filter ] --START--
INFO: Run Behavior\WriteHtmlCacheBehavior [ RunTime:0.000147s ]
INFO: [ view_filter ] --END-- [ RunTime:0.000194s ]
INFO: [ app_end ] --START--
INFO: Run Behavior\ShowPageTraceBehavior [ RunTime:0.000498s ]
INFO: [ app_end ] --END-- [ RunTime:0.000559s ]

[ 2014-07-29T12:52:47+08:00 ] 211.94.161.81 /
INFO: [ app_init ] --START--
INFO: Run Behavior\BuildLiteBehavior [ RunTime:0.000021s ]
INFO: [ app_init ] --END-- [ RunTime:0.000138s ]
INFO: [ app_begin ] --START--
INFO: Run Behavior\ReadHtmlCacheBehavior [ RunTime:0.000778s ]
INFO: [ app_begin ] --END-- [ RunTime:0.000868s ]
NOTIC: [8] Undefined index: think_loginInfo /opt/nginx/html/www_wprc365_com/Application/Home/Controller/CommonController.class.php 第 41 行.
NOTIC: [8] Undefined index: think_loginInfo /opt/nginx/html/www_wprc365_com/Application/Home/Controller/CommonController.class.php 第 41 行.
SQL: SHOW COLUMNS FROM `think_user` [ RunTime:0.001224s ]
SQL: select * from think_user as u left join think_user_info as i on u.id=i.uid where u.id= [ RunTime:0.000140s ]
ERR: 1064:You have an error in your SQL syntax; check the manual that corresponds to your MySQL server version for the right syntax to use near '' at line 1
 [ SQL语句 ] : select * from think_user as u left join think_user_info as i on u.id=i.uid where u.id=
SQL: SHOW COLUMNS FROM `think_review` [ RunTime:0.001448s ]
SQL: SELECT COUNT(*) AS tp_count FROM `think_review` WHERE ( uid= ) LIMIT 1   [ RunTime:0.000219s ]
ERR: 1064:You have an error in your SQL syntax; check the manual that corresponds to your MySQL server version for the right syntax to use near ') LIMIT 1' at line 1
 [ SQL语句 ] : SELECT COUNT(*) AS tp_count FROM `think_review` WHERE ( uid= ) LIMIT 1  
SQL: SHOW COLUMNS FROM `think_review` [ RunTime:0.001735s ]
SQL: SELECT r.*,p.name,u.name as uname,i.image as touxiang FROM think_review as r INNER JOIN think_product_category as p on r.product_category_id=p.id INNER JOIN think_user as u on r.uid=u.id INNER JOIN think_user_info as i on i.uid=r.uid  WHERE ( r.checked=1 ) ORDER BY  comment_count desc,time desc  LIMIT 0,5   [ RunTime:0.004801s ]
SQL: SHOW COLUMNS FROM `think_review` [ RunTime:0.001989s ]
SQL: SELECT r.*,p.name,u.name as uname,i.image as touxiang FROM think_review as r INNER JOIN think_product_category as p on r.product_category_id=p.id INNER JOIN think_user as u on r.uid=u.id INNER JOIN think_user_info as i on i.uid=r.uid  WHERE ( r.checked=1 ) ORDER BY  time desc  LIMIT 0,5   [ RunTime:0.004291s ]
SQL: select `thumb_img` from think_review_img where rid=215 [ RunTime:0.000383s ]
SQL: select `thumb_img` from think_review_img where rid=218 [ RunTime:0.000340s ]
SQL: select `thumb_img` from think_review_img where rid=225 [ RunTime:0.000371s ]
SQL: select `thumb_img` from think_review_img where rid=216 [ RunTime:0.000339s ]
SQL: select `thumb_img` from think_review_img where rid=234 [ RunTime:0.000373s ]
SQL: select `thumb_img` from think_review_img where rid=242 [ RunTime:0.000333s ]
SQL: select `thumb_img` from think_review_img where rid=241 [ RunTime:0.000369s ]
SQL: select `thumb_img` from think_review_img where rid=240 [ RunTime:0.000470s ]
SQL: select `thumb_img` from think_review_img where rid=239 [ RunTime:0.000368s ]
SQL: select `thumb_img` from think_review_img where rid=238 [ RunTime:0.000241s ]
INFO: [ view_parse ] --START--
INFO: [ template_filter ] --START--
INFO: Run Behavior\ContentReplaceBehavior [ RunTime:0.000288s ]
INFO: [ template_filter ] --END-- [ RunTime:0.000386s ]
NOTIC: [8] Undefined variable: name /opt/nginx/html/www_wprc365_com/Runtime/Cache/Home/4ecb4d80ad15ce616466b3a831676d8e.php 第 270 行.
INFO: Run Behavior\ParseTemplateBehavior [ RunTime:0.030436s ]
INFO: [ view_parse ] --END-- [ RunTime:0.030510s ]
INFO: [ view_filter ] --START--
INFO: Run Behavior\WriteHtmlCacheBehavior [ RunTime:0.000231s ]
INFO: [ view_filter ] --END-- [ RunTime:0.000298s ]
INFO: [ app_end ] --START--
INFO: Run Behavior\ShowPageTraceBehavior [ RunTime:0.000797s ]
INFO: [ app_end ] --END-- [ RunTime:0.000879s ]

[ 2014-07-29T12:52:47+08:00 ] 211.94.161.81 /
INFO: [ app_init ] --START--
INFO: Run Behavior\BuildLiteBehavior [ RunTime:0.000013s ]
INFO: [ app_init ] --END-- [ RunTime:0.000142s ]
INFO: [ app_begin ] --START--
INFO: Run Behavior\ReadHtmlCacheBehavior [ RunTime:0.000449s ]
INFO: [ app_begin ] --END-- [ RunTime:0.000525s ]
NOTIC: [8] Undefined index: think_loginInfo /opt/nginx/html/www_wprc365_com/Application/Home/Controller/CommonController.class.php 第 41 行.
NOTIC: [8] Undefined index: think_loginInfo /opt/nginx/html/www_wprc365_com/Application/Home/Controller/CommonController.class.php 第 41 行.
SQL: SHOW COLUMNS FROM `think_user` [ RunTime:0.002300s ]
SQL: select * from think_user as u left join think_user_info as i on u.id=i.uid where u.id= [ RunTime:0.000210s ]
ERR: 1064:You have an error in your SQL syntax; check the manual that corresponds to your MySQL server version for the right syntax to use near '' at line 1
 [ SQL语句 ] : select * from think_user as u left join think_user_info as i on u.id=i.uid where u.id=
SQL: SHOW COLUMNS FROM `think_review` [ RunTime:0.001605s ]
SQL: SELECT COUNT(*) AS tp_count FROM `think_review` WHERE ( uid= ) LIMIT 1   [ RunTime:0.000174s ]
ERR: 1064:You have an error in your SQL syntax; check the manual that corresponds to your MySQL server version for the right syntax to use near ') LIMIT 1' at line 1
 [ SQL语句 ] : SELECT COUNT(*) AS tp_count FROM `think_review` WHERE ( uid= ) LIMIT 1  
SQL: SHOW COLUMNS FROM `think_review` [ RunTime:0.002009s ]
SQL: SELECT r.*,p.name,u.name as uname,i.image as touxiang FROM think_review as r INNER JOIN think_product_category as p on r.product_category_id=p.id INNER JOIN think_user as u on r.uid=u.id INNER JOIN think_user_info as i on i.uid=r.uid  WHERE ( r.checked=1 ) ORDER BY  comment_count desc,time desc  LIMIT 0,5   [ RunTime:0.003820s ]
SQL: SHOW COLUMNS FROM `think_review` [ RunTime:0.001716s ]
SQL: SELECT r.*,p.name,u.name as uname,i.image as touxiang FROM think_review as r INNER JOIN think_product_category as p on r.product_category_id=p.id INNER JOIN think_user as u on r.uid=u.id INNER JOIN think_user_info as i on i.uid=r.uid  WHERE ( r.checked=1 ) ORDER BY  time desc  LIMIT 0,5   [ RunTime:0.004285s ]
SQL: select `thumb_img` from think_review_img where rid=215 [ RunTime:0.000694s ]
SQL: select `thumb_img` from think_review_img where rid=218 [ RunTime:0.000344s ]
SQL: select `thumb_img` from think_review_img where rid=225 [ RunTime:0.000399s ]
SQL: select `thumb_img` from think_review_img where rid=216 [ RunTime:0.000356s ]
SQL: select `thumb_img` from think_review_img where rid=234 [ RunTime:0.000494s ]
SQL: select `thumb_img` from think_review_img where rid=242 [ RunTime:0.000373s ]
SQL: select `thumb_img` from think_review_img where rid=241 [ RunTime:0.000419s ]
SQL: select `thumb_img` from think_review_img where rid=240 [ RunTime:0.000357s ]
SQL: select `thumb_img` from think_review_img where rid=239 [ RunTime:0.000329s ]
SQL: select `thumb_img` from think_review_img where rid=238 [ RunTime:0.000342s ]
INFO: [ view_parse ] --START--
INFO: [ template_filter ] --START--
INFO: Run Behavior\ContentReplaceBehavior [ RunTime:0.000255s ]
INFO: [ template_filter ] --END-- [ RunTime:0.000347s ]
NOTIC: [8] Undefined variable: name /opt/nginx/html/www_wprc365_com/Runtime/Cache/Home/4ecb4d80ad15ce616466b3a831676d8e.php 第 270 行.
INFO: Run Behavior\ParseTemplateBehavior [ RunTime:0.031622s ]
INFO: [ view_parse ] --END-- [ RunTime:0.031700s ]
INFO: [ view_filter ] --START--
INFO: Run Behavior\WriteHtmlCacheBehavior [ RunTime:0.000238s ]
INFO: [ view_filter ] --END-- [ RunTime:0.000331s ]
INFO: [ app_end ] --START--
INFO: Run Behavior\ShowPageTraceBehavior [ RunTime:0.000837s ]
INFO: [ app_end ] --END-- [ RunTime:0.000920s ]

[ 2014-07-29T12:52:47+08:00 ] 211.94.161.81 /
INFO: [ app_init ] --START--
INFO: Run Behavior\BuildLiteBehavior [ RunTime:0.000013s ]
INFO: [ app_init ] --END-- [ RunTime:0.000095s ]
INFO: [ app_begin ] --START--
INFO: Run Behavior\ReadHtmlCacheBehavior [ RunTime:0.000483s ]
INFO: [ app_begin ] --END-- [ RunTime:0.000547s ]
NOTIC: [8] Undefined index: think_loginInfo /opt/nginx/html/www_wprc365_com/Application/Home/Controller/CommonController.class.php 第 41 行.
NOTIC: [8] Undefined index: think_loginInfo /opt/nginx/html/www_wprc365_com/Application/Home/Controller/CommonController.class.php 第 41 行.
SQL: SHOW COLUMNS FROM `think_user` [ RunTime:0.001919s ]
SQL: select * from think_user as u left join think_user_info as i on u.id=i.uid where u.id= [ RunTime:0.000285s ]
ERR: 1064:You have an error in your SQL syntax; check the manual that corresponds to your MySQL server version for the right syntax to use near '' at line 1
 [ SQL语句 ] : select * from think_user as u left join think_user_info as i on u.id=i.uid where u.id=
SQL: SHOW COLUMNS FROM `think_review` [ RunTime:0.042113s ]
SQL: SELECT COUNT(*) AS tp_count FROM `think_review` WHERE ( uid= ) LIMIT 1   [ RunTime:0.000434s ]
ERR: 1064:You have an error in your SQL syntax; check the manual that corresponds to your MySQL server version for the right syntax to use near ') LIMIT 1' at line 1
 [ SQL语句 ] : SELECT COUNT(*) AS tp_count FROM `think_review` WHERE ( uid= ) LIMIT 1  
SQL: SHOW COLUMNS FROM `think_review` [ RunTime:0.002239s ]
SQL: SELECT r.*,p.name,u.name as uname,i.image as touxiang FROM think_review as r INNER JOIN think_product_category as p on r.product_category_id=p.id INNER JOIN think_user as u on r.uid=u.id INNER JOIN think_user_info as i on i.uid=r.uid  WHERE ( r.checked=1 ) ORDER BY  comment_count desc,time desc  LIMIT 0,5   [ RunTime:0.004067s ]
SQL: SHOW COLUMNS FROM `think_review` [ RunTime:0.001756s ]
SQL: SELECT r.*,p.name,u.name as uname,i.image as touxiang FROM think_review as r INNER JOIN think_product_category as p on r.product_category_id=p.id INNER JOIN think_user as u on r.uid=u.id INNER JOIN think_user_info as i on i.uid=r.uid  WHERE ( r.checked=1 ) ORDER BY  time desc  LIMIT 0,5   [ RunTime:0.005066s ]
SQL: select `thumb_img` from think_review_img where rid=215 [ RunTime:0.000481s ]
SQL: select `thumb_img` from think_review_img where rid=218 [ RunTime:0.000434s ]
SQL: select `thumb_img` from think_review_img where rid=225 [ RunTime:0.000405s ]
SQL: select `thumb_img` from think_review_img where rid=216 [ RunTime:0.000345s ]
SQL: select `thumb_img` from think_review_img where rid=234 [ RunTime:0.000272s ]
SQL: select `thumb_img` from think_review_img where rid=242 [ RunTime:0.000339s ]
SQL: select `thumb_img` from think_review_img where rid=241 [ RunTime:0.000359s ]
SQL: select `thumb_img` from think_review_img where rid=240 [ RunTime:0.000267s ]
SQL: select `thumb_img` from think_review_img where rid=239 [ RunTime:0.000330s ]
SQL: select `thumb_img` from think_review_img where rid=238 [ RunTime:0.000298s ]
INFO: [ view_parse ] --START--
INFO: [ template_filter ] --START--
INFO: Run Behavior\ContentReplaceBehavior [ RunTime:0.000250s ]
INFO: [ template_filter ] --END-- [ RunTime:0.000337s ]
NOTIC: [8] Undefined variable: name /opt/nginx/html/www_wprc365_com/Runtime/Cache/Home/4ecb4d80ad15ce616466b3a831676d8e.php 第 270 行.
INFO: Run Behavior\ParseTemplateBehavior [ RunTime:0.031070s ]
INFO: [ view_parse ] --END-- [ RunTime:0.031143s ]
INFO: [ view_filter ] --START--
INFO: Run Behavior\WriteHtmlCacheBehavior [ RunTime:0.000208s ]
INFO: [ view_filter ] --END-- [ RunTime:0.000257s ]
INFO: [ app_end ] --START--
INFO: Run Behavior\ShowPageTraceBehavior [ RunTime:0.000518s ]
INFO: [ app_end ] --END-- [ RunTime:0.000571s ]

[ 2014-07-29T12:52:50+08:00 ] 211.94.161.81 /
INFO: [ app_init ] --START--
INFO: Run Behavior\BuildLiteBehavior [ RunTime:0.000020s ]
INFO: [ app_init ] --END-- [ RunTime:0.000155s ]
INFO: [ app_begin ] --START--
INFO: Run Behavior\ReadHtmlCacheBehavior [ RunTime:0.000704s ]
INFO: [ app_begin ] --END-- [ RunTime:0.000833s ]
NOTIC: [8] Undefined index: think_loginInfo /opt/nginx/html/www_wprc365_com/Application/Home/Controller/CommonController.class.php 第 41 行.
NOTIC: [8] Undefined index: think_loginInfo /opt/nginx/html/www_wprc365_com/Application/Home/Controller/CommonController.class.php 第 41 行.
SQL: SHOW COLUMNS FROM `think_user` [ RunTime:0.001929s ]
SQL: select * from think_user as u left join think_user_info as i on u.id=i.uid where u.id= [ RunTime:0.000195s ]
ERR: 1064:You have an error in your SQL syntax; check the manual that corresponds to your MySQL server version for the right syntax to use near '' at line 1
 [ SQL语句 ] : select * from think_user as u left join think_user_info as i on u.id=i.uid where u.id=
SQL: SHOW COLUMNS FROM `think_review` [ RunTime:0.001725s ]
SQL: SELECT COUNT(*) AS tp_count FROM `think_review` WHERE ( uid= ) LIMIT 1   [ RunTime:0.000188s ]
ERR: 1064:You have an error in your SQL syntax; check the manual that corresponds to your MySQL server version for the right syntax to use near ') LIMIT 1' at line 1
 [ SQL语句 ] : SELECT COUNT(*) AS tp_count FROM `think_review` WHERE ( uid= ) LIMIT 1  
SQL: SHOW COLUMNS FROM `think_review` [ RunTime:0.001783s ]
SQL: SELECT r.*,p.name,u.name as uname,i.image as touxiang FROM think_review as r INNER JOIN think_product_category as p on r.product_category_id=p.id INNER JOIN think_user as u on r.uid=u.id INNER JOIN think_user_info as i on i.uid=r.uid  WHERE ( r.checked=1 ) ORDER BY  comment_count desc,time desc  LIMIT 0,5   [ RunTime:0.003949s ]
SQL: SHOW COLUMNS FROM `think_review` [ RunTime:0.001744s ]
SQL: SELECT r.*,p.name,u.name as uname,i.image as touxiang FROM think_review as r INNER JOIN think_product_category as p on r.product_category_id=p.id INNER JOIN think_user as u on r.uid=u.id INNER JOIN think_user_info as i on i.uid=r.uid  WHERE ( r.checked=1 ) ORDER BY  time desc  LIMIT 0,5   [ RunTime:0.003892s ]
SQL: select `thumb_img` from think_review_img where rid=215 [ RunTime:0.000352s ]
SQL: select `thumb_img` from think_review_img where rid=218 [ RunTime:0.000338s ]
SQL: select `thumb_img` from think_review_img where rid=225 [ RunTime:0.000327s ]
SQL: select `thumb_img` from think_review_img where rid=216 [ RunTime:0.000335s ]
SQL: select `thumb_img` from think_review_img where rid=234 [ RunTime:0.000319s ]
SQL: select `thumb_img` from think_review_img where rid=242 [ RunTime:0.000334s ]
SQL: select `thumb_img` from think_review_img where rid=241 [ RunTime:0.000317s ]
SQL: select `thumb_img` from think_review_img where rid=240 [ RunTime:0.000354s ]
SQL: select `thumb_img` from think_review_img where rid=239 [ RunTime:0.000315s ]
SQL: select `thumb_img` from think_review_img where rid=238 [ RunTime:0.000372s ]
INFO: [ view_parse ] --START--
INFO: [ template_filter ] --START--
INFO: Run Behavior\ContentReplaceBehavior [ RunTime:0.000290s ]
INFO: [ template_filter ] --END-- [ RunTime:0.000389s ]
NOTIC: [8] Undefined variable: name /opt/nginx/html/www_wprc365_com/Runtime/Cache/Home/4ecb4d80ad15ce616466b3a831676d8e.php 第 270 行.
INFO: Run Behavior\ParseTemplateBehavior [ RunTime:0.030580s ]
INFO: [ view_parse ] --END-- [ RunTime:0.030656s ]
INFO: [ view_filter ] --START--
INFO: Run Behavior\WriteHtmlCacheBehavior [ RunTime:0.000235s ]
INFO: [ view_filter ] --END-- [ RunTime:0.000307s ]
INFO: [ app_end ] --START--
INFO: Run Behavior\ShowPageTraceBehavior [ RunTime:0.000800s ]
INFO: [ app_end ] --END-- [ RunTime:0.000882s ]

[ 2014-07-29T12:52:52+08:00 ] 211.94.161.81 /
INFO: [ app_init ] --START--
INFO: Run Behavior\BuildLiteBehavior [ RunTime:0.000021s ]
INFO: [ app_init ] --END-- [ RunTime:0.000146s ]
INFO: [ app_begin ] --START--
INFO: Run Behavior\ReadHtmlCacheBehavior [ RunTime:0.000716s ]
INFO: [ app_begin ] --END-- [ RunTime:0.000805s ]
NOTIC: [8] Undefined index: think_loginInfo /opt/nginx/html/www_wprc365_com/Application/Home/Controller/CommonController.class.php 第 41 行.
NOTIC: [8] Undefined index: think_loginInfo /opt/nginx/html/www_wprc365_com/Application/Home/Controller/CommonController.class.php 第 41 行.
SQL: SHOW COLUMNS FROM `think_user` [ RunTime:0.001906s ]
SQL: select * from think_user as u left join think_user_info as i on u.id=i.uid where u.id= [ RunTime:0.000194s ]
ERR: 1064:You have an error in your SQL syntax; check the manual that corresponds to your MySQL server version for the right syntax to use near '' at line 1
 [ SQL语句 ] : select * from think_user as u left join think_user_info as i on u.id=i.uid where u.id=
SQL: SHOW COLUMNS FROM `think_review` [ RunTime:0.001963s ]
SQL: SELECT COUNT(*) AS tp_count FROM `think_review` WHERE ( uid= ) LIMIT 1   [ RunTime:0.000181s ]
ERR: 1064:You have an error in your SQL syntax; check the manual that corresponds to your MySQL server version for the right syntax to use near ') LIMIT 1' at line 1
 [ SQL语句 ] : SELECT COUNT(*) AS tp_count FROM `think_review` WHERE ( uid= ) LIMIT 1  
SQL: SHOW COLUMNS FROM `think_review` [ RunTime:0.001656s ]
SQL: SELECT r.*,p.name,u.name as uname,i.image as touxiang FROM think_review as r INNER JOIN think_product_category as p on r.product_category_id=p.id INNER JOIN think_user as u on r.uid=u.id INNER JOIN think_user_info as i on i.uid=r.uid  WHERE ( r.checked=1 ) ORDER BY  comment_count desc,time desc  LIMIT 0,5   [ RunTime:0.004036s ]
SQL: SHOW COLUMNS FROM `think_review` [ RunTime:0.001534s ]
SQL: SELECT r.*,p.name,u.name as uname,i.image as touxiang FROM think_review as r INNER JOIN think_product_category as p on r.product_category_id=p.id INNER JOIN think_user as u on r.uid=u.id INNER JOIN think_user_info as i on i.uid=r.uid  WHERE ( r.checked=1 ) ORDER BY  time desc  LIMIT 0,5   [ RunTime:0.007178s ]
SQL: select `thumb_img` from think_review_img where rid=215 [ RunTime:0.000429s ]
SQL: select `thumb_img` from think_review_img where rid=218 [ RunTime:0.000411s ]
SQL: select `thumb_img` from think_review_img where rid=225 [ RunTime:0.000748s ]
SQL: select `thumb_img` from think_review_img where rid=216 [ RunTime:0.000386s ]
SQL: select `thumb_img` from think_review_img where rid=234 [ RunTime:0.000334s ]
SQL: select `thumb_img` from think_review_img where rid=242 [ RunTime:0.000372s ]
SQL: select `thumb_img` from think_review_img where rid=241 [ RunTime:0.000351s ]
SQL: select `thumb_img` from think_review_img where rid=240 [ RunTime:0.000321s ]
SQL: select `thumb_img` from think_review_img where rid=239 [ RunTime:0.000323s ]
SQL: select `thumb_img` from think_review_img where rid=238 [ RunTime:0.000323s ]
INFO: [ view_parse ] --START--
INFO: [ template_filter ] --START--
INFO: Run Behavior\ContentReplaceBehavior [ RunTime:0.000257s ]
INFO: [ template_filter ] --END-- [ RunTime:0.000385s ]
NOTIC: [8] Undefined variable: name /opt/nginx/html/www_wprc365_com/Runtime/Cache/Home/4ecb4d80ad15ce616466b3a831676d8e.php 第 270 行.
INFO: Run Behavior\ParseTemplateBehavior [ RunTime:0.027214s ]
INFO: [ view_parse ] --END-- [ RunTime:0.027314s ]
INFO: [ view_filter ] --START--
INFO: Run Behavior\WriteHtmlCacheBehavior [ RunTime:0.000232s ]
INFO: [ view_filter ] --END-- [ RunTime:0.000296s ]
INFO: [ app_end ] --START--
INFO: Run Behavior\ShowPageTraceBehavior [ RunTime:0.000816s ]
INFO: [ app_end ] --END-- [ RunTime:0.000903s ]

[ 2014-07-29T12:52:52+08:00 ] 211.94.161.81 /
INFO: [ app_init ] --START--
INFO: Run Behavior\BuildLiteBehavior [ RunTime:0.000026s ]
INFO: [ app_init ] --END-- [ RunTime:0.000167s ]
INFO: [ app_begin ] --START--
INFO: Run Behavior\ReadHtmlCacheBehavior [ RunTime:0.000758s ]
INFO: [ app_begin ] --END-- [ RunTime:0.000843s ]
NOTIC: [8] Undefined index: think_loginInfo /opt/nginx/html/www_wprc365_com/Application/Home/Controller/CommonController.class.php 第 41 行.
NOTIC: [8] Undefined index: think_loginInfo /opt/nginx/html/www_wprc365_com/Application/Home/Controller/CommonController.class.php 第 41 行.
SQL: SHOW COLUMNS FROM `think_user` [ RunTime:0.001812s ]
SQL: select * from think_user as u left join think_user_info as i on u.id=i.uid where u.id= [ RunTime:0.000209s ]
ERR: 1064:You have an error in your SQL syntax; check the manual that corresponds to your MySQL server version for the right syntax to use near '' at line 1
 [ SQL语句 ] : select * from think_user as u left join think_user_info as i on u.id=i.uid where u.id=
SQL: SHOW COLUMNS FROM `think_review` [ RunTime:0.001968s ]
SQL: SELECT COUNT(*) AS tp_count FROM `think_review` WHERE ( uid= ) LIMIT 1   [ RunTime:0.000262s ]
ERR: 1064:You have an error in your SQL syntax; check the manual that corresponds to your MySQL server version for the right syntax to use near ') LIMIT 1' at line 1
 [ SQL语句 ] : SELECT COUNT(*) AS tp_count FROM `think_review` WHERE ( uid= ) LIMIT 1  
SQL: SHOW COLUMNS FROM `think_review` [ RunTime:0.002027s ]
SQL: SELECT r.*,p.name,u.name as uname,i.image as touxiang FROM think_review as r INNER JOIN think_product_category as p on r.product_category_id=p.id INNER JOIN think_user as u on r.uid=u.id INNER JOIN think_user_info as i on i.uid=r.uid  WHERE ( r.checked=1 ) ORDER BY  comment_count desc,time desc  LIMIT 0,5   [ RunTime:0.003913s ]
SQL: SHOW COLUMNS FROM `think_review` [ RunTime:0.001794s ]
SQL: SELECT r.*,p.name,u.name as uname,i.image as touxiang FROM think_review as r INNER JOIN think_product_category as p on r.product_category_id=p.id INNER JOIN think_user as u on r.uid=u.id INNER JOIN think_user_info as i on i.uid=r.uid  WHERE ( r.checked=1 ) ORDER BY  time desc  LIMIT 0,5   [ RunTime:0.003819s ]
SQL: select `thumb_img` from think_review_img where rid=215 [ RunTime:0.000378s ]
SQL: select `thumb_img` from think_review_img where rid=218 [ RunTime:0.000390s ]
SQL: select `thumb_img` from think_review_img where rid=225 [ RunTime:0.000341s ]
SQL: select `thumb_img` from think_review_img where rid=216 [ RunTime:0.000352s ]
SQL: select `thumb_img` from think_review_img where rid=234 [ RunTime:0.000327s ]
SQL: select `thumb_img` from think_review_img where rid=242 [ RunTime:0.000344s ]
SQL: select `thumb_img` from think_review_img where rid=241 [ RunTime:0.000310s ]
SQL: select `thumb_img` from think_review_img where rid=240 [ RunTime:0.000312s ]
SQL: select `thumb_img` from think_review_img where rid=239 [ RunTime:0.000326s ]
SQL: select `thumb_img` from think_review_img where rid=238 [ RunTime:0.000316s ]
INFO: [ view_parse ] --START--
INFO: [ template_filter ] --START--
INFO: Run Behavior\ContentReplaceBehavior [ RunTime:0.000253s ]
INFO: [ template_filter ] --END-- [ RunTime:0.000337s ]
NOTIC: [8] Undefined variable: name /opt/nginx/html/www_wprc365_com/Runtime/Cache/Home/4ecb4d80ad15ce616466b3a831676d8e.php 第 270 行.
INFO: Run Behavior\ParseTemplateBehavior [ RunTime:0.030895s ]
INFO: [ view_parse ] --END-- [ RunTime:0.030956s ]
INFO: [ view_filter ] --START--
INFO: Run Behavior\WriteHtmlCacheBehavior [ RunTime:0.000140s ]
INFO: [ view_filter ] --END-- [ RunTime:0.000185s ]
INFO: [ app_end ] --START--
INFO: Run Behavior\ShowPageTraceBehavior [ RunTime:0.000529s ]
INFO: [ app_end ] --END-- [ RunTime:0.000581s ]

[ 2014-07-29T13:46:44+08:00 ] 64.246.161.30 /
INFO: [ app_init ] --START--
INFO: Run Behavior\BuildLiteBehavior [ RunTime:0.000020s ]
INFO: [ app_init ] --END-- [ RunTime:0.000151s ]
INFO: [ app_begin ] --START--
INFO: Run Behavior\ReadHtmlCacheBehavior [ RunTime:0.000685s ]
INFO: [ app_begin ] --END-- [ RunTime:0.000771s ]
NOTIC: [8] Undefined index: think_loginInfo /opt/nginx/html/www_wprc365_com/Application/Home/Controller/CommonController.class.php 第 41 行.
NOTIC: [8] Undefined index: think_loginInfo /opt/nginx/html/www_wprc365_com/Application/Home/Controller/CommonController.class.php 第 41 行.
SQL: SHOW COLUMNS FROM `think_user` [ RunTime:0.004725s ]
SQL: select * from think_user as u left join think_user_info as i on u.id=i.uid where u.id= [ RunTime:0.000210s ]
ERR: 1064:You have an error in your SQL syntax; check the manual that corresponds to your MySQL server version for the right syntax to use near '' at line 1
 [ SQL语句 ] : select * from think_user as u left join think_user_info as i on u.id=i.uid where u.id=
SQL: SHOW COLUMNS FROM `think_review` [ RunTime:0.001882s ]
SQL: SELECT COUNT(*) AS tp_count FROM `think_review` WHERE ( uid= ) LIMIT 1   [ RunTime:0.000171s ]
ERR: 1064:You have an error in your SQL syntax; check the manual that corresponds to your MySQL server version for the right syntax to use near ') LIMIT 1' at line 1
 [ SQL语句 ] : SELECT COUNT(*) AS tp_count FROM `think_review` WHERE ( uid= ) LIMIT 1  
SQL: SHOW COLUMNS FROM `think_review` [ RunTime:0.001930s ]
SQL: SELECT r.*,p.name,u.name as uname,i.image as touxiang FROM think_review as r INNER JOIN think_product_category as p on r.product_category_id=p.id INNER JOIN think_user as u on r.uid=u.id INNER JOIN think_user_info as i on i.uid=r.uid  WHERE ( r.checked=1 ) ORDER BY  comment_count desc,time desc  LIMIT 0,5   [ RunTime:0.004274s ]
SQL: SHOW COLUMNS FROM `think_review` [ RunTime:0.001782s ]
SQL: SELECT r.*,p.name,u.name as uname,i.image as touxiang FROM think_review as r INNER JOIN think_product_category as p on r.product_category_id=p.id INNER JOIN think_user as u on r.uid=u.id INNER JOIN think_user_info as i on i.uid=r.uid  WHERE ( r.checked=1 ) ORDER BY  time desc  LIMIT 0,5   [ RunTime:0.004787s ]
SQL: select `thumb_img` from think_review_img where rid=215 [ RunTime:0.000410s ]
SQL: select `thumb_img` from think_review_img where rid=218 [ RunTime:0.000323s ]
SQL: select `thumb_img` from think_review_img where rid=225 [ RunTime:0.000389s ]
SQL: select `thumb_img` from think_review_img where rid=216 [ RunTime:0.000317s ]
SQL: select `thumb_img` from think_review_img where rid=234 [ RunTime:0.000371s ]
SQL: select `thumb_img` from think_review_img where rid=242 [ RunTime:0.000312s ]
SQL: select `thumb_img` from think_review_img where rid=241 [ RunTime:0.000392s ]
SQL: select `thumb_img` from think_review_img where rid=240 [ RunTime:0.000312s ]
SQL: select `thumb_img` from think_review_img where rid=239 [ RunTime:0.000370s ]
SQL: select `thumb_img` from think_review_img where rid=238 [ RunTime:0.000308s ]
INFO: [ view_parse ] --START--
INFO: [ template_filter ] --START--
INFO: Run Behavior\ContentReplaceBehavior [ RunTime:0.000352s ]
INFO: [ template_filter ] --END-- [ RunTime:0.000563s ]
NOTIC: [8] Undefined variable: name /opt/nginx/html/www_wprc365_com/Runtime/Cache/Home/4ecb4d80ad15ce616466b3a831676d8e.php 第 270 行.
INFO: Run Behavior\ParseTemplateBehavior [ RunTime:0.031428s ]
INFO: [ view_parse ] --END-- [ RunTime:0.031510s ]
INFO: [ view_filter ] --START--
INFO: Run Behavior\WriteHtmlCacheBehavior [ RunTime:0.000224s ]
INFO: [ view_filter ] --END-- [ RunTime:0.000289s ]
INFO: [ app_end ] --START--
INFO: Run Behavior\ShowPageTraceBehavior [ RunTime:0.000749s ]
INFO: [ app_end ] --END-- [ RunTime:0.000866s ]

[ 2014-07-29T17:05:46+08:00 ] 220.181.108.183 /home/act/reviewInfo?id=216
INFO: [ app_init ] --START--
INFO: Run Behavior\BuildLiteBehavior [ RunTime:0.000014s ]
INFO: [ app_init ] --END-- [ RunTime:0.000156s ]
INFO: [ app_begin ] --START--
INFO: Run Behavior\ReadHtmlCacheBehavior [ RunTime:0.000744s ]
INFO: [ app_begin ] --END-- [ RunTime:0.000856s ]
NOTIC: [8] Undefined index: think_loginInfo /opt/nginx/html/www_wprc365_com/Application/Home/Controller/CommonController.class.php 第 41 行.
NOTIC: [8] Undefined index: think_loginInfo /opt/nginx/html/www_wprc365_com/Application/Home/Controller/CommonController.class.php 第 41 行.
SQL: SHOW COLUMNS FROM `think_user` [ RunTime:0.001952s ]
SQL: select * from think_user as u left join think_user_info as i on u.id=i.uid where u.id= [ RunTime:0.000198s ]
ERR: 1064:You have an error in your SQL syntax; check the manual that corresponds to your MySQL server version for the right syntax to use near '' at line 1
 [ SQL语句 ] : select * from think_user as u left join think_user_info as i on u.id=i.uid where u.id=
SQL: SHOW COLUMNS FROM `think_review` [ RunTime:0.001627s ]
SQL: SELECT COUNT(*) AS tp_count FROM `think_review` WHERE ( uid= ) LIMIT 1   [ RunTime:0.000206s ]
ERR: 1064:You have an error in your SQL syntax; check the manual that corresponds to your MySQL server version for the right syntax to use near ') LIMIT 1' at line 1
 [ SQL语句 ] : SELECT COUNT(*) AS tp_count FROM `think_review` WHERE ( uid= ) LIMIT 1  
SQL: SHOW COLUMNS FROM `think_review` [ RunTime:0.001928s ]
SQL: SHOW COLUMNS FROM `think_reply` [ RunTime:0.002118s ]
SQL: SELECT COUNT(*) AS tp_count FROM `think_reply` WHERE ( rid=216 and pid=0 ) LIMIT 1   [ RunTime:0.000527s ]
NOTIC: [2] Division by zero /opt/nginx/html/www_wprc365_com/Application/Lib/Page.class.php 第 52 行.
NOTIC: [8] Undefined index: P /opt/nginx/html/www_wprc365_com/Application/Lib/Page.class.php 第 54 行.
SQL: select think_user_info.*,think_review.*,think_product_category.name as pname,think_user.* from think_review inner join think_product_category on think_review.product_category_id=think_product_category.id inner join think_user on think_review.uid=think_user.id inner join think_user_info on think_review.uid=think_user_info.uid where think_review.id=216 and think_review.checked=1 limit 1 [ RunTime:0.000691s ]
SQL: select think_reply.*,think_user.name,think_user_info.image from think_reply inner join think_user on think_reply.uid=think_user.id inner join think_user_info on think_reply.uid=think_user_info.uid where think_reply.rid=216 and think_reply.pid=0 order by think_reply.time asc limit 0,10 [ RunTime:0.002390s ]
SQL: select think_reply.*,think_user.name,think_user_info.image from think_reply inner join think_user on think_reply.uid=think_user.id inner join think_user_info on think_reply.uid=think_user_info.uid where think_reply.rid=216 and think_reply.pid in (64,68,74,79) order by think_reply.time asc [ RunTime:0.002379s ]
SQL: select name as `rename` from think_user where id=51 [ RunTime:0.000363s ]
SQL: SHOW COLUMNS FROM `think_review_img` [ RunTime:0.001792s ]
SQL: SELECT * FROM `think_review_img` WHERE ( rid=216 )  [ RunTime:0.000474s ]
NOTIC: [8] Undefined index: think_loginInfo /opt/nginx/html/www_wprc365_com/Application/Home/Controller/CommonController.class.php 第 41 行.
SQL: SHOW COLUMNS FROM `think_follow` [ RunTime:0.001479s ]
SQL: SELECT * FROM `think_follow` WHERE ( flollow_id= and uid=48 )  [ RunTime:0.000185s ]
ERR: 1064:You have an error in your SQL syntax; check the manual that corresponds to your MySQL server version for the right syntax to use near 'and uid=48 )' at line 1
 [ SQL语句 ] : SELECT * FROM `think_follow` WHERE ( flollow_id= and uid=48 ) 
SQL: SHOW COLUMNS FROM `think_user_info` [ RunTime:0.002058s ]
SQL: SELECT * FROM `think_user_info` WHERE ( uid= ) LIMIT 1   [ RunTime:0.000323s ]
ERR: 1064:You have an error in your SQL syntax; check the manual that corresponds to your MySQL server version for the right syntax to use near ') LIMIT 1' at line 1
 [ SQL语句 ] : SELECT * FROM `think_user_info` WHERE ( uid= ) LIMIT 1  
NOTIC: [2] Division by zero /opt/nginx/html/www_wprc365_com/Application/Lib/Page.class.php 第 90 行.
ERR: 模板不存在:./Application/Home/View/web/Act/reviewinfo.html

[ 2014-07-29T20:45:32+08:00 ] 220.181.108.178 /home/act/reviewInfo?id=241
INFO: [ app_init ] --START--
INFO: Run Behavior\BuildLiteBehavior [ RunTime:0.000017s ]
INFO: [ app_init ] --END-- [ RunTime:0.000118s ]
INFO: [ app_begin ] --START--
INFO: Run Behavior\ReadHtmlCacheBehavior [ RunTime:0.022003s ]
INFO: [ app_begin ] --END-- [ RunTime:0.022118s ]
NOTIC: [8] Undefined index: think_loginInfo /opt/nginx/html/www_wprc365_com/Application/Home/Controller/CommonController.class.php 第 41 行.
NOTIC: [8] Undefined index: think_loginInfo /opt/nginx/html/www_wprc365_com/Application/Home/Controller/CommonController.class.php 第 41 行.
SQL: SHOW COLUMNS FROM `think_user` [ RunTime:0.002150s ]
SQL: select * from think_user as u left join think_user_info as i on u.id=i.uid where u.id= [ RunTime:0.000201s ]
ERR: 1064:You have an error in your SQL syntax; check the manual that corresponds to your MySQL server version for the right syntax to use near '' at line 1
 [ SQL语句 ] : select * from think_user as u left join think_user_info as i on u.id=i.uid where u.id=
SQL: SHOW COLUMNS FROM `think_review` [ RunTime:0.001762s ]
SQL: SELECT COUNT(*) AS tp_count FROM `think_review` WHERE ( uid= ) LIMIT 1   [ RunTime:0.000169s ]
ERR: 1064:You have an error in your SQL syntax; check the manual that corresponds to your MySQL server version for the right syntax to use near ') LIMIT 1' at line 1
 [ SQL语句 ] : SELECT COUNT(*) AS tp_count FROM `think_review` WHERE ( uid= ) LIMIT 1  
SQL: SHOW COLUMNS FROM `think_review` [ RunTime:0.002188s ]
SQL: SHOW COLUMNS FROM `think_reply` [ RunTime:0.001587s ]
SQL: SELECT COUNT(*) AS tp_count FROM `think_reply` WHERE ( rid=241 and pid=0 ) LIMIT 1   [ RunTime:0.000439s ]
NOTIC: [2] Division by zero /opt/nginx/html/www_wprc365_com/Application/Lib/Page.class.php 第 52 行.
NOTIC: [8] Undefined index: P /opt/nginx/html/www_wprc365_com/Application/Lib/Page.class.php 第 54 行.
SQL: select think_user_info.*,think_review.*,think_product_category.name as pname,think_user.* from think_review inner join think_product_category on think_review.product_category_id=think_product_category.id inner join think_user on think_review.uid=think_user.id inner join think_user_info on think_review.uid=think_user_info.uid where think_review.id=241 and think_review.checked=1 limit 1 [ RunTime:0.000715s ]
SQL: select think_reply.*,think_user.name,think_user_info.image from think_reply inner join think_user on think_reply.uid=think_user.id inner join think_user_info on think_reply.uid=think_user_info.uid where think_reply.rid=241 and think_reply.pid=0 order by think_reply.time asc limit 0,10 [ RunTime:0.001619s ]
SQL: select think_reply.*,think_user.name,think_user_info.image from think_reply inner join think_user on think_reply.uid=think_user.id inner join think_user_info on think_reply.uid=think_user_info.uid where think_reply.rid=241 and think_reply.pid in () order by think_reply.time asc [ RunTime:0.000209s ]
ERR: 1064:You have an error in your SQL syntax; check the manual that corresponds to your MySQL server version for the right syntax to use near ') order by think_reply.time asc' at line 1
 [ SQL语句 ] : select think_reply.*,think_user.name,think_user_info.image from think_reply inner join think_user on think_reply.uid=think_user.id inner join think_user_info on think_reply.uid=think_user_info.uid where think_reply.rid=241 and think_reply.pid in () order by think_reply.time asc
NOTIC: [2] Invalid argument supplied for foreach() /opt/nginx/html/www_wprc365_com/Application/Home/Model/ReviewModel.class.php 第 65 行.
SQL: SHOW COLUMNS FROM `think_review_img` [ RunTime:0.001529s ]
SQL: SELECT * FROM `think_review_img` WHERE ( rid=241 )  [ RunTime:0.000441s ]
NOTIC: [8] Undefined index: think_loginInfo /opt/nginx/html/www_wprc365_com/Application/Home/Controller/CommonController.class.php 第 41 行.
SQL: SHOW COLUMNS FROM `think_follow` [ RunTime:0.001530s ]
SQL: SELECT * FROM `think_follow` WHERE ( flollow_id= and uid=67 )  [ RunTime:0.000162s ]
ERR: 1064:You have an error in your SQL syntax; check the manual that corresponds to your MySQL server version for the right syntax to use near 'and uid=67 )' at line 1
 [ SQL语句 ] : SELECT * FROM `think_follow` WHERE ( flollow_id= and uid=67 ) 
SQL: SHOW COLUMNS FROM `think_user_info` [ RunTime:0.001730s ]
SQL: SELECT * FROM `think_user_info` WHERE ( uid= ) LIMIT 1   [ RunTime:0.000145s ]
ERR: 1064:You have an error in your SQL syntax; check the manual that corresponds to your MySQL server version for the right syntax to use near ') LIMIT 1' at line 1
 [ SQL语句 ] : SELECT * FROM `think_user_info` WHERE ( uid= ) LIMIT 1  
ERR: 模板不存在:./Application/Home/View/web/Act/reviewinfo.html

[ 2014-07-29T21:57:54+08:00 ] 123.125.71.60 /home/user/userIntro?uid=48
INFO: [ app_init ] --START--
INFO: Run Behavior\BuildLiteBehavior [ RunTime:0.000023s ]
INFO: [ app_init ] --END-- [ RunTime:0.000164s ]
INFO: [ app_begin ] --START--
INFO: Run Behavior\ReadHtmlCacheBehavior [ RunTime:0.000764s ]
INFO: [ app_begin ] --END-- [ RunTime:0.000851s ]
NOTIC: [8] Undefined index: think_loginInfo /opt/nginx/html/www_wprc365_com/Application/Home/Controller/CommonController.class.php 第 41 行.
NOTIC: [8] Undefined index: think_loginInfo /opt/nginx/html/www_wprc365_com/Application/Home/Controller/CommonController.class.php 第 41 行.
SQL: SHOW COLUMNS FROM `think_user` [ RunTime:0.002117s ]
SQL: select * from think_user as u left join think_user_info as i on u.id=i.uid where u.id= [ RunTime:0.000230s ]
ERR: 1064:You have an error in your SQL syntax; check the manual that corresponds to your MySQL server version for the right syntax to use near '' at line 1
 [ SQL语句 ] : select * from think_user as u left join think_user_info as i on u.id=i.uid where u.id=
SQL: SHOW COLUMNS FROM `think_review` [ RunTime:0.001804s ]
SQL: SELECT COUNT(*) AS tp_count FROM `think_review` WHERE ( uid= ) LIMIT 1   [ RunTime:0.000198s ]
ERR: 1064:You have an error in your SQL syntax; check the manual that corresponds to your MySQL server version for the right syntax to use near ') LIMIT 1' at line 1
 [ SQL语句 ] : SELECT COUNT(*) AS tp_count FROM `think_review` WHERE ( uid= ) LIMIT 1  
NOTIC: [8] Undefined index: think_loginInfo /opt/nginx/html/www_wprc365_com/Application/Home/Controller/CommonController.class.php 第 41 行.
SQL: SHOW COLUMNS FROM `think_follow` [ RunTime:0.001447s ]
SQL: SELECT * FROM `think_follow` WHERE ( uid=48 and flollow_id= ) LIMIT 1   [ RunTime:0.000229s ]
ERR: 1064:You have an error in your SQL syntax; check the manual that corresponds to your MySQL server version for the right syntax to use near ') LIMIT 1' at line 1
 [ SQL语句 ] : SELECT * FROM `think_follow` WHERE ( uid=48 and flollow_id= ) LIMIT 1  
SQL: select * from think_user as u left join think_user_info as i on u.id=i.uid where u.id=48 [ RunTime:0.000551s ]
SQL: SHOW COLUMNS FROM `think_review` [ RunTime:0.001877s ]
SQL: select * from think_review where uid=48 and checked=1 order by time desc limit 0,5 [ RunTime:0.000478s ]
SQL: select thumb_img,rid from think_review_img where rid in (select * from (select id from think_review where uid=48 and checked=1 order by time desc limit 0,5) as t) [ RunTime:0.065583s ]
ERR: 模板不存在:./Application/Home/View/web/User/userintro.html

