[ 2014-09-14T01:54:41+08:00 ] 66.249.64.44 /home/user/findUser
INFO: [ app_init ] --START--
INFO: Run Behavior\BuildLiteBehavior [ RunTime:0.000019s ]
INFO: [ app_init ] --END-- [ RunTime:0.000128s ]
INFO: [ app_begin ] --START--
INFO: Run Behavior\ReadHtmlCacheBehavior [ RunTime:0.002127s ]
INFO: [ app_begin ] --END-- [ RunTime:0.002210s ]
NOTIC: [8] Undefined index: think_loginInfo /data/nginx/html/www_wprc365_com/Application/Home/Controller/CommonController.class.php 第 41 行.
NOTIC: [8] Undefined index: think_loginInfo /data/nginx/html/www_wprc365_com/Application/Home/Controller/CommonController.class.php 第 41 行.
SQL: SHOW COLUMNS FROM `think_user` [ RunTime:0.002385s ]
SQL: select * from think_user as u left join think_user_info as i on u.id=i.uid where u.id= [ RunTime:0.000154s ]
ERR: 1064:You have an error in your SQL syntax; check the manual that corresponds to your MySQL server version for the right syntax to use near '' at line 1
 [ SQL语句 ] : select * from think_user as u left join think_user_info as i on u.id=i.uid where u.id=
SQL: SHOW COLUMNS FROM `think_review` [ RunTime:0.000888s ]
SQL: SELECT COUNT(*) AS tp_count FROM `think_review` WHERE ( uid= ) LIMIT 1   [ RunTime:0.000125s ]
ERR: 1064:You have an error in your SQL syntax; check the manual that corresponds to your MySQL server version for the right syntax to use near ') LIMIT 1' at line 1
 [ SQL语句 ] : SELECT COUNT(*) AS tp_count FROM `think_review` WHERE ( uid= ) LIMIT 1  
NOTIC: [8] Undefined index: email /data/nginx/html/www_wprc365_com/Application/Home/Controller/UserController.class.php 第 515 行.
ERR: 模板不存在:./Application/Home/View/web/User/finduser.html

[ 2014-09-14T03:59:50+08:00 ] 123.125.71.16 /
INFO: [ app_init ] --START--
INFO: Run Behavior\BuildLiteBehavior [ RunTime:0.000016s ]
INFO: [ app_init ] --END-- [ RunTime:0.000103s ]
INFO: [ app_begin ] --START--
INFO: Run Behavior\ReadHtmlCacheBehavior [ RunTime:0.000457s ]
INFO: [ app_begin ] --END-- [ RunTime:0.000532s ]
NOTIC: [8] Undefined index: think_loginInfo /data/nginx/html/www_wprc365_com/Application/Home/Controller/CommonController.class.php 第 41 行.
NOTIC: [8] Undefined index: think_loginInfo /data/nginx/html/www_wprc365_com/Application/Home/Controller/CommonController.class.php 第 41 行.
SQL: SHOW COLUMNS FROM `think_user` [ RunTime:0.002332s ]
SQL: select * from think_user as u left join think_user_info as i on u.id=i.uid where u.id= [ RunTime:0.000152s ]
ERR: 1064:You have an error in your SQL syntax; check the manual that corresponds to your MySQL server version for the right syntax to use near '' at line 1
 [ SQL语句 ] : select * from think_user as u left join think_user_info as i on u.id=i.uid where u.id=
SQL: SHOW COLUMNS FROM `think_review` [ RunTime:0.000968s ]
SQL: SELECT COUNT(*) AS tp_count FROM `think_review` WHERE ( uid= ) LIMIT 1   [ RunTime:0.000116s ]
ERR: 1064:You have an error in your SQL syntax; check the manual that corresponds to your MySQL server version for the right syntax to use near ') LIMIT 1' at line 1
 [ SQL语句 ] : SELECT COUNT(*) AS tp_count FROM `think_review` WHERE ( uid= ) LIMIT 1  
SQL: SHOW COLUMNS FROM `think_review` [ RunTime:0.000898s ]
SQL: SELECT r.*,p.name,u.name as uname,i.image as touxiang FROM think_review as r INNER JOIN think_product_category as p on r.product_category_id=p.id INNER JOIN think_user as u on r.uid=u.id INNER JOIN think_user_info as i on i.uid=r.uid  WHERE ( r.checked=1 ) ORDER BY  comment_count desc,time desc  LIMIT 0,5   [ RunTime:0.002377s ]
SQL: SHOW COLUMNS FROM `think_review` [ RunTime:0.000839s ]
SQL: SELECT r.*,p.name,u.name as uname,i.image as touxiang FROM think_review as r INNER JOIN think_product_category as p on r.product_category_id=p.id INNER JOIN think_user as u on r.uid=u.id INNER JOIN think_user_info as i on i.uid=r.uid  WHERE ( r.checked=1 ) ORDER BY  time desc  LIMIT 0,5   [ RunTime:0.002174s ]
SQL: select `thumb_img` from think_review_img where rid=215 [ RunTime:0.000259s ]
SQL: select `thumb_img` from think_review_img where rid=218 [ RunTime:0.000215s ]
SQL: select `thumb_img` from think_review_img where rid=225 [ RunTime:0.000209s ]
SQL: select `thumb_img` from think_review_img where rid=216 [ RunTime:0.000280s ]
SQL: select `thumb_img` from think_review_img where rid=234 [ RunTime:0.000216s ]
SQL: select `thumb_img` from think_review_img where rid=242 [ RunTime:0.000208s ]
SQL: select `thumb_img` from think_review_img where rid=241 [ RunTime:0.000230s ]
SQL: select `thumb_img` from think_review_img where rid=240 [ RunTime:0.000217s ]
SQL: select `thumb_img` from think_review_img where rid=239 [ RunTime:0.000203s ]
SQL: select `thumb_img` from think_review_img where rid=238 [ RunTime:0.000203s ]
INFO: [ view_parse ] --START--
INFO: [ template_filter ] --START--
INFO: Run Behavior\ContentReplaceBehavior [ RunTime:0.000181s ]
INFO: [ template_filter ] --END-- [ RunTime:0.000247s ]
NOTIC: [8] Undefined variable: name /data/nginx/html/www_wprc365_com/Runtime/Cache/Home/4ecb4d80ad15ce616466b3a831676d8e.php 第 270 行.
INFO: Run Behavior\ParseTemplateBehavior [ RunTime:0.084465s ]
INFO: [ view_parse ] --END-- [ RunTime:0.084520s ]
INFO: [ view_filter ] --START--
INFO: Run Behavior\WriteHtmlCacheBehavior [ RunTime:0.239303s ]
INFO: [ view_filter ] --END-- [ RunTime:0.239440s ]
INFO: [ app_end ] --START--
INFO: Run Behavior\ShowPageTraceBehavior [ RunTime:0.002274s ]
INFO: [ app_end ] --END-- [ RunTime:0.002360s ]

[ 2014-09-14T06:38:32+08:00 ] 157.55.39.211 /
INFO: [ app_init ] --START--
INFO: Run Behavior\BuildLiteBehavior [ RunTime:0.000020s ]
INFO: [ app_init ] --END-- [ RunTime:0.000129s ]
INFO: [ app_begin ] --START--
INFO: Run Behavior\ReadHtmlCacheBehavior [ RunTime:0.000564s ]
INFO: [ app_begin ] --END-- [ RunTime:0.000621s ]
NOTIC: [8] Undefined index: think_loginInfo /data/nginx/html/www_wprc365_com/Application/Home/Controller/CommonController.class.php 第 41 行.
NOTIC: [8] Undefined index: think_loginInfo /data/nginx/html/www_wprc365_com/Application/Home/Controller/CommonController.class.php 第 41 行.
SQL: SHOW COLUMNS FROM `think_user` [ RunTime:0.002348s ]
SQL: select * from think_user as u left join think_user_info as i on u.id=i.uid where u.id= [ RunTime:0.000127s ]
ERR: 1064:You have an error in your SQL syntax; check the manual that corresponds to your MySQL server version for the right syntax to use near '' at line 1
 [ SQL语句 ] : select * from think_user as u left join think_user_info as i on u.id=i.uid where u.id=
SQL: SHOW COLUMNS FROM `think_review` [ RunTime:0.000965s ]
SQL: SELECT COUNT(*) AS tp_count FROM `think_review` WHERE ( uid= ) LIMIT 1   [ RunTime:0.000118s ]
ERR: 1064:You have an error in your SQL syntax; check the manual that corresponds to your MySQL server version for the right syntax to use near ') LIMIT 1' at line 1
 [ SQL语句 ] : SELECT COUNT(*) AS tp_count FROM `think_review` WHERE ( uid= ) LIMIT 1  
SQL: SHOW COLUMNS FROM `think_review` [ RunTime:0.000914s ]
SQL: SELECT r.*,p.name,u.name as uname,i.image as touxiang FROM think_review as r INNER JOIN think_product_category as p on r.product_category_id=p.id INNER JOIN think_user as u on r.uid=u.id INNER JOIN think_user_info as i on i.uid=r.uid  WHERE ( r.checked=1 ) ORDER BY  comment_count desc,time desc  LIMIT 0,5   [ RunTime:0.023165s ]
SQL: SHOW COLUMNS FROM `think_review` [ RunTime:0.000923s ]
SQL: SELECT r.*,p.name,u.name as uname,i.image as touxiang FROM think_review as r INNER JOIN think_product_category as p on r.product_category_id=p.id INNER JOIN think_user as u on r.uid=u.id INNER JOIN think_user_info as i on i.uid=r.uid  WHERE ( r.checked=1 ) ORDER BY  time desc  LIMIT 0,5   [ RunTime:0.002331s ]
SQL: select `thumb_img` from think_review_img where rid=215 [ RunTime:0.000260s ]
SQL: select `thumb_img` from think_review_img where rid=218 [ RunTime:0.000217s ]
SQL: select `thumb_img` from think_review_img where rid=225 [ RunTime:0.000212s ]
SQL: select `thumb_img` from think_review_img where rid=216 [ RunTime:0.000242s ]
SQL: select `thumb_img` from think_review_img where rid=234 [ RunTime:0.000209s ]
SQL: select `thumb_img` from think_review_img where rid=242 [ RunTime:0.000208s ]
SQL: select `thumb_img` from think_review_img where rid=241 [ RunTime:0.000203s ]
SQL: select `thumb_img` from think_review_img where rid=240 [ RunTime:0.000217s ]
SQL: select `thumb_img` from think_review_img where rid=239 [ RunTime:0.000253s ]
SQL: select `thumb_img` from think_review_img where rid=238 [ RunTime:0.000321s ]
INFO: [ view_parse ] --START--
INFO: [ template_filter ] --START--
INFO: Run Behavior\ContentReplaceBehavior [ RunTime:0.000181s ]
INFO: [ template_filter ] --END-- [ RunTime:0.000245s ]
NOTIC: [8] Undefined variable: name /data/nginx/html/www_wprc365_com/Runtime/Cache/Home/4ecb4d80ad15ce616466b3a831676d8e.php 第 270 行.
INFO: Run Behavior\ParseTemplateBehavior [ RunTime:0.023822s ]
INFO: [ view_parse ] --END-- [ RunTime:0.023888s ]
INFO: [ view_filter ] --START--
INFO: Run Behavior\WriteHtmlCacheBehavior [ RunTime:0.000151s ]
INFO: [ view_filter ] --END-- [ RunTime:0.000197s ]
INFO: [ app_end ] --START--
INFO: Run Behavior\ShowPageTraceBehavior [ RunTime:0.000669s ]
INFO: [ app_end ] --END-- [ RunTime:0.000730s ]

[ 2014-09-14T07:57:47+08:00 ] 42.120.145.238 /
INFO: [ app_init ] --START--
INFO: Run Behavior\BuildLiteBehavior [ RunTime:0.000021s ]
INFO: [ app_init ] --END-- [ RunTime:0.000089s ]
INFO: [ app_begin ] --START--
INFO: Run Behavior\ReadHtmlCacheBehavior [ RunTime:0.000540s ]
INFO: [ app_begin ] --END-- [ RunTime:0.000597s ]
NOTIC: [8] Undefined index: think_loginInfo /data/nginx/html/www_wprc365_com/Application/Home/Controller/CommonController.class.php 第 41 行.
NOTIC: [8] Undefined index: think_loginInfo /data/nginx/html/www_wprc365_com/Application/Home/Controller/CommonController.class.php 第 41 行.
SQL: SHOW COLUMNS FROM `think_user` [ RunTime:0.001041s ]
SQL: select * from think_user as u left join think_user_info as i on u.id=i.uid where u.id= [ RunTime:0.000165s ]
ERR: 1064:You have an error in your SQL syntax; check the manual that corresponds to your MySQL server version for the right syntax to use near '' at line 1
 [ SQL语句 ] : select * from think_user as u left join think_user_info as i on u.id=i.uid where u.id=
SQL: SHOW COLUMNS FROM `think_review` [ RunTime:0.000828s ]
SQL: SELECT COUNT(*) AS tp_count FROM `think_review` WHERE ( uid= ) LIMIT 1   [ RunTime:0.000112s ]
ERR: 1064:You have an error in your SQL syntax; check the manual that corresponds to your MySQL server version for the right syntax to use near ') LIMIT 1' at line 1
 [ SQL语句 ] : SELECT COUNT(*) AS tp_count FROM `think_review` WHERE ( uid= ) LIMIT 1  
SQL: SHOW COLUMNS FROM `think_review` [ RunTime:0.000823s ]
SQL: SELECT r.*,p.name,u.name as uname,i.image as touxiang FROM think_review as r INNER JOIN think_product_category as p on r.product_category_id=p.id INNER JOIN think_user as u on r.uid=u.id INNER JOIN think_user_info as i on i.uid=r.uid  WHERE ( r.checked=1 ) ORDER BY  comment_count desc,time desc  LIMIT 0,5   [ RunTime:0.002555s ]
SQL: SHOW COLUMNS FROM `think_review` [ RunTime:0.000885s ]
SQL: SELECT r.*,p.name,u.name as uname,i.image as touxiang FROM think_review as r INNER JOIN think_product_category as p on r.product_category_id=p.id INNER JOIN think_user as u on r.uid=u.id INNER JOIN think_user_info as i on i.uid=r.uid  WHERE ( r.checked=1 ) ORDER BY  time desc  LIMIT 0,5   [ RunTime:0.002244s ]
SQL: select `thumb_img` from think_review_img where rid=215 [ RunTime:0.000260s ]
SQL: select `thumb_img` from think_review_img where rid=218 [ RunTime:0.000213s ]
SQL: select `thumb_img` from think_review_img where rid=225 [ RunTime:0.000211s ]
SQL: select `thumb_img` from think_review_img where rid=216 [ RunTime:0.000233s ]
SQL: select `thumb_img` from think_review_img where rid=234 [ RunTime:0.000206s ]
SQL: select `thumb_img` from think_review_img where rid=242 [ RunTime:0.000203s ]
SQL: select `thumb_img` from think_review_img where rid=241 [ RunTime:0.000232s ]
SQL: select `thumb_img` from think_review_img where rid=240 [ RunTime:0.000208s ]
SQL: select `thumb_img` from think_review_img where rid=239 [ RunTime:0.000210s ]
SQL: select `thumb_img` from think_review_img where rid=238 [ RunTime:0.000200s ]
INFO: [ view_parse ] --START--
INFO: [ template_filter ] --START--
INFO: Run Behavior\ContentReplaceBehavior [ RunTime:0.000203s ]
INFO: [ template_filter ] --END-- [ RunTime:0.000258s ]
NOTIC: [8] Undefined variable: name /data/nginx/html/www_wprc365_com/Runtime/Cache/Home/4ecb4d80ad15ce616466b3a831676d8e.php 第 270 行.
INFO: Run Behavior\ParseTemplateBehavior [ RunTime:0.037088s ]
INFO: [ view_parse ] --END-- [ RunTime:0.037164s ]
INFO: [ view_filter ] --START--
INFO: Run Behavior\WriteHtmlCacheBehavior [ RunTime:0.000228s ]
INFO: [ view_filter ] --END-- [ RunTime:0.000293s ]
INFO: [ app_end ] --START--
INFO: Run Behavior\ShowPageTraceBehavior [ RunTime:0.000745s ]
INFO: [ app_end ] --END-- [ RunTime:0.000809s ]

[ 2014-09-14T08:27:33+08:00 ] 42.120.145.13 /
INFO: [ app_init ] --START--
INFO: Run Behavior\BuildLiteBehavior [ RunTime:0.000013s ]
INFO: [ app_init ] --END-- [ RunTime:0.000072s ]
INFO: [ app_begin ] --START--
INFO: Run Behavior\ReadHtmlCacheBehavior [ RunTime:0.000426s ]
INFO: [ app_begin ] --END-- [ RunTime:0.000480s ]
NOTIC: [8] Undefined index: think_loginInfo /data/nginx/html/www_wprc365_com/Application/Home/Controller/CommonController.class.php 第 41 行.
NOTIC: [8] Undefined index: think_loginInfo /data/nginx/html/www_wprc365_com/Application/Home/Controller/CommonController.class.php 第 41 行.
SQL: SHOW COLUMNS FROM `think_user` [ RunTime:0.000934s ]
SQL: select * from think_user as u left join think_user_info as i on u.id=i.uid where u.id= [ RunTime:0.000175s ]
ERR: 1064:You have an error in your SQL syntax; check the manual that corresponds to your MySQL server version for the right syntax to use near '' at line 1
 [ SQL语句 ] : select * from think_user as u left join think_user_info as i on u.id=i.uid where u.id=
SQL: SHOW COLUMNS FROM `think_review` [ RunTime:0.000852s ]
SQL: SELECT COUNT(*) AS tp_count FROM `think_review` WHERE ( uid= ) LIMIT 1   [ RunTime:0.000121s ]
ERR: 1064:You have an error in your SQL syntax; check the manual that corresponds to your MySQL server version for the right syntax to use near ') LIMIT 1' at line 1
 [ SQL语句 ] : SELECT COUNT(*) AS tp_count FROM `think_review` WHERE ( uid= ) LIMIT 1  
SQL: SHOW COLUMNS FROM `think_review` [ RunTime:0.001080s ]
SQL: SELECT r.*,p.name,u.name as uname,i.image as touxiang FROM think_review as r INNER JOIN think_product_category as p on r.product_category_id=p.id INNER JOIN think_user as u on r.uid=u.id INNER JOIN think_user_info as i on i.uid=r.uid  WHERE ( r.checked=1 ) ORDER BY  comment_count desc,time desc  LIMIT 0,5   [ RunTime:0.002388s ]
SQL: SHOW COLUMNS FROM `think_review` [ RunTime:0.000866s ]
SQL: SELECT r.*,p.name,u.name as uname,i.image as touxiang FROM think_review as r INNER JOIN think_product_category as p on r.product_category_id=p.id INNER JOIN think_user as u on r.uid=u.id INNER JOIN think_user_info as i on i.uid=r.uid  WHERE ( r.checked=1 ) ORDER BY  time desc  LIMIT 0,5   [ RunTime:0.002196s ]
SQL: select `thumb_img` from think_review_img where rid=215 [ RunTime:0.000282s ]
SQL: select `thumb_img` from think_review_img where rid=218 [ RunTime:0.000213s ]
SQL: select `thumb_img` from think_review_img where rid=225 [ RunTime:0.000216s ]
SQL: select `thumb_img` from think_review_img where rid=216 [ RunTime:0.000230s ]
SQL: select `thumb_img` from think_review_img where rid=234 [ RunTime:0.000202s ]
SQL: select `thumb_img` from think_review_img where rid=242 [ RunTime:0.000206s ]
SQL: select `thumb_img` from think_review_img where rid=241 [ RunTime:0.000242s ]
SQL: select `thumb_img` from think_review_img where rid=240 [ RunTime:0.000200s ]
SQL: select `thumb_img` from think_review_img where rid=239 [ RunTime:0.000197s ]
SQL: select `thumb_img` from think_review_img where rid=238 [ RunTime:0.000242s ]
INFO: [ view_parse ] --START--
INFO: [ template_filter ] --START--
INFO: Run Behavior\ContentReplaceBehavior [ RunTime:0.000177s ]
INFO: [ template_filter ] --END-- [ RunTime:0.000232s ]
NOTIC: [8] Undefined variable: name /data/nginx/html/www_wprc365_com/Runtime/Cache/Home/4ecb4d80ad15ce616466b3a831676d8e.php 第 270 行.
INFO: Run Behavior\ParseTemplateBehavior [ RunTime:0.019258s ]
INFO: [ view_parse ] --END-- [ RunTime:0.019307s ]
INFO: [ view_filter ] --START--
INFO: Run Behavior\WriteHtmlCacheBehavior [ RunTime:0.000136s ]
INFO: [ view_filter ] --END-- [ RunTime:0.000181s ]
INFO: [ app_end ] --START--
INFO: Run Behavior\ShowPageTraceBehavior [ RunTime:0.000534s ]
INFO: [ app_end ] --END-- [ RunTime:0.000590s ]

[ 2014-09-14T09:42:57+08:00 ] 183.136.190.62 /
INFO: [ app_init ] --START--
INFO: Run Behavior\BuildLiteBehavior [ RunTime:0.000014s ]
INFO: [ app_init ] --END-- [ RunTime:0.000098s ]
INFO: [ app_begin ] --START--
INFO: Run Behavior\ReadHtmlCacheBehavior [ RunTime:0.000473s ]
INFO: [ app_begin ] --END-- [ RunTime:0.000538s ]
NOTIC: [8] Undefined index: think_loginInfo /data/nginx/html/www_wprc365_com/Application/Home/Controller/CommonController.class.php 第 41 行.
NOTIC: [8] Undefined index: think_loginInfo /data/nginx/html/www_wprc365_com/Application/Home/Controller/CommonController.class.php 第 41 行.
SQL: SHOW COLUMNS FROM `think_user` [ RunTime:0.001030s ]
SQL: select * from think_user as u left join think_user_info as i on u.id=i.uid where u.id= [ RunTime:0.000142s ]
ERR: 1064:You have an error in your SQL syntax; check the manual that corresponds to your MySQL server version for the right syntax to use near '' at line 1
 [ SQL语句 ] : select * from think_user as u left join think_user_info as i on u.id=i.uid where u.id=
SQL: SHOW COLUMNS FROM `think_review` [ RunTime:0.000877s ]
SQL: SELECT COUNT(*) AS tp_count FROM `think_review` WHERE ( uid= ) LIMIT 1   [ RunTime:0.000115s ]
ERR: 1064:You have an error in your SQL syntax; check the manual that corresponds to your MySQL server version for the right syntax to use near ') LIMIT 1' at line 1
 [ SQL语句 ] : SELECT COUNT(*) AS tp_count FROM `think_review` WHERE ( uid= ) LIMIT 1  
SQL: SHOW COLUMNS FROM `think_review` [ RunTime:0.001021s ]
SQL: SELECT r.*,p.name,u.name as uname,i.image as touxiang FROM think_review as r INNER JOIN think_product_category as p on r.product_category_id=p.id INNER JOIN think_user as u on r.uid=u.id INNER JOIN think_user_info as i on i.uid=r.uid  WHERE ( r.checked=1 ) ORDER BY  comment_count desc,time desc  LIMIT 0,5   [ RunTime:0.003130s ]
SQL: SHOW COLUMNS FROM `think_review` [ RunTime:0.000809s ]
SQL: SELECT r.*,p.name,u.name as uname,i.image as touxiang FROM think_review as r INNER JOIN think_product_category as p on r.product_category_id=p.id INNER JOIN think_user as u on r.uid=u.id INNER JOIN think_user_info as i on i.uid=r.uid  WHERE ( r.checked=1 ) ORDER BY  time desc  LIMIT 0,5   [ RunTime:0.002339s ]
SQL: select `thumb_img` from think_review_img where rid=215 [ RunTime:0.000249s ]
SQL: select `thumb_img` from think_review_img where rid=218 [ RunTime:0.000210s ]
SQL: select `thumb_img` from think_review_img where rid=225 [ RunTime:0.000234s ]
SQL: select `thumb_img` from think_review_img where rid=216 [ RunTime:0.000209s ]
SQL: select `thumb_img` from think_review_img where rid=234 [ RunTime:0.000207s ]
SQL: select `thumb_img` from think_review_img where rid=242 [ RunTime:0.000198s ]
SQL: select `thumb_img` from think_review_img where rid=241 [ RunTime:0.000198s ]
SQL: select `thumb_img` from think_review_img where rid=240 [ RunTime:0.000235s ]
SQL: select `thumb_img` from think_review_img where rid=239 [ RunTime:0.000196s ]
SQL: select `thumb_img` from think_review_img where rid=238 [ RunTime:0.000194s ]
INFO: [ view_parse ] --START--
INFO: [ template_filter ] --START--
INFO: Run Behavior\ContentReplaceBehavior [ RunTime:0.000170s ]
INFO: [ template_filter ] --END-- [ RunTime:0.000236s ]
NOTIC: [8] Undefined variable: name /data/nginx/html/www_wprc365_com/Runtime/Cache/Home/4ecb4d80ad15ce616466b3a831676d8e.php 第 270 行.
INFO: Run Behavior\ParseTemplateBehavior [ RunTime:0.019975s ]
INFO: [ view_parse ] --END-- [ RunTime:0.020024s ]
INFO: [ view_filter ] --START--
INFO: Run Behavior\WriteHtmlCacheBehavior [ RunTime:0.000162s ]
INFO: [ view_filter ] --END-- [ RunTime:0.000207s ]
INFO: [ app_end ] --START--
INFO: Run Behavior\ShowPageTraceBehavior [ RunTime:0.000491s ]
INFO: [ app_end ] --END-- [ RunTime:0.000543s ]

[ 2014-09-14T09:42:57+08:00 ] 183.136.190.62 /
INFO: [ app_init ] --START--
INFO: Run Behavior\BuildLiteBehavior [ RunTime:0.000014s ]
INFO: [ app_init ] --END-- [ RunTime:0.000096s ]
INFO: [ app_begin ] --START--
INFO: Run Behavior\ReadHtmlCacheBehavior [ RunTime:0.000431s ]
INFO: [ app_begin ] --END-- [ RunTime:0.000496s ]
NOTIC: [8] Undefined index: think_loginInfo /data/nginx/html/www_wprc365_com/Application/Home/Controller/CommonController.class.php 第 41 行.
NOTIC: [8] Undefined index: think_loginInfo /data/nginx/html/www_wprc365_com/Application/Home/Controller/CommonController.class.php 第 41 行.
SQL: SHOW COLUMNS FROM `think_user` [ RunTime:0.000913s ]
SQL: select * from think_user as u left join think_user_info as i on u.id=i.uid where u.id= [ RunTime:0.000134s ]
ERR: 1064:You have an error in your SQL syntax; check the manual that corresponds to your MySQL server version for the right syntax to use near '' at line 1
 [ SQL语句 ] : select * from think_user as u left join think_user_info as i on u.id=i.uid where u.id=
SQL: SHOW COLUMNS FROM `think_review` [ RunTime:0.000940s ]
SQL: SELECT COUNT(*) AS tp_count FROM `think_review` WHERE ( uid= ) LIMIT 1   [ RunTime:0.000241s ]
ERR: 1064:You have an error in your SQL syntax; check the manual that corresponds to your MySQL server version for the right syntax to use near ') LIMIT 1' at line 1
 [ SQL语句 ] : SELECT COUNT(*) AS tp_count FROM `think_review` WHERE ( uid= ) LIMIT 1  
SQL: SHOW COLUMNS FROM `think_review` [ RunTime:0.000850s ]
SQL: SELECT r.*,p.name,u.name as uname,i.image as touxiang FROM think_review as r INNER JOIN think_product_category as p on r.product_category_id=p.id INNER JOIN think_user as u on r.uid=u.id INNER JOIN think_user_info as i on i.uid=r.uid  WHERE ( r.checked=1 ) ORDER BY  comment_count desc,time desc  LIMIT 0,5   [ RunTime:0.003088s ]
SQL: SHOW COLUMNS FROM `think_review` [ RunTime:0.000873s ]
SQL: SELECT r.*,p.name,u.name as uname,i.image as touxiang FROM think_review as r INNER JOIN think_product_category as p on r.product_category_id=p.id INNER JOIN think_user as u on r.uid=u.id INNER JOIN think_user_info as i on i.uid=r.uid  WHERE ( r.checked=1 ) ORDER BY  time desc  LIMIT 0,5   [ RunTime:0.002512s ]
SQL: select `thumb_img` from think_review_img where rid=215 [ RunTime:0.000232s ]
SQL: select `thumb_img` from think_review_img where rid=218 [ RunTime:0.000210s ]
SQL: select `thumb_img` from think_review_img where rid=225 [ RunTime:0.000208s ]
SQL: select `thumb_img` from think_review_img where rid=216 [ RunTime:0.000204s ]
SQL: select `thumb_img` from think_review_img where rid=234 [ RunTime:0.000201s ]
SQL: select `thumb_img` from think_review_img where rid=242 [ RunTime:0.000198s ]
SQL: select `thumb_img` from think_review_img where rid=241 [ RunTime:0.000204s ]
SQL: select `thumb_img` from think_review_img where rid=240 [ RunTime:0.000220s ]
SQL: select `thumb_img` from think_review_img where rid=239 [ RunTime:0.000202s ]
SQL: select `thumb_img` from think_review_img where rid=238 [ RunTime:0.000204s ]
INFO: [ view_parse ] --START--
INFO: [ template_filter ] --START--
INFO: Run Behavior\ContentReplaceBehavior [ RunTime:0.000172s ]
INFO: [ template_filter ] --END-- [ RunTime:0.000232s ]
NOTIC: [8] Undefined variable: name /data/nginx/html/www_wprc365_com/Runtime/Cache/Home/4ecb4d80ad15ce616466b3a831676d8e.php 第 270 行.
INFO: Run Behavior\ParseTemplateBehavior [ RunTime:0.019929s ]
INFO: [ view_parse ] --END-- [ RunTime:0.019977s ]
INFO: [ view_filter ] --START--
INFO: Run Behavior\WriteHtmlCacheBehavior [ RunTime:0.000166s ]
INFO: [ view_filter ] --END-- [ RunTime:0.000211s ]
INFO: [ app_end ] --START--
INFO: Run Behavior\ShowPageTraceBehavior [ RunTime:0.000507s ]
INFO: [ app_end ] --END-- [ RunTime:0.000559s ]

[ 2014-09-14T09:42:57+08:00 ] 183.136.190.62 /
INFO: [ app_init ] --START--
INFO: Run Behavior\BuildLiteBehavior [ RunTime:0.000013s ]
INFO: [ app_init ] --END-- [ RunTime:0.000096s ]
INFO: [ app_begin ] --START--
INFO: Run Behavior\ReadHtmlCacheBehavior [ RunTime:0.000489s ]
INFO: [ app_begin ] --END-- [ RunTime:0.000553s ]
NOTIC: [8] Undefined index: think_loginInfo /data/nginx/html/www_wprc365_com/Application/Home/Controller/CommonController.class.php 第 41 行.
NOTIC: [8] Undefined index: think_loginInfo /data/nginx/html/www_wprc365_com/Application/Home/Controller/CommonController.class.php 第 41 行.
SQL: SHOW COLUMNS FROM `think_user` [ RunTime:0.001381s ]
SQL: select * from think_user as u left join think_user_info as i on u.id=i.uid where u.id= [ RunTime:0.000155s ]
ERR: 1064:You have an error in your SQL syntax; check the manual that corresponds to your MySQL server version for the right syntax to use near '' at line 1
 [ SQL语句 ] : select * from think_user as u left join think_user_info as i on u.id=i.uid where u.id=
SQL: SHOW COLUMNS FROM `think_review` [ RunTime:0.001215s ]
SQL: SELECT COUNT(*) AS tp_count FROM `think_review` WHERE ( uid= ) LIMIT 1   [ RunTime:0.000121s ]
ERR: 1064:You have an error in your SQL syntax; check the manual that corresponds to your MySQL server version for the right syntax to use near ') LIMIT 1' at line 1
 [ SQL语句 ] : SELECT COUNT(*) AS tp_count FROM `think_review` WHERE ( uid= ) LIMIT 1  
SQL: SHOW COLUMNS FROM `think_review` [ RunTime:0.000856s ]
SQL: SELECT r.*,p.name,u.name as uname,i.image as touxiang FROM think_review as r INNER JOIN think_product_category as p on r.product_category_id=p.id INNER JOIN think_user as u on r.uid=u.id INNER JOIN think_user_info as i on i.uid=r.uid  WHERE ( r.checked=1 ) ORDER BY  comment_count desc,time desc  LIMIT 0,5   [ RunTime:0.002390s ]
SQL: SHOW COLUMNS FROM `think_review` [ RunTime:0.000885s ]
SQL: SELECT r.*,p.name,u.name as uname,i.image as touxiang FROM think_review as r INNER JOIN think_product_category as p on r.product_category_id=p.id INNER JOIN think_user as u on r.uid=u.id INNER JOIN think_user_info as i on i.uid=r.uid  WHERE ( r.checked=1 ) ORDER BY  time desc  LIMIT 0,5   [ RunTime:0.002249s ]
SQL: select `thumb_img` from think_review_img where rid=215 [ RunTime:0.000226s ]
SQL: select `thumb_img` from think_review_img where rid=218 [ RunTime:0.000209s ]
SQL: select `thumb_img` from think_review_img where rid=225 [ RunTime:0.000230s ]
SQL: select `thumb_img` from think_review_img where rid=216 [ RunTime:0.000207s ]
SQL: select `thumb_img` from think_review_img where rid=234 [ RunTime:0.000204s ]
SQL: select `thumb_img` from think_review_img where rid=242 [ RunTime:0.000221s ]
SQL: select `thumb_img` from think_review_img where rid=241 [ RunTime:0.000211s ]
SQL: select `thumb_img` from think_review_img where rid=240 [ RunTime:0.000197s ]
SQL: select `thumb_img` from think_review_img where rid=239 [ RunTime:0.000195s ]
SQL: select `thumb_img` from think_review_img where rid=238 [ RunTime:0.000201s ]
INFO: [ view_parse ] --START--
INFO: [ template_filter ] --START--
INFO: Run Behavior\ContentReplaceBehavior [ RunTime:0.000174s ]
INFO: [ template_filter ] --END-- [ RunTime:0.000237s ]
NOTIC: [8] Undefined variable: name /data/nginx/html/www_wprc365_com/Runtime/Cache/Home/4ecb4d80ad15ce616466b3a831676d8e.php 第 270 行.
INFO: Run Behavior\ParseTemplateBehavior [ RunTime:0.020055s ]
INFO: [ view_parse ] --END-- [ RunTime:0.020113s ]
INFO: [ view_filter ] --START--
INFO: Run Behavior\WriteHtmlCacheBehavior [ RunTime:0.000141s ]
INFO: [ view_filter ] --END-- [ RunTime:0.000200s ]
INFO: [ app_end ] --START--
INFO: Run Behavior\ShowPageTraceBehavior [ RunTime:0.000525s ]
INFO: [ app_end ] --END-- [ RunTime:0.000578s ]

[ 2014-09-14T13:49:29+08:00 ] 192.99.39.74 /
INFO: [ app_init ] --START--
INFO: Run Behavior\BuildLiteBehavior [ RunTime:0.000013s ]
INFO: [ app_init ] --END-- [ RunTime:0.000104s ]
INFO: [ app_begin ] --START--
INFO: Run Behavior\ReadHtmlCacheBehavior [ RunTime:0.002907s ]
INFO: [ app_begin ] --END-- [ RunTime:0.003016s ]
NOTIC: [8] Undefined index: think_loginInfo /data/nginx/html/www_wprc365_com/Application/Home/Controller/CommonController.class.php 第 41 行.
NOTIC: [8] Undefined index: think_loginInfo /data/nginx/html/www_wprc365_com/Application/Home/Controller/CommonController.class.php 第 41 行.
SQL: SHOW COLUMNS FROM `think_user` [ RunTime:0.123169s ]
SQL: select * from think_user as u left join think_user_info as i on u.id=i.uid where u.id= [ RunTime:0.000303s ]
ERR: 1064:You have an error in your SQL syntax; check the manual that corresponds to your MySQL server version for the right syntax to use near '' at line 1
 [ SQL语句 ] : select * from think_user as u left join think_user_info as i on u.id=i.uid where u.id=
SQL: SHOW COLUMNS FROM `think_review` [ RunTime:0.004815s ]
SQL: SELECT COUNT(*) AS tp_count FROM `think_review` WHERE ( uid= ) LIMIT 1   [ RunTime:0.000140s ]
ERR: 1064:You have an error in your SQL syntax; check the manual that corresponds to your MySQL server version for the right syntax to use near ') LIMIT 1' at line 1
 [ SQL语句 ] : SELECT COUNT(*) AS tp_count FROM `think_review` WHERE ( uid= ) LIMIT 1  
SQL: SHOW COLUMNS FROM `think_review` [ RunTime:0.001177s ]
SQL: SELECT r.*,p.name,u.name as uname,i.image as touxiang FROM think_review as r INNER JOIN think_product_category as p on r.product_category_id=p.id INNER JOIN think_user as u on r.uid=u.id INNER JOIN think_user_info as i on i.uid=r.uid  WHERE ( r.checked=1 ) ORDER BY  comment_count desc,time desc  LIMIT 0,5   [ RunTime:0.033700s ]
SQL: SHOW COLUMNS FROM `think_review` [ RunTime:0.000975s ]
SQL: SELECT r.*,p.name,u.name as uname,i.image as touxiang FROM think_review as r INNER JOIN think_product_category as p on r.product_category_id=p.id INNER JOIN think_user as u on r.uid=u.id INNER JOIN think_user_info as i on i.uid=r.uid  WHERE ( r.checked=1 ) ORDER BY  time desc  LIMIT 0,5   [ RunTime:0.002292s ]
SQL: select `thumb_img` from think_review_img where rid=215 [ RunTime:0.001657s ]
SQL: select `thumb_img` from think_review_img where rid=218 [ RunTime:0.000215s ]
SQL: select `thumb_img` from think_review_img where rid=225 [ RunTime:0.000250s ]
SQL: select `thumb_img` from think_review_img where rid=216 [ RunTime:0.000209s ]
SQL: select `thumb_img` from think_review_img where rid=234 [ RunTime:0.000250s ]
SQL: select `thumb_img` from think_review_img where rid=242 [ RunTime:0.000248s ]
SQL: select `thumb_img` from think_review_img where rid=241 [ RunTime:0.000205s ]
SQL: select `thumb_img` from think_review_img where rid=240 [ RunTime:0.000201s ]
SQL: select `thumb_img` from think_review_img where rid=239 [ RunTime:0.000199s ]
SQL: select `thumb_img` from think_review_img where rid=238 [ RunTime:0.000203s ]
INFO: [ view_parse ] --START--
INFO: [ template_filter ] --START--
INFO: Run Behavior\ContentReplaceBehavior [ RunTime:0.000186s ]
INFO: [ template_filter ] --END-- [ RunTime:0.000254s ]
NOTIC: [8] Undefined variable: name /data/nginx/html/www_wprc365_com/Runtime/Cache/Home/4ecb4d80ad15ce616466b3a831676d8e.php 第 270 行.
INFO: Run Behavior\ParseTemplateBehavior [ RunTime:0.252482s ]
INFO: [ view_parse ] --END-- [ RunTime:0.252565s ]
INFO: [ view_filter ] --START--
INFO: Run Behavior\WriteHtmlCacheBehavior [ RunTime:0.003225s ]
INFO: [ view_filter ] --END-- [ RunTime:0.003282s ]
INFO: [ app_end ] --START--
INFO: Run Behavior\ShowPageTraceBehavior [ RunTime:0.005484s ]
INFO: [ app_end ] --END-- [ RunTime:0.005570s ]

[ 2014-09-14T14:18:51+08:00 ] 218.241.97.200 /
INFO: [ app_init ] --START--
INFO: Run Behavior\BuildLiteBehavior [ RunTime:0.000013s ]
INFO: [ app_init ] --END-- [ RunTime:0.000114s ]
INFO: [ app_begin ] --START--
INFO: Run Behavior\ReadHtmlCacheBehavior [ RunTime:0.000449s ]
INFO: [ app_begin ] --END-- [ RunTime:0.000514s ]
NOTIC: [8] Undefined index: think_loginInfo /data/nginx/html/www_wprc365_com/Application/Home/Controller/CommonController.class.php 第 41 行.
NOTIC: [8] Undefined index: think_loginInfo /data/nginx/html/www_wprc365_com/Application/Home/Controller/CommonController.class.php 第 41 行.
SQL: SHOW COLUMNS FROM `think_user` [ RunTime:0.002599s ]
SQL: select * from think_user as u left join think_user_info as i on u.id=i.uid where u.id= [ RunTime:0.000129s ]
ERR: 1064:You have an error in your SQL syntax; check the manual that corresponds to your MySQL server version for the right syntax to use near '' at line 1
 [ SQL语句 ] : select * from think_user as u left join think_user_info as i on u.id=i.uid where u.id=
SQL: SHOW COLUMNS FROM `think_review` [ RunTime:0.000972s ]
SQL: SELECT COUNT(*) AS tp_count FROM `think_review` WHERE ( uid= ) LIMIT 1   [ RunTime:0.000129s ]
ERR: 1064:You have an error in your SQL syntax; check the manual that corresponds to your MySQL server version for the right syntax to use near ') LIMIT 1' at line 1
 [ SQL语句 ] : SELECT COUNT(*) AS tp_count FROM `think_review` WHERE ( uid= ) LIMIT 1  
SQL: SHOW COLUMNS FROM `think_review` [ RunTime:0.000888s ]
SQL: SELECT r.*,p.name,u.name as uname,i.image as touxiang FROM think_review as r INNER JOIN think_product_category as p on r.product_category_id=p.id INNER JOIN think_user as u on r.uid=u.id INNER JOIN think_user_info as i on i.uid=r.uid  WHERE ( r.checked=1 ) ORDER BY  comment_count desc,time desc  LIMIT 0,5   [ RunTime:0.002331s ]
SQL: SHOW COLUMNS FROM `think_review` [ RunTime:0.000827s ]
SQL: SELECT r.*,p.name,u.name as uname,i.image as touxiang FROM think_review as r INNER JOIN think_product_category as p on r.product_category_id=p.id INNER JOIN think_user as u on r.uid=u.id INNER JOIN think_user_info as i on i.uid=r.uid  WHERE ( r.checked=1 ) ORDER BY  time desc  LIMIT 0,5   [ RunTime:0.002166s ]
SQL: select `thumb_img` from think_review_img where rid=215 [ RunTime:0.000223s ]
SQL: select `thumb_img` from think_review_img where rid=218 [ RunTime:0.000567s ]
SQL: select `thumb_img` from think_review_img where rid=225 [ RunTime:0.000302s ]
SQL: select `thumb_img` from think_review_img where rid=216 [ RunTime:0.000214s ]
SQL: select `thumb_img` from think_review_img where rid=234 [ RunTime:0.000206s ]
SQL: select `thumb_img` from think_review_img where rid=242 [ RunTime:0.000209s ]
SQL: select `thumb_img` from think_review_img where rid=241 [ RunTime:0.000201s ]
SQL: select `thumb_img` from think_review_img where rid=240 [ RunTime:0.000199s ]
SQL: select `thumb_img` from think_review_img where rid=239 [ RunTime:0.000240s ]
SQL: select `thumb_img` from think_review_img where rid=238 [ RunTime:0.000198s ]
INFO: [ view_parse ] --START--
INFO: [ template_filter ] --START--
INFO: Run Behavior\ContentReplaceBehavior [ RunTime:0.000185s ]
INFO: [ template_filter ] --END-- [ RunTime:0.000254s ]
NOTIC: [8] Undefined variable: name /data/nginx/html/www_wprc365_com/Runtime/Cache/Home/4ecb4d80ad15ce616466b3a831676d8e.php 第 270 行.
INFO: Run Behavior\ParseTemplateBehavior [ RunTime:0.022017s ]
INFO: [ view_parse ] --END-- [ RunTime:0.022070s ]
INFO: [ view_filter ] --START--
INFO: Run Behavior\WriteHtmlCacheBehavior [ RunTime:0.000185s ]
INFO: [ view_filter ] --END-- [ RunTime:0.000233s ]
INFO: [ app_end ] --START--
INFO: Run Behavior\ShowPageTraceBehavior [ RunTime:0.000532s ]
INFO: [ app_end ] --END-- [ RunTime:0.000587s ]

[ 2014-09-14T15:11:21+08:00 ] 66.249.64.171 /
INFO: [ app_init ] --START--
INFO: Run Behavior\BuildLiteBehavior [ RunTime:0.000015s ]
INFO: [ app_init ] --END-- [ RunTime:0.000117s ]
INFO: [ app_begin ] --START--
INFO: Run Behavior\ReadHtmlCacheBehavior [ RunTime:0.000460s ]
INFO: [ app_begin ] --END-- [ RunTime:0.000517s ]
NOTIC: [8] Undefined index: think_loginInfo /data/nginx/html/www_wprc365_com/Application/Home/Controller/CommonController.class.php 第 41 行.
NOTIC: [8] Undefined index: think_loginInfo /data/nginx/html/www_wprc365_com/Application/Home/Controller/CommonController.class.php 第 41 行.
SQL: SHOW COLUMNS FROM `think_user` [ RunTime:0.002272s ]
SQL: select * from think_user as u left join think_user_info as i on u.id=i.uid where u.id= [ RunTime:0.000150s ]
ERR: 1064:You have an error in your SQL syntax; check the manual that corresponds to your MySQL server version for the right syntax to use near '' at line 1
 [ SQL语句 ] : select * from think_user as u left join think_user_info as i on u.id=i.uid where u.id=
SQL: SHOW COLUMNS FROM `think_review` [ RunTime:0.000858s ]
SQL: SELECT COUNT(*) AS tp_count FROM `think_review` WHERE ( uid= ) LIMIT 1   [ RunTime:0.000115s ]
ERR: 1064:You have an error in your SQL syntax; check the manual that corresponds to your MySQL server version for the right syntax to use near ') LIMIT 1' at line 1
 [ SQL语句 ] : SELECT COUNT(*) AS tp_count FROM `think_review` WHERE ( uid= ) LIMIT 1  
SQL: SHOW COLUMNS FROM `think_review` [ RunTime:0.000960s ]
SQL: SELECT r.*,p.name,u.name as uname,i.image as touxiang FROM think_review as r INNER JOIN think_product_category as p on r.product_category_id=p.id INNER JOIN think_user as u on r.uid=u.id INNER JOIN think_user_info as i on i.uid=r.uid  WHERE ( r.checked=1 ) ORDER BY  comment_count desc,time desc  LIMIT 0,5   [ RunTime:0.002734s ]
SQL: SHOW COLUMNS FROM `think_review` [ RunTime:0.000929s ]
SQL: SELECT r.*,p.name,u.name as uname,i.image as touxiang FROM think_review as r INNER JOIN think_product_category as p on r.product_category_id=p.id INNER JOIN think_user as u on r.uid=u.id INNER JOIN think_user_info as i on i.uid=r.uid  WHERE ( r.checked=1 ) ORDER BY  time desc  LIMIT 0,5   [ RunTime:0.002528s ]
SQL: select `thumb_img` from think_review_img where rid=215 [ RunTime:0.000265s ]
SQL: select `thumb_img` from think_review_img where rid=218 [ RunTime:0.000264s ]
SQL: select `thumb_img` from think_review_img where rid=225 [ RunTime:0.000340s ]
SQL: select `thumb_img` from think_review_img where rid=216 [ RunTime:0.000211s ]
SQL: select `thumb_img` from think_review_img where rid=234 [ RunTime:0.000204s ]
SQL: select `thumb_img` from think_review_img where rid=242 [ RunTime:0.000360s ]
SQL: select `thumb_img` from think_review_img where rid=241 [ RunTime:0.000205s ]
SQL: select `thumb_img` from think_review_img where rid=240 [ RunTime:0.000307s ]
SQL: select `thumb_img` from think_review_img where rid=239 [ RunTime:0.000242s ]
SQL: select `thumb_img` from think_review_img where rid=238 [ RunTime:0.000202s ]
INFO: [ view_parse ] --START--
INFO: [ template_filter ] --START--
INFO: Run Behavior\ContentReplaceBehavior [ RunTime:0.000183s ]
INFO: [ template_filter ] --END-- [ RunTime:0.000241s ]
NOTIC: [8] Undefined variable: name /data/nginx/html/www_wprc365_com/Runtime/Cache/Home/4ecb4d80ad15ce616466b3a831676d8e.php 第 270 行.
INFO: Run Behavior\ParseTemplateBehavior [ RunTime:0.040372s ]
INFO: [ view_parse ] --END-- [ RunTime:0.040433s ]
INFO: [ view_filter ] --START--
INFO: Run Behavior\WriteHtmlCacheBehavior [ RunTime:0.000200s ]
INFO: [ view_filter ] --END-- [ RunTime:0.000248s ]
INFO: [ app_end ] --START--
INFO: Run Behavior\ShowPageTraceBehavior [ RunTime:0.000674s ]
INFO: [ app_end ] --END-- [ RunTime:0.000740s ]

[ 2014-09-14T16:54:13+08:00 ] 220.181.108.90 /home/act/reviewInfo?id=234
INFO: [ app_init ] --START--
INFO: Run Behavior\BuildLiteBehavior [ RunTime:0.000020s ]
INFO: [ app_init ] --END-- [ RunTime:0.000138s ]
INFO: [ app_begin ] --START--
INFO: Run Behavior\ReadHtmlCacheBehavior [ RunTime:0.000563s ]
INFO: [ app_begin ] --END-- [ RunTime:0.000632s ]
NOTIC: [8] Undefined index: think_loginInfo /data/nginx/html/www_wprc365_com/Application/Home/Controller/CommonController.class.php 第 41 行.
NOTIC: [8] Undefined index: think_loginInfo /data/nginx/html/www_wprc365_com/Application/Home/Controller/CommonController.class.php 第 41 行.
SQL: SHOW COLUMNS FROM `think_user` [ RunTime:0.002625s ]
SQL: select * from think_user as u left join think_user_info as i on u.id=i.uid where u.id= [ RunTime:0.000174s ]
ERR: 1064:You have an error in your SQL syntax; check the manual that corresponds to your MySQL server version for the right syntax to use near '' at line 1
 [ SQL语句 ] : select * from think_user as u left join think_user_info as i on u.id=i.uid where u.id=
SQL: SHOW COLUMNS FROM `think_review` [ RunTime:0.001300s ]
SQL: SELECT COUNT(*) AS tp_count FROM `think_review` WHERE ( uid= ) LIMIT 1   [ RunTime:0.000114s ]
ERR: 1064:You have an error in your SQL syntax; check the manual that corresponds to your MySQL server version for the right syntax to use near ') LIMIT 1' at line 1
 [ SQL语句 ] : SELECT COUNT(*) AS tp_count FROM `think_review` WHERE ( uid= ) LIMIT 1  
SQL: SHOW COLUMNS FROM `think_review` [ RunTime:0.000864s ]
SQL: SHOW COLUMNS FROM `think_reply` [ RunTime:0.001025s ]
SQL: SELECT COUNT(*) AS tp_count FROM `think_reply` WHERE ( rid=234 and pid=0 ) LIMIT 1   [ RunTime:0.030324s ]
NOTIC: [2] Division by zero /data/nginx/html/www_wprc365_com/Application/Lib/Page.class.php 第 52 行.
NOTIC: [8] Undefined index: P /data/nginx/html/www_wprc365_com/Application/Lib/Page.class.php 第 54 行.
SQL: select think_user_info.*,think_review.*,think_product_category.name as pname,think_user.* from think_review inner join think_product_category on think_review.product_category_id=think_product_category.id inner join think_user on think_review.uid=think_user.id inner join think_user_info on think_review.uid=think_user_info.uid where think_review.id=234 and think_review.checked=1 limit 1 [ RunTime:0.000500s ]
SQL: select think_reply.*,think_user.name,think_user_info.image from think_reply inner join think_user on think_reply.uid=think_user.id inner join think_user_info on think_reply.uid=think_user_info.uid where think_reply.rid=234 and think_reply.pid=0 order by think_reply.time asc limit 0,10 [ RunTime:0.001442s ]
SQL: select think_reply.*,think_user.name,think_user_info.image from think_reply inner join think_user on think_reply.uid=think_user.id inner join think_user_info on think_reply.uid=think_user_info.uid where think_reply.rid=234 and think_reply.pid in (86,88,90) order by think_reply.time asc [ RunTime:0.082523s ]
SQL: SHOW COLUMNS FROM `think_review_img` [ RunTime:0.000895s ]
SQL: SELECT * FROM `think_review_img` WHERE ( rid=234 )  [ RunTime:0.000281s ]
NOTIC: [8] Undefined index: think_loginInfo /data/nginx/html/www_wprc365_com/Application/Home/Controller/CommonController.class.php 第 41 行.
SQL: SHOW COLUMNS FROM `think_follow` [ RunTime:0.000830s ]
SQL: SELECT * FROM `think_follow` WHERE ( flollow_id= and uid=59 )  [ RunTime:0.000131s ]
ERR: 1064:You have an error in your SQL syntax; check the manual that corresponds to your MySQL server version for the right syntax to use near 'and uid=59 )' at line 1
 [ SQL语句 ] : SELECT * FROM `think_follow` WHERE ( flollow_id= and uid=59 ) 
SQL: SHOW COLUMNS FROM `think_user_info` [ RunTime:0.000799s ]
SQL: SELECT * FROM `think_user_info` WHERE ( uid= ) LIMIT 1   [ RunTime:0.000103s ]
ERR: 1064:You have an error in your SQL syntax; check the manual that corresponds to your MySQL server version for the right syntax to use near ') LIMIT 1' at line 1
 [ SQL语句 ] : SELECT * FROM `think_user_info` WHERE ( uid= ) LIMIT 1  
NOTIC: [2] Division by zero /data/nginx/html/www_wprc365_com/Application/Lib/Page.class.php 第 90 行.
ERR: 模板不存在:./Application/Home/View/web/Act/reviewinfo.html

[ 2014-09-14T16:54:54+08:00 ] 192.99.39.81 /
INFO: [ app_init ] --START--
INFO: Run Behavior\BuildLiteBehavior [ RunTime:0.000014s ]
INFO: [ app_init ] --END-- [ RunTime:0.000111s ]
INFO: [ app_begin ] --START--
INFO: Run Behavior\ReadHtmlCacheBehavior [ RunTime:0.000461s ]
INFO: [ app_begin ] --END-- [ RunTime:0.000526s ]
NOTIC: [8] Undefined index: think_loginInfo /data/nginx/html/www_wprc365_com/Application/Home/Controller/CommonController.class.php 第 41 行.
NOTIC: [8] Undefined index: think_loginInfo /data/nginx/html/www_wprc365_com/Application/Home/Controller/CommonController.class.php 第 41 行.
SQL: SHOW COLUMNS FROM `think_user` [ RunTime:0.001377s ]
SQL: select * from think_user as u left join think_user_info as i on u.id=i.uid where u.id= [ RunTime:0.000147s ]
ERR: 1064:You have an error in your SQL syntax; check the manual that corresponds to your MySQL server version for the right syntax to use near '' at line 1
 [ SQL语句 ] : select * from think_user as u left join think_user_info as i on u.id=i.uid where u.id=
SQL: SHOW COLUMNS FROM `think_review` [ RunTime:0.001047s ]
SQL: SELECT COUNT(*) AS tp_count FROM `think_review` WHERE ( uid= ) LIMIT 1   [ RunTime:0.000121s ]
ERR: 1064:You have an error in your SQL syntax; check the manual that corresponds to your MySQL server version for the right syntax to use near ') LIMIT 1' at line 1
 [ SQL语句 ] : SELECT COUNT(*) AS tp_count FROM `think_review` WHERE ( uid= ) LIMIT 1  
SQL: SHOW COLUMNS FROM `think_review` [ RunTime:0.000870s ]
SQL: SELECT r.*,p.name,u.name as uname,i.image as touxiang FROM think_review as r INNER JOIN think_product_category as p on r.product_category_id=p.id INNER JOIN think_user as u on r.uid=u.id INNER JOIN think_user_info as i on i.uid=r.uid  WHERE ( r.checked=1 ) ORDER BY  comment_count desc,time desc  LIMIT 0,5   [ RunTime:0.002536s ]
SQL: SHOW COLUMNS FROM `think_review` [ RunTime:0.001118s ]
SQL: SELECT r.*,p.name,u.name as uname,i.image as touxiang FROM think_review as r INNER JOIN think_product_category as p on r.product_category_id=p.id INNER JOIN think_user as u on r.uid=u.id INNER JOIN think_user_info as i on i.uid=r.uid  WHERE ( r.checked=1 ) ORDER BY  time desc  LIMIT 0,5   [ RunTime:0.002265s ]
SQL: select `thumb_img` from think_review_img where rid=215 [ RunTime:0.000225s ]
SQL: select `thumb_img` from think_review_img where rid=218 [ RunTime:0.000232s ]
SQL: select `thumb_img` from think_review_img where rid=225 [ RunTime:0.000239s ]
SQL: select `thumb_img` from think_review_img where rid=216 [ RunTime:0.000203s ]
SQL: select `thumb_img` from think_review_img where rid=234 [ RunTime:0.000201s ]
SQL: select `thumb_img` from think_review_img where rid=242 [ RunTime:0.000239s ]
SQL: select `thumb_img` from think_review_img where rid=241 [ RunTime:0.000199s ]
SQL: select `thumb_img` from think_review_img where rid=240 [ RunTime:0.000195s ]
SQL: select `thumb_img` from think_review_img where rid=239 [ RunTime:0.000207s ]
SQL: select `thumb_img` from think_review_img where rid=238 [ RunTime:0.000195s ]
INFO: [ view_parse ] --START--
INFO: [ template_filter ] --START--
INFO: Run Behavior\ContentReplaceBehavior [ RunTime:0.000185s ]
INFO: [ template_filter ] --END-- [ RunTime:0.000242s ]
NOTIC: [8] Undefined variable: name /data/nginx/html/www_wprc365_com/Runtime/Cache/Home/4ecb4d80ad15ce616466b3a831676d8e.php 第 270 行.
INFO: Run Behavior\ParseTemplateBehavior [ RunTime:0.020489s ]
INFO: [ view_parse ] --END-- [ RunTime:0.020539s ]
INFO: [ view_filter ] --START--
INFO: Run Behavior\WriteHtmlCacheBehavior [ RunTime:0.000153s ]
INFO: [ view_filter ] --END-- [ RunTime:0.000198s ]
INFO: [ app_end ] --START--
INFO: Run Behavior\ShowPageTraceBehavior [ RunTime:0.000540s ]
INFO: [ app_end ] --END-- [ RunTime:0.000598s ]

[ 2014-09-14T17:01:53+08:00 ] 117.136.34.136 /
INFO: [ app_init ] --START--
INFO: Run Behavior\BuildLiteBehavior [ RunTime:0.000014s ]
INFO: [ app_init ] --END-- [ RunTime:0.000116s ]
INFO: [ app_begin ] --START--
INFO: Run Behavior\ReadHtmlCacheBehavior [ RunTime:0.000439s ]
INFO: [ app_begin ] --END-- [ RunTime:0.000505s ]
NOTIC: [8] Undefined index: think_loginInfo /data/nginx/html/www_wprc365_com/Application/Home/Controller/CommonController.class.php 第 41 行.
NOTIC: [8] Undefined index: think_loginInfo /data/nginx/html/www_wprc365_com/Application/Home/Controller/CommonController.class.php 第 41 行.
SQL: SHOW COLUMNS FROM `think_user` [ RunTime:0.000978s ]
SQL: select * from think_user as u left join think_user_info as i on u.id=i.uid where u.id= [ RunTime:0.000128s ]
ERR: 1064:You have an error in your SQL syntax; check the manual that corresponds to your MySQL server version for the right syntax to use near '' at line 1
 [ SQL语句 ] : select * from think_user as u left join think_user_info as i on u.id=i.uid where u.id=
SQL: SHOW COLUMNS FROM `think_review` [ RunTime:0.000881s ]
SQL: SELECT COUNT(*) AS tp_count FROM `think_review` WHERE ( uid= ) LIMIT 1   [ RunTime:0.000113s ]
ERR: 1064:You have an error in your SQL syntax; check the manual that corresponds to your MySQL server version for the right syntax to use near ') LIMIT 1' at line 1
 [ SQL语句 ] : SELECT COUNT(*) AS tp_count FROM `think_review` WHERE ( uid= ) LIMIT 1  
SQL: SHOW COLUMNS FROM `think_review` [ RunTime:0.000864s ]
SQL: SELECT r.*,p.name,u.name as uname,i.image as touxiang FROM think_review as r INNER JOIN think_product_category as p on r.product_category_id=p.id INNER JOIN think_user as u on r.uid=u.id INNER JOIN think_user_info as i on i.uid=r.uid  WHERE ( r.checked=1 ) ORDER BY  comment_count desc,time desc  LIMIT 0,5   [ RunTime:0.002284s ]
SQL: SHOW COLUMNS FROM `think_review` [ RunTime:0.000943s ]
SQL: SELECT r.*,p.name,u.name as uname,i.image as touxiang FROM think_review as r INNER JOIN think_product_category as p on r.product_category_id=p.id INNER JOIN think_user as u on r.uid=u.id INNER JOIN think_user_info as i on i.uid=r.uid  WHERE ( r.checked=1 ) ORDER BY  time desc  LIMIT 0,5   [ RunTime:0.002234s ]
SQL: select `thumb_img` from think_review_img where rid=215 [ RunTime:0.000233s ]
SQL: select `thumb_img` from think_review_img where rid=218 [ RunTime:0.000211s ]
SQL: select `thumb_img` from think_review_img where rid=225 [ RunTime:0.000240s ]
SQL: select `thumb_img` from think_review_img where rid=216 [ RunTime:0.000220s ]
SQL: select `thumb_img` from think_review_img where rid=234 [ RunTime:0.000203s ]
SQL: select `thumb_img` from think_review_img where rid=242 [ RunTime:0.000247s ]
SQL: select `thumb_img` from think_review_img where rid=241 [ RunTime:0.000207s ]
SQL: select `thumb_img` from think_review_img where rid=240 [ RunTime:0.000205s ]
SQL: select `thumb_img` from think_review_img where rid=239 [ RunTime:0.000199s ]
SQL: select `thumb_img` from think_review_img where rid=238 [ RunTime:0.000203s ]
INFO: [ view_parse ] --START--
INFO: [ template_filter ] --START--
INFO: Run Behavior\ContentReplaceBehavior [ RunTime:0.000151s ]
INFO: [ template_filter ] --END-- [ RunTime:0.000220s ]
NOTIC: [8] Undefined index: loginInfo /data/nginx/html/www_wprc365_com/Runtime/Cache/Home/769e70f2e46f34ceb60619bbda5e4691.php 第 245 行.
NOTIC: [8] Undefined index: think_loginInfo /data/nginx/html/www_wprc365_com/Runtime/Cache/Home/769e70f2e46f34ceb60619bbda5e4691.php 第 245 行.
INFO: Run Behavior\ParseTemplateBehavior [ RunTime:0.099421s ]
INFO: [ view_parse ] --END-- [ RunTime:0.099494s ]
INFO: [ view_filter ] --START--
INFO: Run Behavior\WriteHtmlCacheBehavior [ RunTime:0.000155s ]
INFO: [ view_filter ] --END-- [ RunTime:0.000216s ]
INFO: [ app_end ] --START--
INFO: Run Behavior\ShowPageTraceBehavior [ RunTime:0.000559s ]
INFO: [ app_end ] --END-- [ RunTime:0.000613s ]

[ 2014-09-14T20:02:00+08:00 ] 188.92.76.167 /
INFO: [ app_init ] --START--
INFO: Run Behavior\BuildLiteBehavior [ RunTime:0.000014s ]
INFO: [ app_init ] --END-- [ RunTime:0.000103s ]
INFO: [ app_begin ] --START--
INFO: Run Behavior\ReadHtmlCacheBehavior [ RunTime:0.014037s ]
INFO: [ app_begin ] --END-- [ RunTime:0.014145s ]
NOTIC: [8] Undefined index: think_loginInfo /data/nginx/html/www_wprc365_com/Application/Home/Controller/CommonController.class.php 第 41 行.
NOTIC: [8] Undefined index: think_loginInfo /data/nginx/html/www_wprc365_com/Application/Home/Controller/CommonController.class.php 第 41 行.
SQL: SHOW COLUMNS FROM `think_user` [ RunTime:0.002496s ]
SQL: select * from think_user as u left join think_user_info as i on u.id=i.uid where u.id= [ RunTime:0.005641s ]
ERR: 1064:You have an error in your SQL syntax; check the manual that corresponds to your MySQL server version for the right syntax to use near '' at line 1
 [ SQL语句 ] : select * from think_user as u left join think_user_info as i on u.id=i.uid where u.id=
SQL: SHOW COLUMNS FROM `think_review` [ RunTime:0.000961s ]
SQL: SELECT COUNT(*) AS tp_count FROM `think_review` WHERE ( uid= ) LIMIT 1   [ RunTime:0.000112s ]
ERR: 1064:You have an error in your SQL syntax; check the manual that corresponds to your MySQL server version for the right syntax to use near ') LIMIT 1' at line 1
 [ SQL语句 ] : SELECT COUNT(*) AS tp_count FROM `think_review` WHERE ( uid= ) LIMIT 1  
SQL: SHOW COLUMNS FROM `think_review` [ RunTime:0.000802s ]
SQL: SELECT r.*,p.name,u.name as uname,i.image as touxiang FROM think_review as r INNER JOIN think_product_category as p on r.product_category_id=p.id INNER JOIN think_user as u on r.uid=u.id INNER JOIN think_user_info as i on i.uid=r.uid  WHERE ( r.checked=1 ) ORDER BY  comment_count desc,time desc  LIMIT 0,5   [ RunTime:0.002352s ]
SQL: SHOW COLUMNS FROM `think_review` [ RunTime:0.000927s ]
SQL: SELECT r.*,p.name,u.name as uname,i.image as touxiang FROM think_review as r INNER JOIN think_product_category as p on r.product_category_id=p.id INNER JOIN think_user as u on r.uid=u.id INNER JOIN think_user_info as i on i.uid=r.uid  WHERE ( r.checked=1 ) ORDER BY  time desc  LIMIT 0,5   [ RunTime:0.002212s ]
SQL: select `thumb_img` from think_review_img where rid=215 [ RunTime:0.023834s ]
SQL: select `thumb_img` from think_review_img where rid=218 [ RunTime:0.000276s ]
SQL: select `thumb_img` from think_review_img where rid=225 [ RunTime:0.000257s ]
SQL: select `thumb_img` from think_review_img where rid=216 [ RunTime:0.000240s ]
SQL: select `thumb_img` from think_review_img where rid=234 [ RunTime:0.000206s ]
SQL: select `thumb_img` from think_review_img where rid=242 [ RunTime:0.000407s ]
SQL: select `thumb_img` from think_review_img where rid=241 [ RunTime:0.000214s ]
SQL: select `thumb_img` from think_review_img where rid=240 [ RunTime:0.000247s ]
SQL: select `thumb_img` from think_review_img where rid=239 [ RunTime:0.000592s ]
SQL: select `thumb_img` from think_review_img where rid=238 [ RunTime:0.000270s ]
INFO: [ view_parse ] --START--
INFO: [ template_filter ] --START--
INFO: Run Behavior\ContentReplaceBehavior [ RunTime:0.000178s ]
INFO: [ template_filter ] --END-- [ RunTime:0.000263s ]
NOTIC: [8] Undefined variable: name /data/nginx/html/www_wprc365_com/Runtime/Cache/Home/4ecb4d80ad15ce616466b3a831676d8e.php 第 270 行.
INFO: Run Behavior\ParseTemplateBehavior [ RunTime:0.044897s ]
INFO: [ view_parse ] --END-- [ RunTime:0.044952s ]
INFO: [ view_filter ] --START--
INFO: Run Behavior\WriteHtmlCacheBehavior [ RunTime:0.042014s ]
INFO: [ view_filter ] --END-- [ RunTime:0.042069s ]
INFO: 
INFO: 
INFO: 

[ 2014-09-14T20:02:00+08:00 ] 188.92.76.167 /
INFO: [ app_init ] --START--
INFO: Run Behavior\BuildLiteBehavior [ RunTime:0.000015s ]
INFO: [ app_init ] --END-- [ RunTime:0.000112s ]
INFO: [ app_begin ] --START--
INFO: Run Behavior\ReadHtmlCacheBehavior [ RunTime:0.015347s ]
INFO: [ app_begin ] --END-- [ RunTime:0.015470s ]
NOTIC: [8] Undefined index: think_loginInfo /data/nginx/html/www_wprc365_com/Application/Home/Controller/CommonController.class.php 第 41 行.
NOTIC: [8] Undefined index: think_loginInfo /data/nginx/html/www_wprc365_com/Application/Home/Controller/CommonController.class.php 第 41 行.
SQL: SHOW COLUMNS FROM `think_user` [ RunTime:0.002482s ]
SQL: select * from think_user as u left join think_user_info as i on u.id=i.uid where u.id= [ RunTime:0.005622s ]
ERR: 1064:You have an error in your SQL syntax; check the manual that corresponds to your MySQL server version for the right syntax to use near '' at line 1
 [ SQL语句 ] : select * from think_user as u left join think_user_info as i on u.id=i.uid where u.id=
SQL: SHOW COLUMNS FROM `think_review` [ RunTime:0.001030s ]
SQL: SELECT COUNT(*) AS tp_count FROM `think_review` WHERE ( uid= ) LIMIT 1   [ RunTime:0.000112s ]
ERR: 1064:You have an error in your SQL syntax; check the manual that corresponds to your MySQL server version for the right syntax to use near ') LIMIT 1' at line 1
 [ SQL语句 ] : SELECT COUNT(*) AS tp_count FROM `think_review` WHERE ( uid= ) LIMIT 1  
SQL: SHOW COLUMNS FROM `think_review` [ RunTime:0.000985s ]
SQL: SELECT r.*,p.name,u.name as uname,i.image as touxiang FROM think_review as r INNER JOIN think_product_category as p on r.product_category_id=p.id INNER JOIN think_user as u on r.uid=u.id INNER JOIN think_user_info as i on i.uid=r.uid  WHERE ( r.checked=1 ) ORDER BY  comment_count desc,time desc  LIMIT 0,5   [ RunTime:0.002422s ]
SQL: SHOW COLUMNS FROM `think_review` [ RunTime:0.001007s ]
SQL: SELECT r.*,p.name,u.name as uname,i.image as touxiang FROM think_review as r INNER JOIN think_product_category as p on r.product_category_id=p.id INNER JOIN think_user as u on r.uid=u.id INNER JOIN think_user_info as i on i.uid=r.uid  WHERE ( r.checked=1 ) ORDER BY  time desc  LIMIT 0,5   [ RunTime:0.002415s ]
SQL: select `thumb_img` from think_review_img where rid=215 [ RunTime:0.087077s ]
SQL: select `thumb_img` from think_review_img where rid=218 [ RunTime:0.000478s ]
SQL: select `thumb_img` from think_review_img where rid=225 [ RunTime:0.000222s ]
SQL: select `thumb_img` from think_review_img where rid=216 [ RunTime:0.000213s ]
SQL: select `thumb_img` from think_review_img where rid=234 [ RunTime:0.000217s ]
SQL: select `thumb_img` from think_review_img where rid=242 [ RunTime:0.000207s ]
SQL: select `thumb_img` from think_review_img where rid=241 [ RunTime:0.000248s ]
SQL: select `thumb_img` from think_review_img where rid=240 [ RunTime:0.000212s ]
SQL: select `thumb_img` from think_review_img where rid=239 [ RunTime:0.000207s ]
SQL: select `thumb_img` from think_review_img where rid=238 [ RunTime:0.000229s ]
INFO: [ view_parse ] --START--
INFO: [ template_filter ] --START--
INFO: Run Behavior\ContentReplaceBehavior [ RunTime:0.000181s ]
INFO: [ template_filter ] --END-- [ RunTime:0.000250s ]
NOTIC: [8] Undefined variable: name /data/nginx/html/www_wprc365_com/Runtime/Cache/Home/4ecb4d80ad15ce616466b3a831676d8e.php 第 270 行.
INFO: Run Behavior\ParseTemplateBehavior [ RunTime:0.022440s ]
INFO: [ view_parse ] --END-- [ RunTime:0.022501s ]
INFO: [ view_filter ] --START--
INFO: Run Behavior\WriteHtmlCacheBehavior [ RunTime:0.001519s ]
INFO: [ view_filter ] --END-- [ RunTime:0.001565s ]
INFO: 
INFO: 
INFO: 

[ 2014-09-14T22:42:57+08:00 ] 157.55.39.211 /
INFO: [ app_init ] --START--
INFO: Run Behavior\BuildLiteBehavior [ RunTime:0.000019s ]
INFO: [ app_init ] --END-- [ RunTime:0.000151s ]
INFO: [ app_begin ] --START--
INFO: Run Behavior\ReadHtmlCacheBehavior [ RunTime:0.014605s ]
INFO: [ app_begin ] --END-- [ RunTime:0.014686s ]
NOTIC: [8] Undefined index: think_loginInfo /data/nginx/html/www_wprc365_com/Application/Home/Controller/CommonController.class.php 第 41 行.
NOTIC: [8] Undefined index: think_loginInfo /data/nginx/html/www_wprc365_com/Application/Home/Controller/CommonController.class.php 第 41 行.
SQL: SHOW COLUMNS FROM `think_user` [ RunTime:0.003209s ]
SQL: select * from think_user as u left join think_user_info as i on u.id=i.uid where u.id= [ RunTime:0.000146s ]
ERR: 1064:You have an error in your SQL syntax; check the manual that corresponds to your MySQL server version for the right syntax to use near '' at line 1
 [ SQL语句 ] : select * from think_user as u left join think_user_info as i on u.id=i.uid where u.id=
SQL: SHOW COLUMNS FROM `think_review` [ RunTime:0.000854s ]
SQL: SELECT COUNT(*) AS tp_count FROM `think_review` WHERE ( uid= ) LIMIT 1   [ RunTime:0.000122s ]
ERR: 1064:You have an error in your SQL syntax; check the manual that corresponds to your MySQL server version for the right syntax to use near ') LIMIT 1' at line 1
 [ SQL语句 ] : SELECT COUNT(*) AS tp_count FROM `think_review` WHERE ( uid= ) LIMIT 1  
SQL: SHOW COLUMNS FROM `think_review` [ RunTime:0.000884s ]
SQL: SELECT r.*,p.name,u.name as uname,i.image as touxiang FROM think_review as r INNER JOIN think_product_category as p on r.product_category_id=p.id INNER JOIN think_user as u on r.uid=u.id INNER JOIN think_user_info as i on i.uid=r.uid  WHERE ( r.checked=1 ) ORDER BY  comment_count desc,time desc  LIMIT 0,5   [ RunTime:0.025935s ]
SQL: SHOW COLUMNS FROM `think_review` [ RunTime:0.000938s ]
SQL: SELECT r.*,p.name,u.name as uname,i.image as touxiang FROM think_review as r INNER JOIN think_product_category as p on r.product_category_id=p.id INNER JOIN think_user as u on r.uid=u.id INNER JOIN think_user_info as i on i.uid=r.uid  WHERE ( r.checked=1 ) ORDER BY  time desc  LIMIT 0,5   [ RunTime:0.002284s ]
SQL: select `thumb_img` from think_review_img where rid=215 [ RunTime:0.002363s ]
SQL: select `thumb_img` from think_review_img where rid=218 [ RunTime:0.000219s ]
SQL: select `thumb_img` from think_review_img where rid=225 [ RunTime:0.000207s ]
SQL: select `thumb_img` from think_review_img where rid=216 [ RunTime:0.000205s ]
SQL: select `thumb_img` from think_review_img where rid=234 [ RunTime:0.000330s ]
SQL: select `thumb_img` from think_review_img where rid=242 [ RunTime:0.000210s ]
SQL: select `thumb_img` from think_review_img where rid=241 [ RunTime:0.000205s ]
SQL: select `thumb_img` from think_review_img where rid=240 [ RunTime:0.000245s ]
SQL: select `thumb_img` from think_review_img where rid=239 [ RunTime:0.000203s ]
SQL: select `thumb_img` from think_review_img where rid=238 [ RunTime:0.000200s ]
INFO: [ view_parse ] --START--
INFO: [ template_filter ] --START--
INFO: Run Behavior\ContentReplaceBehavior [ RunTime:0.000196s ]
INFO: [ template_filter ] --END-- [ RunTime:0.000266s ]
NOTIC: [8] Undefined variable: name /data/nginx/html/www_wprc365_com/Runtime/Cache/Home/4ecb4d80ad15ce616466b3a831676d8e.php 第 270 行.
INFO: Run Behavior\ParseTemplateBehavior [ RunTime:0.086822s ]
INFO: [ view_parse ] --END-- [ RunTime:0.086883s ]
INFO: [ view_filter ] --START--
INFO: Run Behavior\WriteHtmlCacheBehavior [ RunTime:0.004646s ]
INFO: [ view_filter ] --END-- [ RunTime:0.004700s ]
INFO: [ app_end ] --START--
INFO: Run Behavior\ShowPageTraceBehavior [ RunTime:0.002299s ]
INFO: [ app_end ] --END-- [ RunTime:0.002369s ]

[ 2014-09-14T23:25:57+08:00 ] 220.181.108.155 /home/act/reviewInfo?id=234
INFO: [ app_init ] --START--
INFO: Run Behavior\BuildLiteBehavior [ RunTime:0.000014s ]
INFO: [ app_init ] --END-- [ RunTime:0.000096s ]
INFO: [ app_begin ] --START--
INFO: Run Behavior\ReadHtmlCacheBehavior [ RunTime:0.000484s ]
INFO: [ app_begin ] --END-- [ RunTime:0.000539s ]
NOTIC: [8] Undefined index: think_loginInfo /data/nginx/html/www_wprc365_com/Application/Home/Controller/CommonController.class.php 第 41 行.
NOTIC: [8] Undefined index: think_loginInfo /data/nginx/html/www_wprc365_com/Application/Home/Controller/CommonController.class.php 第 41 行.
SQL: SHOW COLUMNS FROM `think_user` [ RunTime:0.001069s ]
SQL: select * from think_user as u left join think_user_info as i on u.id=i.uid where u.id= [ RunTime:0.000127s ]
ERR: 1064:You have an error in your SQL syntax; check the manual that corresponds to your MySQL server version for the right syntax to use near '' at line 1
 [ SQL语句 ] : select * from think_user as u left join think_user_info as i on u.id=i.uid where u.id=
SQL: SHOW COLUMNS FROM `think_review` [ RunTime:0.000873s ]
SQL: SELECT COUNT(*) AS tp_count FROM `think_review` WHERE ( uid= ) LIMIT 1   [ RunTime:0.000113s ]
ERR: 1064:You have an error in your SQL syntax; check the manual that corresponds to your MySQL server version for the right syntax to use near ') LIMIT 1' at line 1
 [ SQL语句 ] : SELECT COUNT(*) AS tp_count FROM `think_review` WHERE ( uid= ) LIMIT 1  
SQL: SHOW COLUMNS FROM `think_review` [ RunTime:0.000934s ]
SQL: SHOW COLUMNS FROM `think_reply` [ RunTime:0.000774s ]
SQL: SELECT COUNT(*) AS tp_count FROM `think_reply` WHERE ( rid=234 and pid=0 ) LIMIT 1   [ RunTime:0.011203s ]
NOTIC: [2] Division by zero /data/nginx/html/www_wprc365_com/Application/Lib/Page.class.php 第 52 行.
NOTIC: [8] Undefined index: P /data/nginx/html/www_wprc365_com/Application/Lib/Page.class.php 第 54 行.
SQL: select think_user_info.*,think_review.*,think_product_category.name as pname,think_user.* from think_review inner join think_product_category on think_review.product_category_id=think_product_category.id inner join think_user on think_review.uid=think_user.id inner join think_user_info on think_review.uid=think_user_info.uid where think_review.id=234 and think_review.checked=1 limit 1 [ RunTime:0.000502s ]
SQL: select think_reply.*,think_user.name,think_user_info.image from think_reply inner join think_user on think_reply.uid=think_user.id inner join think_user_info on think_reply.uid=think_user_info.uid where think_reply.rid=234 and think_reply.pid=0 order by think_reply.time asc limit 0,10 [ RunTime:0.000990s ]
SQL: select think_reply.*,think_user.name,think_user_info.image from think_reply inner join think_user on think_reply.uid=think_user.id inner join think_user_info on think_reply.uid=think_user_info.uid where think_reply.rid=234 and think_reply.pid in (86,88,90) order by think_reply.time asc [ RunTime:0.069975s ]
SQL: SHOW COLUMNS FROM `think_review_img` [ RunTime:0.000803s ]
SQL: SELECT * FROM `think_review_img` WHERE ( rid=234 )  [ RunTime:0.000260s ]
NOTIC: [8] Undefined index: think_loginInfo /data/nginx/html/www_wprc365_com/Application/Home/Controller/CommonController.class.php 第 41 行.
SQL: SHOW COLUMNS FROM `think_follow` [ RunTime:0.000856s ]
SQL: SELECT * FROM `think_follow` WHERE ( flollow_id= and uid=59 )  [ RunTime:0.000118s ]
ERR: 1064:You have an error in your SQL syntax; check the manual that corresponds to your MySQL server version for the right syntax to use near 'and uid=59 )' at line 1
 [ SQL语句 ] : SELECT * FROM `think_follow` WHERE ( flollow_id= and uid=59 ) 
SQL: SHOW COLUMNS FROM `think_user_info` [ RunTime:0.000924s ]
SQL: SELECT * FROM `think_user_info` WHERE ( uid= ) LIMIT 1   [ RunTime:0.000116s ]
ERR: 1064:You have an error in your SQL syntax; check the manual that corresponds to your MySQL server version for the right syntax to use near ') LIMIT 1' at line 1
 [ SQL语句 ] : SELECT * FROM `think_user_info` WHERE ( uid= ) LIMIT 1  
NOTIC: [2] Division by zero /data/nginx/html/www_wprc365_com/Application/Lib/Page.class.php 第 90 行.
ERR: 模板不存在:./Application/Home/View/web/Act/reviewinfo.html

