[ 2014-10-18T07:01:54+08:00 ] 183.136.190.62 /
INFO: [ app_init ] --START--
INFO: Run Behavior\BuildLiteBehavior [ RunTime:0.000014s ]
INFO: [ app_init ] --END-- [ RunTime:0.000072s ]
INFO: [ app_begin ] --START--
INFO: Run Behavior\ReadHtmlCacheBehavior [ RunTime:0.000453s ]
INFO: [ app_begin ] --END-- [ RunTime:0.000508s ]
NOTIC: [8] Undefined index: think_loginInfo /data/nginx/html/www_wprc365_com/Application/Home/Controller/CommonController.class.php 第 41 行.
NOTIC: [8] Undefined index: think_loginInfo /data/nginx/html/www_wprc365_com/Application/Home/Controller/CommonController.class.php 第 41 行.
SQL: SHOW COLUMNS FROM `think_user` [ RunTime:0.000903s ]
SQL: select * from think_user as u left join think_user_info as i on u.id=i.uid where u.id= [ RunTime:0.000136s ]
ERR: 1064:You have an error in your SQL syntax; check the manual that corresponds to your MySQL server version for the right syntax to use near '' at line 1
 [ SQL语句 ] : select * from think_user as u left join think_user_info as i on u.id=i.uid where u.id=
SQL: SHOW COLUMNS FROM `think_review` [ RunTime:0.000931s ]
SQL: SELECT COUNT(*) AS tp_count FROM `think_review` WHERE ( uid= ) LIMIT 1   [ RunTime:0.000114s ]
ERR: 1064:You have an error in your SQL syntax; check the manual that corresponds to your MySQL server version for the right syntax to use near ') LIMIT 1' at line 1
 [ SQL语句 ] : SELECT COUNT(*) AS tp_count FROM `think_review` WHERE ( uid= ) LIMIT 1  
SQL: SHOW COLUMNS FROM `think_review` [ RunTime:0.000843s ]
SQL: SELECT r.*,p.name,u.name as uname,i.image as touxiang FROM think_review as r INNER JOIN think_product_category as p on r.product_category_id=p.id INNER JOIN think_user as u on r.uid=u.id INNER JOIN think_user_info as i on i.uid=r.uid  WHERE ( r.checked=1 ) ORDER BY  comment_count desc,time desc  LIMIT 0,5   [ RunTime:0.002340s ]
SQL: SHOW COLUMNS FROM `think_review` [ RunTime:0.000875s ]
SQL: SELECT r.*,p.name,u.name as uname,i.image as touxiang FROM think_review as r INNER JOIN think_product_category as p on r.product_category_id=p.id INNER JOIN think_user as u on r.uid=u.id INNER JOIN think_user_info as i on i.uid=r.uid  WHERE ( r.checked=1 ) ORDER BY  time desc  LIMIT 0,5   [ RunTime:0.002146s ]
SQL: select `thumb_img` from think_review_img where rid=215 [ RunTime:0.000231s ]
SQL: select `thumb_img` from think_review_img where rid=218 [ RunTime:0.000207s ]
SQL: select `thumb_img` from think_review_img where rid=225 [ RunTime:0.000204s ]
SQL: select `thumb_img` from think_review_img where rid=216 [ RunTime:0.000240s ]
SQL: select `thumb_img` from think_review_img where rid=234 [ RunTime:0.000202s ]
SQL: select `thumb_img` from think_review_img where rid=242 [ RunTime:0.000199s ]
SQL: select `thumb_img` from think_review_img where rid=241 [ RunTime:0.000223s ]
SQL: select `thumb_img` from think_review_img where rid=240 [ RunTime:0.000199s ]
SQL: select `thumb_img` from think_review_img where rid=239 [ RunTime:0.000196s ]
SQL: select `thumb_img` from think_review_img where rid=238 [ RunTime:0.000195s ]
INFO: [ view_parse ] --START--
INFO: [ template_filter ] --START--
INFO: Run Behavior\ContentReplaceBehavior [ RunTime:0.000174s ]
INFO: [ template_filter ] --END-- [ RunTime:0.000234s ]
NOTIC: [8] Undefined variable: name /data/nginx/html/www_wprc365_com/Runtime/Cache/Home/4ecb4d80ad15ce616466b3a831676d8e.php 第 270 行.
INFO: Run Behavior\ParseTemplateBehavior [ RunTime:0.019121s ]
INFO: [ view_parse ] --END-- [ RunTime:0.019170s ]
INFO: [ view_filter ] --START--
INFO: Run Behavior\WriteHtmlCacheBehavior [ RunTime:0.000139s ]
INFO: [ view_filter ] --END-- [ RunTime:0.000185s ]
INFO: [ app_end ] --START--
INFO: Run Behavior\ShowPageTraceBehavior [ RunTime:0.000515s ]
INFO: [ app_end ] --END-- [ RunTime:0.000570s ]

[ 2014-10-18T07:01:54+08:00 ] 183.136.190.62 /
INFO: [ app_init ] --START--
INFO: Run Behavior\BuildLiteBehavior [ RunTime:0.000027s ]
INFO: [ app_init ] --END-- [ RunTime:0.000164s ]
INFO: [ app_begin ] --START--
INFO: Run Behavior\ReadHtmlCacheBehavior [ RunTime:0.000471s ]
INFO: [ app_begin ] --END-- [ RunTime:0.000573s ]
NOTIC: [8] Undefined index: think_loginInfo /data/nginx/html/www_wprc365_com/Application/Home/Controller/CommonController.class.php 第 41 行.
NOTIC: [8] Undefined index: think_loginInfo /data/nginx/html/www_wprc365_com/Application/Home/Controller/CommonController.class.php 第 41 行.
SQL: SHOW COLUMNS FROM `think_user` [ RunTime:0.000951s ]
SQL: select * from think_user as u left join think_user_info as i on u.id=i.uid where u.id= [ RunTime:0.000128s ]
ERR: 1064:You have an error in your SQL syntax; check the manual that corresponds to your MySQL server version for the right syntax to use near '' at line 1
 [ SQL语句 ] : select * from think_user as u left join think_user_info as i on u.id=i.uid where u.id=
SQL: SHOW COLUMNS FROM `think_review` [ RunTime:0.000913s ]
SQL: SELECT COUNT(*) AS tp_count FROM `think_review` WHERE ( uid= ) LIMIT 1   [ RunTime:0.000115s ]
ERR: 1064:You have an error in your SQL syntax; check the manual that corresponds to your MySQL server version for the right syntax to use near ') LIMIT 1' at line 1
 [ SQL语句 ] : SELECT COUNT(*) AS tp_count FROM `think_review` WHERE ( uid= ) LIMIT 1  
SQL: SHOW COLUMNS FROM `think_review` [ RunTime:0.000819s ]
SQL: SELECT r.*,p.name,u.name as uname,i.image as touxiang FROM think_review as r INNER JOIN think_product_category as p on r.product_category_id=p.id INNER JOIN think_user as u on r.uid=u.id INNER JOIN think_user_info as i on i.uid=r.uid  WHERE ( r.checked=1 ) ORDER BY  comment_count desc,time desc  LIMIT 0,5   [ RunTime:0.002350s ]
SQL: SHOW COLUMNS FROM `think_review` [ RunTime:0.000851s ]
SQL: SELECT r.*,p.name,u.name as uname,i.image as touxiang FROM think_review as r INNER JOIN think_product_category as p on r.product_category_id=p.id INNER JOIN think_user as u on r.uid=u.id INNER JOIN think_user_info as i on i.uid=r.uid  WHERE ( r.checked=1 ) ORDER BY  time desc  LIMIT 0,5   [ RunTime:0.002188s ]
SQL: select `thumb_img` from think_review_img where rid=215 [ RunTime:0.000222s ]
SQL: select `thumb_img` from think_review_img where rid=218 [ RunTime:0.000208s ]
SQL: select `thumb_img` from think_review_img where rid=225 [ RunTime:0.000204s ]
SQL: select `thumb_img` from think_review_img where rid=216 [ RunTime:0.000204s ]
SQL: select `thumb_img` from think_review_img where rid=234 [ RunTime:0.000202s ]
SQL: select `thumb_img` from think_review_img where rid=242 [ RunTime:0.000200s ]
SQL: select `thumb_img` from think_review_img where rid=241 [ RunTime:0.000233s ]
SQL: select `thumb_img` from think_review_img where rid=240 [ RunTime:0.000200s ]
SQL: select `thumb_img` from think_review_img where rid=239 [ RunTime:0.000224s ]
SQL: select `thumb_img` from think_review_img where rid=238 [ RunTime:0.000270s ]
INFO: [ view_parse ] --START--
INFO: [ template_filter ] --START--
INFO: Run Behavior\ContentReplaceBehavior [ RunTime:0.000165s ]
INFO: [ template_filter ] --END-- [ RunTime:0.000224s ]
NOTIC: [8] Undefined variable: name /data/nginx/html/www_wprc365_com/Runtime/Cache/Home/4ecb4d80ad15ce616466b3a831676d8e.php 第 270 行.
INFO: Run Behavior\ParseTemplateBehavior [ RunTime:0.019618s ]
INFO: [ view_parse ] --END-- [ RunTime:0.019666s ]
INFO: [ view_filter ] --START--
INFO: Run Behavior\WriteHtmlCacheBehavior [ RunTime:0.000167s ]
INFO: [ view_filter ] --END-- [ RunTime:0.000213s ]
INFO: [ app_end ] --START--
INFO: Run Behavior\ShowPageTraceBehavior [ RunTime:0.000482s ]
INFO: [ app_end ] --END-- [ RunTime:0.000539s ]

[ 2014-10-18T07:43:28+08:00 ] 96.227.124.38 /
INFO: [ app_init ] --START--
INFO: Run Behavior\BuildLiteBehavior [ RunTime:0.000013s ]
INFO: [ app_init ] --END-- [ RunTime:0.000101s ]
INFO: [ app_begin ] --START--
INFO: Run Behavior\ReadHtmlCacheBehavior [ RunTime:0.000476s ]
INFO: [ app_begin ] --END-- [ RunTime:0.000531s ]
NOTIC: [8] Undefined index: think_loginInfo /data/nginx/html/www_wprc365_com/Application/Home/Controller/CommonController.class.php 第 41 行.
NOTIC: [8] Undefined index: think_loginInfo /data/nginx/html/www_wprc365_com/Application/Home/Controller/CommonController.class.php 第 41 行.
SQL: SHOW COLUMNS FROM `think_user` [ RunTime:0.001097s ]
SQL: select * from think_user as u left join think_user_info as i on u.id=i.uid where u.id= [ RunTime:0.000125s ]
ERR: 1064:You have an error in your SQL syntax; check the manual that corresponds to your MySQL server version for the right syntax to use near '' at line 1
 [ SQL语句 ] : select * from think_user as u left join think_user_info as i on u.id=i.uid where u.id=
SQL: SHOW COLUMNS FROM `think_review` [ RunTime:0.000846s ]
SQL: SELECT COUNT(*) AS tp_count FROM `think_review` WHERE ( uid= ) LIMIT 1   [ RunTime:0.000115s ]
ERR: 1064:You have an error in your SQL syntax; check the manual that corresponds to your MySQL server version for the right syntax to use near ') LIMIT 1' at line 1
 [ SQL语句 ] : SELECT COUNT(*) AS tp_count FROM `think_review` WHERE ( uid= ) LIMIT 1  
SQL: SHOW COLUMNS FROM `think_review` [ RunTime:0.000840s ]
SQL: SELECT r.*,p.name,u.name as uname,i.image as touxiang FROM think_review as r INNER JOIN think_product_category as p on r.product_category_id=p.id INNER JOIN think_user as u on r.uid=u.id INNER JOIN think_user_info as i on i.uid=r.uid  WHERE ( r.checked=1 ) ORDER BY  comment_count desc,time desc  LIMIT 0,5   [ RunTime:0.002464s ]
SQL: SHOW COLUMNS FROM `think_review` [ RunTime:0.000964s ]
SQL: SELECT r.*,p.name,u.name as uname,i.image as touxiang FROM think_review as r INNER JOIN think_product_category as p on r.product_category_id=p.id INNER JOIN think_user as u on r.uid=u.id INNER JOIN think_user_info as i on i.uid=r.uid  WHERE ( r.checked=1 ) ORDER BY  time desc  LIMIT 0,5   [ RunTime:0.002218s ]
SQL: select `thumb_img` from think_review_img where rid=215 [ RunTime:0.000256s ]
SQL: select `thumb_img` from think_review_img where rid=218 [ RunTime:0.000211s ]
SQL: select `thumb_img` from think_review_img where rid=225 [ RunTime:0.000207s ]
SQL: select `thumb_img` from think_review_img where rid=216 [ RunTime:0.000206s ]
SQL: select `thumb_img` from think_review_img where rid=234 [ RunTime:0.000209s ]
SQL: select `thumb_img` from think_review_img where rid=242 [ RunTime:0.000213s ]
SQL: select `thumb_img` from think_review_img where rid=241 [ RunTime:0.000203s ]
SQL: select `thumb_img` from think_review_img where rid=240 [ RunTime:0.000202s ]
SQL: select `thumb_img` from think_review_img where rid=239 [ RunTime:0.000200s ]
SQL: select `thumb_img` from think_review_img where rid=238 [ RunTime:0.000202s ]
INFO: [ view_parse ] --START--
INFO: [ template_filter ] --START--
INFO: Run Behavior\ContentReplaceBehavior [ RunTime:0.000184s ]
INFO: [ template_filter ] --END-- [ RunTime:0.000255s ]
NOTIC: [8] Undefined variable: name /data/nginx/html/www_wprc365_com/Runtime/Cache/Home/4ecb4d80ad15ce616466b3a831676d8e.php 第 270 行.
INFO: Run Behavior\ParseTemplateBehavior [ RunTime:0.020048s ]
INFO: [ view_parse ] --END-- [ RunTime:0.020103s ]
INFO: [ view_filter ] --START--
INFO: Run Behavior\WriteHtmlCacheBehavior [ RunTime:0.000141s ]
INFO: [ view_filter ] --END-- [ RunTime:0.000186s ]
INFO: [ app_end ] --START--
INFO: Run Behavior\ShowPageTraceBehavior [ RunTime:0.000544s ]
INFO: [ app_end ] --END-- [ RunTime:0.000603s ]

[ 2014-10-18T11:57:36+08:00 ] 123.118.169.140 /
INFO: [ app_init ] --START--
INFO: Run Behavior\BuildLiteBehavior [ RunTime:0.000014s ]
INFO: [ app_init ] --END-- [ RunTime:0.000098s ]
INFO: [ app_begin ] --START--
INFO: Run Behavior\ReadHtmlCacheBehavior [ RunTime:0.000495s ]
INFO: [ app_begin ] --END-- [ RunTime:0.000560s ]
NOTIC: [8] Undefined index: think_loginInfo /data/nginx/html/www_wprc365_com/Application/Home/Controller/CommonController.class.php 第 41 行.
NOTIC: [8] Undefined index: think_loginInfo /data/nginx/html/www_wprc365_com/Application/Home/Controller/CommonController.class.php 第 41 行.
SQL: SHOW COLUMNS FROM `think_user` [ RunTime:0.001006s ]
SQL: select * from think_user as u left join think_user_info as i on u.id=i.uid where u.id= [ RunTime:0.000155s ]
ERR: 1064:You have an error in your SQL syntax; check the manual that corresponds to your MySQL server version for the right syntax to use near '' at line 1
 [ SQL语句 ] : select * from think_user as u left join think_user_info as i on u.id=i.uid where u.id=
SQL: SHOW COLUMNS FROM `think_review` [ RunTime:0.000876s ]
SQL: SELECT COUNT(*) AS tp_count FROM `think_review` WHERE ( uid= ) LIMIT 1   [ RunTime:0.000116s ]
ERR: 1064:You have an error in your SQL syntax; check the manual that corresponds to your MySQL server version for the right syntax to use near ') LIMIT 1' at line 1
 [ SQL语句 ] : SELECT COUNT(*) AS tp_count FROM `think_review` WHERE ( uid= ) LIMIT 1  
SQL: SHOW COLUMNS FROM `think_review` [ RunTime:0.000872s ]
SQL: SELECT r.*,p.name,u.name as uname,i.image as touxiang FROM think_review as r INNER JOIN think_product_category as p on r.product_category_id=p.id INNER JOIN think_user as u on r.uid=u.id INNER JOIN think_user_info as i on i.uid=r.uid  WHERE ( r.checked=1 ) ORDER BY  comment_count desc,time desc  LIMIT 0,5   [ RunTime:0.002374s ]
SQL: SHOW COLUMNS FROM `think_review` [ RunTime:0.000807s ]
SQL: SELECT r.*,p.name,u.name as uname,i.image as touxiang FROM think_review as r INNER JOIN think_product_category as p on r.product_category_id=p.id INNER JOIN think_user as u on r.uid=u.id INNER JOIN think_user_info as i on i.uid=r.uid  WHERE ( r.checked=1 ) ORDER BY  time desc  LIMIT 0,5   [ RunTime:0.002188s ]
SQL: select `thumb_img` from think_review_img where rid=215 [ RunTime:0.000230s ]
SQL: select `thumb_img` from think_review_img where rid=218 [ RunTime:0.000255s ]
SQL: select `thumb_img` from think_review_img where rid=225 [ RunTime:0.000210s ]
SQL: select `thumb_img` from think_review_img where rid=216 [ RunTime:0.000204s ]
SQL: select `thumb_img` from think_review_img where rid=234 [ RunTime:0.000212s ]
SQL: select `thumb_img` from think_review_img where rid=242 [ RunTime:0.000204s ]
SQL: select `thumb_img` from think_review_img where rid=241 [ RunTime:0.000200s ]
SQL: select `thumb_img` from think_review_img where rid=240 [ RunTime:0.000208s ]
SQL: select `thumb_img` from think_review_img where rid=239 [ RunTime:0.000228s ]
SQL: select `thumb_img` from think_review_img where rid=238 [ RunTime:0.000197s ]
INFO: [ view_parse ] --START--
INFO: [ template_filter ] --START--
INFO: Run Behavior\ContentReplaceBehavior [ RunTime:0.000183s ]
INFO: [ template_filter ] --END-- [ RunTime:0.000240s ]
NOTIC: [8] Undefined variable: name /data/nginx/html/www_wprc365_com/Runtime/Cache/Home/4ecb4d80ad15ce616466b3a831676d8e.php 第 270 行.
INFO: Run Behavior\ParseTemplateBehavior [ RunTime:0.020031s ]
INFO: [ view_parse ] --END-- [ RunTime:0.020080s ]
INFO: [ view_filter ] --START--
INFO: Run Behavior\WriteHtmlCacheBehavior [ RunTime:0.000154s ]
INFO: [ view_filter ] --END-- [ RunTime:0.000199s ]
INFO: [ app_end ] --START--
INFO: Run Behavior\ShowPageTraceBehavior [ RunTime:0.000501s ]
INFO: [ app_end ] --END-- [ RunTime:0.000556s ]

[ 2014-10-18T13:43:49+08:00 ] 218.241.97.200 /
INFO: [ app_init ] --START--
INFO: Run Behavior\BuildLiteBehavior [ RunTime:0.000013s ]
INFO: [ app_init ] --END-- [ RunTime:0.000071s ]
INFO: [ app_begin ] --START--
INFO: Run Behavior\ReadHtmlCacheBehavior [ RunTime:0.000431s ]
INFO: [ app_begin ] --END-- [ RunTime:0.000486s ]
NOTIC: [8] Undefined index: think_loginInfo /data/nginx/html/www_wprc365_com/Application/Home/Controller/CommonController.class.php 第 41 行.
NOTIC: [8] Undefined index: think_loginInfo /data/nginx/html/www_wprc365_com/Application/Home/Controller/CommonController.class.php 第 41 行.
SQL: SHOW COLUMNS FROM `think_user` [ RunTime:0.001313s ]
SQL: select * from think_user as u left join think_user_info as i on u.id=i.uid where u.id= [ RunTime:0.000173s ]
ERR: 1064:You have an error in your SQL syntax; check the manual that corresponds to your MySQL server version for the right syntax to use near '' at line 1
 [ SQL语句 ] : select * from think_user as u left join think_user_info as i on u.id=i.uid where u.id=
SQL: SHOW COLUMNS FROM `think_review` [ RunTime:0.000904s ]
SQL: SELECT COUNT(*) AS tp_count FROM `think_review` WHERE ( uid= ) LIMIT 1   [ RunTime:0.000133s ]
ERR: 1064:You have an error in your SQL syntax; check the manual that corresponds to your MySQL server version for the right syntax to use near ') LIMIT 1' at line 1
 [ SQL语句 ] : SELECT COUNT(*) AS tp_count FROM `think_review` WHERE ( uid= ) LIMIT 1  
SQL: SHOW COLUMNS FROM `think_review` [ RunTime:0.000843s ]
SQL: SELECT r.*,p.name,u.name as uname,i.image as touxiang FROM think_review as r INNER JOIN think_product_category as p on r.product_category_id=p.id INNER JOIN think_user as u on r.uid=u.id INNER JOIN think_user_info as i on i.uid=r.uid  WHERE ( r.checked=1 ) ORDER BY  comment_count desc,time desc  LIMIT 0,5   [ RunTime:0.002583s ]
SQL: SHOW COLUMNS FROM `think_review` [ RunTime:0.000878s ]
SQL: SELECT r.*,p.name,u.name as uname,i.image as touxiang FROM think_review as r INNER JOIN think_product_category as p on r.product_category_id=p.id INNER JOIN think_user as u on r.uid=u.id INNER JOIN think_user_info as i on i.uid=r.uid  WHERE ( r.checked=1 ) ORDER BY  time desc  LIMIT 0,5   [ RunTime:0.002264s ]
SQL: select `thumb_img` from think_review_img where rid=215 [ RunTime:0.000295s ]
SQL: select `thumb_img` from think_review_img where rid=218 [ RunTime:0.000207s ]
SQL: select `thumb_img` from think_review_img where rid=225 [ RunTime:0.000230s ]
SQL: select `thumb_img` from think_review_img where rid=216 [ RunTime:0.000215s ]
SQL: select `thumb_img` from think_review_img where rid=234 [ RunTime:0.000199s ]
SQL: select `thumb_img` from think_review_img where rid=242 [ RunTime:0.000222s ]
SQL: select `thumb_img` from think_review_img where rid=241 [ RunTime:0.000210s ]
SQL: select `thumb_img` from think_review_img where rid=240 [ RunTime:0.000198s ]
SQL: select `thumb_img` from think_review_img where rid=239 [ RunTime:0.000195s ]
SQL: select `thumb_img` from think_review_img where rid=238 [ RunTime:0.000541s ]
INFO: [ view_parse ] --START--
INFO: [ template_filter ] --START--
INFO: Run Behavior\ContentReplaceBehavior [ RunTime:0.000173s ]
INFO: [ template_filter ] --END-- [ RunTime:0.000231s ]
NOTIC: [8] Undefined variable: name /data/nginx/html/www_wprc365_com/Runtime/Cache/Home/4ecb4d80ad15ce616466b3a831676d8e.php 第 270 行.
INFO: Run Behavior\ParseTemplateBehavior [ RunTime:0.022047s ]
INFO: [ view_parse ] --END-- [ RunTime:0.022097s ]
INFO: [ view_filter ] --START--
INFO: Run Behavior\WriteHtmlCacheBehavior [ RunTime:0.000140s ]
INFO: [ view_filter ] --END-- [ RunTime:0.000187s ]
INFO: [ app_end ] --START--
INFO: Run Behavior\ShowPageTraceBehavior [ RunTime:0.000465s ]
INFO: [ app_end ] --END-- [ RunTime:0.000520s ]

[ 2014-10-18T15:58:00+08:00 ] 218.30.103.63 /
INFO: [ app_init ] --START--
INFO: Run Behavior\BuildLiteBehavior [ RunTime:0.000018s ]
INFO: [ app_init ] --END-- [ RunTime:0.000086s ]
INFO: [ app_begin ] --START--
INFO: Run Behavior\ReadHtmlCacheBehavior [ RunTime:0.000432s ]
INFO: [ app_begin ] --END-- [ RunTime:0.000487s ]
NOTIC: [8] Undefined index: think_loginInfo /data/nginx/html/www_wprc365_com/Application/Home/Controller/CommonController.class.php 第 41 行.
NOTIC: [8] Undefined index: think_loginInfo /data/nginx/html/www_wprc365_com/Application/Home/Controller/CommonController.class.php 第 41 行.
SQL: SHOW COLUMNS FROM `think_user` [ RunTime:0.000951s ]
SQL: select * from think_user as u left join think_user_info as i on u.id=i.uid where u.id= [ RunTime:0.000136s ]
ERR: 1064:You have an error in your SQL syntax; check the manual that corresponds to your MySQL server version for the right syntax to use near '' at line 1
 [ SQL语句 ] : select * from think_user as u left join think_user_info as i on u.id=i.uid where u.id=
SQL: SHOW COLUMNS FROM `think_review` [ RunTime:0.000898s ]
SQL: SELECT COUNT(*) AS tp_count FROM `think_review` WHERE ( uid= ) LIMIT 1   [ RunTime:0.000114s ]
ERR: 1064:You have an error in your SQL syntax; check the manual that corresponds to your MySQL server version for the right syntax to use near ') LIMIT 1' at line 1
 [ SQL语句 ] : SELECT COUNT(*) AS tp_count FROM `think_review` WHERE ( uid= ) LIMIT 1  
SQL: SHOW COLUMNS FROM `think_review` [ RunTime:0.000868s ]
SQL: SELECT r.*,p.name,u.name as uname,i.image as touxiang FROM think_review as r INNER JOIN think_product_category as p on r.product_category_id=p.id INNER JOIN think_user as u on r.uid=u.id INNER JOIN think_user_info as i on i.uid=r.uid  WHERE ( r.checked=1 ) ORDER BY  comment_count desc,time desc  LIMIT 0,5   [ RunTime:0.002416s ]
SQL: SHOW COLUMNS FROM `think_review` [ RunTime:0.001077s ]
SQL: SELECT r.*,p.name,u.name as uname,i.image as touxiang FROM think_review as r INNER JOIN think_product_category as p on r.product_category_id=p.id INNER JOIN think_user as u on r.uid=u.id INNER JOIN think_user_info as i on i.uid=r.uid  WHERE ( r.checked=1 ) ORDER BY  time desc  LIMIT 0,5   [ RunTime:0.002370s ]
SQL: select `thumb_img` from think_review_img where rid=215 [ RunTime:0.000229s ]
SQL: select `thumb_img` from think_review_img where rid=218 [ RunTime:0.000363s ]
SQL: select `thumb_img` from think_review_img where rid=225 [ RunTime:0.000215s ]
SQL: select `thumb_img` from think_review_img where rid=216 [ RunTime:0.000252s ]
SQL: select `thumb_img` from think_review_img where rid=234 [ RunTime:0.000211s ]
SQL: select `thumb_img` from think_review_img where rid=242 [ RunTime:0.000204s ]
SQL: select `thumb_img` from think_review_img where rid=241 [ RunTime:0.000199s ]
SQL: select `thumb_img` from think_review_img where rid=240 [ RunTime:0.000202s ]
SQL: select `thumb_img` from think_review_img where rid=239 [ RunTime:0.000198s ]
SQL: select `thumb_img` from think_review_img where rid=238 [ RunTime:0.000197s ]
INFO: [ view_parse ] --START--
INFO: [ template_filter ] --START--
INFO: Run Behavior\ContentReplaceBehavior [ RunTime:0.000170s ]
INFO: [ template_filter ] --END-- [ RunTime:0.000226s ]
NOTIC: [8] Undefined variable: name /data/nginx/html/www_wprc365_com/Runtime/Cache/Home/4ecb4d80ad15ce616466b3a831676d8e.php 第 270 行.
INFO: Run Behavior\ParseTemplateBehavior [ RunTime:0.018524s ]
INFO: [ view_parse ] --END-- [ RunTime:0.018587s ]
INFO: [ view_filter ] --START--
INFO: Run Behavior\WriteHtmlCacheBehavior [ RunTime:0.000137s ]
INFO: [ view_filter ] --END-- [ RunTime:0.000182s ]
INFO: [ app_end ] --START--
INFO: Run Behavior\ShowPageTraceBehavior [ RunTime:0.000470s ]
INFO: [ app_end ] --END-- [ RunTime:0.000526s ]

