[ 2014-10-01T00:10:55+08:00 ] 66.249.65.152 /
INFO: [ app_init ] --START--
INFO: Run Behavior\BuildLiteBehavior [ RunTime:0.000016s ]
INFO: [ app_init ] --END-- [ RunTime:0.000107s ]
INFO: [ app_begin ] --START--
INFO: Run Behavior\ReadHtmlCacheBehavior [ RunTime:0.002174s ]
INFO: [ app_begin ] --END-- [ RunTime:0.002243s ]
NOTIC: [8] Undefined index: think_loginInfo /data/nginx/html/www_wprc365_com/Application/Home/Controller/CommonController.class.php 第 41 行.
NOTIC: [8] Undefined index: think_loginInfo /data/nginx/html/www_wprc365_com/Application/Home/Controller/CommonController.class.php 第 41 行.
SQL: SHOW COLUMNS FROM `think_user` [ RunTime:0.000908s ]
SQL: select * from think_user as u left join think_user_info as i on u.id=i.uid where u.id= [ RunTime:0.000122s ]
ERR: 1064:You have an error in your SQL syntax; check the manual that corresponds to your MySQL server version for the right syntax to use near '' at line 1
 [ SQL语句 ] : select * from think_user as u left join think_user_info as i on u.id=i.uid where u.id=
SQL: SHOW COLUMNS FROM `think_review` [ RunTime:0.000880s ]
SQL: SELECT COUNT(*) AS tp_count FROM `think_review` WHERE ( uid= ) LIMIT 1   [ RunTime:0.000116s ]
ERR: 1064:You have an error in your SQL syntax; check the manual that corresponds to your MySQL server version for the right syntax to use near ') LIMIT 1' at line 1
 [ SQL语句 ] : SELECT COUNT(*) AS tp_count FROM `think_review` WHERE ( uid= ) LIMIT 1  
SQL: SHOW COLUMNS FROM `think_review` [ RunTime:0.000828s ]
SQL: SELECT r.*,p.name,u.name as uname,i.image as touxiang FROM think_review as r INNER JOIN think_product_category as p on r.product_category_id=p.id INNER JOIN think_user as u on r.uid=u.id INNER JOIN think_user_info as i on i.uid=r.uid  WHERE ( r.checked=1 ) ORDER BY  comment_count desc,time desc  LIMIT 0,5   [ RunTime:0.002305s ]
SQL: SHOW COLUMNS FROM `think_review` [ RunTime:0.000880s ]
SQL: SELECT r.*,p.name,u.name as uname,i.image as touxiang FROM think_review as r INNER JOIN think_product_category as p on r.product_category_id=p.id INNER JOIN think_user as u on r.uid=u.id INNER JOIN think_user_info as i on i.uid=r.uid  WHERE ( r.checked=1 ) ORDER BY  time desc  LIMIT 0,5   [ RunTime:0.002198s ]
SQL: select `thumb_img` from think_review_img where rid=215 [ RunTime:0.034370s ]
SQL: select `thumb_img` from think_review_img where rid=218 [ RunTime:0.000231s ]
SQL: select `thumb_img` from think_review_img where rid=225 [ RunTime:0.000248s ]
SQL: select `thumb_img` from think_review_img where rid=216 [ RunTime:0.000213s ]
SQL: select `thumb_img` from think_review_img where rid=234 [ RunTime:0.000207s ]
SQL: select `thumb_img` from think_review_img where rid=242 [ RunTime:0.000231s ]
SQL: select `thumb_img` from think_review_img where rid=241 [ RunTime:0.000205s ]
SQL: select `thumb_img` from think_review_img where rid=240 [ RunTime:0.000204s ]
SQL: select `thumb_img` from think_review_img where rid=239 [ RunTime:0.000222s ]
SQL: select `thumb_img` from think_review_img where rid=238 [ RunTime:0.000202s ]
INFO: [ view_parse ] --START--
INFO: [ template_filter ] --START--
INFO: Run Behavior\ContentReplaceBehavior [ RunTime:0.000197s ]
INFO: [ template_filter ] --END-- [ RunTime:0.000255s ]
NOTIC: [8] Undefined variable: name /data/nginx/html/www_wprc365_com/Runtime/Cache/Home/4ecb4d80ad15ce616466b3a831676d8e.php 第 270 行.
INFO: Run Behavior\ParseTemplateBehavior [ RunTime:0.075866s ]
INFO: [ view_parse ] --END-- [ RunTime:0.075919s ]
INFO: [ view_filter ] --START--
INFO: Run Behavior\WriteHtmlCacheBehavior [ RunTime:0.003468s ]
INFO: [ view_filter ] --END-- [ RunTime:0.003517s ]
INFO: [ app_end ] --START--
INFO: Run Behavior\ShowPageTraceBehavior [ RunTime:0.002066s ]
INFO: [ app_end ] --END-- [ RunTime:0.002120s ]

[ 2014-10-01T01:31:15+08:00 ] 61.135.190.219 /
INFO: [ app_init ] --START--
INFO: Run Behavior\BuildLiteBehavior [ RunTime:0.000016s ]
INFO: [ app_init ] --END-- [ RunTime:0.000133s ]
INFO: [ app_begin ] --START--
INFO: Run Behavior\ReadHtmlCacheBehavior [ RunTime:0.000536s ]
INFO: [ app_begin ] --END-- [ RunTime:0.000603s ]
NOTIC: [8] Undefined index: think_loginInfo /data/nginx/html/www_wprc365_com/Application/Home/Controller/CommonController.class.php 第 41 行.
NOTIC: [8] Undefined index: think_loginInfo /data/nginx/html/www_wprc365_com/Application/Home/Controller/CommonController.class.php 第 41 行.
SQL: SHOW COLUMNS FROM `think_user` [ RunTime:0.001349s ]
SQL: select * from think_user as u left join think_user_info as i on u.id=i.uid where u.id= [ RunTime:0.000155s ]
ERR: 1064:You have an error in your SQL syntax; check the manual that corresponds to your MySQL server version for the right syntax to use near '' at line 1
 [ SQL语句 ] : select * from think_user as u left join think_user_info as i on u.id=i.uid where u.id=
SQL: SHOW COLUMNS FROM `think_review` [ RunTime:0.000934s ]
SQL: SELECT COUNT(*) AS tp_count FROM `think_review` WHERE ( uid= ) LIMIT 1   [ RunTime:0.000155s ]
ERR: 1064:You have an error in your SQL syntax; check the manual that corresponds to your MySQL server version for the right syntax to use near ') LIMIT 1' at line 1
 [ SQL语句 ] : SELECT COUNT(*) AS tp_count FROM `think_review` WHERE ( uid= ) LIMIT 1  
SQL: SHOW COLUMNS FROM `think_review` [ RunTime:0.000879s ]
SQL: SELECT r.*,p.name,u.name as uname,i.image as touxiang FROM think_review as r INNER JOIN think_product_category as p on r.product_category_id=p.id INNER JOIN think_user as u on r.uid=u.id INNER JOIN think_user_info as i on i.uid=r.uid  WHERE ( r.checked=1 ) ORDER BY  comment_count desc,time desc  LIMIT 0,5   [ RunTime:0.002923s ]
SQL: SHOW COLUMNS FROM `think_review` [ RunTime:0.001080s ]
SQL: SELECT r.*,p.name,u.name as uname,i.image as touxiang FROM think_review as r INNER JOIN think_product_category as p on r.product_category_id=p.id INNER JOIN think_user as u on r.uid=u.id INNER JOIN think_user_info as i on i.uid=r.uid  WHERE ( r.checked=1 ) ORDER BY  time desc  LIMIT 0,5   [ RunTime:0.002894s ]
SQL: select `thumb_img` from think_review_img where rid=215 [ RunTime:0.000387s ]
SQL: select `thumb_img` from think_review_img where rid=218 [ RunTime:0.000259s ]
SQL: select `thumb_img` from think_review_img where rid=225 [ RunTime:0.000214s ]
SQL: select `thumb_img` from think_review_img where rid=216 [ RunTime:0.000213s ]
SQL: select `thumb_img` from think_review_img where rid=234 [ RunTime:0.000233s ]
SQL: select `thumb_img` from think_review_img where rid=242 [ RunTime:0.000211s ]
SQL: select `thumb_img` from think_review_img where rid=241 [ RunTime:0.000215s ]
SQL: select `thumb_img` from think_review_img where rid=240 [ RunTime:0.000204s ]
SQL: select `thumb_img` from think_review_img where rid=239 [ RunTime:0.000222s ]
SQL: select `thumb_img` from think_review_img where rid=238 [ RunTime:0.000216s ]
INFO: [ view_parse ] --START--
INFO: [ template_filter ] --START--
INFO: Run Behavior\ContentReplaceBehavior [ RunTime:0.000185s ]
INFO: [ template_filter ] --END-- [ RunTime:0.000250s ]
NOTIC: [8] Undefined variable: name /data/nginx/html/www_wprc365_com/Runtime/Cache/Home/4ecb4d80ad15ce616466b3a831676d8e.php 第 270 行.
INFO: Run Behavior\ParseTemplateBehavior [ RunTime:0.020054s ]
INFO: [ view_parse ] --END-- [ RunTime:0.020123s ]
INFO: [ view_filter ] --START--
INFO: Run Behavior\WriteHtmlCacheBehavior [ RunTime:0.000151s ]
INFO: [ view_filter ] --END-- [ RunTime:0.000250s ]
INFO: [ app_end ] --START--
INFO: Run Behavior\ShowPageTraceBehavior [ RunTime:0.000548s ]
INFO: [ app_end ] --END-- [ RunTime:0.000612s ]

[ 2014-10-01T01:56:01+08:00 ] 66.249.65.152 /
INFO: [ app_init ] --START--
INFO: Run Behavior\BuildLiteBehavior [ RunTime:0.000014s ]
INFO: [ app_init ] --END-- [ RunTime:0.000106s ]
INFO: [ app_begin ] --START--
INFO: Run Behavior\ReadHtmlCacheBehavior [ RunTime:0.000439s ]
INFO: [ app_begin ] --END-- [ RunTime:0.000495s ]
NOTIC: [8] Undefined index: think_loginInfo /data/nginx/html/www_wprc365_com/Application/Home/Controller/CommonController.class.php 第 41 行.
NOTIC: [8] Undefined index: think_loginInfo /data/nginx/html/www_wprc365_com/Application/Home/Controller/CommonController.class.php 第 41 行.
SQL: SHOW COLUMNS FROM `think_user` [ RunTime:0.000979s ]
SQL: select * from think_user as u left join think_user_info as i on u.id=i.uid where u.id= [ RunTime:0.000150s ]
ERR: 1064:You have an error in your SQL syntax; check the manual that corresponds to your MySQL server version for the right syntax to use near '' at line 1
 [ SQL语句 ] : select * from think_user as u left join think_user_info as i on u.id=i.uid where u.id=
SQL: SHOW COLUMNS FROM `think_review` [ RunTime:0.000847s ]
SQL: SELECT COUNT(*) AS tp_count FROM `think_review` WHERE ( uid= ) LIMIT 1   [ RunTime:0.000116s ]
ERR: 1064:You have an error in your SQL syntax; check the manual that corresponds to your MySQL server version for the right syntax to use near ') LIMIT 1' at line 1
 [ SQL语句 ] : SELECT COUNT(*) AS tp_count FROM `think_review` WHERE ( uid= ) LIMIT 1  
SQL: SHOW COLUMNS FROM `think_review` [ RunTime:0.000838s ]
SQL: SELECT r.*,p.name,u.name as uname,i.image as touxiang FROM think_review as r INNER JOIN think_product_category as p on r.product_category_id=p.id INNER JOIN think_user as u on r.uid=u.id INNER JOIN think_user_info as i on i.uid=r.uid  WHERE ( r.checked=1 ) ORDER BY  comment_count desc,time desc  LIMIT 0,5   [ RunTime:0.002490s ]
SQL: SHOW COLUMNS FROM `think_review` [ RunTime:0.000884s ]
SQL: SELECT r.*,p.name,u.name as uname,i.image as touxiang FROM think_review as r INNER JOIN think_product_category as p on r.product_category_id=p.id INNER JOIN think_user as u on r.uid=u.id INNER JOIN think_user_info as i on i.uid=r.uid  WHERE ( r.checked=1 ) ORDER BY  time desc  LIMIT 0,5   [ RunTime:0.002271s ]
SQL: select `thumb_img` from think_review_img where rid=215 [ RunTime:0.000390s ]
SQL: select `thumb_img` from think_review_img where rid=218 [ RunTime:0.000252s ]
SQL: select `thumb_img` from think_review_img where rid=225 [ RunTime:0.000256s ]
SQL: select `thumb_img` from think_review_img where rid=216 [ RunTime:0.000209s ]
SQL: select `thumb_img` from think_review_img where rid=234 [ RunTime:0.000237s ]
SQL: select `thumb_img` from think_review_img where rid=242 [ RunTime:0.000212s ]
SQL: select `thumb_img` from think_review_img where rid=241 [ RunTime:0.000206s ]
SQL: select `thumb_img` from think_review_img where rid=240 [ RunTime:0.000204s ]
SQL: select `thumb_img` from think_review_img where rid=239 [ RunTime:0.000205s ]
SQL: select `thumb_img` from think_review_img where rid=238 [ RunTime:0.000200s ]
INFO: [ view_parse ] --START--
INFO: [ template_filter ] --START--
INFO: Run Behavior\ContentReplaceBehavior [ RunTime:0.000174s ]
INFO: [ template_filter ] --END-- [ RunTime:0.000230s ]
NOTIC: [8] Undefined variable: name /data/nginx/html/www_wprc365_com/Runtime/Cache/Home/4ecb4d80ad15ce616466b3a831676d8e.php 第 270 行.
INFO: Run Behavior\ParseTemplateBehavior [ RunTime:0.021553s ]
INFO: [ view_parse ] --END-- [ RunTime:0.021601s ]
INFO: [ view_filter ] --START--
INFO: Run Behavior\WriteHtmlCacheBehavior [ RunTime:0.000144s ]
INFO: [ view_filter ] --END-- [ RunTime:0.000200s ]
INFO: [ app_end ] --START--
INFO: Run Behavior\ShowPageTraceBehavior [ RunTime:0.000469s ]
INFO: [ app_end ] --END-- [ RunTime:0.000560s ]

[ 2014-10-01T05:55:30+08:00 ] 42.120.145.92 /
INFO: [ app_init ] --START--
INFO: Run Behavior\BuildLiteBehavior [ RunTime:0.000014s ]
INFO: [ app_init ] --END-- [ RunTime:0.000097s ]
INFO: [ app_begin ] --START--
INFO: Run Behavior\ReadHtmlCacheBehavior [ RunTime:0.000425s ]
INFO: [ app_begin ] --END-- [ RunTime:0.000481s ]
NOTIC: [8] Undefined index: think_loginInfo /data/nginx/html/www_wprc365_com/Application/Home/Controller/CommonController.class.php 第 41 行.
NOTIC: [8] Undefined index: think_loginInfo /data/nginx/html/www_wprc365_com/Application/Home/Controller/CommonController.class.php 第 41 行.
SQL: SHOW COLUMNS FROM `think_user` [ RunTime:0.000999s ]
SQL: select * from think_user as u left join think_user_info as i on u.id=i.uid where u.id= [ RunTime:0.000125s ]
ERR: 1064:You have an error in your SQL syntax; check the manual that corresponds to your MySQL server version for the right syntax to use near '' at line 1
 [ SQL语句 ] : select * from think_user as u left join think_user_info as i on u.id=i.uid where u.id=
SQL: SHOW COLUMNS FROM `think_review` [ RunTime:0.000848s ]
SQL: SELECT COUNT(*) AS tp_count FROM `think_review` WHERE ( uid= ) LIMIT 1   [ RunTime:0.000112s ]
ERR: 1064:You have an error in your SQL syntax; check the manual that corresponds to your MySQL server version for the right syntax to use near ') LIMIT 1' at line 1
 [ SQL语句 ] : SELECT COUNT(*) AS tp_count FROM `think_review` WHERE ( uid= ) LIMIT 1  
SQL: SHOW COLUMNS FROM `think_review` [ RunTime:0.000817s ]
SQL: SELECT r.*,p.name,u.name as uname,i.image as touxiang FROM think_review as r INNER JOIN think_product_category as p on r.product_category_id=p.id INNER JOIN think_user as u on r.uid=u.id INNER JOIN think_user_info as i on i.uid=r.uid  WHERE ( r.checked=1 ) ORDER BY  comment_count desc,time desc  LIMIT 0,5   [ RunTime:0.002358s ]
SQL: SHOW COLUMNS FROM `think_review` [ RunTime:0.000835s ]
SQL: SELECT r.*,p.name,u.name as uname,i.image as touxiang FROM think_review as r INNER JOIN think_product_category as p on r.product_category_id=p.id INNER JOIN think_user as u on r.uid=u.id INNER JOIN think_user_info as i on i.uid=r.uid  WHERE ( r.checked=1 ) ORDER BY  time desc  LIMIT 0,5   [ RunTime:0.002173s ]
SQL: select `thumb_img` from think_review_img where rid=215 [ RunTime:0.000223s ]
SQL: select `thumb_img` from think_review_img where rid=218 [ RunTime:0.000249s ]
SQL: select `thumb_img` from think_review_img where rid=225 [ RunTime:0.000219s ]
SQL: select `thumb_img` from think_review_img where rid=216 [ RunTime:0.000204s ]
SQL: select `thumb_img` from think_review_img where rid=234 [ RunTime:0.000208s ]
SQL: select `thumb_img` from think_review_img where rid=242 [ RunTime:0.000213s ]
SQL: select `thumb_img` from think_review_img where rid=241 [ RunTime:0.000200s ]
SQL: select `thumb_img` from think_review_img where rid=240 [ RunTime:0.000206s ]
SQL: select `thumb_img` from think_review_img where rid=239 [ RunTime:0.000219s ]
SQL: select `thumb_img` from think_review_img where rid=238 [ RunTime:0.000203s ]
INFO: [ view_parse ] --START--
INFO: [ template_filter ] --START--
INFO: Run Behavior\ContentReplaceBehavior [ RunTime:0.000199s ]
INFO: [ template_filter ] --END-- [ RunTime:0.000258s ]
NOTIC: [8] Undefined variable: name /data/nginx/html/www_wprc365_com/Runtime/Cache/Home/4ecb4d80ad15ce616466b3a831676d8e.php 第 270 行.
INFO: Run Behavior\ParseTemplateBehavior [ RunTime:0.019749s ]
INFO: [ view_parse ] --END-- [ RunTime:0.019797s ]
INFO: [ view_filter ] --START--
INFO: Run Behavior\WriteHtmlCacheBehavior [ RunTime:0.000134s ]
INFO: [ view_filter ] --END-- [ RunTime:0.000178s ]
INFO: [ app_end ] --START--
INFO: Run Behavior\ShowPageTraceBehavior [ RunTime:0.000486s ]
INFO: [ app_end ] --END-- [ RunTime:0.000540s ]

[ 2014-10-01T06:07:56+08:00 ] 183.136.190.62 /
INFO: [ app_init ] --START--
INFO: Run Behavior\BuildLiteBehavior [ RunTime:0.000020s ]
INFO: [ app_init ] --END-- [ RunTime:0.000127s ]
INFO: [ app_begin ] --START--
INFO: Run Behavior\ReadHtmlCacheBehavior [ RunTime:0.000438s ]
INFO: [ app_begin ] --END-- [ RunTime:0.000493s ]
NOTIC: [8] Undefined index: think_loginInfo /data/nginx/html/www_wprc365_com/Application/Home/Controller/CommonController.class.php 第 41 行.
NOTIC: [8] Undefined index: think_loginInfo /data/nginx/html/www_wprc365_com/Application/Home/Controller/CommonController.class.php 第 41 行.
SQL: SHOW COLUMNS FROM `think_user` [ RunTime:0.000902s ]
SQL: select * from think_user as u left join think_user_info as i on u.id=i.uid where u.id= [ RunTime:0.000118s ]
ERR: 1064:You have an error in your SQL syntax; check the manual that corresponds to your MySQL server version for the right syntax to use near '' at line 1
 [ SQL语句 ] : select * from think_user as u left join think_user_info as i on u.id=i.uid where u.id=
SQL: SHOW COLUMNS FROM `think_review` [ RunTime:0.000863s ]
SQL: SELECT COUNT(*) AS tp_count FROM `think_review` WHERE ( uid= ) LIMIT 1   [ RunTime:0.000112s ]
ERR: 1064:You have an error in your SQL syntax; check the manual that corresponds to your MySQL server version for the right syntax to use near ') LIMIT 1' at line 1
 [ SQL语句 ] : SELECT COUNT(*) AS tp_count FROM `think_review` WHERE ( uid= ) LIMIT 1  
SQL: SHOW COLUMNS FROM `think_review` [ RunTime:0.000907s ]
SQL: SELECT r.*,p.name,u.name as uname,i.image as touxiang FROM think_review as r INNER JOIN think_product_category as p on r.product_category_id=p.id INNER JOIN think_user as u on r.uid=u.id INNER JOIN think_user_info as i on i.uid=r.uid  WHERE ( r.checked=1 ) ORDER BY  comment_count desc,time desc  LIMIT 0,5   [ RunTime:0.002351s ]
SQL: SHOW COLUMNS FROM `think_review` [ RunTime:0.000845s ]
SQL: SELECT r.*,p.name,u.name as uname,i.image as touxiang FROM think_review as r INNER JOIN think_product_category as p on r.product_category_id=p.id INNER JOIN think_user as u on r.uid=u.id INNER JOIN think_user_info as i on i.uid=r.uid  WHERE ( r.checked=1 ) ORDER BY  time desc  LIMIT 0,5   [ RunTime:0.002921s ]
SQL: select `thumb_img` from think_review_img where rid=215 [ RunTime:0.000557s ]
SQL: select `thumb_img` from think_review_img where rid=218 [ RunTime:0.000295s ]
SQL: select `thumb_img` from think_review_img where rid=225 [ RunTime:0.000309s ]
SQL: select `thumb_img` from think_review_img where rid=216 [ RunTime:0.000274s ]
SQL: select `thumb_img` from think_review_img where rid=234 [ RunTime:0.000336s ]
SQL: select `thumb_img` from think_review_img where rid=242 [ RunTime:0.000311s ]
SQL: select `thumb_img` from think_review_img where rid=241 [ RunTime:0.000314s ]
SQL: select `thumb_img` from think_review_img where rid=240 [ RunTime:0.000285s ]
SQL: select `thumb_img` from think_review_img where rid=239 [ RunTime:0.000277s ]
SQL: select `thumb_img` from think_review_img where rid=238 [ RunTime:0.000235s ]
INFO: [ view_parse ] --START--
INFO: [ template_filter ] --START--
INFO: Run Behavior\ContentReplaceBehavior [ RunTime:0.000201s ]
INFO: [ template_filter ] --END-- [ RunTime:0.000273s ]
NOTIC: [8] Undefined variable: name /data/nginx/html/www_wprc365_com/Runtime/Cache/Home/4ecb4d80ad15ce616466b3a831676d8e.php 第 270 行.
INFO: Run Behavior\ParseTemplateBehavior [ RunTime:0.021645s ]
INFO: [ view_parse ] --END-- [ RunTime:0.021703s ]
INFO: [ view_filter ] --START--
INFO: Run Behavior\WriteHtmlCacheBehavior [ RunTime:0.000146s ]
INFO: [ view_filter ] --END-- [ RunTime:0.000192s ]
INFO: [ app_end ] --START--
INFO: Run Behavior\ShowPageTraceBehavior [ RunTime:0.000520s ]
INFO: [ app_end ] --END-- [ RunTime:0.000577s ]

[ 2014-10-01T06:59:49+08:00 ] 183.136.190.62 /
INFO: [ app_init ] --START--
INFO: Run Behavior\BuildLiteBehavior [ RunTime:0.000014s ]
INFO: [ app_init ] --END-- [ RunTime:0.000098s ]
INFO: [ app_begin ] --START--
INFO: Run Behavior\ReadHtmlCacheBehavior [ RunTime:0.000420s ]
INFO: [ app_begin ] --END-- [ RunTime:0.000474s ]
NOTIC: [8] Undefined index: think_loginInfo /data/nginx/html/www_wprc365_com/Application/Home/Controller/CommonController.class.php 第 41 行.
NOTIC: [8] Undefined index: think_loginInfo /data/nginx/html/www_wprc365_com/Application/Home/Controller/CommonController.class.php 第 41 行.
SQL: SHOW COLUMNS FROM `think_user` [ RunTime:0.001493s ]
SQL: select * from think_user as u left join think_user_info as i on u.id=i.uid where u.id= [ RunTime:0.000150s ]
ERR: 1064:You have an error in your SQL syntax; check the manual that corresponds to your MySQL server version for the right syntax to use near '' at line 1
 [ SQL语句 ] : select * from think_user as u left join think_user_info as i on u.id=i.uid where u.id=
SQL: SHOW COLUMNS FROM `think_review` [ RunTime:0.000876s ]
SQL: SELECT COUNT(*) AS tp_count FROM `think_review` WHERE ( uid= ) LIMIT 1   [ RunTime:0.000129s ]
ERR: 1064:You have an error in your SQL syntax; check the manual that corresponds to your MySQL server version for the right syntax to use near ') LIMIT 1' at line 1
 [ SQL语句 ] : SELECT COUNT(*) AS tp_count FROM `think_review` WHERE ( uid= ) LIMIT 1  
SQL: SHOW COLUMNS FROM `think_review` [ RunTime:0.000901s ]
SQL: SELECT r.*,p.name,u.name as uname,i.image as touxiang FROM think_review as r INNER JOIN think_product_category as p on r.product_category_id=p.id INNER JOIN think_user as u on r.uid=u.id INNER JOIN think_user_info as i on i.uid=r.uid  WHERE ( r.checked=1 ) ORDER BY  comment_count desc,time desc  LIMIT 0,5   [ RunTime:0.002484s ]
SQL: SHOW COLUMNS FROM `think_review` [ RunTime:0.000909s ]
SQL: SELECT r.*,p.name,u.name as uname,i.image as touxiang FROM think_review as r INNER JOIN think_product_category as p on r.product_category_id=p.id INNER JOIN think_user as u on r.uid=u.id INNER JOIN think_user_info as i on i.uid=r.uid  WHERE ( r.checked=1 ) ORDER BY  time desc  LIMIT 0,5   [ RunTime:0.002373s ]
SQL: select `thumb_img` from think_review_img where rid=215 [ RunTime:0.000272s ]
SQL: select `thumb_img` from think_review_img where rid=218 [ RunTime:0.000214s ]
SQL: select `thumb_img` from think_review_img where rid=225 [ RunTime:0.000246s ]
SQL: select `thumb_img` from think_review_img where rid=216 [ RunTime:0.000231s ]
SQL: select `thumb_img` from think_review_img where rid=234 [ RunTime:0.000206s ]
SQL: select `thumb_img` from think_review_img where rid=242 [ RunTime:0.000201s ]
SQL: select `thumb_img` from think_review_img where rid=241 [ RunTime:0.000219s ]
SQL: select `thumb_img` from think_review_img where rid=240 [ RunTime:0.000203s ]
SQL: select `thumb_img` from think_review_img where rid=239 [ RunTime:0.000267s ]
SQL: select `thumb_img` from think_review_img where rid=238 [ RunTime:0.000206s ]
INFO: [ view_parse ] --START--
INFO: [ template_filter ] --START--
INFO: Run Behavior\ContentReplaceBehavior [ RunTime:0.000273s ]
INFO: [ template_filter ] --END-- [ RunTime:0.000356s ]
NOTIC: [8] Undefined variable: name /data/nginx/html/www_wprc365_com/Runtime/Cache/Home/4ecb4d80ad15ce616466b3a831676d8e.php 第 270 行.
INFO: Run Behavior\ParseTemplateBehavior [ RunTime:0.021016s ]
INFO: [ view_parse ] --END-- [ RunTime:0.021068s ]
INFO: [ view_filter ] --START--
INFO: Run Behavior\WriteHtmlCacheBehavior [ RunTime:0.000148s ]
INFO: [ view_filter ] --END-- [ RunTime:0.000192s ]
INFO: [ app_end ] --START--
INFO: Run Behavior\ShowPageTraceBehavior [ RunTime:0.000514s ]
INFO: [ app_end ] --END-- [ RunTime:0.000566s ]

[ 2014-10-01T06:59:49+08:00 ] 183.136.190.62 /
INFO: [ app_init ] --START--
INFO: Run Behavior\BuildLiteBehavior [ RunTime:0.000014s ]
INFO: [ app_init ] --END-- [ RunTime:0.000105s ]
INFO: [ app_begin ] --START--
INFO: Run Behavior\ReadHtmlCacheBehavior [ RunTime:0.000535s ]
INFO: [ app_begin ] --END-- [ RunTime:0.000633s ]
NOTIC: [8] Undefined index: think_loginInfo /data/nginx/html/www_wprc365_com/Application/Home/Controller/CommonController.class.php 第 41 行.
NOTIC: [8] Undefined index: think_loginInfo /data/nginx/html/www_wprc365_com/Application/Home/Controller/CommonController.class.php 第 41 行.
SQL: SHOW COLUMNS FROM `think_user` [ RunTime:0.001241s ]
SQL: select * from think_user as u left join think_user_info as i on u.id=i.uid where u.id= [ RunTime:0.000136s ]
ERR: 1064:You have an error in your SQL syntax; check the manual that corresponds to your MySQL server version for the right syntax to use near '' at line 1
 [ SQL语句 ] : select * from think_user as u left join think_user_info as i on u.id=i.uid where u.id=
SQL: SHOW COLUMNS FROM `think_review` [ RunTime:0.000878s ]
SQL: SELECT COUNT(*) AS tp_count FROM `think_review` WHERE ( uid= ) LIMIT 1   [ RunTime:0.000147s ]
ERR: 1064:You have an error in your SQL syntax; check the manual that corresponds to your MySQL server version for the right syntax to use near ') LIMIT 1' at line 1
 [ SQL语句 ] : SELECT COUNT(*) AS tp_count FROM `think_review` WHERE ( uid= ) LIMIT 1  
SQL: SHOW COLUMNS FROM `think_review` [ RunTime:0.000888s ]
SQL: SELECT r.*,p.name,u.name as uname,i.image as touxiang FROM think_review as r INNER JOIN think_product_category as p on r.product_category_id=p.id INNER JOIN think_user as u on r.uid=u.id INNER JOIN think_user_info as i on i.uid=r.uid  WHERE ( r.checked=1 ) ORDER BY  comment_count desc,time desc  LIMIT 0,5   [ RunTime:0.002407s ]
SQL: SHOW COLUMNS FROM `think_review` [ RunTime:0.000866s ]
SQL: SELECT r.*,p.name,u.name as uname,i.image as touxiang FROM think_review as r INNER JOIN think_product_category as p on r.product_category_id=p.id INNER JOIN think_user as u on r.uid=u.id INNER JOIN think_user_info as i on i.uid=r.uid  WHERE ( r.checked=1 ) ORDER BY  time desc  LIMIT 0,5   [ RunTime:0.002273s ]
SQL: select `thumb_img` from think_review_img where rid=215 [ RunTime:0.000249s ]
SQL: select `thumb_img` from think_review_img where rid=218 [ RunTime:0.000212s ]
SQL: select `thumb_img` from think_review_img where rid=225 [ RunTime:0.000209s ]
SQL: select `thumb_img` from think_review_img where rid=216 [ RunTime:0.000261s ]
SQL: select `thumb_img` from think_review_img where rid=234 [ RunTime:0.000207s ]
SQL: select `thumb_img` from think_review_img where rid=242 [ RunTime:0.000200s ]
SQL: select `thumb_img` from think_review_img where rid=241 [ RunTime:0.000213s ]
SQL: select `thumb_img` from think_review_img where rid=240 [ RunTime:0.000218s ]
SQL: select `thumb_img` from think_review_img where rid=239 [ RunTime:0.000199s ]
SQL: select `thumb_img` from think_review_img where rid=238 [ RunTime:0.000196s ]
INFO: [ view_parse ] --START--
INFO: [ template_filter ] --START--
INFO: Run Behavior\ContentReplaceBehavior [ RunTime:0.000194s ]
INFO: [ template_filter ] --END-- [ RunTime:0.000267s ]
NOTIC: [8] Undefined variable: name /data/nginx/html/www_wprc365_com/Runtime/Cache/Home/4ecb4d80ad15ce616466b3a831676d8e.php 第 270 行.
INFO: Run Behavior\ParseTemplateBehavior [ RunTime:0.020189s ]
INFO: [ view_parse ] --END-- [ RunTime:0.020240s ]
INFO: [ view_filter ] --START--
INFO: Run Behavior\WriteHtmlCacheBehavior [ RunTime:0.000144s ]
INFO: [ view_filter ] --END-- [ RunTime:0.000200s ]
INFO: [ app_end ] --START--
INFO: Run Behavior\ShowPageTraceBehavior [ RunTime:0.000500s ]
INFO: [ app_end ] --END-- [ RunTime:0.000552s ]

[ 2014-10-01T06:59:50+08:00 ] 183.136.190.62 /
INFO: [ app_init ] --START--
INFO: Run Behavior\BuildLiteBehavior [ RunTime:0.000014s ]
INFO: [ app_init ] --END-- [ RunTime:0.000107s ]
INFO: [ app_begin ] --START--
INFO: Run Behavior\ReadHtmlCacheBehavior [ RunTime:0.000454s ]
INFO: [ app_begin ] --END-- [ RunTime:0.000519s ]
NOTIC: [8] Undefined index: think_loginInfo /data/nginx/html/www_wprc365_com/Application/Home/Controller/CommonController.class.php 第 41 行.
NOTIC: [8] Undefined index: think_loginInfo /data/nginx/html/www_wprc365_com/Application/Home/Controller/CommonController.class.php 第 41 行.
SQL: SHOW COLUMNS FROM `think_user` [ RunTime:0.000913s ]
SQL: select * from think_user as u left join think_user_info as i on u.id=i.uid where u.id= [ RunTime:0.000127s ]
ERR: 1064:You have an error in your SQL syntax; check the manual that corresponds to your MySQL server version for the right syntax to use near '' at line 1
 [ SQL语句 ] : select * from think_user as u left join think_user_info as i on u.id=i.uid where u.id=
SQL: SHOW COLUMNS FROM `think_review` [ RunTime:0.000865s ]
SQL: SELECT COUNT(*) AS tp_count FROM `think_review` WHERE ( uid= ) LIMIT 1   [ RunTime:0.000127s ]
ERR: 1064:You have an error in your SQL syntax; check the manual that corresponds to your MySQL server version for the right syntax to use near ') LIMIT 1' at line 1
 [ SQL语句 ] : SELECT COUNT(*) AS tp_count FROM `think_review` WHERE ( uid= ) LIMIT 1  
SQL: SHOW COLUMNS FROM `think_review` [ RunTime:0.000869s ]
SQL: SELECT r.*,p.name,u.name as uname,i.image as touxiang FROM think_review as r INNER JOIN think_product_category as p on r.product_category_id=p.id INNER JOIN think_user as u on r.uid=u.id INNER JOIN think_user_info as i on i.uid=r.uid  WHERE ( r.checked=1 ) ORDER BY  comment_count desc,time desc  LIMIT 0,5   [ RunTime:0.002259s ]
SQL: SHOW COLUMNS FROM `think_review` [ RunTime:0.000842s ]
SQL: SELECT r.*,p.name,u.name as uname,i.image as touxiang FROM think_review as r INNER JOIN think_product_category as p on r.product_category_id=p.id INNER JOIN think_user as u on r.uid=u.id INNER JOIN think_user_info as i on i.uid=r.uid  WHERE ( r.checked=1 ) ORDER BY  time desc  LIMIT 0,5   [ RunTime:0.002155s ]
SQL: select `thumb_img` from think_review_img where rid=215 [ RunTime:0.000231s ]
SQL: select `thumb_img` from think_review_img where rid=218 [ RunTime:0.000252s ]
SQL: select `thumb_img` from think_review_img where rid=225 [ RunTime:0.000227s ]
SQL: select `thumb_img` from think_review_img where rid=216 [ RunTime:0.000213s ]
SQL: select `thumb_img` from think_review_img where rid=234 [ RunTime:0.000206s ]
SQL: select `thumb_img` from think_review_img where rid=242 [ RunTime:0.000220s ]
SQL: select `thumb_img` from think_review_img where rid=241 [ RunTime:0.000209s ]
SQL: select `thumb_img` from think_review_img where rid=240 [ RunTime:0.000200s ]
SQL: select `thumb_img` from think_review_img where rid=239 [ RunTime:0.000221s ]
SQL: select `thumb_img` from think_review_img where rid=238 [ RunTime:0.000214s ]
INFO: [ view_parse ] --START--
INFO: [ template_filter ] --START--
INFO: Run Behavior\ContentReplaceBehavior [ RunTime:0.000190s ]
INFO: [ template_filter ] --END-- [ RunTime:0.000251s ]
NOTIC: [8] Undefined variable: name /data/nginx/html/www_wprc365_com/Runtime/Cache/Home/4ecb4d80ad15ce616466b3a831676d8e.php 第 270 行.
INFO: Run Behavior\ParseTemplateBehavior [ RunTime:0.020471s ]
INFO: [ view_parse ] --END-- [ RunTime:0.020521s ]
INFO: [ view_filter ] --START--
INFO: Run Behavior\WriteHtmlCacheBehavior [ RunTime:0.000141s ]
INFO: [ view_filter ] --END-- [ RunTime:0.000187s ]
INFO: [ app_end ] --START--
INFO: Run Behavior\ShowPageTraceBehavior [ RunTime:0.000500s ]
INFO: [ app_end ] --END-- [ RunTime:0.000553s ]

[ 2014-10-01T08:10:16+08:00 ] 218.30.103.63 /
INFO: [ app_init ] --START--
INFO: Run Behavior\BuildLiteBehavior [ RunTime:0.000015s ]
INFO: [ app_init ] --END-- [ RunTime:0.000130s ]
INFO: [ app_begin ] --START--
INFO: Run Behavior\ReadHtmlCacheBehavior [ RunTime:0.000582s ]
INFO: [ app_begin ] --END-- [ RunTime:0.000682s ]
NOTIC: [8] Undefined index: think_loginInfo /data/nginx/html/www_wprc365_com/Application/Home/Controller/CommonController.class.php 第 41 行.
NOTIC: [8] Undefined index: think_loginInfo /data/nginx/html/www_wprc365_com/Application/Home/Controller/CommonController.class.php 第 41 行.
SQL: SHOW COLUMNS FROM `think_user` [ RunTime:0.001085s ]
SQL: select * from think_user as u left join think_user_info as i on u.id=i.uid where u.id= [ RunTime:0.000129s ]
ERR: 1064:You have an error in your SQL syntax; check the manual that corresponds to your MySQL server version for the right syntax to use near '' at line 1
 [ SQL语句 ] : select * from think_user as u left join think_user_info as i on u.id=i.uid where u.id=
SQL: SHOW COLUMNS FROM `think_review` [ RunTime:0.000893s ]
SQL: SELECT COUNT(*) AS tp_count FROM `think_review` WHERE ( uid= ) LIMIT 1   [ RunTime:0.000151s ]
ERR: 1064:You have an error in your SQL syntax; check the manual that corresponds to your MySQL server version for the right syntax to use near ') LIMIT 1' at line 1
 [ SQL语句 ] : SELECT COUNT(*) AS tp_count FROM `think_review` WHERE ( uid= ) LIMIT 1  
SQL: SHOW COLUMNS FROM `think_review` [ RunTime:0.000841s ]
SQL: SELECT r.*,p.name,u.name as uname,i.image as touxiang FROM think_review as r INNER JOIN think_product_category as p on r.product_category_id=p.id INNER JOIN think_user as u on r.uid=u.id INNER JOIN think_user_info as i on i.uid=r.uid  WHERE ( r.checked=1 ) ORDER BY  comment_count desc,time desc  LIMIT 0,5   [ RunTime:0.002468s ]
SQL: SHOW COLUMNS FROM `think_review` [ RunTime:0.000908s ]
SQL: SELECT r.*,p.name,u.name as uname,i.image as touxiang FROM think_review as r INNER JOIN think_product_category as p on r.product_category_id=p.id INNER JOIN think_user as u on r.uid=u.id INNER JOIN think_user_info as i on i.uid=r.uid  WHERE ( r.checked=1 ) ORDER BY  time desc  LIMIT 0,5   [ RunTime:0.002346s ]
SQL: select `thumb_img` from think_review_img where rid=215 [ RunTime:0.000305s ]
SQL: select `thumb_img` from think_review_img where rid=218 [ RunTime:0.000212s ]
SQL: select `thumb_img` from think_review_img where rid=225 [ RunTime:0.000207s ]
SQL: select `thumb_img` from think_review_img where rid=216 [ RunTime:0.000318s ]
SQL: select `thumb_img` from think_review_img where rid=234 [ RunTime:0.000254s ]
SQL: select `thumb_img` from think_review_img where rid=242 [ RunTime:0.000223s ]
SQL: select `thumb_img` from think_review_img where rid=241 [ RunTime:0.000226s ]
SQL: select `thumb_img` from think_review_img where rid=240 [ RunTime:0.000209s ]
SQL: select `thumb_img` from think_review_img where rid=239 [ RunTime:0.000210s ]
SQL: select `thumb_img` from think_review_img where rid=238 [ RunTime:0.000221s ]
INFO: [ view_parse ] --START--
INFO: [ template_filter ] --START--
INFO: Run Behavior\ContentReplaceBehavior [ RunTime:0.000186s ]
INFO: [ template_filter ] --END-- [ RunTime:0.000243s ]
NOTIC: [8] Undefined variable: name /data/nginx/html/www_wprc365_com/Runtime/Cache/Home/4ecb4d80ad15ce616466b3a831676d8e.php 第 270 行.
INFO: Run Behavior\ParseTemplateBehavior [ RunTime:0.020688s ]
INFO: [ view_parse ] --END-- [ RunTime:0.020739s ]
INFO: [ view_filter ] --START--
INFO: Run Behavior\WriteHtmlCacheBehavior [ RunTime:0.000139s ]
INFO: [ view_filter ] --END-- [ RunTime:0.000185s ]
INFO: [ app_end ] --START--
INFO: Run Behavior\ShowPageTraceBehavior [ RunTime:0.000512s ]
INFO: [ app_end ] --END-- [ RunTime:0.000566s ]

[ 2014-10-01T08:56:11+08:00 ] 123.125.71.98 /home/user/findUser
INFO: [ app_init ] --START--
INFO: Run Behavior\BuildLiteBehavior [ RunTime:0.000016s ]
INFO: [ app_init ] --END-- [ RunTime:0.000104s ]
INFO: [ app_begin ] --START--
INFO: Run Behavior\ReadHtmlCacheBehavior [ RunTime:0.000493s ]
INFO: [ app_begin ] --END-- [ RunTime:0.000561s ]
NOTIC: [8] Undefined index: think_loginInfo /data/nginx/html/www_wprc365_com/Application/Home/Controller/CommonController.class.php 第 41 行.
NOTIC: [8] Undefined index: think_loginInfo /data/nginx/html/www_wprc365_com/Application/Home/Controller/CommonController.class.php 第 41 行.
SQL: SHOW COLUMNS FROM `think_user` [ RunTime:0.000956s ]
SQL: select * from think_user as u left join think_user_info as i on u.id=i.uid where u.id= [ RunTime:0.000131s ]
ERR: 1064:You have an error in your SQL syntax; check the manual that corresponds to your MySQL server version for the right syntax to use near '' at line 1
 [ SQL语句 ] : select * from think_user as u left join think_user_info as i on u.id=i.uid where u.id=
SQL: SHOW COLUMNS FROM `think_review` [ RunTime:0.000813s ]
SQL: SELECT COUNT(*) AS tp_count FROM `think_review` WHERE ( uid= ) LIMIT 1   [ RunTime:0.000115s ]
ERR: 1064:You have an error in your SQL syntax; check the manual that corresponds to your MySQL server version for the right syntax to use near ') LIMIT 1' at line 1
 [ SQL语句 ] : SELECT COUNT(*) AS tp_count FROM `think_review` WHERE ( uid= ) LIMIT 1  
NOTIC: [8] Undefined index: email /data/nginx/html/www_wprc365_com/Application/Home/Controller/UserController.class.php 第 515 行.
ERR: 模板不存在:./Application/Home/View/web/User/finduser.html

[ 2014-10-01T11:24:20+08:00 ] 207.46.13.67 /
INFO: [ app_init ] --START--
INFO: Run Behavior\BuildLiteBehavior [ RunTime:0.000013s ]
INFO: [ app_init ] --END-- [ RunTime:0.000127s ]
INFO: [ app_begin ] --START--
INFO: Run Behavior\ReadHtmlCacheBehavior [ RunTime:0.000537s ]
INFO: [ app_begin ] --END-- [ RunTime:0.000615s ]
NOTIC: [8] Undefined index: think_loginInfo /data/nginx/html/www_wprc365_com/Application/Home/Controller/CommonController.class.php 第 41 行.
NOTIC: [8] Undefined index: think_loginInfo /data/nginx/html/www_wprc365_com/Application/Home/Controller/CommonController.class.php 第 41 行.
SQL: SHOW COLUMNS FROM `think_user` [ RunTime:0.000973s ]
SQL: select * from think_user as u left join think_user_info as i on u.id=i.uid where u.id= [ RunTime:0.000157s ]
ERR: 1064:You have an error in your SQL syntax; check the manual that corresponds to your MySQL server version for the right syntax to use near '' at line 1
 [ SQL语句 ] : select * from think_user as u left join think_user_info as i on u.id=i.uid where u.id=
SQL: SHOW COLUMNS FROM `think_review` [ RunTime:0.000867s ]
SQL: SELECT COUNT(*) AS tp_count FROM `think_review` WHERE ( uid= ) LIMIT 1   [ RunTime:0.000141s ]
ERR: 1064:You have an error in your SQL syntax; check the manual that corresponds to your MySQL server version for the right syntax to use near ') LIMIT 1' at line 1
 [ SQL语句 ] : SELECT COUNT(*) AS tp_count FROM `think_review` WHERE ( uid= ) LIMIT 1  
SQL: SHOW COLUMNS FROM `think_review` [ RunTime:0.000930s ]
SQL: SELECT r.*,p.name,u.name as uname,i.image as touxiang FROM think_review as r INNER JOIN think_product_category as p on r.product_category_id=p.id INNER JOIN think_user as u on r.uid=u.id INNER JOIN think_user_info as i on i.uid=r.uid  WHERE ( r.checked=1 ) ORDER BY  comment_count desc,time desc  LIMIT 0,5   [ RunTime:0.049427s ]
SQL: SHOW COLUMNS FROM `think_review` [ RunTime:0.001332s ]
SQL: SELECT r.*,p.name,u.name as uname,i.image as touxiang FROM think_review as r INNER JOIN think_product_category as p on r.product_category_id=p.id INNER JOIN think_user as u on r.uid=u.id INNER JOIN think_user_info as i on i.uid=r.uid  WHERE ( r.checked=1 ) ORDER BY  time desc  LIMIT 0,5   [ RunTime:0.002515s ]
SQL: select `thumb_img` from think_review_img where rid=215 [ RunTime:0.001632s ]
SQL: select `thumb_img` from think_review_img where rid=218 [ RunTime:0.000371s ]
SQL: select `thumb_img` from think_review_img where rid=225 [ RunTime:0.000217s ]
SQL: select `thumb_img` from think_review_img where rid=216 [ RunTime:0.000218s ]
SQL: select `thumb_img` from think_review_img where rid=234 [ RunTime:0.000233s ]
SQL: select `thumb_img` from think_review_img where rid=242 [ RunTime:0.000230s ]
SQL: select `thumb_img` from think_review_img where rid=241 [ RunTime:0.000299s ]
SQL: select `thumb_img` from think_review_img where rid=240 [ RunTime:0.000225s ]
SQL: select `thumb_img` from think_review_img where rid=239 [ RunTime:0.000207s ]
SQL: select `thumb_img` from think_review_img where rid=238 [ RunTime:0.000237s ]
INFO: [ view_parse ] --START--
INFO: [ template_filter ] --START--
INFO: Run Behavior\ContentReplaceBehavior [ RunTime:0.000224s ]
INFO: [ template_filter ] --END-- [ RunTime:0.000312s ]
NOTIC: [8] Undefined variable: name /data/nginx/html/www_wprc365_com/Runtime/Cache/Home/4ecb4d80ad15ce616466b3a831676d8e.php 第 270 行.
INFO: Run Behavior\ParseTemplateBehavior [ RunTime:0.146579s ]
INFO: [ view_parse ] --END-- [ RunTime:0.146635s ]
INFO: [ view_filter ] --START--
INFO: Run Behavior\WriteHtmlCacheBehavior [ RunTime:0.008833s ]
INFO: [ view_filter ] --END-- [ RunTime:0.008915s ]
INFO: [ app_end ] --START--
INFO: Run Behavior\ShowPageTraceBehavior [ RunTime:0.003110s ]
INFO: [ app_end ] --END-- [ RunTime:0.003171s ]

[ 2014-10-01T14:14:49+08:00 ] 218.241.97.200 /
INFO: [ app_init ] --START--
INFO: Run Behavior\BuildLiteBehavior [ RunTime:0.000022s ]
INFO: [ app_init ] --END-- [ RunTime:0.000163s ]
INFO: [ app_begin ] --START--
INFO: Run Behavior\ReadHtmlCacheBehavior [ RunTime:0.002276s ]
INFO: [ app_begin ] --END-- [ RunTime:0.002400s ]
NOTIC: [8] Undefined index: think_loginInfo /data/nginx/html/www_wprc365_com/Application/Home/Controller/CommonController.class.php 第 41 行.
NOTIC: [8] Undefined index: think_loginInfo /data/nginx/html/www_wprc365_com/Application/Home/Controller/CommonController.class.php 第 41 行.
SQL: SHOW COLUMNS FROM `think_user` [ RunTime:0.001043s ]
SQL: select * from think_user as u left join think_user_info as i on u.id=i.uid where u.id= [ RunTime:0.000128s ]
ERR: 1064:You have an error in your SQL syntax; check the manual that corresponds to your MySQL server version for the right syntax to use near '' at line 1
 [ SQL语句 ] : select * from think_user as u left join think_user_info as i on u.id=i.uid where u.id=
SQL: SHOW COLUMNS FROM `think_review` [ RunTime:0.000998s ]
SQL: SELECT COUNT(*) AS tp_count FROM `think_review` WHERE ( uid= ) LIMIT 1   [ RunTime:0.000114s ]
ERR: 1064:You have an error in your SQL syntax; check the manual that corresponds to your MySQL server version for the right syntax to use near ') LIMIT 1' at line 1
 [ SQL语句 ] : SELECT COUNT(*) AS tp_count FROM `think_review` WHERE ( uid= ) LIMIT 1  
SQL: SHOW COLUMNS FROM `think_review` [ RunTime:0.000838s ]
SQL: SELECT r.*,p.name,u.name as uname,i.image as touxiang FROM think_review as r INNER JOIN think_product_category as p on r.product_category_id=p.id INNER JOIN think_user as u on r.uid=u.id INNER JOIN think_user_info as i on i.uid=r.uid  WHERE ( r.checked=1 ) ORDER BY  comment_count desc,time desc  LIMIT 0,5   [ RunTime:0.035481s ]
SQL: SHOW COLUMNS FROM `think_review` [ RunTime:0.000999s ]
SQL: SELECT r.*,p.name,u.name as uname,i.image as touxiang FROM think_review as r INNER JOIN think_product_category as p on r.product_category_id=p.id INNER JOIN think_user as u on r.uid=u.id INNER JOIN think_user_info as i on i.uid=r.uid  WHERE ( r.checked=1 ) ORDER BY  time desc  LIMIT 0,5   [ RunTime:0.002777s ]
SQL: select `thumb_img` from think_review_img where rid=215 [ RunTime:0.011702s ]
SQL: select `thumb_img` from think_review_img where rid=218 [ RunTime:0.000282s ]
SQL: select `thumb_img` from think_review_img where rid=225 [ RunTime:0.000274s ]
SQL: select `thumb_img` from think_review_img where rid=216 [ RunTime:0.000387s ]
SQL: select `thumb_img` from think_review_img where rid=234 [ RunTime:0.000240s ]
SQL: select `thumb_img` from think_review_img where rid=242 [ RunTime:0.000302s ]
SQL: select `thumb_img` from think_review_img where rid=241 [ RunTime:0.000270s ]
SQL: select `thumb_img` from think_review_img where rid=240 [ RunTime:0.000207s ]
SQL: select `thumb_img` from think_review_img where rid=239 [ RunTime:0.000229s ]
SQL: select `thumb_img` from think_review_img where rid=238 [ RunTime:0.000202s ]
INFO: [ view_parse ] --START--
INFO: [ template_filter ] --START--
INFO: Run Behavior\ContentReplaceBehavior [ RunTime:0.000222s ]
INFO: [ template_filter ] --END-- [ RunTime:0.000290s ]
NOTIC: [8] Undefined variable: name /data/nginx/html/www_wprc365_com/Runtime/Cache/Home/4ecb4d80ad15ce616466b3a831676d8e.php 第 270 行.
INFO: Run Behavior\ParseTemplateBehavior [ RunTime:0.150915s ]
INFO: [ view_parse ] --END-- [ RunTime:0.151010s ]
INFO: [ view_filter ] --START--
INFO: Run Behavior\WriteHtmlCacheBehavior [ RunTime:0.001457s ]
INFO: [ view_filter ] --END-- [ RunTime:0.001605s ]
INFO: [ app_end ] --START--
INFO: Run Behavior\ShowPageTraceBehavior [ RunTime:0.002379s ]
INFO: [ app_end ] --END-- [ RunTime:0.002464s ]

[ 2014-10-01T14:24:40+08:00 ] 91.250.15.69 /
INFO: [ app_init ] --START--
INFO: Run Behavior\BuildLiteBehavior [ RunTime:0.000014s ]
INFO: [ app_init ] --END-- [ RunTime:0.000114s ]
INFO: [ app_begin ] --START--
INFO: Run Behavior\ReadHtmlCacheBehavior [ RunTime:0.000448s ]
INFO: [ app_begin ] --END-- [ RunTime:0.000512s ]
NOTIC: [8] Undefined index: think_loginInfo /data/nginx/html/www_wprc365_com/Application/Home/Controller/CommonController.class.php 第 41 行.
NOTIC: [8] Undefined index: think_loginInfo /data/nginx/html/www_wprc365_com/Application/Home/Controller/CommonController.class.php 第 41 行.
SQL: SHOW COLUMNS FROM `think_user` [ RunTime:0.000939s ]
SQL: select * from think_user as u left join think_user_info as i on u.id=i.uid where u.id= [ RunTime:0.000132s ]
ERR: 1064:You have an error in your SQL syntax; check the manual that corresponds to your MySQL server version for the right syntax to use near '' at line 1
 [ SQL语句 ] : select * from think_user as u left join think_user_info as i on u.id=i.uid where u.id=
SQL: SHOW COLUMNS FROM `think_review` [ RunTime:0.000868s ]
SQL: SELECT COUNT(*) AS tp_count FROM `think_review` WHERE ( uid= ) LIMIT 1   [ RunTime:0.000119s ]
ERR: 1064:You have an error in your SQL syntax; check the manual that corresponds to your MySQL server version for the right syntax to use near ') LIMIT 1' at line 1
 [ SQL语句 ] : SELECT COUNT(*) AS tp_count FROM `think_review` WHERE ( uid= ) LIMIT 1  
SQL: SHOW COLUMNS FROM `think_review` [ RunTime:0.000894s ]
SQL: SELECT r.*,p.name,u.name as uname,i.image as touxiang FROM think_review as r INNER JOIN think_product_category as p on r.product_category_id=p.id INNER JOIN think_user as u on r.uid=u.id INNER JOIN think_user_info as i on i.uid=r.uid  WHERE ( r.checked=1 ) ORDER BY  comment_count desc,time desc  LIMIT 0,5   [ RunTime:0.002403s ]
SQL: SHOW COLUMNS FROM `think_review` [ RunTime:0.000844s ]
SQL: SELECT r.*,p.name,u.name as uname,i.image as touxiang FROM think_review as r INNER JOIN think_product_category as p on r.product_category_id=p.id INNER JOIN think_user as u on r.uid=u.id INNER JOIN think_user_info as i on i.uid=r.uid  WHERE ( r.checked=1 ) ORDER BY  time desc  LIMIT 0,5   [ RunTime:0.002203s ]
SQL: select `thumb_img` from think_review_img where rid=215 [ RunTime:0.000227s ]
SQL: select `thumb_img` from think_review_img where rid=218 [ RunTime:0.000237s ]
SQL: select `thumb_img` from think_review_img where rid=225 [ RunTime:0.000208s ]
SQL: select `thumb_img` from think_review_img where rid=216 [ RunTime:0.000206s ]
SQL: select `thumb_img` from think_review_img where rid=234 [ RunTime:0.000204s ]
SQL: select `thumb_img` from think_review_img where rid=242 [ RunTime:0.000204s ]
SQL: select `thumb_img` from think_review_img where rid=241 [ RunTime:0.000222s ]
SQL: select `thumb_img` from think_review_img where rid=240 [ RunTime:0.000202s ]
SQL: select `thumb_img` from think_review_img where rid=239 [ RunTime:0.000203s ]
SQL: select `thumb_img` from think_review_img where rid=238 [ RunTime:0.000201s ]
INFO: [ view_parse ] --START--
INFO: [ template_filter ] --START--
INFO: Run Behavior\ContentReplaceBehavior [ RunTime:0.000177s ]
INFO: [ template_filter ] --END-- [ RunTime:0.000233s ]
NOTIC: [8] Undefined variable: name /data/nginx/html/www_wprc365_com/Runtime/Cache/Home/4ecb4d80ad15ce616466b3a831676d8e.php 第 270 行.
INFO: Run Behavior\ParseTemplateBehavior [ RunTime:0.019154s ]
INFO: [ view_parse ] --END-- [ RunTime:0.019204s ]
INFO: [ view_filter ] --START--
INFO: Run Behavior\WriteHtmlCacheBehavior [ RunTime:0.000161s ]
INFO: [ view_filter ] --END-- [ RunTime:0.000209s ]
INFO: [ app_end ] --START--
INFO: Run Behavior\ShowPageTraceBehavior [ RunTime:0.000473s ]
INFO: [ app_end ] --END-- [ RunTime:0.000527s ]

[ 2014-10-01T14:24:41+08:00 ] 91.250.15.69 /
INFO: [ app_init ] --START--
INFO: Run Behavior\BuildLiteBehavior [ RunTime:0.000017s ]
INFO: [ app_init ] --END-- [ RunTime:0.000106s ]
INFO: [ app_begin ] --START--
INFO: Run Behavior\ReadHtmlCacheBehavior [ RunTime:0.000491s ]
INFO: [ app_begin ] --END-- [ RunTime:0.000551s ]
NOTIC: [8] Undefined index: think_loginInfo /data/nginx/html/www_wprc365_com/Application/Home/Controller/CommonController.class.php 第 41 行.
NOTIC: [8] Undefined index: think_loginInfo /data/nginx/html/www_wprc365_com/Application/Home/Controller/CommonController.class.php 第 41 行.
SQL: SHOW COLUMNS FROM `think_user` [ RunTime:0.000979s ]
SQL: select * from think_user as u left join think_user_info as i on u.id=i.uid where u.id= [ RunTime:0.000126s ]
ERR: 1064:You have an error in your SQL syntax; check the manual that corresponds to your MySQL server version for the right syntax to use near '' at line 1
 [ SQL语句 ] : select * from think_user as u left join think_user_info as i on u.id=i.uid where u.id=
SQL: SHOW COLUMNS FROM `think_review` [ RunTime:0.000863s ]
SQL: SELECT COUNT(*) AS tp_count FROM `think_review` WHERE ( uid= ) LIMIT 1   [ RunTime:0.000119s ]
ERR: 1064:You have an error in your SQL syntax; check the manual that corresponds to your MySQL server version for the right syntax to use near ') LIMIT 1' at line 1
 [ SQL语句 ] : SELECT COUNT(*) AS tp_count FROM `think_review` WHERE ( uid= ) LIMIT 1  
SQL: SHOW COLUMNS FROM `think_review` [ RunTime:0.000847s ]
SQL: SELECT r.*,p.name,u.name as uname,i.image as touxiang FROM think_review as r INNER JOIN think_product_category as p on r.product_category_id=p.id INNER JOIN think_user as u on r.uid=u.id INNER JOIN think_user_info as i on i.uid=r.uid  WHERE ( r.checked=1 ) ORDER BY  comment_count desc,time desc  LIMIT 0,5   [ RunTime:0.002368s ]
SQL: SHOW COLUMNS FROM `think_review` [ RunTime:0.000870s ]
SQL: SELECT r.*,p.name,u.name as uname,i.image as touxiang FROM think_review as r INNER JOIN think_product_category as p on r.product_category_id=p.id INNER JOIN think_user as u on r.uid=u.id INNER JOIN think_user_info as i on i.uid=r.uid  WHERE ( r.checked=1 ) ORDER BY  time desc  LIMIT 0,5   [ RunTime:0.002224s ]
SQL: select `thumb_img` from think_review_img where rid=215 [ RunTime:0.000295s ]
SQL: select `thumb_img` from think_review_img where rid=218 [ RunTime:0.000209s ]
SQL: select `thumb_img` from think_review_img where rid=225 [ RunTime:0.000205s ]
SQL: select `thumb_img` from think_review_img where rid=216 [ RunTime:0.000234s ]
SQL: select `thumb_img` from think_review_img where rid=234 [ RunTime:0.000200s ]
SQL: select `thumb_img` from think_review_img where rid=242 [ RunTime:0.000233s ]
SQL: select `thumb_img` from think_review_img where rid=241 [ RunTime:0.000248s ]
SQL: select `thumb_img` from think_review_img where rid=240 [ RunTime:0.000199s ]
SQL: select `thumb_img` from think_review_img where rid=239 [ RunTime:0.000204s ]
SQL: select `thumb_img` from think_review_img where rid=238 [ RunTime:0.000247s ]
INFO: [ view_parse ] --START--
INFO: [ template_filter ] --START--
INFO: Run Behavior\ContentReplaceBehavior [ RunTime:0.000167s ]
INFO: [ template_filter ] --END-- [ RunTime:0.000229s ]
NOTIC: [8] Undefined variable: name /data/nginx/html/www_wprc365_com/Runtime/Cache/Home/4ecb4d80ad15ce616466b3a831676d8e.php 第 270 行.
INFO: Run Behavior\ParseTemplateBehavior [ RunTime:0.019420s ]
INFO: [ view_parse ] --END-- [ RunTime:0.019470s ]
INFO: [ view_filter ] --START--
INFO: Run Behavior\WriteHtmlCacheBehavior [ RunTime:0.000136s ]
INFO: [ view_filter ] --END-- [ RunTime:0.000182s ]
INFO: [ app_end ] --START--
INFO: Run Behavior\ShowPageTraceBehavior [ RunTime:0.000488s ]
INFO: [ app_end ] --END-- [ RunTime:0.000542s ]

[ 2014-10-01T14:24:42+08:00 ] 91.250.15.69 /
INFO: [ app_init ] --START--
INFO: Run Behavior\BuildLiteBehavior [ RunTime:0.000015s ]
INFO: [ app_init ] --END-- [ RunTime:0.000113s ]
INFO: [ app_begin ] --START--
INFO: Run Behavior\ReadHtmlCacheBehavior [ RunTime:0.000530s ]
INFO: [ app_begin ] --END-- [ RunTime:0.000600s ]
NOTIC: [8] Undefined index: think_loginInfo /data/nginx/html/www_wprc365_com/Application/Home/Controller/CommonController.class.php 第 41 行.
NOTIC: [8] Undefined index: think_loginInfo /data/nginx/html/www_wprc365_com/Application/Home/Controller/CommonController.class.php 第 41 行.
SQL: SHOW COLUMNS FROM `think_user` [ RunTime:0.001414s ]
SQL: select * from think_user as u left join think_user_info as i on u.id=i.uid where u.id= [ RunTime:0.000155s ]
ERR: 1064:You have an error in your SQL syntax; check the manual that corresponds to your MySQL server version for the right syntax to use near '' at line 1
 [ SQL语句 ] : select * from think_user as u left join think_user_info as i on u.id=i.uid where u.id=
SQL: SHOW COLUMNS FROM `think_review` [ RunTime:0.000942s ]
SQL: SELECT COUNT(*) AS tp_count FROM `think_review` WHERE ( uid= ) LIMIT 1   [ RunTime:0.000184s ]
ERR: 1064:You have an error in your SQL syntax; check the manual that corresponds to your MySQL server version for the right syntax to use near ') LIMIT 1' at line 1
 [ SQL语句 ] : SELECT COUNT(*) AS tp_count FROM `think_review` WHERE ( uid= ) LIMIT 1  
SQL: SHOW COLUMNS FROM `think_review` [ RunTime:0.000910s ]
SQL: SELECT r.*,p.name,u.name as uname,i.image as touxiang FROM think_review as r INNER JOIN think_product_category as p on r.product_category_id=p.id INNER JOIN think_user as u on r.uid=u.id INNER JOIN think_user_info as i on i.uid=r.uid  WHERE ( r.checked=1 ) ORDER BY  comment_count desc,time desc  LIMIT 0,5   [ RunTime:0.002707s ]
SQL: SHOW COLUMNS FROM `think_review` [ RunTime:0.000908s ]
SQL: SELECT r.*,p.name,u.name as uname,i.image as touxiang FROM think_review as r INNER JOIN think_product_category as p on r.product_category_id=p.id INNER JOIN think_user as u on r.uid=u.id INNER JOIN think_user_info as i on i.uid=r.uid  WHERE ( r.checked=1 ) ORDER BY  time desc  LIMIT 0,5   [ RunTime:0.002296s ]
SQL: select `thumb_img` from think_review_img where rid=215 [ RunTime:0.000450s ]
SQL: select `thumb_img` from think_review_img where rid=218 [ RunTime:0.000267s ]
SQL: select `thumb_img` from think_review_img where rid=225 [ RunTime:0.000214s ]
SQL: select `thumb_img` from think_review_img where rid=216 [ RunTime:0.000210s ]
SQL: select `thumb_img` from think_review_img where rid=234 [ RunTime:0.000231s ]
SQL: select `thumb_img` from think_review_img where rid=242 [ RunTime:0.000204s ]
SQL: select `thumb_img` from think_review_img where rid=241 [ RunTime:0.000204s ]
SQL: select `thumb_img` from think_review_img where rid=240 [ RunTime:0.000202s ]
SQL: select `thumb_img` from think_review_img where rid=239 [ RunTime:0.000206s ]
SQL: select `thumb_img` from think_review_img where rid=238 [ RunTime:0.000200s ]
INFO: [ view_parse ] --START--
INFO: [ template_filter ] --START--
INFO: Run Behavior\ContentReplaceBehavior [ RunTime:0.000169s ]
INFO: [ template_filter ] --END-- [ RunTime:0.000223s ]
NOTIC: [8] Undefined variable: name /data/nginx/html/www_wprc365_com/Runtime/Cache/Home/4ecb4d80ad15ce616466b3a831676d8e.php 第 270 行.
INFO: Run Behavior\ParseTemplateBehavior [ RunTime:0.021235s ]
INFO: [ view_parse ] --END-- [ RunTime:0.021310s ]
INFO: [ view_filter ] --START--
INFO: Run Behavior\WriteHtmlCacheBehavior [ RunTime:0.000147s ]
INFO: [ view_filter ] --END-- [ RunTime:0.000193s ]
INFO: [ app_end ] --START--
INFO: Run Behavior\ShowPageTraceBehavior [ RunTime:0.000498s ]
INFO: [ app_end ] --END-- [ RunTime:0.000567s ]

[ 2014-10-01T14:24:43+08:00 ] 91.250.15.69 /
INFO: [ app_init ] --START--
INFO: Run Behavior\BuildLiteBehavior [ RunTime:0.000014s ]
INFO: [ app_init ] --END-- [ RunTime:0.000093s ]
INFO: [ app_begin ] --START--
INFO: Run Behavior\ReadHtmlCacheBehavior [ RunTime:0.000454s ]
INFO: [ app_begin ] --END-- [ RunTime:0.000510s ]
NOTIC: [8] Undefined index: think_loginInfo /data/nginx/html/www_wprc365_com/Application/Home/Controller/CommonController.class.php 第 41 行.
NOTIC: [8] Undefined index: think_loginInfo /data/nginx/html/www_wprc365_com/Application/Home/Controller/CommonController.class.php 第 41 行.
SQL: SHOW COLUMNS FROM `think_user` [ RunTime:0.001306s ]
SQL: select * from think_user as u left join think_user_info as i on u.id=i.uid where u.id= [ RunTime:0.000229s ]
ERR: 1064:You have an error in your SQL syntax; check the manual that corresponds to your MySQL server version for the right syntax to use near '' at line 1
 [ SQL语句 ] : select * from think_user as u left join think_user_info as i on u.id=i.uid where u.id=
SQL: SHOW COLUMNS FROM `think_review` [ RunTime:0.001291s ]
SQL: SELECT COUNT(*) AS tp_count FROM `think_review` WHERE ( uid= ) LIMIT 1   [ RunTime:0.000127s ]
ERR: 1064:You have an error in your SQL syntax; check the manual that corresponds to your MySQL server version for the right syntax to use near ') LIMIT 1' at line 1
 [ SQL语句 ] : SELECT COUNT(*) AS tp_count FROM `think_review` WHERE ( uid= ) LIMIT 1  
SQL: SHOW COLUMNS FROM `think_review` [ RunTime:0.001029s ]
SQL: SELECT r.*,p.name,u.name as uname,i.image as touxiang FROM think_review as r INNER JOIN think_product_category as p on r.product_category_id=p.id INNER JOIN think_user as u on r.uid=u.id INNER JOIN think_user_info as i on i.uid=r.uid  WHERE ( r.checked=1 ) ORDER BY  comment_count desc,time desc  LIMIT 0,5   [ RunTime:0.002710s ]
SQL: SHOW COLUMNS FROM `think_review` [ RunTime:0.000907s ]
SQL: SELECT r.*,p.name,u.name as uname,i.image as touxiang FROM think_review as r INNER JOIN think_product_category as p on r.product_category_id=p.id INNER JOIN think_user as u on r.uid=u.id INNER JOIN think_user_info as i on i.uid=r.uid  WHERE ( r.checked=1 ) ORDER BY  time desc  LIMIT 0,5   [ RunTime:0.002375s ]
SQL: select `thumb_img` from think_review_img where rid=215 [ RunTime:0.000406s ]
SQL: select `thumb_img` from think_review_img where rid=218 [ RunTime:0.000476s ]
SQL: select `thumb_img` from think_review_img where rid=225 [ RunTime:0.000227s ]
SQL: select `thumb_img` from think_review_img where rid=216 [ RunTime:0.000209s ]
SQL: select `thumb_img` from think_review_img where rid=234 [ RunTime:0.000263s ]
SQL: select `thumb_img` from think_review_img where rid=242 [ RunTime:0.000207s ]
SQL: select `thumb_img` from think_review_img where rid=241 [ RunTime:0.000227s ]
SQL: select `thumb_img` from think_review_img where rid=240 [ RunTime:0.000224s ]
SQL: select `thumb_img` from think_review_img where rid=239 [ RunTime:0.000207s ]
SQL: select `thumb_img` from think_review_img where rid=238 [ RunTime:0.000200s ]
INFO: [ view_parse ] --START--
INFO: [ template_filter ] --START--
INFO: Run Behavior\ContentReplaceBehavior [ RunTime:0.000166s ]
INFO: [ template_filter ] --END-- [ RunTime:0.000269s ]
NOTIC: [8] Undefined variable: name /data/nginx/html/www_wprc365_com/Runtime/Cache/Home/4ecb4d80ad15ce616466b3a831676d8e.php 第 270 行.
INFO: Run Behavior\ParseTemplateBehavior [ RunTime:0.021125s ]
INFO: [ view_parse ] --END-- [ RunTime:0.021176s ]
INFO: [ view_filter ] --START--
INFO: Run Behavior\WriteHtmlCacheBehavior [ RunTime:0.000139s ]
INFO: [ view_filter ] --END-- [ RunTime:0.000218s ]
INFO: [ app_end ] --START--
INFO: Run Behavior\ShowPageTraceBehavior [ RunTime:0.000478s ]
INFO: [ app_end ] --END-- [ RunTime:0.000533s ]

[ 2014-10-01T16:48:50+08:00 ] 42.120.145.137 /
INFO: [ app_init ] --START--
INFO: Run Behavior\BuildLiteBehavior [ RunTime:0.000014s ]
INFO: [ app_init ] --END-- [ RunTime:0.000099s ]
INFO: [ app_begin ] --START--
INFO: Run Behavior\ReadHtmlCacheBehavior [ RunTime:0.000559s ]
INFO: [ app_begin ] --END-- [ RunTime:0.000889s ]
NOTIC: [8] Undefined index: think_loginInfo /data/nginx/html/www_wprc365_com/Application/Home/Controller/CommonController.class.php 第 41 行.
NOTIC: [8] Undefined index: think_loginInfo /data/nginx/html/www_wprc365_com/Application/Home/Controller/CommonController.class.php 第 41 行.
SQL: SHOW COLUMNS FROM `think_user` [ RunTime:0.025069s ]
SQL: select * from think_user as u left join think_user_info as i on u.id=i.uid where u.id= [ RunTime:0.000182s ]
ERR: 1064:You have an error in your SQL syntax; check the manual that corresponds to your MySQL server version for the right syntax to use near '' at line 1
 [ SQL语句 ] : select * from think_user as u left join think_user_info as i on u.id=i.uid where u.id=
SQL: SHOW COLUMNS FROM `think_review` [ RunTime:0.000850s ]
SQL: SELECT COUNT(*) AS tp_count FROM `think_review` WHERE ( uid= ) LIMIT 1   [ RunTime:0.000131s ]
ERR: 1064:You have an error in your SQL syntax; check the manual that corresponds to your MySQL server version for the right syntax to use near ') LIMIT 1' at line 1
 [ SQL语句 ] : SELECT COUNT(*) AS tp_count FROM `think_review` WHERE ( uid= ) LIMIT 1  
SQL: SHOW COLUMNS FROM `think_review` [ RunTime:0.000909s ]
SQL: SELECT r.*,p.name,u.name as uname,i.image as touxiang FROM think_review as r INNER JOIN think_product_category as p on r.product_category_id=p.id INNER JOIN think_user as u on r.uid=u.id INNER JOIN think_user_info as i on i.uid=r.uid  WHERE ( r.checked=1 ) ORDER BY  comment_count desc,time desc  LIMIT 0,5   [ RunTime:0.048085s ]
SQL: SHOW COLUMNS FROM `think_review` [ RunTime:0.000928s ]
SQL: SELECT r.*,p.name,u.name as uname,i.image as touxiang FROM think_review as r INNER JOIN think_product_category as p on r.product_category_id=p.id INNER JOIN think_user as u on r.uid=u.id INNER JOIN think_user_info as i on i.uid=r.uid  WHERE ( r.checked=1 ) ORDER BY  time desc  LIMIT 0,5   [ RunTime:0.002282s ]
SQL: select `thumb_img` from think_review_img where rid=215 [ RunTime:0.000279s ]
SQL: select `thumb_img` from think_review_img where rid=218 [ RunTime:0.000210s ]
SQL: select `thumb_img` from think_review_img where rid=225 [ RunTime:0.000204s ]
SQL: select `thumb_img` from think_review_img where rid=216 [ RunTime:0.000379s ]
SQL: select `thumb_img` from think_review_img where rid=234 [ RunTime:0.000204s ]
SQL: select `thumb_img` from think_review_img where rid=242 [ RunTime:0.000205s ]
SQL: select `thumb_img` from think_review_img where rid=241 [ RunTime:0.000264s ]
SQL: select `thumb_img` from think_review_img where rid=240 [ RunTime:0.000209s ]
SQL: select `thumb_img` from think_review_img where rid=239 [ RunTime:0.000198s ]
SQL: select `thumb_img` from think_review_img where rid=238 [ RunTime:0.000247s ]
INFO: [ view_parse ] --START--
INFO: [ template_filter ] --START--
INFO: Run Behavior\ContentReplaceBehavior [ RunTime:0.000230s ]
INFO: [ template_filter ] --END-- [ RunTime:0.000297s ]
NOTIC: [8] Undefined variable: name /data/nginx/html/www_wprc365_com/Runtime/Cache/Home/4ecb4d80ad15ce616466b3a831676d8e.php 第 270 行.
INFO: Run Behavior\ParseTemplateBehavior [ RunTime:0.119559s ]
INFO: [ view_parse ] --END-- [ RunTime:0.119618s ]
INFO: [ view_filter ] --START--
INFO: Run Behavior\WriteHtmlCacheBehavior [ RunTime:0.000196s ]
INFO: [ view_filter ] --END-- [ RunTime:0.000241s ]
INFO: [ app_end ] --START--
INFO: Run Behavior\ShowPageTraceBehavior [ RunTime:0.000483s ]
INFO: [ app_end ] --END-- [ RunTime:0.000534s ]

[ 2014-10-01T18:56:34+08:00 ] 207.46.13.61 /home/act/reviewInfo?id=225
INFO: [ app_init ] --START--
INFO: Run Behavior\BuildLiteBehavior [ RunTime:0.000021s ]
INFO: [ app_init ] --END-- [ RunTime:0.000141s ]
INFO: [ app_begin ] --START--
INFO: Run Behavior\ReadHtmlCacheBehavior [ RunTime:0.000459s ]
INFO: [ app_begin ] --END-- [ RunTime:0.000528s ]
NOTIC: [8] Undefined index: think_loginInfo /data/nginx/html/www_wprc365_com/Application/Home/Controller/CommonController.class.php 第 41 行.
NOTIC: [8] Undefined index: think_loginInfo /data/nginx/html/www_wprc365_com/Application/Home/Controller/CommonController.class.php 第 41 行.
SQL: SHOW COLUMNS FROM `think_user` [ RunTime:0.000925s ]
SQL: select * from think_user as u left join think_user_info as i on u.id=i.uid where u.id= [ RunTime:0.000121s ]
ERR: 1064:You have an error in your SQL syntax; check the manual that corresponds to your MySQL server version for the right syntax to use near '' at line 1
 [ SQL语句 ] : select * from think_user as u left join think_user_info as i on u.id=i.uid where u.id=
SQL: SHOW COLUMNS FROM `think_review` [ RunTime:0.000869s ]
SQL: SELECT COUNT(*) AS tp_count FROM `think_review` WHERE ( uid= ) LIMIT 1   [ RunTime:0.000112s ]
ERR: 1064:You have an error in your SQL syntax; check the manual that corresponds to your MySQL server version for the right syntax to use near ') LIMIT 1' at line 1
 [ SQL语句 ] : SELECT COUNT(*) AS tp_count FROM `think_review` WHERE ( uid= ) LIMIT 1  
SQL: SHOW COLUMNS FROM `think_review` [ RunTime:0.001031s ]
SQL: SHOW COLUMNS FROM `think_reply` [ RunTime:0.000800s ]
SQL: SELECT COUNT(*) AS tp_count FROM `think_reply` WHERE ( rid=225 and pid=0 ) LIMIT 1   [ RunTime:0.038511s ]
NOTIC: [2] Division by zero /data/nginx/html/www_wprc365_com/Application/Lib/Page.class.php 第 52 行.
NOTIC: [8] Undefined index: P /data/nginx/html/www_wprc365_com/Application/Lib/Page.class.php 第 54 行.
SQL: select think_user_info.*,think_review.*,think_product_category.name as pname,think_user.* from think_review inner join think_product_category on think_review.product_category_id=think_product_category.id inner join think_user on think_review.uid=think_user.id inner join think_user_info on think_review.uid=think_user_info.uid where think_review.id=225 and think_review.checked=1 limit 1 [ RunTime:0.000585s ]
SQL: select think_reply.*,think_user.name,think_user_info.image from think_reply inner join think_user on think_reply.uid=think_user.id inner join think_user_info on think_reply.uid=think_user_info.uid where think_reply.rid=225 and think_reply.pid=0 order by think_reply.time asc limit 0,10 [ RunTime:0.001146s ]
SQL: select think_reply.*,think_user.name,think_user_info.image from think_reply inner join think_user on think_reply.uid=think_user.id inner join think_user_info on think_reply.uid=think_user_info.uid where think_reply.rid=225 and think_reply.pid in (72,76,77,82) order by think_reply.time asc [ RunTime:0.030124s ]
SQL: select name as `rename` from think_user where id=54 [ RunTime:0.000209s ]
SQL: SHOW COLUMNS FROM `think_review_img` [ RunTime:0.000786s ]
SQL: SELECT * FROM `think_review_img` WHERE ( rid=225 )  [ RunTime:0.000271s ]
NOTIC: [8] Undefined index: think_loginInfo /data/nginx/html/www_wprc365_com/Application/Home/Controller/CommonController.class.php 第 41 行.
SQL: SHOW COLUMNS FROM `think_follow` [ RunTime:0.000704s ]
SQL: SELECT * FROM `think_follow` WHERE ( flollow_id= and uid=53 )  [ RunTime:0.000119s ]
ERR: 1064:You have an error in your SQL syntax; check the manual that corresponds to your MySQL server version for the right syntax to use near 'and uid=53 )' at line 1
 [ SQL语句 ] : SELECT * FROM `think_follow` WHERE ( flollow_id= and uid=53 ) 
SQL: SHOW COLUMNS FROM `think_user_info` [ RunTime:0.000861s ]
SQL: SELECT * FROM `think_user_info` WHERE ( uid= ) LIMIT 1   [ RunTime:0.000114s ]
ERR: 1064:You have an error in your SQL syntax; check the manual that corresponds to your MySQL server version for the right syntax to use near ') LIMIT 1' at line 1
 [ SQL语句 ] : SELECT * FROM `think_user_info` WHERE ( uid= ) LIMIT 1  
NOTIC: [2] Division by zero /data/nginx/html/www_wprc365_com/Application/Lib/Page.class.php 第 90 行.
ERR: 模板不存在:./Application/Home/View/web/Act/reviewinfo.html

[ 2014-10-01T19:08:03+08:00 ] 88.198.184.227 /
INFO: [ app_init ] --START--
INFO: Run Behavior\BuildLiteBehavior [ RunTime:0.000017s ]
INFO: [ app_init ] --END-- [ RunTime:0.000120s ]
INFO: [ app_begin ] --START--
INFO: Run Behavior\ReadHtmlCacheBehavior [ RunTime:0.000449s ]
INFO: [ app_begin ] --END-- [ RunTime:0.000531s ]
NOTIC: [8] Undefined index: think_loginInfo /data/nginx/html/www_wprc365_com/Application/Home/Controller/CommonController.class.php 第 41 行.
NOTIC: [8] Undefined index: think_loginInfo /data/nginx/html/www_wprc365_com/Application/Home/Controller/CommonController.class.php 第 41 行.
SQL: SHOW COLUMNS FROM `think_user` [ RunTime:0.001415s ]
SQL: select * from think_user as u left join think_user_info as i on u.id=i.uid where u.id= [ RunTime:0.000151s ]
ERR: 1064:You have an error in your SQL syntax; check the manual that corresponds to your MySQL server version for the right syntax to use near '' at line 1
 [ SQL语句 ] : select * from think_user as u left join think_user_info as i on u.id=i.uid where u.id=
SQL: SHOW COLUMNS FROM `think_review` [ RunTime:0.001162s ]
SQL: SELECT COUNT(*) AS tp_count FROM `think_review` WHERE ( uid= ) LIMIT 1   [ RunTime:0.000144s ]
ERR: 1064:You have an error in your SQL syntax; check the manual that corresponds to your MySQL server version for the right syntax to use near ') LIMIT 1' at line 1
 [ SQL语句 ] : SELECT COUNT(*) AS tp_count FROM `think_review` WHERE ( uid= ) LIMIT 1  
SQL: SHOW COLUMNS FROM `think_review` [ RunTime:0.000883s ]
SQL: SELECT r.*,p.name,u.name as uname,i.image as touxiang FROM think_review as r INNER JOIN think_product_category as p on r.product_category_id=p.id INNER JOIN think_user as u on r.uid=u.id INNER JOIN think_user_info as i on i.uid=r.uid  WHERE ( r.checked=1 ) ORDER BY  comment_count desc,time desc  LIMIT 0,5   [ RunTime:0.002393s ]
SQL: SHOW COLUMNS FROM `think_review` [ RunTime:0.002223s ]
SQL: SELECT r.*,p.name,u.name as uname,i.image as touxiang FROM think_review as r INNER JOIN think_product_category as p on r.product_category_id=p.id INNER JOIN think_user as u on r.uid=u.id INNER JOIN think_user_info as i on i.uid=r.uid  WHERE ( r.checked=1 ) ORDER BY  time desc  LIMIT 0,5   [ RunTime:0.002385s ]
SQL: select `thumb_img` from think_review_img where rid=215 [ RunTime:0.000225s ]
SQL: select `thumb_img` from think_review_img where rid=218 [ RunTime:0.000266s ]
SQL: select `thumb_img` from think_review_img where rid=225 [ RunTime:0.000247s ]
SQL: select `thumb_img` from think_review_img where rid=216 [ RunTime:0.000204s ]
SQL: select `thumb_img` from think_review_img where rid=234 [ RunTime:0.000206s ]
SQL: select `thumb_img` from think_review_img where rid=242 [ RunTime:0.000242s ]
SQL: select `thumb_img` from think_review_img where rid=241 [ RunTime:0.000199s ]
SQL: select `thumb_img` from think_review_img where rid=240 [ RunTime:0.000200s ]
SQL: select `thumb_img` from think_review_img where rid=239 [ RunTime:0.000196s ]
SQL: select `thumb_img` from think_review_img where rid=238 [ RunTime:0.000195s ]
INFO: [ view_parse ] --START--
INFO: [ template_filter ] --START--
INFO: Run Behavior\ContentReplaceBehavior [ RunTime:0.000177s ]
INFO: [ template_filter ] --END-- [ RunTime:0.000236s ]
NOTIC: [8] Undefined variable: name /data/nginx/html/www_wprc365_com/Runtime/Cache/Home/4ecb4d80ad15ce616466b3a831676d8e.php 第 270 行.
INFO: Run Behavior\ParseTemplateBehavior [ RunTime:0.032024s ]
INFO: [ view_parse ] --END-- [ RunTime:0.032159s ]
INFO: [ view_filter ] --START--
INFO: Run Behavior\WriteHtmlCacheBehavior [ RunTime:0.000144s ]
INFO: [ view_filter ] --END-- [ RunTime:0.000189s ]
INFO: [ app_end ] --START--
INFO: Run Behavior\ShowPageTraceBehavior [ RunTime:0.000546s ]
INFO: [ app_end ] --END-- [ RunTime:0.000605s ]

[ 2014-10-01T20:03:04+08:00 ] 183.60.243.242 /
INFO: [ app_init ] --START--
INFO: Run Behavior\BuildLiteBehavior [ RunTime:0.000013s ]
INFO: [ app_init ] --END-- [ RunTime:0.000106s ]
INFO: [ app_begin ] --START--
INFO: Run Behavior\ReadHtmlCacheBehavior [ RunTime:0.000507s ]
INFO: [ app_begin ] --END-- [ RunTime:0.000573s ]
NOTIC: [8] Undefined index: think_loginInfo /data/nginx/html/www_wprc365_com/Application/Home/Controller/CommonController.class.php 第 41 行.
NOTIC: [8] Undefined index: think_loginInfo /data/nginx/html/www_wprc365_com/Application/Home/Controller/CommonController.class.php 第 41 行.
SQL: SHOW COLUMNS FROM `think_user` [ RunTime:0.000920s ]
SQL: select * from think_user as u left join think_user_info as i on u.id=i.uid where u.id= [ RunTime:0.000126s ]
ERR: 1064:You have an error in your SQL syntax; check the manual that corresponds to your MySQL server version for the right syntax to use near '' at line 1
 [ SQL语句 ] : select * from think_user as u left join think_user_info as i on u.id=i.uid where u.id=
SQL: SHOW COLUMNS FROM `think_review` [ RunTime:0.000834s ]
SQL: SELECT COUNT(*) AS tp_count FROM `think_review` WHERE ( uid= ) LIMIT 1   [ RunTime:0.000124s ]
ERR: 1064:You have an error in your SQL syntax; check the manual that corresponds to your MySQL server version for the right syntax to use near ') LIMIT 1' at line 1
 [ SQL语句 ] : SELECT COUNT(*) AS tp_count FROM `think_review` WHERE ( uid= ) LIMIT 1  
SQL: SHOW COLUMNS FROM `think_review` [ RunTime:0.000821s ]
SQL: SELECT r.*,p.name,u.name as uname,i.image as touxiang FROM think_review as r INNER JOIN think_product_category as p on r.product_category_id=p.id INNER JOIN think_user as u on r.uid=u.id INNER JOIN think_user_info as i on i.uid=r.uid  WHERE ( r.checked=1 ) ORDER BY  comment_count desc,time desc  LIMIT 0,5   [ RunTime:0.002520s ]
SQL: SHOW COLUMNS FROM `think_review` [ RunTime:0.000791s ]
SQL: SELECT r.*,p.name,u.name as uname,i.image as touxiang FROM think_review as r INNER JOIN think_product_category as p on r.product_category_id=p.id INNER JOIN think_user as u on r.uid=u.id INNER JOIN think_user_info as i on i.uid=r.uid  WHERE ( r.checked=1 ) ORDER BY  time desc  LIMIT 0,5   [ RunTime:0.002151s ]
SQL: select `thumb_img` from think_review_img where rid=215 [ RunTime:0.000225s ]
SQL: select `thumb_img` from think_review_img where rid=218 [ RunTime:0.000238s ]
SQL: select `thumb_img` from think_review_img where rid=225 [ RunTime:0.000206s ]
SQL: select `thumb_img` from think_review_img where rid=216 [ RunTime:0.000202s ]
SQL: select `thumb_img` from think_review_img where rid=234 [ RunTime:0.000198s ]
SQL: select `thumb_img` from think_review_img where rid=242 [ RunTime:0.000199s ]
SQL: select `thumb_img` from think_review_img where rid=241 [ RunTime:0.000196s ]
SQL: select `thumb_img` from think_review_img where rid=240 [ RunTime:0.000195s ]
SQL: select `thumb_img` from think_review_img where rid=239 [ RunTime:0.000220s ]
SQL: select `thumb_img` from think_review_img where rid=238 [ RunTime:0.000196s ]
INFO: [ view_parse ] --START--
INFO: [ template_filter ] --START--
INFO: Run Behavior\ContentReplaceBehavior [ RunTime:0.000172s ]
INFO: [ template_filter ] --END-- [ RunTime:0.000226s ]
NOTIC: [8] Undefined variable: name /data/nginx/html/www_wprc365_com/Runtime/Cache/Home/4ecb4d80ad15ce616466b3a831676d8e.php 第 270 行.
INFO: Run Behavior\ParseTemplateBehavior [ RunTime:0.020001s ]
INFO: [ view_parse ] --END-- [ RunTime:0.020050s ]
INFO: [ view_filter ] --START--
INFO: Run Behavior\WriteHtmlCacheBehavior [ RunTime:0.000143s ]
INFO: [ view_filter ] --END-- [ RunTime:0.000187s ]
INFO: [ app_end ] --START--
INFO: Run Behavior\ShowPageTraceBehavior [ RunTime:0.000499s ]
INFO: [ app_end ] --END-- [ RunTime:0.000555s ]

[ 2014-10-01T20:03:27+08:00 ] 183.60.244.20 /
INFO: [ app_init ] --START--
INFO: Run Behavior\BuildLiteBehavior [ RunTime:0.000016s ]
INFO: [ app_init ] --END-- [ RunTime:0.000083s ]
INFO: [ app_begin ] --START--
INFO: Run Behavior\ReadHtmlCacheBehavior [ RunTime:0.000523s ]
INFO: [ app_begin ] --END-- [ RunTime:0.000579s ]
NOTIC: [8] Undefined index: think_loginInfo /data/nginx/html/www_wprc365_com/Application/Home/Controller/CommonController.class.php 第 41 行.
NOTIC: [8] Undefined index: think_loginInfo /data/nginx/html/www_wprc365_com/Application/Home/Controller/CommonController.class.php 第 41 行.
SQL: SHOW COLUMNS FROM `think_user` [ RunTime:0.000888s ]
SQL: select * from think_user as u left join think_user_info as i on u.id=i.uid where u.id= [ RunTime:0.000124s ]
ERR: 1064:You have an error in your SQL syntax; check the manual that corresponds to your MySQL server version for the right syntax to use near '' at line 1
 [ SQL语句 ] : select * from think_user as u left join think_user_info as i on u.id=i.uid where u.id=
SQL: SHOW COLUMNS FROM `think_review` [ RunTime:0.000864s ]
SQL: SELECT COUNT(*) AS tp_count FROM `think_review` WHERE ( uid= ) LIMIT 1   [ RunTime:0.000114s ]
ERR: 1064:You have an error in your SQL syntax; check the manual that corresponds to your MySQL server version for the right syntax to use near ') LIMIT 1' at line 1
 [ SQL语句 ] : SELECT COUNT(*) AS tp_count FROM `think_review` WHERE ( uid= ) LIMIT 1  
SQL: SHOW COLUMNS FROM `think_review` [ RunTime:0.000838s ]
SQL: SELECT r.*,p.name,u.name as uname,i.image as touxiang FROM think_review as r INNER JOIN think_product_category as p on r.product_category_id=p.id INNER JOIN think_user as u on r.uid=u.id INNER JOIN think_user_info as i on i.uid=r.uid  WHERE ( r.checked=1 ) ORDER BY  comment_count desc,time desc  LIMIT 0,5   [ RunTime:0.002327s ]
SQL: SHOW COLUMNS FROM `think_review` [ RunTime:0.000861s ]
SQL: SELECT r.*,p.name,u.name as uname,i.image as touxiang FROM think_review as r INNER JOIN think_product_category as p on r.product_category_id=p.id INNER JOIN think_user as u on r.uid=u.id INNER JOIN think_user_info as i on i.uid=r.uid  WHERE ( r.checked=1 ) ORDER BY  time desc  LIMIT 0,5   [ RunTime:0.002189s ]
SQL: select `thumb_img` from think_review_img where rid=215 [ RunTime:0.000263s ]
SQL: select `thumb_img` from think_review_img where rid=218 [ RunTime:0.000229s ]
SQL: select `thumb_img` from think_review_img where rid=225 [ RunTime:0.000211s ]
SQL: select `thumb_img` from think_review_img where rid=216 [ RunTime:0.000242s ]
SQL: select `thumb_img` from think_review_img where rid=234 [ RunTime:0.000218s ]
SQL: select `thumb_img` from think_review_img where rid=242 [ RunTime:0.000203s ]
SQL: select `thumb_img` from think_review_img where rid=241 [ RunTime:0.000200s ]
SQL: select `thumb_img` from think_review_img where rid=240 [ RunTime:0.000202s ]
SQL: select `thumb_img` from think_review_img where rid=239 [ RunTime:0.000201s ]
SQL: select `thumb_img` from think_review_img where rid=238 [ RunTime:0.000199s ]
INFO: [ view_parse ] --START--
INFO: [ template_filter ] --START--
INFO: Run Behavior\ContentReplaceBehavior [ RunTime:0.000165s ]
INFO: [ template_filter ] --END-- [ RunTime:0.000217s ]
NOTIC: [8] Undefined variable: name /data/nginx/html/www_wprc365_com/Runtime/Cache/Home/4ecb4d80ad15ce616466b3a831676d8e.php 第 270 行.
INFO: Run Behavior\ParseTemplateBehavior [ RunTime:0.018268s ]
INFO: [ view_parse ] --END-- [ RunTime:0.018319s ]
INFO: [ view_filter ] --START--
INFO: Run Behavior\WriteHtmlCacheBehavior [ RunTime:0.000138s ]
INFO: [ view_filter ] --END-- [ RunTime:0.000184s ]
INFO: [ app_end ] --START--
INFO: Run Behavior\ShowPageTraceBehavior [ RunTime:0.000492s ]
INFO: [ app_end ] --END-- [ RunTime:0.000546s ]

[ 2014-10-01T20:03:30+08:00 ] 183.60.244.20 /
INFO: [ app_init ] --START--
INFO: Run Behavior\BuildLiteBehavior [ RunTime:0.000023s ]
INFO: [ app_init ] --END-- [ RunTime:0.000184s ]
INFO: [ app_begin ] --START--
INFO: Run Behavior\ReadHtmlCacheBehavior [ RunTime:0.000542s ]
INFO: [ app_begin ] --END-- [ RunTime:0.000623s ]
NOTIC: [8] Undefined index: think_loginInfo /data/nginx/html/www_wprc365_com/Application/Home/Controller/CommonController.class.php 第 41 行.
NOTIC: [8] Undefined index: think_loginInfo /data/nginx/html/www_wprc365_com/Application/Home/Controller/CommonController.class.php 第 41 行.
SQL: SHOW COLUMNS FROM `think_user` [ RunTime:0.001153s ]
SQL: select * from think_user as u left join think_user_info as i on u.id=i.uid where u.id= [ RunTime:0.000135s ]
ERR: 1064:You have an error in your SQL syntax; check the manual that corresponds to your MySQL server version for the right syntax to use near '' at line 1
 [ SQL语句 ] : select * from think_user as u left join think_user_info as i on u.id=i.uid where u.id=
SQL: SHOW COLUMNS FROM `think_review` [ RunTime:0.001508s ]
SQL: SELECT COUNT(*) AS tp_count FROM `think_review` WHERE ( uid= ) LIMIT 1   [ RunTime:0.000132s ]
ERR: 1064:You have an error in your SQL syntax; check the manual that corresponds to your MySQL server version for the right syntax to use near ') LIMIT 1' at line 1
 [ SQL语句 ] : SELECT COUNT(*) AS tp_count FROM `think_review` WHERE ( uid= ) LIMIT 1  
SQL: SHOW COLUMNS FROM `think_review` [ RunTime:0.001051s ]
SQL: SELECT r.*,p.name,u.name as uname,i.image as touxiang FROM think_review as r INNER JOIN think_product_category as p on r.product_category_id=p.id INNER JOIN think_user as u on r.uid=u.id INNER JOIN think_user_info as i on i.uid=r.uid  WHERE ( r.checked=1 ) ORDER BY  comment_count desc,time desc  LIMIT 0,5   [ RunTime:0.002583s ]
SQL: SHOW COLUMNS FROM `think_review` [ RunTime:0.000988s ]
SQL: SELECT r.*,p.name,u.name as uname,i.image as touxiang FROM think_review as r INNER JOIN think_product_category as p on r.product_category_id=p.id INNER JOIN think_user as u on r.uid=u.id INNER JOIN think_user_info as i on i.uid=r.uid  WHERE ( r.checked=1 ) ORDER BY  time desc  LIMIT 0,5   [ RunTime:0.002442s ]
SQL: select `thumb_img` from think_review_img where rid=215 [ RunTime:0.000248s ]
SQL: select `thumb_img` from think_review_img where rid=218 [ RunTime:0.000252s ]
SQL: select `thumb_img` from think_review_img where rid=225 [ RunTime:0.000239s ]
SQL: select `thumb_img` from think_review_img where rid=216 [ RunTime:0.000373s ]
SQL: select `thumb_img` from think_review_img where rid=234 [ RunTime:0.000239s ]
SQL: select `thumb_img` from think_review_img where rid=242 [ RunTime:0.000220s ]
SQL: select `thumb_img` from think_review_img where rid=241 [ RunTime:0.000209s ]
SQL: select `thumb_img` from think_review_img where rid=240 [ RunTime:0.000279s ]
SQL: select `thumb_img` from think_review_img where rid=239 [ RunTime:0.000274s ]
SQL: select `thumb_img` from think_review_img where rid=238 [ RunTime:0.000316s ]
INFO: [ view_parse ] --START--
INFO: [ template_filter ] --START--
INFO: Run Behavior\ContentReplaceBehavior [ RunTime:0.000181s ]
INFO: [ template_filter ] --END-- [ RunTime:0.000250s ]
NOTIC: [8] Undefined variable: name /data/nginx/html/www_wprc365_com/Runtime/Cache/Home/4ecb4d80ad15ce616466b3a831676d8e.php 第 270 行.
INFO: Run Behavior\ParseTemplateBehavior [ RunTime:0.020910s ]
INFO: [ view_parse ] --END-- [ RunTime:0.020965s ]
INFO: [ view_filter ] --START--
INFO: Run Behavior\WriteHtmlCacheBehavior [ RunTime:0.000163s ]
INFO: [ view_filter ] --END-- [ RunTime:0.000212s ]
INFO: [ app_end ] --START--
INFO: Run Behavior\ShowPageTraceBehavior [ RunTime:0.000652s ]
INFO: [ app_end ] --END-- [ RunTime:0.000714s ]

[ 2014-10-01T22:06:12+08:00 ] 207.46.13.67 /
INFO: [ app_init ] --START--
INFO: Run Behavior\BuildLiteBehavior [ RunTime:0.000016s ]
INFO: [ app_init ] --END-- [ RunTime:0.000102s ]
INFO: [ app_begin ] --START--
INFO: Run Behavior\ReadHtmlCacheBehavior [ RunTime:0.002764s ]
INFO: [ app_begin ] --END-- [ RunTime:0.002824s ]
NOTIC: [8] Undefined index: think_loginInfo /data/nginx/html/www_wprc365_com/Application/Home/Controller/CommonController.class.php 第 41 行.
NOTIC: [8] Undefined index: think_loginInfo /data/nginx/html/www_wprc365_com/Application/Home/Controller/CommonController.class.php 第 41 行.
SQL: SHOW COLUMNS FROM `think_user` [ RunTime:0.000945s ]
SQL: select * from think_user as u left join think_user_info as i on u.id=i.uid where u.id= [ RunTime:0.000129s ]
ERR: 1064:You have an error in your SQL syntax; check the manual that corresponds to your MySQL server version for the right syntax to use near '' at line 1
 [ SQL语句 ] : select * from think_user as u left join think_user_info as i on u.id=i.uid where u.id=
SQL: SHOW COLUMNS FROM `think_review` [ RunTime:0.000875s ]
SQL: SELECT COUNT(*) AS tp_count FROM `think_review` WHERE ( uid= ) LIMIT 1   [ RunTime:0.000115s ]
ERR: 1064:You have an error in your SQL syntax; check the manual that corresponds to your MySQL server version for the right syntax to use near ') LIMIT 1' at line 1
 [ SQL语句 ] : SELECT COUNT(*) AS tp_count FROM `think_review` WHERE ( uid= ) LIMIT 1  
SQL: SHOW COLUMNS FROM `think_review` [ RunTime:0.000846s ]
SQL: SELECT r.*,p.name,u.name as uname,i.image as touxiang FROM think_review as r INNER JOIN think_product_category as p on r.product_category_id=p.id INNER JOIN think_user as u on r.uid=u.id INNER JOIN think_user_info as i on i.uid=r.uid  WHERE ( r.checked=1 ) ORDER BY  comment_count desc,time desc  LIMIT 0,5   [ RunTime:0.002399s ]
SQL: SHOW COLUMNS FROM `think_review` [ RunTime:0.000862s ]
SQL: SELECT r.*,p.name,u.name as uname,i.image as touxiang FROM think_review as r INNER JOIN think_product_category as p on r.product_category_id=p.id INNER JOIN think_user as u on r.uid=u.id INNER JOIN think_user_info as i on i.uid=r.uid  WHERE ( r.checked=1 ) ORDER BY  time desc  LIMIT 0,5   [ RunTime:0.002215s ]
SQL: select `thumb_img` from think_review_img where rid=215 [ RunTime:0.000227s ]
SQL: select `thumb_img` from think_review_img where rid=218 [ RunTime:0.000211s ]
SQL: select `thumb_img` from think_review_img where rid=225 [ RunTime:0.000226s ]
SQL: select `thumb_img` from think_review_img where rid=216 [ RunTime:0.000353s ]
SQL: select `thumb_img` from think_review_img where rid=234 [ RunTime:0.000308s ]
SQL: select `thumb_img` from think_review_img where rid=242 [ RunTime:0.000299s ]
SQL: select `thumb_img` from think_review_img where rid=241 [ RunTime:0.000296s ]
SQL: select `thumb_img` from think_review_img where rid=240 [ RunTime:0.000352s ]
SQL: select `thumb_img` from think_review_img where rid=239 [ RunTime:0.000296s ]
SQL: select `thumb_img` from think_review_img where rid=238 [ RunTime:0.000329s ]
INFO: [ view_parse ] --START--
INFO: [ template_filter ] --START--
INFO: Run Behavior\ContentReplaceBehavior [ RunTime:0.000212s ]
INFO: [ template_filter ] --END-- [ RunTime:0.000272s ]
NOTIC: [8] Undefined variable: name /data/nginx/html/www_wprc365_com/Runtime/Cache/Home/4ecb4d80ad15ce616466b3a831676d8e.php 第 270 行.
INFO: Run Behavior\ParseTemplateBehavior [ RunTime:0.069017s ]
INFO: [ view_parse ] --END-- [ RunTime:0.069096s ]
INFO: [ view_filter ] --START--
INFO: Run Behavior\WriteHtmlCacheBehavior [ RunTime:0.022554s ]
INFO: [ view_filter ] --END-- [ RunTime:0.022640s ]
INFO: [ app_end ] --START--
INFO: Run Behavior\ShowPageTraceBehavior [ RunTime:0.004622s ]
INFO: [ app_end ] --END-- [ RunTime:0.004679s ]

[ 2014-10-01T22:26:25+08:00 ] 192.99.39.60 /
INFO: [ app_init ] --START--
INFO: Run Behavior\BuildLiteBehavior [ RunTime:0.000018s ]
INFO: [ app_init ] --END-- [ RunTime:0.000121s ]
INFO: [ app_begin ] --START--
INFO: Run Behavior\ReadHtmlCacheBehavior [ RunTime:0.000554s ]
INFO: [ app_begin ] --END-- [ RunTime:0.000630s ]
NOTIC: [8] Undefined index: think_loginInfo /data/nginx/html/www_wprc365_com/Application/Home/Controller/CommonController.class.php 第 41 行.
NOTIC: [8] Undefined index: think_loginInfo /data/nginx/html/www_wprc365_com/Application/Home/Controller/CommonController.class.php 第 41 行.
SQL: SHOW COLUMNS FROM `think_user` [ RunTime:0.001477s ]
SQL: select * from think_user as u left join think_user_info as i on u.id=i.uid where u.id= [ RunTime:0.000207s ]
ERR: 1064:You have an error in your SQL syntax; check the manual that corresponds to your MySQL server version for the right syntax to use near '' at line 1
 [ SQL语句 ] : select * from think_user as u left join think_user_info as i on u.id=i.uid where u.id=
SQL: SHOW COLUMNS FROM `think_review` [ RunTime:0.001425s ]
SQL: SELECT COUNT(*) AS tp_count FROM `think_review` WHERE ( uid= ) LIMIT 1   [ RunTime:0.000165s ]
ERR: 1064:You have an error in your SQL syntax; check the manual that corresponds to your MySQL server version for the right syntax to use near ') LIMIT 1' at line 1
 [ SQL语句 ] : SELECT COUNT(*) AS tp_count FROM `think_review` WHERE ( uid= ) LIMIT 1  
SQL: SHOW COLUMNS FROM `think_review` [ RunTime:0.000875s ]
SQL: SELECT r.*,p.name,u.name as uname,i.image as touxiang FROM think_review as r INNER JOIN think_product_category as p on r.product_category_id=p.id INNER JOIN think_user as u on r.uid=u.id INNER JOIN think_user_info as i on i.uid=r.uid  WHERE ( r.checked=1 ) ORDER BY  comment_count desc,time desc  LIMIT 0,5   [ RunTime:0.002307s ]
SQL: SHOW COLUMNS FROM `think_review` [ RunTime:0.000833s ]
SQL: SELECT r.*,p.name,u.name as uname,i.image as touxiang FROM think_review as r INNER JOIN think_product_category as p on r.product_category_id=p.id INNER JOIN think_user as u on r.uid=u.id INNER JOIN think_user_info as i on i.uid=r.uid  WHERE ( r.checked=1 ) ORDER BY  time desc  LIMIT 0,5   [ RunTime:0.002210s ]
SQL: select `thumb_img` from think_review_img where rid=215 [ RunTime:0.000223s ]
SQL: select `thumb_img` from think_review_img where rid=218 [ RunTime:0.000208s ]
SQL: select `thumb_img` from think_review_img where rid=225 [ RunTime:0.000205s ]
SQL: select `thumb_img` from think_review_img where rid=216 [ RunTime:0.000225s ]
SQL: select `thumb_img` from think_review_img where rid=234 [ RunTime:0.000204s ]
SQL: select `thumb_img` from think_review_img where rid=242 [ RunTime:0.000198s ]
SQL: select `thumb_img` from think_review_img where rid=241 [ RunTime:0.000236s ]
SQL: select `thumb_img` from think_review_img where rid=240 [ RunTime:0.000196s ]
SQL: select `thumb_img` from think_review_img where rid=239 [ RunTime:0.000201s ]
SQL: select `thumb_img` from think_review_img where rid=238 [ RunTime:0.000244s ]
INFO: [ view_parse ] --START--
INFO: [ template_filter ] --START--
INFO: Run Behavior\ContentReplaceBehavior [ RunTime:0.000186s ]
INFO: [ template_filter ] --END-- [ RunTime:0.000254s ]
NOTIC: [8] Undefined variable: name /data/nginx/html/www_wprc365_com/Runtime/Cache/Home/4ecb4d80ad15ce616466b3a831676d8e.php 第 270 行.
INFO: Run Behavior\ParseTemplateBehavior [ RunTime:0.022415s ]
INFO: [ view_parse ] --END-- [ RunTime:0.022468s ]
INFO: [ view_filter ] --START--
INFO: Run Behavior\WriteHtmlCacheBehavior [ RunTime:0.001107s ]
INFO: [ view_filter ] --END-- [ RunTime:0.001165s ]
INFO: [ app_end ] --START--
INFO: Run Behavior\ShowPageTraceBehavior [ RunTime:0.000538s ]
INFO: [ app_end ] --END-- [ RunTime:0.000602s ]

[ 2014-10-01T23:00:17+08:00 ] 192.99.39.75 /
INFO: [ app_init ] --START--
INFO: Run Behavior\BuildLiteBehavior [ RunTime:0.000016s ]
INFO: [ app_init ] --END-- [ RunTime:0.000118s ]
INFO: [ app_begin ] --START--
INFO: Run Behavior\ReadHtmlCacheBehavior [ RunTime:0.000437s ]
INFO: [ app_begin ] --END-- [ RunTime:0.000533s ]
NOTIC: [8] Undefined index: think_loginInfo /data/nginx/html/www_wprc365_com/Application/Home/Controller/CommonController.class.php 第 41 行.
NOTIC: [8] Undefined index: think_loginInfo /data/nginx/html/www_wprc365_com/Application/Home/Controller/CommonController.class.php 第 41 行.
SQL: SHOW COLUMNS FROM `think_user` [ RunTime:0.001041s ]
SQL: select * from think_user as u left join think_user_info as i on u.id=i.uid where u.id= [ RunTime:0.000146s ]
ERR: 1064:You have an error in your SQL syntax; check the manual that corresponds to your MySQL server version for the right syntax to use near '' at line 1
 [ SQL语句 ] : select * from think_user as u left join think_user_info as i on u.id=i.uid where u.id=
SQL: SHOW COLUMNS FROM `think_review` [ RunTime:0.000824s ]
SQL: SELECT COUNT(*) AS tp_count FROM `think_review` WHERE ( uid= ) LIMIT 1   [ RunTime:0.000114s ]
ERR: 1064:You have an error in your SQL syntax; check the manual that corresponds to your MySQL server version for the right syntax to use near ') LIMIT 1' at line 1
 [ SQL语句 ] : SELECT COUNT(*) AS tp_count FROM `think_review` WHERE ( uid= ) LIMIT 1  
SQL: SHOW COLUMNS FROM `think_review` [ RunTime:0.000832s ]
SQL: SELECT r.*,p.name,u.name as uname,i.image as touxiang FROM think_review as r INNER JOIN think_product_category as p on r.product_category_id=p.id INNER JOIN think_user as u on r.uid=u.id INNER JOIN think_user_info as i on i.uid=r.uid  WHERE ( r.checked=1 ) ORDER BY  comment_count desc,time desc  LIMIT 0,5   [ RunTime:0.002244s ]
SQL: SHOW COLUMNS FROM `think_review` [ RunTime:0.000811s ]
SQL: SELECT r.*,p.name,u.name as uname,i.image as touxiang FROM think_review as r INNER JOIN think_product_category as p on r.product_category_id=p.id INNER JOIN think_user as u on r.uid=u.id INNER JOIN think_user_info as i on i.uid=r.uid  WHERE ( r.checked=1 ) ORDER BY  time desc  LIMIT 0,5   [ RunTime:0.002126s ]
SQL: select `thumb_img` from think_review_img where rid=215 [ RunTime:0.000254s ]
SQL: select `thumb_img` from think_review_img where rid=218 [ RunTime:0.000240s ]
SQL: select `thumb_img` from think_review_img where rid=225 [ RunTime:0.000253s ]
SQL: select `thumb_img` from think_review_img where rid=216 [ RunTime:0.000225s ]
SQL: select `thumb_img` from think_review_img where rid=234 [ RunTime:0.000214s ]
SQL: select `thumb_img` from think_review_img where rid=242 [ RunTime:0.000207s ]
SQL: select `thumb_img` from think_review_img where rid=241 [ RunTime:0.000221s ]
SQL: select `thumb_img` from think_review_img where rid=240 [ RunTime:0.000205s ]
SQL: select `thumb_img` from think_review_img where rid=239 [ RunTime:0.000203s ]
SQL: select `thumb_img` from think_review_img where rid=238 [ RunTime:0.000208s ]
INFO: [ view_parse ] --START--
INFO: [ template_filter ] --START--
INFO: Run Behavior\ContentReplaceBehavior [ RunTime:0.000208s ]
INFO: [ template_filter ] --END-- [ RunTime:0.000266s ]
NOTIC: [8] Undefined variable: name /data/nginx/html/www_wprc365_com/Runtime/Cache/Home/4ecb4d80ad15ce616466b3a831676d8e.php 第 270 行.
INFO: Run Behavior\ParseTemplateBehavior [ RunTime:0.019560s ]
INFO: [ view_parse ] --END-- [ RunTime:0.019610s ]
INFO: [ view_filter ] --START--
INFO: Run Behavior\WriteHtmlCacheBehavior [ RunTime:0.000147s ]
INFO: [ view_filter ] --END-- [ RunTime:0.000193s ]
INFO: [ app_end ] --START--
INFO: Run Behavior\ShowPageTraceBehavior [ RunTime:0.000521s ]
INFO: [ app_end ] --END-- [ RunTime:0.000575s ]

