[ 2014-10-24T03:00:14+08:00 ] 66.249.16.212 /
INFO: [ app_init ] --START--
INFO: Run Behavior\BuildLiteBehavior [ RunTime:0.000028s ]
INFO: [ app_init ] --END-- [ RunTime:0.000124s ]
INFO: [ app_begin ] --START--
INFO: Run Behavior\ReadHtmlCacheBehavior [ RunTime:0.000677s ]
INFO: [ app_begin ] --END-- [ RunTime:0.000763s ]
NOTIC: [8] Undefined index: think_loginInfo /data/nginx/html/www_wprc365_com/Application/Home/Controller/CommonController.class.php 第 41 行.
NOTIC: [8] Undefined index: think_loginInfo /data/nginx/html/www_wprc365_com/Application/Home/Controller/CommonController.class.php 第 41 行.
SQL: SHOW COLUMNS FROM `think_user` [ RunTime:0.001075s ]
SQL: select * from think_user as u left join think_user_info as i on u.id=i.uid where u.id= [ RunTime:0.000127s ]
ERR: 1064:You have an error in your SQL syntax; check the manual that corresponds to your MySQL server version for the right syntax to use near '' at line 1
 [ SQL语句 ] : select * from think_user as u left join think_user_info as i on u.id=i.uid where u.id=
SQL: SHOW COLUMNS FROM `think_review` [ RunTime:0.000866s ]
SQL: SELECT COUNT(*) AS tp_count FROM `think_review` WHERE ( uid= ) LIMIT 1   [ RunTime:0.000116s ]
ERR: 1064:You have an error in your SQL syntax; check the manual that corresponds to your MySQL server version for the right syntax to use near ') LIMIT 1' at line 1
 [ SQL语句 ] : SELECT COUNT(*) AS tp_count FROM `think_review` WHERE ( uid= ) LIMIT 1  
SQL: SHOW COLUMNS FROM `think_review` [ RunTime:0.000830s ]
SQL: SELECT r.*,p.name,u.name as uname,i.image as touxiang FROM think_review as r INNER JOIN think_product_category as p on r.product_category_id=p.id INNER JOIN think_user as u on r.uid=u.id INNER JOIN think_user_info as i on i.uid=r.uid  WHERE ( r.checked=1 ) ORDER BY  comment_count desc,time desc  LIMIT 0,5   [ RunTime:0.002356s ]
SQL: SHOW COLUMNS FROM `think_review` [ RunTime:0.000864s ]
SQL: SELECT r.*,p.name,u.name as uname,i.image as touxiang FROM think_review as r INNER JOIN think_product_category as p on r.product_category_id=p.id INNER JOIN think_user as u on r.uid=u.id INNER JOIN think_user_info as i on i.uid=r.uid  WHERE ( r.checked=1 ) ORDER BY  time desc  LIMIT 0,5   [ RunTime:0.002205s ]
SQL: select `thumb_img` from think_review_img where rid=215 [ RunTime:0.000237s ]
SQL: select `thumb_img` from think_review_img where rid=218 [ RunTime:0.000214s ]
SQL: select `thumb_img` from think_review_img where rid=225 [ RunTime:0.000209s ]
SQL: select `thumb_img` from think_review_img where rid=216 [ RunTime:0.000213s ]
SQL: select `thumb_img` from think_review_img where rid=234 [ RunTime:0.000208s ]
SQL: select `thumb_img` from think_review_img where rid=242 [ RunTime:0.000206s ]
SQL: select `thumb_img` from think_review_img where rid=241 [ RunTime:0.000205s ]
SQL: select `thumb_img` from think_review_img where rid=240 [ RunTime:0.000205s ]
SQL: select `thumb_img` from think_review_img where rid=239 [ RunTime:0.000202s ]
SQL: select `thumb_img` from think_review_img where rid=238 [ RunTime:0.000227s ]
INFO: [ view_parse ] --START--
INFO: [ template_filter ] --START--
INFO: Run Behavior\ContentReplaceBehavior [ RunTime:0.000159s ]
INFO: [ template_filter ] --END-- [ RunTime:0.000215s ]
NOTIC: [8] Undefined variable: name /data/nginx/html/www_wprc365_com/Runtime/Cache/Home/4ecb4d80ad15ce616466b3a831676d8e.php 第 270 行.
INFO: Run Behavior\ParseTemplateBehavior [ RunTime:0.019725s ]
INFO: [ view_parse ] --END-- [ RunTime:0.019776s ]
INFO: [ view_filter ] --START--
INFO: Run Behavior\WriteHtmlCacheBehavior [ RunTime:0.000145s ]
INFO: [ view_filter ] --END-- [ RunTime:0.000191s ]
INFO: [ app_end ] --START--
INFO: Run Behavior\ShowPageTraceBehavior [ RunTime:0.000538s ]
INFO: [ app_end ] --END-- [ RunTime:0.000591s ]

[ 2014-10-24T11:58:51+08:00 ] 42.120.145.118 /
INFO: [ app_init ] --START--
INFO: Run Behavior\BuildLiteBehavior [ RunTime:0.000014s ]
INFO: [ app_init ] --END-- [ RunTime:0.000076s ]
INFO: [ app_begin ] --START--
INFO: Run Behavior\ReadHtmlCacheBehavior [ RunTime:0.000418s ]
INFO: [ app_begin ] --END-- [ RunTime:0.000477s ]
NOTIC: [8] Undefined index: think_loginInfo /data/nginx/html/www_wprc365_com/Application/Home/Controller/CommonController.class.php 第 41 行.
NOTIC: [8] Undefined index: think_loginInfo /data/nginx/html/www_wprc365_com/Application/Home/Controller/CommonController.class.php 第 41 行.
SQL: SHOW COLUMNS FROM `think_user` [ RunTime:0.001036s ]
SQL: select * from think_user as u left join think_user_info as i on u.id=i.uid where u.id= [ RunTime:0.000137s ]
ERR: 1064:You have an error in your SQL syntax; check the manual that corresponds to your MySQL server version for the right syntax to use near '' at line 1
 [ SQL语句 ] : select * from think_user as u left join think_user_info as i on u.id=i.uid where u.id=
SQL: SHOW COLUMNS FROM `think_review` [ RunTime:0.000883s ]
SQL: SELECT COUNT(*) AS tp_count FROM `think_review` WHERE ( uid= ) LIMIT 1   [ RunTime:0.000130s ]
ERR: 1064:You have an error in your SQL syntax; check the manual that corresponds to your MySQL server version for the right syntax to use near ') LIMIT 1' at line 1
 [ SQL语句 ] : SELECT COUNT(*) AS tp_count FROM `think_review` WHERE ( uid= ) LIMIT 1  
SQL: SHOW COLUMNS FROM `think_review` [ RunTime:0.000841s ]
SQL: SELECT r.*,p.name,u.name as uname,i.image as touxiang FROM think_review as r INNER JOIN think_product_category as p on r.product_category_id=p.id INNER JOIN think_user as u on r.uid=u.id INNER JOIN think_user_info as i on i.uid=r.uid  WHERE ( r.checked=1 ) ORDER BY  comment_count desc,time desc  LIMIT 0,5   [ RunTime:0.002405s ]
SQL: SHOW COLUMNS FROM `think_review` [ RunTime:0.000867s ]
SQL: SELECT r.*,p.name,u.name as uname,i.image as touxiang FROM think_review as r INNER JOIN think_product_category as p on r.product_category_id=p.id INNER JOIN think_user as u on r.uid=u.id INNER JOIN think_user_info as i on i.uid=r.uid  WHERE ( r.checked=1 ) ORDER BY  time desc  LIMIT 0,5   [ RunTime:0.002234s ]
SQL: select `thumb_img` from think_review_img where rid=215 [ RunTime:0.000240s ]
SQL: select `thumb_img` from think_review_img where rid=218 [ RunTime:0.000227s ]
SQL: select `thumb_img` from think_review_img where rid=225 [ RunTime:0.000237s ]
SQL: select `thumb_img` from think_review_img where rid=216 [ RunTime:0.000220s ]
SQL: select `thumb_img` from think_review_img where rid=234 [ RunTime:0.000210s ]
SQL: select `thumb_img` from think_review_img where rid=242 [ RunTime:0.000224s ]
SQL: select `thumb_img` from think_review_img where rid=241 [ RunTime:0.000215s ]
SQL: select `thumb_img` from think_review_img where rid=240 [ RunTime:0.000230s ]
SQL: select `thumb_img` from think_review_img where rid=239 [ RunTime:0.000224s ]
SQL: select `thumb_img` from think_review_img where rid=238 [ RunTime:0.000242s ]
INFO: [ view_parse ] --START--
INFO: [ template_filter ] --START--
INFO: Run Behavior\ContentReplaceBehavior [ RunTime:0.000168s ]
INFO: [ template_filter ] --END-- [ RunTime:0.000223s ]
NOTIC: [8] Undefined variable: name /data/nginx/html/www_wprc365_com/Runtime/Cache/Home/4ecb4d80ad15ce616466b3a831676d8e.php 第 270 行.
INFO: Run Behavior\ParseTemplateBehavior [ RunTime:0.018915s ]
INFO: [ view_parse ] --END-- [ RunTime:0.018964s ]
INFO: [ view_filter ] --START--
INFO: Run Behavior\WriteHtmlCacheBehavior [ RunTime:0.000169s ]
INFO: [ view_filter ] --END-- [ RunTime:0.000216s ]
INFO: [ app_end ] --START--
INFO: Run Behavior\ShowPageTraceBehavior [ RunTime:0.000468s ]
INFO: [ app_end ] --END-- [ RunTime:0.000522s ]

[ 2014-10-24T20:35:22+08:00 ] 183.60.244.24 /
INFO: [ app_init ] --START--
INFO: Run Behavior\BuildLiteBehavior [ RunTime:0.000017s ]
INFO: [ app_init ] --END-- [ RunTime:0.000106s ]
INFO: [ app_begin ] --START--
INFO: Run Behavior\ReadHtmlCacheBehavior [ RunTime:0.000472s ]
INFO: [ app_begin ] --END-- [ RunTime:0.000529s ]
NOTIC: [8] Undefined index: think_loginInfo /data/nginx/html/www_wprc365_com/Application/Home/Controller/CommonController.class.php 第 41 行.
NOTIC: [8] Undefined index: think_loginInfo /data/nginx/html/www_wprc365_com/Application/Home/Controller/CommonController.class.php 第 41 行.
SQL: SHOW COLUMNS FROM `think_user` [ RunTime:0.001224s ]
SQL: select * from think_user as u left join think_user_info as i on u.id=i.uid where u.id= [ RunTime:0.000130s ]
ERR: 1064:You have an error in your SQL syntax; check the manual that corresponds to your MySQL server version for the right syntax to use near '' at line 1
 [ SQL语句 ] : select * from think_user as u left join think_user_info as i on u.id=i.uid where u.id=
SQL: SHOW COLUMNS FROM `think_review` [ RunTime:0.000900s ]
SQL: SELECT COUNT(*) AS tp_count FROM `think_review` WHERE ( uid= ) LIMIT 1   [ RunTime:0.000119s ]
ERR: 1064:You have an error in your SQL syntax; check the manual that corresponds to your MySQL server version for the right syntax to use near ') LIMIT 1' at line 1
 [ SQL语句 ] : SELECT COUNT(*) AS tp_count FROM `think_review` WHERE ( uid= ) LIMIT 1  
SQL: SHOW COLUMNS FROM `think_review` [ RunTime:0.000886s ]
SQL: SELECT r.*,p.name,u.name as uname,i.image as touxiang FROM think_review as r INNER JOIN think_product_category as p on r.product_category_id=p.id INNER JOIN think_user as u on r.uid=u.id INNER JOIN think_user_info as i on i.uid=r.uid  WHERE ( r.checked=1 ) ORDER BY  comment_count desc,time desc  LIMIT 0,5   [ RunTime:0.002329s ]
SQL: SHOW COLUMNS FROM `think_review` [ RunTime:0.000905s ]
SQL: SELECT r.*,p.name,u.name as uname,i.image as touxiang FROM think_review as r INNER JOIN think_product_category as p on r.product_category_id=p.id INNER JOIN think_user as u on r.uid=u.id INNER JOIN think_user_info as i on i.uid=r.uid  WHERE ( r.checked=1 ) ORDER BY  time desc  LIMIT 0,5   [ RunTime:0.002202s ]
SQL: select `thumb_img` from think_review_img where rid=215 [ RunTime:0.000234s ]
SQL: select `thumb_img` from think_review_img where rid=218 [ RunTime:0.000236s ]
SQL: select `thumb_img` from think_review_img where rid=225 [ RunTime:0.000205s ]
SQL: select `thumb_img` from think_review_img where rid=216 [ RunTime:0.000201s ]
SQL: select `thumb_img` from think_review_img where rid=234 [ RunTime:0.000200s ]
SQL: select `thumb_img` from think_review_img where rid=242 [ RunTime:0.000199s ]
SQL: select `thumb_img` from think_review_img where rid=241 [ RunTime:0.000198s ]
SQL: select `thumb_img` from think_review_img where rid=240 [ RunTime:0.000197s ]
SQL: select `thumb_img` from think_review_img where rid=239 [ RunTime:0.000231s ]
SQL: select `thumb_img` from think_review_img where rid=238 [ RunTime:0.000198s ]
INFO: [ view_parse ] --START--
INFO: [ template_filter ] --START--
INFO: Run Behavior\ContentReplaceBehavior [ RunTime:0.000186s ]
INFO: [ template_filter ] --END-- [ RunTime:0.000284s ]
NOTIC: [8] Undefined variable: name /data/nginx/html/www_wprc365_com/Runtime/Cache/Home/4ecb4d80ad15ce616466b3a831676d8e.php 第 270 行.
INFO: Run Behavior\ParseTemplateBehavior [ RunTime:0.019994s ]
INFO: [ view_parse ] --END-- [ RunTime:0.020051s ]
INFO: [ view_filter ] --START--
INFO: Run Behavior\WriteHtmlCacheBehavior [ RunTime:0.000158s ]
INFO: [ view_filter ] --END-- [ RunTime:0.000203s ]
INFO: [ app_end ] --START--
INFO: Run Behavior\ShowPageTraceBehavior [ RunTime:0.000520s ]
INFO: [ app_end ] --END-- [ RunTime:0.000574s ]

[ 2014-10-24T20:35:23+08:00 ] 183.60.244.20 /
INFO: [ app_init ] --START--
INFO: Run Behavior\BuildLiteBehavior [ RunTime:0.000018s ]
INFO: [ app_init ] --END-- [ RunTime:0.000085s ]
INFO: [ app_begin ] --START--
INFO: Run Behavior\ReadHtmlCacheBehavior [ RunTime:0.000432s ]
INFO: [ app_begin ] --END-- [ RunTime:0.000488s ]
NOTIC: [8] Undefined index: think_loginInfo /data/nginx/html/www_wprc365_com/Application/Home/Controller/CommonController.class.php 第 41 行.
NOTIC: [8] Undefined index: think_loginInfo /data/nginx/html/www_wprc365_com/Application/Home/Controller/CommonController.class.php 第 41 行.
SQL: SHOW COLUMNS FROM `think_user` [ RunTime:0.001034s ]
SQL: select * from think_user as u left join think_user_info as i on u.id=i.uid where u.id= [ RunTime:0.000150s ]
ERR: 1064:You have an error in your SQL syntax; check the manual that corresponds to your MySQL server version for the right syntax to use near '' at line 1
 [ SQL语句 ] : select * from think_user as u left join think_user_info as i on u.id=i.uid where u.id=
SQL: SHOW COLUMNS FROM `think_review` [ RunTime:0.000913s ]
SQL: SELECT COUNT(*) AS tp_count FROM `think_review` WHERE ( uid= ) LIMIT 1   [ RunTime:0.000119s ]
ERR: 1064:You have an error in your SQL syntax; check the manual that corresponds to your MySQL server version for the right syntax to use near ') LIMIT 1' at line 1
 [ SQL语句 ] : SELECT COUNT(*) AS tp_count FROM `think_review` WHERE ( uid= ) LIMIT 1  
SQL: SHOW COLUMNS FROM `think_review` [ RunTime:0.000887s ]
SQL: SELECT r.*,p.name,u.name as uname,i.image as touxiang FROM think_review as r INNER JOIN think_product_category as p on r.product_category_id=p.id INNER JOIN think_user as u on r.uid=u.id INNER JOIN think_user_info as i on i.uid=r.uid  WHERE ( r.checked=1 ) ORDER BY  comment_count desc,time desc  LIMIT 0,5   [ RunTime:0.002443s ]
SQL: SHOW COLUMNS FROM `think_review` [ RunTime:0.000936s ]
SQL: SELECT r.*,p.name,u.name as uname,i.image as touxiang FROM think_review as r INNER JOIN think_product_category as p on r.product_category_id=p.id INNER JOIN think_user as u on r.uid=u.id INNER JOIN think_user_info as i on i.uid=r.uid  WHERE ( r.checked=1 ) ORDER BY  time desc  LIMIT 0,5   [ RunTime:0.002400s ]
SQL: select `thumb_img` from think_review_img where rid=215 [ RunTime:0.000263s ]
SQL: select `thumb_img` from think_review_img where rid=218 [ RunTime:0.000214s ]
SQL: select `thumb_img` from think_review_img where rid=225 [ RunTime:0.000235s ]
SQL: select `thumb_img` from think_review_img where rid=216 [ RunTime:0.000262s ]
SQL: select `thumb_img` from think_review_img where rid=234 [ RunTime:0.000209s ]
SQL: select `thumb_img` from think_review_img where rid=242 [ RunTime:0.000232s ]
SQL: select `thumb_img` from think_review_img where rid=241 [ RunTime:0.000207s ]
SQL: select `thumb_img` from think_review_img where rid=240 [ RunTime:0.000203s ]
SQL: select `thumb_img` from think_review_img where rid=239 [ RunTime:0.000241s ]
SQL: select `thumb_img` from think_review_img where rid=238 [ RunTime:0.000245s ]
INFO: [ view_parse ] --START--
INFO: [ template_filter ] --START--
INFO: Run Behavior\ContentReplaceBehavior [ RunTime:0.000171s ]
INFO: [ template_filter ] --END-- [ RunTime:0.000268s ]
NOTIC: [8] Undefined variable: name /data/nginx/html/www_wprc365_com/Runtime/Cache/Home/4ecb4d80ad15ce616466b3a831676d8e.php 第 270 行.
INFO: Run Behavior\ParseTemplateBehavior [ RunTime:0.048125s ]
INFO: [ view_parse ] --END-- [ RunTime:0.048186s ]
INFO: [ view_filter ] --START--
INFO: Run Behavior\WriteHtmlCacheBehavior [ RunTime:0.000408s ]
INFO: [ view_filter ] --END-- [ RunTime:0.000492s ]
INFO: [ app_end ] --START--
INFO: Run Behavior\ShowPageTraceBehavior [ RunTime:0.000715s ]
INFO: [ app_end ] --END-- [ RunTime:0.000773s ]

[ 2014-10-24T20:35:27+08:00 ] 183.60.244.24 /
INFO: [ app_init ] --START--
INFO: Run Behavior\BuildLiteBehavior [ RunTime:0.000016s ]
INFO: [ app_init ] --END-- [ RunTime:0.000096s ]
INFO: [ app_begin ] --START--
INFO: Run Behavior\ReadHtmlCacheBehavior [ RunTime:0.000479s ]
INFO: [ app_begin ] --END-- [ RunTime:0.000534s ]
NOTIC: [8] Undefined index: think_loginInfo /data/nginx/html/www_wprc365_com/Application/Home/Controller/CommonController.class.php 第 41 行.
NOTIC: [8] Undefined index: think_loginInfo /data/nginx/html/www_wprc365_com/Application/Home/Controller/CommonController.class.php 第 41 行.
SQL: SHOW COLUMNS FROM `think_user` [ RunTime:0.001062s ]
SQL: select * from think_user as u left join think_user_info as i on u.id=i.uid where u.id= [ RunTime:0.000137s ]
ERR: 1064:You have an error in your SQL syntax; check the manual that corresponds to your MySQL server version for the right syntax to use near '' at line 1
 [ SQL语句 ] : select * from think_user as u left join think_user_info as i on u.id=i.uid where u.id=
SQL: SHOW COLUMNS FROM `think_review` [ RunTime:0.000869s ]
SQL: SELECT COUNT(*) AS tp_count FROM `think_review` WHERE ( uid= ) LIMIT 1   [ RunTime:0.000125s ]
ERR: 1064:You have an error in your SQL syntax; check the manual that corresponds to your MySQL server version for the right syntax to use near ') LIMIT 1' at line 1
 [ SQL语句 ] : SELECT COUNT(*) AS tp_count FROM `think_review` WHERE ( uid= ) LIMIT 1  
SQL: SHOW COLUMNS FROM `think_review` [ RunTime:0.000900s ]
SQL: SELECT r.*,p.name,u.name as uname,i.image as touxiang FROM think_review as r INNER JOIN think_product_category as p on r.product_category_id=p.id INNER JOIN think_user as u on r.uid=u.id INNER JOIN think_user_info as i on i.uid=r.uid  WHERE ( r.checked=1 ) ORDER BY  comment_count desc,time desc  LIMIT 0,5   [ RunTime:0.002446s ]
SQL: SHOW COLUMNS FROM `think_review` [ RunTime:0.000906s ]
SQL: SELECT r.*,p.name,u.name as uname,i.image as touxiang FROM think_review as r INNER JOIN think_product_category as p on r.product_category_id=p.id INNER JOIN think_user as u on r.uid=u.id INNER JOIN think_user_info as i on i.uid=r.uid  WHERE ( r.checked=1 ) ORDER BY  time desc  LIMIT 0,5   [ RunTime:0.002362s ]
SQL: select `thumb_img` from think_review_img where rid=215 [ RunTime:0.000263s ]
SQL: select `thumb_img` from think_review_img where rid=218 [ RunTime:0.000210s ]
SQL: select `thumb_img` from think_review_img where rid=225 [ RunTime:0.000249s ]
SQL: select `thumb_img` from think_review_img where rid=216 [ RunTime:0.000231s ]
SQL: select `thumb_img` from think_review_img where rid=234 [ RunTime:0.000204s ]
SQL: select `thumb_img` from think_review_img where rid=242 [ RunTime:0.000248s ]
SQL: select `thumb_img` from think_review_img where rid=241 [ RunTime:0.000220s ]
SQL: select `thumb_img` from think_review_img where rid=240 [ RunTime:0.000204s ]
SQL: select `thumb_img` from think_review_img where rid=239 [ RunTime:0.000294s ]
SQL: select `thumb_img` from think_review_img where rid=238 [ RunTime:0.000264s ]
INFO: [ view_parse ] --START--
INFO: [ template_filter ] --START--
INFO: Run Behavior\ContentReplaceBehavior [ RunTime:0.000186s ]
INFO: [ template_filter ] --END-- [ RunTime:0.000270s ]
NOTIC: [8] Undefined variable: name /data/nginx/html/www_wprc365_com/Runtime/Cache/Home/4ecb4d80ad15ce616466b3a831676d8e.php 第 270 行.
INFO: Run Behavior\ParseTemplateBehavior [ RunTime:0.021446s ]
INFO: [ view_parse ] --END-- [ RunTime:0.021504s ]
INFO: [ view_filter ] --START--
INFO: Run Behavior\WriteHtmlCacheBehavior [ RunTime:0.000155s ]
INFO: [ view_filter ] --END-- [ RunTime:0.000203s ]
INFO: [ app_end ] --START--
INFO: Run Behavior\ShowPageTraceBehavior [ RunTime:0.000544s ]
INFO: [ app_end ] --END-- [ RunTime:0.000600s ]

[ 2014-10-24T20:35:27+08:00 ] 183.60.244.20 /
INFO: [ app_init ] --START--
INFO: Run Behavior\BuildLiteBehavior [ RunTime:0.000017s ]
INFO: [ app_init ] --END-- [ RunTime:0.000115s ]
INFO: [ app_begin ] --START--
INFO: Run Behavior\ReadHtmlCacheBehavior [ RunTime:0.000495s ]
INFO: [ app_begin ] --END-- [ RunTime:0.000564s ]
NOTIC: [8] Undefined index: think_loginInfo /data/nginx/html/www_wprc365_com/Application/Home/Controller/CommonController.class.php 第 41 行.
NOTIC: [8] Undefined index: think_loginInfo /data/nginx/html/www_wprc365_com/Application/Home/Controller/CommonController.class.php 第 41 行.
SQL: SHOW COLUMNS FROM `think_user` [ RunTime:0.001149s ]
SQL: select * from think_user as u left join think_user_info as i on u.id=i.uid where u.id= [ RunTime:0.000133s ]
ERR: 1064:You have an error in your SQL syntax; check the manual that corresponds to your MySQL server version for the right syntax to use near '' at line 1
 [ SQL语句 ] : select * from think_user as u left join think_user_info as i on u.id=i.uid where u.id=
SQL: SHOW COLUMNS FROM `think_review` [ RunTime:0.000907s ]
SQL: SELECT COUNT(*) AS tp_count FROM `think_review` WHERE ( uid= ) LIMIT 1   [ RunTime:0.000124s ]
ERR: 1064:You have an error in your SQL syntax; check the manual that corresponds to your MySQL server version for the right syntax to use near ') LIMIT 1' at line 1
 [ SQL语句 ] : SELECT COUNT(*) AS tp_count FROM `think_review` WHERE ( uid= ) LIMIT 1  
SQL: SHOW COLUMNS FROM `think_review` [ RunTime:0.000927s ]
SQL: SELECT r.*,p.name,u.name as uname,i.image as touxiang FROM think_review as r INNER JOIN think_product_category as p on r.product_category_id=p.id INNER JOIN think_user as u on r.uid=u.id INNER JOIN think_user_info as i on i.uid=r.uid  WHERE ( r.checked=1 ) ORDER BY  comment_count desc,time desc  LIMIT 0,5   [ RunTime:0.002465s ]
SQL: SHOW COLUMNS FROM `think_review` [ RunTime:0.000968s ]
SQL: SELECT r.*,p.name,u.name as uname,i.image as touxiang FROM think_review as r INNER JOIN think_product_category as p on r.product_category_id=p.id INNER JOIN think_user as u on r.uid=u.id INNER JOIN think_user_info as i on i.uid=r.uid  WHERE ( r.checked=1 ) ORDER BY  time desc  LIMIT 0,5   [ RunTime:0.002461s ]
SQL: select `thumb_img` from think_review_img where rid=215 [ RunTime:0.000260s ]
SQL: select `thumb_img` from think_review_img where rid=218 [ RunTime:0.000210s ]
SQL: select `thumb_img` from think_review_img where rid=225 [ RunTime:0.000264s ]
SQL: select `thumb_img` from think_review_img where rid=216 [ RunTime:0.000216s ]
SQL: select `thumb_img` from think_review_img where rid=234 [ RunTime:0.000218s ]
SQL: select `thumb_img` from think_review_img where rid=242 [ RunTime:0.000263s ]
SQL: select `thumb_img` from think_review_img where rid=241 [ RunTime:0.000205s ]
SQL: select `thumb_img` from think_review_img where rid=240 [ RunTime:0.000203s ]
SQL: select `thumb_img` from think_review_img where rid=239 [ RunTime:0.000206s ]
SQL: select `thumb_img` from think_review_img where rid=238 [ RunTime:0.000208s ]
INFO: [ view_parse ] --START--
INFO: [ template_filter ] --START--
INFO: Run Behavior\ContentReplaceBehavior [ RunTime:0.000204s ]
INFO: [ template_filter ] --END-- [ RunTime:0.000293s ]
NOTIC: [8] Undefined variable: name /data/nginx/html/www_wprc365_com/Runtime/Cache/Home/4ecb4d80ad15ce616466b3a831676d8e.php 第 270 行.
INFO: Run Behavior\ParseTemplateBehavior [ RunTime:0.021653s ]
INFO: [ view_parse ] --END-- [ RunTime:0.021706s ]
INFO: [ view_filter ] --START--
INFO: Run Behavior\WriteHtmlCacheBehavior [ RunTime:0.000174s ]
INFO: [ view_filter ] --END-- [ RunTime:0.000220s ]
INFO: [ app_end ] --START--
INFO: Run Behavior\ShowPageTraceBehavior [ RunTime:0.000573s ]
INFO: [ app_end ] --END-- [ RunTime:0.000629s ]

[ 2014-10-24T20:51:45+08:00 ] 93.190.138.29 /
INFO: [ app_init ] --START--
INFO: Run Behavior\BuildLiteBehavior [ RunTime:0.000017s ]
INFO: [ app_init ] --END-- [ RunTime:0.000101s ]
INFO: [ app_begin ] --START--
INFO: Run Behavior\ReadHtmlCacheBehavior [ RunTime:0.000452s ]
INFO: [ app_begin ] --END-- [ RunTime:0.000506s ]
NOTIC: [8] Undefined index: think_loginInfo /data/nginx/html/www_wprc365_com/Application/Home/Controller/CommonController.class.php 第 41 行.
NOTIC: [8] Undefined index: think_loginInfo /data/nginx/html/www_wprc365_com/Application/Home/Controller/CommonController.class.php 第 41 行.
SQL: SHOW COLUMNS FROM `think_user` [ RunTime:0.001087s ]
SQL: select * from think_user as u left join think_user_info as i on u.id=i.uid where u.id= [ RunTime:0.000131s ]
ERR: 1064:You have an error in your SQL syntax; check the manual that corresponds to your MySQL server version for the right syntax to use near '' at line 1
 [ SQL语句 ] : select * from think_user as u left join think_user_info as i on u.id=i.uid where u.id=
SQL: SHOW COLUMNS FROM `think_review` [ RunTime:0.000872s ]
SQL: SELECT COUNT(*) AS tp_count FROM `think_review` WHERE ( uid= ) LIMIT 1   [ RunTime:0.000143s ]
ERR: 1064:You have an error in your SQL syntax; check the manual that corresponds to your MySQL server version for the right syntax to use near ') LIMIT 1' at line 1
 [ SQL语句 ] : SELECT COUNT(*) AS tp_count FROM `think_review` WHERE ( uid= ) LIMIT 1  
SQL: SHOW COLUMNS FROM `think_review` [ RunTime:0.000897s ]
SQL: SELECT r.*,p.name,u.name as uname,i.image as touxiang FROM think_review as r INNER JOIN think_product_category as p on r.product_category_id=p.id INNER JOIN think_user as u on r.uid=u.id INNER JOIN think_user_info as i on i.uid=r.uid  WHERE ( r.checked=1 ) ORDER BY  comment_count desc,time desc  LIMIT 0,5   [ RunTime:0.002385s ]
SQL: SHOW COLUMNS FROM `think_review` [ RunTime:0.000915s ]
SQL: SELECT r.*,p.name,u.name as uname,i.image as touxiang FROM think_review as r INNER JOIN think_product_category as p on r.product_category_id=p.id INNER JOIN think_user as u on r.uid=u.id INNER JOIN think_user_info as i on i.uid=r.uid  WHERE ( r.checked=1 ) ORDER BY  time desc  LIMIT 0,5   [ RunTime:0.002356s ]
SQL: select `thumb_img` from think_review_img where rid=215 [ RunTime:0.000292s ]
SQL: select `thumb_img` from think_review_img where rid=218 [ RunTime:0.000219s ]
SQL: select `thumb_img` from think_review_img where rid=225 [ RunTime:0.000208s ]
SQL: select `thumb_img` from think_review_img where rid=216 [ RunTime:0.000245s ]
SQL: select `thumb_img` from think_review_img where rid=234 [ RunTime:0.000214s ]
SQL: select `thumb_img` from think_review_img where rid=242 [ RunTime:0.000204s ]
SQL: select `thumb_img` from think_review_img where rid=241 [ RunTime:0.000237s ]
SQL: select `thumb_img` from think_review_img where rid=240 [ RunTime:0.000211s ]
SQL: select `thumb_img` from think_review_img where rid=239 [ RunTime:0.000201s ]
SQL: select `thumb_img` from think_review_img where rid=238 [ RunTime:0.000199s ]
INFO: [ view_parse ] --START--
INFO: [ template_filter ] --START--
INFO: Run Behavior\ContentReplaceBehavior [ RunTime:0.000184s ]
INFO: [ template_filter ] --END-- [ RunTime:0.000260s ]
NOTIC: [8] Undefined variable: name /data/nginx/html/www_wprc365_com/Runtime/Cache/Home/4ecb4d80ad15ce616466b3a831676d8e.php 第 270 行.
INFO: Run Behavior\ParseTemplateBehavior [ RunTime:0.020085s ]
INFO: [ view_parse ] --END-- [ RunTime:0.020144s ]
INFO: [ view_filter ] --START--
INFO: Run Behavior\WriteHtmlCacheBehavior [ RunTime:0.000160s ]
INFO: [ view_filter ] --END-- [ RunTime:0.000207s ]
INFO: [ app_end ] --START--
INFO: Run Behavior\ShowPageTraceBehavior [ RunTime:0.000524s ]
INFO: [ app_end ] --END-- [ RunTime:0.000577s ]

[ 2014-10-24T23:13:59+08:00 ] 42.120.145.12 /
INFO: [ app_init ] --START--
INFO: Run Behavior\BuildLiteBehavior [ RunTime:0.000013s ]
INFO: [ app_init ] --END-- [ RunTime:0.000093s ]
INFO: [ app_begin ] --START--
INFO: Run Behavior\ReadHtmlCacheBehavior [ RunTime:0.000431s ]
INFO: [ app_begin ] --END-- [ RunTime:0.000487s ]
NOTIC: [8] Undefined index: think_loginInfo /data/nginx/html/www_wprc365_com/Application/Home/Controller/CommonController.class.php 第 41 行.
NOTIC: [8] Undefined index: think_loginInfo /data/nginx/html/www_wprc365_com/Application/Home/Controller/CommonController.class.php 第 41 行.
SQL: SHOW COLUMNS FROM `think_user` [ RunTime:0.001056s ]
SQL: select * from think_user as u left join think_user_info as i on u.id=i.uid where u.id= [ RunTime:0.000141s ]
ERR: 1064:You have an error in your SQL syntax; check the manual that corresponds to your MySQL server version for the right syntax to use near '' at line 1
 [ SQL语句 ] : select * from think_user as u left join think_user_info as i on u.id=i.uid where u.id=
SQL: SHOW COLUMNS FROM `think_review` [ RunTime:0.000993s ]
SQL: SELECT COUNT(*) AS tp_count FROM `think_review` WHERE ( uid= ) LIMIT 1   [ RunTime:0.000137s ]
ERR: 1064:You have an error in your SQL syntax; check the manual that corresponds to your MySQL server version for the right syntax to use near ') LIMIT 1' at line 1
 [ SQL语句 ] : SELECT COUNT(*) AS tp_count FROM `think_review` WHERE ( uid= ) LIMIT 1  
SQL: SHOW COLUMNS FROM `think_review` [ RunTime:0.000858s ]
SQL: SELECT r.*,p.name,u.name as uname,i.image as touxiang FROM think_review as r INNER JOIN think_product_category as p on r.product_category_id=p.id INNER JOIN think_user as u on r.uid=u.id INNER JOIN think_user_info as i on i.uid=r.uid  WHERE ( r.checked=1 ) ORDER BY  comment_count desc,time desc  LIMIT 0,5   [ RunTime:0.002430s ]
SQL: SHOW COLUMNS FROM `think_review` [ RunTime:0.000848s ]
SQL: SELECT r.*,p.name,u.name as uname,i.image as touxiang FROM think_review as r INNER JOIN think_product_category as p on r.product_category_id=p.id INNER JOIN think_user as u on r.uid=u.id INNER JOIN think_user_info as i on i.uid=r.uid  WHERE ( r.checked=1 ) ORDER BY  time desc  LIMIT 0,5   [ RunTime:0.002250s ]
SQL: select `thumb_img` from think_review_img where rid=215 [ RunTime:0.000239s ]
SQL: select `thumb_img` from think_review_img where rid=218 [ RunTime:0.000247s ]
SQL: select `thumb_img` from think_review_img where rid=225 [ RunTime:0.000205s ]
SQL: select `thumb_img` from think_review_img where rid=216 [ RunTime:0.000207s ]
SQL: select `thumb_img` from think_review_img where rid=234 [ RunTime:0.000238s ]
SQL: select `thumb_img` from think_review_img where rid=242 [ RunTime:0.000201s ]
SQL: select `thumb_img` from think_review_img where rid=241 [ RunTime:0.000204s ]
SQL: select `thumb_img` from think_review_img where rid=240 [ RunTime:0.000199s ]
SQL: select `thumb_img` from think_review_img where rid=239 [ RunTime:0.000197s ]
SQL: select `thumb_img` from think_review_img where rid=238 [ RunTime:0.000194s ]
INFO: [ view_parse ] --START--
INFO: [ template_filter ] --START--
INFO: Run Behavior\ContentReplaceBehavior [ RunTime:0.000192s ]
INFO: [ template_filter ] --END-- [ RunTime:0.000249s ]
NOTIC: [8] Undefined variable: name /data/nginx/html/www_wprc365_com/Runtime/Cache/Home/4ecb4d80ad15ce616466b3a831676d8e.php 第 270 行.
INFO: Run Behavior\ParseTemplateBehavior [ RunTime:0.019348s ]
INFO: [ view_parse ] --END-- [ RunTime:0.019400s ]
INFO: [ view_filter ] --START--
INFO: Run Behavior\WriteHtmlCacheBehavior [ RunTime:0.000161s ]
INFO: [ view_filter ] --END-- [ RunTime:0.000206s ]
INFO: [ app_end ] --START--
INFO: Run Behavior\ShowPageTraceBehavior [ RunTime:0.000514s ]
INFO: [ app_end ] --END-- [ RunTime:0.000566s ]

